Running P= 1... done
Running P= 4... done
Running P= 9... done
Running P= 16... done
Running P= 25... done

Implementation              P     Seconds       Speedup       Cost          Status
--------------------------------------------------------------------------------------
Implementation 1 (Serial)   1     13.231823     1.000000      13.231823     ok
Implementation 2 (MM-1D)    1     12.884700     1.026941      12.884700     ok
Implementation 3 (MM-2D)    1     13.046255     1.014224      13.046255     ok
Implementation 1 (Serial)   4     13.231823     1.000000      13.231823     ok
Implementation 2 (MM-1D)    4     4.283840      3.088776      17.135360     ok
Implementation 3 (MM-2D)    4     1.584214      8.352295      6.336856      ok
Implementation 1 (Serial)   9     13.231823     1.000000      13.231823     ok
Implementation 2 (MM-1D)    9     2.101430      6.296580      18.912870     ok
Implementation 3 (MM-2D)    9     0.915170      14.458322     8.236530      ok
Implementation 1 (Serial)   16    13.231823     1.000000      13.231823     ok
Implementation 2 (MM-1D)    16    1.338560      9.885118      21.416960     ok
Implementation 3 (MM-2D)    16    0.624097      21.201549     9.985552      ok
Implementation 1 (Serial)   25    13.231823     1.000000      13.231823     ok
Implementation 2 (MM-1D)    25    1.577090      8.390024      39.427250     ok
Implementation 3 (MM-2D)    25    0.795072      16.642295     19.876800     ok

CSV written to: /home/pbclevidence/MPI-MM-algorithms/csvs/M1800_N1200_Q2400.csv
SVG graph written to: /home/pbclevidence/MPI-MM-algorithms/graphs/M1800_N1200_Q2400.svg
