Running P= 1... done
Running P= 4... done
Running P= 9... done
Running P= 16... done
Running P= 25... done

Implementation              P     Seconds       Speedup       Cost          Status
--------------------------------------------------------------------------------------
Implementation 1 (Serial)   1     124.353297    1.000000      124.353297    ok
Implementation 2 (MM-1D)    1     101.551000    1.224540      101.551000    ok
Implementation 3 (MM-2D)    1     101.246265    1.228226      101.246265    ok
Implementation 1 (Serial)   4     124.289048    1.000000      124.289048    ok
Implementation 2 (MM-1D)    4     27.115200     4.583741      108.460800    ok
Implementation 3 (MM-2D)    4     58.040366     2.141424      232.161464    ok
Implementation 1 (Serial)   9     124.381072    1.000000      124.381072    ok
Implementation 2 (MM-1D)    9     13.430300     9.261228      120.872700    ok
Implementation 3 (MM-2D)    9     64.291653     1.934638      578.624877    ok
Implementation 1 (Serial)   16    124.187187    1.000000      124.187187    ok
Implementation 2 (MM-1D)    16    8.250110      15.052792     132.001760    ok
Implementation 3 (MM-2D)    16    79.549149     1.561138      1272.786384   ok
Implementation 1 (Serial)   25    124.347161    1.000000      124.347161    ok
Implementation 2 (MM-1D)    25    8.577710      14.496545     214.442750    ok
Implementation 3 (MM-2D)    25    110.997225    1.120273      2774.930625   ok

CSV written to: /home/pbclevidence/MPI-MM-algorithms/csvs/M1800_N1800_Q3000.csv
SVG graph written to: /home/pbclevidence/MPI-MM-algorithms/graphs/M1800_N1800_Q3000.svg
