Running P= 1... done
Running P= 4... done
Running P= 9... done
Running P= 16... done
Running P= 25... done

Implementation              P     Seconds       Speedup       Cost          Status
--------------------------------------------------------------------------------------
Implementation 1 (Serial)   1     9.566221      1.000000      9.566221      ok
Implementation 2 (MM-1D)    1     284.500000    0.033625      284.500000    ok
Implementation 3 (MM-2D)    1     283.983170    0.033686      283.983170    ok
Implementation 1 (Serial)   4     9.408448      1.000000      9.408448      ok
Implementation 2 (MM-1D)    4     2.672630      3.520296      10.690520     ok
Implementation 3 (MM-2D)    4     5.463693      1.721994      21.854772     ok
Implementation 1 (Serial)   9     9.434183      1.000000      9.434183      ok
Implementation 2 (MM-1D)    9     1.373970      6.866368      12.365730     ok
Implementation 3 (MM-2D)    9     5.927643      1.591557      53.348787     ok
Implementation 1 (Serial)   16    9.559063      1.000000      9.559063      ok
Implementation 2 (MM-1D)    16    1.431570      6.677328      22.905120     ok
Implementation 3 (MM-2D)    16    6.883770      1.388638      110.140320    ok
Implementation 1 (Serial)   25    9.519103      1.000000      9.519103      ok
Implementation 2 (MM-1D)    25    1.847140      5.153428      46.178500     ok
Implementation 3 (MM-2D)    25    10.450726     0.910856      261.268150    ok

CSV written to: /home/pbclevidence/MPI-MM-algorithms/csvs/M600_N2400_Q600.csv
SVG graph written to: /home/pbclevidence/MPI-MM-algorithms/graphs/M600_N2400_Q600.svg
