Running P= 1... done
Running P= 4... done
Running P= 9... done
Running P= 16... done
Running P= 25... done

Implementation              P     Seconds       Speedup       Cost          Status
--------------------------------------------------------------------------------------
Implementation 1 (Serial)   1     37.383907     1.000000      37.383907     ok
Implementation 2 (MM-1D)    1     30.627600     1.220595      30.627600     ok
Implementation 3 (MM-2D)    1     30.461669     1.227244      30.461669     ok
Implementation 1 (Serial)   4     37.243367     1.000000      37.243367     ok
Implementation 2 (MM-1D)    4     8.247300      4.515825      32.989200     ok
Implementation 3 (MM-2D)    4     15.214324     2.447915      60.857296     ok
Implementation 1 (Serial)   9     37.205334     1.000000      37.205334     ok
Implementation 2 (MM-1D)    9     4.150330      8.964428      37.352970     ok
Implementation 3 (MM-2D)    9     17.434427     2.134015      156.909843    ok
Implementation 1 (Serial)   16    37.243040     1.000000      37.243040     ok
Implementation 2 (MM-1D)    16    2.655820      14.023179     42.493120     ok
Implementation 3 (MM-2D)    16    20.072001     1.855472      321.152016    ok
Implementation 1 (Serial)   25    37.172322     1.000000      37.172322     ok
Implementation 2 (MM-1D)    25    2.964260      12.540169     74.106500     ok
Implementation 3 (MM-2D)    25    29.326616     1.267529      733.165400    ok

CSV written to: /home/pbclevidence/MPI-MM-algorithms/csvs/M600_N1800_Q2400.csv
SVG graph written to: /home/pbclevidence/MPI-MM-algorithms/graphs/M600_N1800_Q2400.svg
