Running P= 1... done
Running P= 4... done
Running P= 9... done
Running P= 16... done
Running P= 25... done

Implementation              P     Seconds       Speedup       Cost          Status
--------------------------------------------------------------------------------------
Implementation 1 (Serial)   1     1.771740      1.000000      1.771740      ok
Implementation 2 (MM-1D)    1     39.903000     0.044401      39.903000     ok
Implementation 3 (MM-2D)    1     1.436008      1.233795      1.436008      ok
Implementation 1 (Serial)   4     1.771740      1.000000      1.771740      ok
Implementation 2 (MM-1D)    4     0.419612      4.222329      1.678448      ok
Implementation 3 (MM-2D)    4     0.362950      4.881499      1.451800      ok
Implementation 1 (Serial)   9     1.771740      1.000000      1.771740      ok
Implementation 2 (MM-1D)    9     0.236200      7.501016      2.125800      ok
Implementation 3 (MM-2D)    9     0.238971      7.414038      2.150739      ok
Implementation 1 (Serial)   16    1.771740      1.000000      1.771740      ok
Implementation 2 (MM-1D)    16    0.272023      6.513199      4.352368      ok
Implementation 3 (MM-2D)    16    0.179738      9.857348      2.875808      ok
Implementation 1 (Serial)   25    1.771740      1.000000      1.771740      ok
Implementation 2 (MM-1D)    25    0.260598      6.798747      6.514950      ok
Implementation 3 (MM-2D)    25    0.124653      14.213376     3.116325      ok

CSV written to: /home/pbclevidence/MPI-MM-algorithms/csvs/M3000_N600_Q600.csv
SVG graph written to: /home/pbclevidence/MPI-MM-algorithms/graphs/M3000_N600_Q600.svg
