Running P= 1... done
Running P= 4... done
Running P= 9... done
Running P= 16... done
Running P= 25... done

Implementation              P     Seconds       Speedup       Cost          Status
--------------------------------------------------------------------------------------
Implementation 1 (Serial)   1     116.751667    1.000000      116.751667    ok
Implementation 2 (MM-1D)    1     69.837600     1.671759      69.837600     ok
Implementation 3 (MM-2D)    1     69.810645     1.672405      69.810645     ok
Implementation 1 (Serial)   4     80.690182     1.000000      80.690182     ok
Implementation 2 (MM-1D)    4     44.413700     1.816786      177.654800    ok
Implementation 3 (MM-2D)    4     61.395888     1.314260      245.583552    ok
Implementation 1 (Serial)   9     80.398539     1.000000      80.398539     ok
Implementation 2 (MM-1D)    9     37.249700     2.158367      335.247300    ok
Implementation 3 (MM-2D)    9     63.690244     1.262337      573.212196    ok
Implementation 1 (Serial)   16    110.667896    1.000000      110.667896    ok
Implementation 2 (MM-1D)    16    4.467090      24.774047     71.473440     ok
Implementation 3 (MM-2D)    16    72.473418     1.527014      1159.574688   ok
Implementation 1 (Serial)   25    110.449321    1.000000      110.449321    ok
Implementation 2 (MM-1D)    25    4.329580      25.510401     108.239500    ok
Implementation 3 (MM-2D)    25    116.236476    0.950212      2905.911900   ok

CSV written to: /home/pbclevidence/MPI-MM-algorithms/csvs/M2400_N1200_Q1800.csv
SVG graph written to: /home/pbclevidence/MPI-MM-algorithms/graphs/M2400_N1200_Q1800.svg
