Running P= 1... done
Running P= 4... done
Running P= 9... done
Running P= 16... done
Running P= 25... done

Implementation              P     Seconds       Speedup       Cost          Status
--------------------------------------------------------------------------------------
Implementation 1 (Serial)   1     14.346508     1.000000      14.346508     ok
Implementation 2 (MM-1D)    1     13.957100     1.027900      13.957100     ok
Implementation 3 (MM-2D)    1     13.951201     1.028335      13.951201     ok
Implementation 1 (Serial)   4     14.346508     1.000000      14.346508     ok
Implementation 2 (MM-1D)    4     3.736600      3.839455      14.946400     ok
Implementation 3 (MM-2D)    4     2.727331      5.260274      10.909324     ok
Implementation 1 (Serial)   9     14.346508     1.000000      14.346508     ok
Implementation 2 (MM-1D)    9     1.950440      7.355524      17.553960     ok
Implementation 3 (MM-2D)    9     1.574941      9.109235      14.174469     ok
Implementation 1 (Serial)   16    14.346508     1.000000      14.346508     ok
Implementation 2 (MM-1D)    16    1.323860      10.836877     21.181760     ok
Implementation 3 (MM-2D)    16    1.099243      13.051262     17.587888     ok
Implementation 1 (Serial)   25    14.346508     1.000000      14.346508     ok
Implementation 2 (MM-1D)    25    1.523370      9.417612      38.084250     ok
Implementation 3 (MM-2D)    25    0.961321      14.923743     24.033025     ok

CSV written to: /home/pbclevidence/MPI-MM-algorithms/csvs/M1200_N1800_Q3000.csv
SVG graph written to: /home/pbclevidence/MPI-MM-algorithms/graphs/M1200_N1800_Q3000.svg
