Running P= 1... done
Running P= 4... done
Running P= 9... done
Running P= 16... done
Running P= 25... done

Implementation              P     Seconds       Speedup       VsSerial      Cost          Status
----------------------------------------------------------------------------------------------------
Implementation 1 (Serial)   1     74.207358     1.000000      1.000000      74.207358     ok
Implementation 2 (MM-1D)    1     74.225100     1.000000      0.999761      74.225100     ok
Implementation 3 (MM-2D)    1     73.815781     1.000000      1.005305      73.815781     ok
Implementation 1 (Serial)   4     74.207358     1.000000      1.000000      74.207358     ok
Implementation 2 (MM-1D)    4     19.548900     3.796894      3.795986      78.195600     ok
Implementation 3 (MM-2D)    4     13.032403     5.664019      5.694066      52.129612     ok
Implementation 1 (Serial)   9     74.207358     1.000000      1.000000      74.207358     ok
Implementation 2 (MM-1D)    9     9.830350      7.550606      7.548801      88.473150     ok
Implementation 3 (MM-2D)    9     6.589300      11.202371     11.261797     59.303700     ok
Implementation 1 (Serial)   16    74.207358     1.000000      1.000000      74.207358     ok
Implementation 2 (MM-1D)    16    6.171340      12.027388     12.024513     98.741440     ok
Implementation 3 (MM-2D)    16    3.934531      18.761011     18.860535     62.952496     ok
Implementation 1 (Serial)   25    74.207358     1.000000      1.000000      74.207358     ok
Implementation 2 (MM-1D)    25    7.389440      10.044753     10.042352     184.736000    ok
Implementation 3 (MM-2D)    25    4.389963      16.814670     16.903869     109.749075    ok

CSV written to: /home/pbclevidence/MPI-MM-algorithms/csvs/M1800_N3600_Q3600.csv
SVG graph written to: /home/pbclevidence/MPI-MM-algorithms/graphs/M1800_N3600_Q3600.svg
