/var/spool/slurm/slurmd/job17943/slurm_script: line 11: module: command not found
Running P= 1... done
Running P= 1... done
Running P= 1... done
Running P= 1... done
Running P= 1... done
Running P= 1... done
Running P= 1... done
Running P= 1... done
Running P= 1... done
Running P= 4... done
Running P= 4... done
Running P= 4... done
Running P= 4... done
Running P= 4... done
Running P= 4... done
Running P= 4... done
Running P= 4... done
Running P= 4... done
Running P= 9... done

Implementation              P     Seconds       Speedup       Cost          Status
--------------------------------------------------------------------------------------
Implementation 1 (Serial)   1     0.000074      1.000000      0.000074      ok
Implementation 2 (MM-1D)    1     0.000065      1.140720      0.000065      ok
Implementation 3 (MM-2D)    1     0.000037      2.000000      0.000037      ok
Implementation 1 (Serial)   4     0.000065      1.000000      0.000065      ok
Implementation 2 (MM-1D)    4     0.000181      0.359033      0.000724      ok
Implementation 3 (MM-2D)    4     0.000198      0.328283      0.000792      ok
Implementation 1 (Serial)   9     0.000067      1.000000      0.000067      ok
Implementation 2 (MM-1D)    9     0.000280      0.239524      0.002517      ok
Implementation 3 (MM-2D)    9     0.000357      0.187675      0.003213      ok

CSV written to: /home/pbclevidence/MPI-MM-algorithms/csvs/M24_N12_Q12.csv
SVG graph written to: /home/pbclevidence/MPI-MM-algorithms/graphs/M24_N12_Q12.svg
Running P= 9... done

Implementation              P     Seconds       Speedup       Cost          Status
--------------------------------------------------------------------------------------
Implementation 1 (Serial)   1     0.000081      1.000000      0.000081      ok
Implementation 2 (MM-1D)    1     0.000048      1.677623      0.000048      ok
Implementation 3 (MM-2D)    1     0.000051      1.588235      0.000051      ok
Implementation 1 (Serial)   4     0.000067      1.000000      0.000067      ok
Implementation 2 (MM-1D)    4     0.000190      0.353176      0.000759      ok
Implementation 3 (MM-2D)    4     0.000194      0.345361      0.000776      ok
Implementation 1 (Serial)   9     0.000073      1.000000      0.000073      ok
Implementation 2 (MM-1D)    9     0.000283      0.257603      0.002550      ok
Implementation 3 (MM-2D)    9     0.000351      0.207977      0.003159      ok

CSV written to: /home/pbclevidence/MPI-MM-algorithms/csvs/M24_N12_Q12.csv
SVG graph written to: /home/pbclevidence/MPI-MM-algorithms/graphs/M24_N12_Q12.svg
Running P= 9... done
Running P= 9... done

Implementation              P     Seconds       Speedup       Cost          Status
--------------------------------------------------------------------------------------
Implementation 1 (Serial)   1     0.000073      1.000000      0.000073      ok
Implementation 2 (MM-1D)    1     0.000056      1.305275      0.000056      ok
Implementation 3 (MM-2D)    1     0.000039      1.871795      0.000039      ok
Implementation 1 (Serial)   4     0.000067      1.000000      0.000067      ok
Implementation 2 (MM-1D)    4     0.000176      0.381197      0.000703      ok
Implementation 3 (MM-2D)    4     0.000193      0.347150      0.000772      ok
Implementation 1 (Serial)   9     0.000062      1.000000      0.000062      ok
Implementation 2 (MM-1D)    9     0.000288      0.214972      0.002596      ok
Implementation 3 (MM-2D)    9     0.000374      0.165775      0.003366      ok

CSV written to: /home/pbclevidence/MPI-MM-algorithms/csvs/M24_N12_Q12.csv
SVG graph written to: /home/pbclevidence/MPI-MM-algorithms/graphs/M24_N12_Q12.svg
Running P= 9... done

Implementation              P     Seconds       Speedup       Cost          Status
--------------------------------------------------------------------------------------
Implementation 1 (Serial)   1     0.000073      1.000000      0.000073      ok
Implementation 2 (MM-1D)    1     0.000066      1.109363      0.000066      ok
Implementation 3 (MM-2D)    1     0.000049      1.489796      0.000049      ok
Implementation 1 (Serial)   4     0.000073      1.000000      0.000073      ok
Implementation 2 (MM-1D)    4     0.000187      0.391415      0.000746      ok
Implementation 3 (MM-2D)    4     0.000190      0.384211      0.000760      ok
Implementation 1 (Serial)   9     0.000065      1.000000      0.000065      ok
Implementation 2 (MM-1D)    9     0.000298      0.218103      0.002682      ok
Implementation 3 (MM-2D)    9     0.000343      0.189504      0.003087      ok

CSV written to: /home/pbclevidence/MPI-MM-algorithms/csvs/M24_N12_Q12.csv
SVG graph written to: /home/pbclevidence/MPI-MM-algorithms/graphs/M24_N12_Q12.svg

Implementation              P     Seconds       Speedup       Cost          Status
--------------------------------------------------------------------------------------
Implementation 1 (Serial)   1     0.000073      1.000000      0.000073      ok
Implementation 2 (MM-1D)    1     0.000051      1.431291      0.000051      ok
Implementation 3 (MM-2D)    1     0.000043      1.697674      0.000043      ok
Implementation 1 (Serial)   4     0.000073      1.000000      0.000073      ok
Implementation 2 (MM-1D)    4     0.000195      0.375287      0.000778      ok
Implementation 3 (MM-2D)    4     0.000193      0.378238      0.000772      ok
Implementation 1 (Serial)   9     0.000068      1.000000      0.000068      ok
Implementation 2 (MM-1D)    9     0.000298      0.228062      0.002683      ok
Implementation 3 (MM-2D)    9     0.000355      0.191549      0.003195      ok

CSV written to: /home/pbclevidence/MPI-MM-algorithms/csvs/M24_N12_Q12.csv
SVG graph written to: /home/pbclevidence/MPI-MM-algorithms/graphs/M24_N12_Q12.svg
Running P= 9... done

Implementation              P     Seconds       Speedup       Cost          Status
--------------------------------------------------------------------------------------
Implementation 1 (Serial)   1     0.000100      1.000000      0.000100      ok
Implementation 2 (MM-1D)    1     0.000050      1.982829      0.000050      ok
Implementation 3 (MM-2D)    1     0.000042      2.380952      0.000042      ok
Implementation 1 (Serial)   4     0.000070      1.000000      0.000070      ok
Implementation 2 (MM-1D)    4     0.000182      0.384744      0.000728      ok
Implementation 3 (MM-2D)    4     0.000202      0.346535      0.000808      ok
Implementation 1 (Serial)   9     0.000065      1.000000      0.000065      ok
Implementation 2 (MM-1D)    9     0.000290      0.224343      0.002608      ok
Implementation 3 (MM-2D)    9     0.000349      0.186246      0.003141      ok

CSV written to: /home/pbclevidence/MPI-MM-algorithms/csvs/M24_N12_Q12.csv
SVG graph written to: /home/pbclevidence/MPI-MM-algorithms/graphs/M24_N12_Q12.svg
Running P= 9... done
Running P= 9... done

Implementation              P     Seconds       Speedup       Cost          Status
--------------------------------------------------------------------------------------
Implementation 1 (Serial)   1     0.000073      1.000000      0.000073      ok
Implementation 2 (MM-1D)    1     0.000063      1.164631      0.000063      ok
Implementation 3 (MM-2D)    1     0.000050      1.460000      0.000050      ok
Implementation 1 (Serial)   4     0.000073      1.000000      0.000073      ok
Implementation 2 (MM-1D)    4     0.000184      0.397762      0.000734      ok
Implementation 3 (MM-2D)    4     0.000191      0.382199      0.000764      ok
Implementation 1 (Serial)   9     0.000067      1.000000      0.000067      ok
Implementation 2 (MM-1D)    9     0.000285      0.234920      0.002567      ok
Implementation 3 (MM-2D)    9     0.000344      0.194767      0.003096      ok

CSV written to: /home/pbclevidence/MPI-MM-algorithms/csvs/M24_N12_Q12.csv
SVG graph written to: /home/pbclevidence/MPI-MM-algorithms/graphs/M24_N12_Q12.svg

Implementation              P     Seconds       Speedup       Cost          Status
--------------------------------------------------------------------------------------
Implementation 1 (Serial)   1     0.000073      1.000000      0.000073      ok
Implementation 2 (MM-1D)    1     0.000049      1.484108      0.000049      ok
Implementation 3 (MM-2D)    1     0.000044      1.659091      0.000044      ok
Implementation 1 (Serial)   4     0.000071      1.000000      0.000071      ok
Implementation 2 (MM-1D)    4     0.000189      0.375348      0.000757      ok
Implementation 3 (MM-2D)    4     0.000206      0.344660      0.000824      ok
Implementation 1 (Serial)   9     0.000070      1.000000      0.000070      ok
Implementation 2 (MM-1D)    9     0.000292      0.239600      0.002629      ok
Implementation 3 (MM-2D)    9     0.000358      0.195531      0.003222      ok

CSV written to: /home/pbclevidence/MPI-MM-algorithms/csvs/M24_N12_Q12.csv
SVG graph written to: /home/pbclevidence/MPI-MM-algorithms/graphs/M24_N12_Q12.svg
Running P= 9... done

Implementation              P     Seconds       Speedup       Cost          Status
--------------------------------------------------------------------------------------
Implementation 1 (Serial)   1     0.000081      1.000000      0.000081      ok
Implementation 2 (MM-1D)    1     0.000051      1.595339      0.000051      ok
Implementation 3 (MM-2D)    1     0.000045      1.800000      0.000045      ok
Implementation 1 (Serial)   4     0.000067      1.000000      0.000067      ok
Implementation 2 (MM-1D)    4     0.000189      0.354815      0.000755      ok
Implementation 3 (MM-2D)    4     0.000205      0.326829      0.000820      ok
Implementation 1 (Serial)   9     0.000070      1.000000      0.000070      ok
Implementation 2 (MM-1D)    9     0.000275      0.254764      0.002473      ok
Implementation 3 (MM-2D)    9     0.000327      0.214067      0.002943      ok

CSV written to: /home/pbclevidence/MPI-MM-algorithms/csvs/M24_N12_Q12.csv
SVG graph written to: /home/pbclevidence/MPI-MM-algorithms/graphs/M24_N12_Q12.svg
