Running P= 1... done
Running P= 4... done
Running P= 9... done
Running P= 16... done
Running P= 25... done

Implementation              P     Seconds       Speedup       VsSerial      Cost          Status
----------------------------------------------------------------------------------------------------
Implementation 1 (Serial)   1     3.731662      1.000000      1.000000      3.731662      ok
Implementation 2 (MM-1D)    1     3.062200      1.000000      1.218621      3.062200      ok
Implementation 3 (MM-2D)    1     3.073328      1.000000      1.214209      3.073328      ok
Implementation 1 (Serial)   4     3.731662      1.000000      1.000000      3.731662      ok
Implementation 2 (MM-1D)    4     1.171380      2.614182      3.185697      4.685520      ok
Implementation 3 (MM-2D)    4     0.813808      3.776478      4.585433      3.255232      ok
Implementation 1 (Serial)   9     3.731662      1.000000      1.000000      3.731662      ok
Implementation 2 (MM-1D)    9     0.792768      3.862669      4.707130      7.134912      ok
Implementation 3 (MM-2D)    9     0.437510      7.024589      8.529318      3.937590      ok
Implementation 1 (Serial)   16    3.731662      1.000000      1.000000      3.731662      ok
Implementation 2 (MM-1D)    16    0.559585      5.472270      6.668624      8.953360      ok
Implementation 3 (MM-2D)    16    0.316530      9.709437      11.789284     5.064480      ok
Implementation 1 (Serial)   25    3.731662      1.000000      1.000000      3.731662      ok
Implementation 2 (MM-1D)    25    0.843930      3.628500      4.421767      21.098250     ok
Implementation 3 (MM-2D)    25    0.335104      9.171266      11.135832     8.377600      ok

CSV written to: /home/pbclevidence/MPI-MM-algorithms/csvs/M1800_N2400_Q600.csv
SVG graph written to: /home/pbclevidence/MPI-MM-algorithms/graphs/M1800_N2400_Q600.svg
