Running P= 1... done
Running P= 4... done
Running P= 9... done
Running P= 16... done
Running P= 25... done

Implementation              P     Seconds       Speedup       Cost          Status
--------------------------------------------------------------------------------------
Implementation 1 (Serial)   1     343.593473    1.000000      343.593473    ok
Implementation 2 (MM-1D)    1     279.491000    1.229354      279.491000    ok
Implementation 3 (MM-2D)    1     278.196047    1.235077      278.196047    ok
Implementation 1 (Serial)   4     343.010086    1.000000      343.010086    ok
Implementation 2 (MM-1D)    4     73.142600     4.689608      292.570400    ok
Implementation 3 (MM-2D)    4     164.083816    2.090457      656.335264    ok
Implementation 1 (Serial)   9     342.910955    1.000000      342.910955    ok
Implementation 2 (MM-1D)    9     36.144700     9.487171      325.302300    ok
Implementation 3 (MM-2D)    9     175.545803    1.953399      1579.912227   ok
Implementation 1 (Serial)   16    342.957560    1.000000      342.957560    ok
Implementation 2 (MM-1D)    16    22.018800     15.575670     352.300800    ok
Implementation 3 (MM-2D)    16    220.878147    1.552700      3534.050352   ok
Implementation 1 (Serial)   25    343.561091    1.000000      343.561091    ok
Implementation 2 (MM-1D)    25    25.560500     13.441094     639.012500    ok
Implementation 3 (MM-2D)    25    347.378644    0.989010      8684.466100   ok

CSV written to: /home/pbclevidence/MPI-MM-algorithms/csvs/M3000_N3000_Q3000.csv
SVG graph written to: /home/pbclevidence/MPI-MM-algorithms/graphs/M3000_N3000_Q3000.svg
