/var/spool/slurm/slurmd/job17944/slurm_script: line 11: module: command not found
Running P= 1... done
Running P= 1... done
Running P= 1... done
Running P= 1... done
Running P= 1... done
Running P= 1... done
Running P= 1... done
Running P= 1... done
Running P= 1... done
Running P= 4... done
Running P= 4... done
Running P= 4... done
Running P= 4... done
Running P= 4... done
Running P= 4... done
Running P= 4... done
Running P= 4... done
Running P= 4... done
Running P= 9... done
Running P= 9... done
Running P= 9... done

Implementation              P     Seconds       Speedup       Cost          Status
--------------------------------------------------------------------------------------
Implementation 1 (Serial)   1     0.000109      1.000000      0.000109      ok
Implementation 2 (MM-1D)    1     0.000084      1.299771      0.000084      ok
Implementation 3 (MM-2D)    1     0.000052      2.096154      0.000052      ok
Implementation 1 (Serial)   4     0.000100      1.000000      0.000100      ok
Implementation 2 (MM-1D)    4     0.000190      0.525481      0.000761      ok
Implementation 3 (MM-2D)    4     0.000216      0.462963      0.000864      ok
Implementation 1 (Serial)   9     0.000104      1.000000      0.000104      ok
Implementation 2 (MM-1D)    9     0.000287      0.361899      0.002586      ok
Implementation 3 (MM-2D)    9     0.000360      0.288889      0.003240      ok

CSV written to: /home/pbclevidence/MPI-MM-algorithms/csvs/M24_N12_Q18.csv
SVG graph written to: /home/pbclevidence/MPI-MM-algorithms/graphs/M24_N12_Q18.svg

Implementation              P     Seconds       Speedup       Cost          Status
--------------------------------------------------------------------------------------
Implementation 1 (Serial)   1     0.000104      1.000000      0.000104      ok
Implementation 2 (MM-1D)    1     0.000073      1.418256      0.000073      ok
Implementation 3 (MM-2D)    1     0.000068      1.529412      0.000068      ok
Implementation 1 (Serial)   4     0.000100      1.000000      0.000100      ok
Implementation 2 (MM-1D)    4     0.000192      0.520148      0.000769      ok
Implementation 3 (MM-2D)    4     0.000213      0.469484      0.000852      ok
Implementation 1 (Serial)   9     0.000109      1.000000      0.000109      ok
Implementation 2 (MM-1D)    9     0.000289      0.376998      0.002602      ok
Implementation 3 (MM-2D)    9     0.000343      0.317784      0.003087      ok

CSV written to: /home/pbclevidence/MPI-MM-algorithms/csvs/M24_N12_Q18.csv
SVG graph written to: /home/pbclevidence/MPI-MM-algorithms/graphs/M24_N12_Q18.svg
Running P= 9... done

Implementation              P     Seconds       Speedup       Cost          Status
--------------------------------------------------------------------------------------
Implementation 1 (Serial)   1     0.000109      1.000000      0.000109      ok
Implementation 2 (MM-1D)    1     0.000084      1.297653      0.000084      ok
Implementation 3 (MM-2D)    1     0.000063      1.730159      0.000063      ok
Implementation 1 (Serial)   4     0.000104      1.000000      0.000104      ok
Implementation 2 (MM-1D)    4     0.000198      0.525298      0.000792      ok
Implementation 3 (MM-2D)    4     0.000208      0.500000      0.000832      ok
Implementation 1 (Serial)   9     0.000093      1.000000      0.000093      ok
Implementation 2 (MM-1D)    9     0.000310      0.300305      0.002787      ok
Implementation 3 (MM-2D)    9     0.000365      0.254795      0.003285      ok

CSV written to: /home/pbclevidence/MPI-MM-algorithms/csvs/M24_N12_Q18.csv
SVG graph written to: /home/pbclevidence/MPI-MM-algorithms/graphs/M24_N12_Q18.svg

Implementation              P     Seconds       Speedup       Cost          Status
--------------------------------------------------------------------------------------
Implementation 1 (Serial)   1     0.000109      1.000000      0.000109      ok
Implementation 2 (MM-1D)    1     0.000088      1.245680      0.000088      ok
Implementation 3 (MM-2D)    1     0.000054      2.018519      0.000054      ok
Implementation 1 (Serial)   4     0.000097      1.000000      0.000097      ok
Implementation 2 (MM-1D)    4     0.000211      0.458957      0.000845      ok
Implementation 3 (MM-2D)    4     0.000213      0.455399      0.000852      ok
Implementation 1 (Serial)   9     0.000109      1.000000      0.000109      ok
Implementation 2 (MM-1D)    9     0.000288      0.377955      0.002596      ok
Implementation 3 (MM-2D)    9     0.000363      0.300275      0.003267      ok

CSV written to: /home/pbclevidence/MPI-MM-algorithms/csvs/M24_N12_Q18.csv
SVG graph written to: /home/pbclevidence/MPI-MM-algorithms/graphs/M24_N12_Q18.svg
Running P= 9... done
Running P= 9... done
Running P= 9... done

Implementation              P     Seconds       Speedup       Cost          Status
--------------------------------------------------------------------------------------
Implementation 1 (Serial)   1     0.000109      1.000000      0.000109      ok
Implementation 2 (MM-1D)    1     0.000087      1.246250      0.000087      ok
Implementation 3 (MM-2D)    1     0.000055      1.981818      0.000055      ok
Implementation 1 (Serial)   4     0.000096      1.000000      0.000096      ok
Implementation 2 (MM-1D)    4     0.000184      0.522111      0.000735      ok
Implementation 3 (MM-2D)    4     0.000210      0.457143      0.000840      ok
Implementation 1 (Serial)   9     0.000104      1.000000      0.000104      ok
Implementation 2 (MM-1D)    9     0.000289      0.359577      0.002603      ok
Implementation 3 (MM-2D)    9     0.000361      0.288089      0.003249      ok

CSV written to: /home/pbclevidence/MPI-MM-algorithms/csvs/M24_N12_Q18.csv
SVG graph written to: /home/pbclevidence/MPI-MM-algorithms/graphs/M24_N12_Q18.svg

Implementation              P     Seconds       Speedup       Cost          Status
--------------------------------------------------------------------------------------
Implementation 1 (Serial)   1     0.000109      1.000000      0.000109      ok
Implementation 2 (MM-1D)    1     0.000086      1.265795      0.000086      ok
Implementation 3 (MM-2D)    1     0.000057      1.912281      0.000057      ok
Implementation 1 (Serial)   4     0.000104      1.000000      0.000104      ok
Implementation 2 (MM-1D)    4     0.000190      0.547279      0.000760      ok
Implementation 3 (MM-2D)    4     0.000217      0.479263      0.000868      ok
Implementation 1 (Serial)   9     0.000105      1.000000      0.000105      ok
Implementation 2 (MM-1D)    9     0.000299      0.350929      0.002693      ok
Implementation 3 (MM-2D)    9     0.000365      0.287671      0.003285      ok

CSV written to: /home/pbclevidence/MPI-MM-algorithms/csvs/M24_N12_Q18.csv
SVG graph written to: /home/pbclevidence/MPI-MM-algorithms/graphs/M24_N12_Q18.svg

Implementation              P     Seconds       Speedup       Cost          Status
--------------------------------------------------------------------------------------
Implementation 1 (Serial)   1     0.000109      1.000000      0.000109      ok
Implementation 2 (MM-1D)    1     0.000084      1.290413      0.000084      ok
Implementation 3 (MM-2D)    1     0.000068      1.602941      0.000068      ok
Implementation 1 (Serial)   4     0.000096      1.000000      0.000096      ok
Implementation 2 (MM-1D)    4     0.000193      0.497982      0.000771      ok
Implementation 3 (MM-2D)    4     0.000220      0.436364      0.000880      ok
Implementation 1 (Serial)   9     0.000097      1.000000      0.000097      ok
Implementation 2 (MM-1D)    9     0.000281      0.344717      0.002533      ok
Implementation 3 (MM-2D)    9     0.000357      0.271709      0.003213      ok

CSV written to: /home/pbclevidence/MPI-MM-algorithms/csvs/M24_N12_Q18.csv
SVG graph written to: /home/pbclevidence/MPI-MM-algorithms/graphs/M24_N12_Q18.svg
Running P= 9... done

Implementation              P     Seconds       Speedup       Cost          Status
--------------------------------------------------------------------------------------
Implementation 1 (Serial)   1     0.000109      1.000000      0.000109      ok
Implementation 2 (MM-1D)    1     0.000077      1.419983      0.000077      ok
Implementation 3 (MM-2D)    1     0.000070      1.557143      0.000070      ok
Implementation 1 (Serial)   4     0.000100      1.000000      0.000100      ok
Implementation 2 (MM-1D)    4     0.000197      0.506675      0.000789      ok
Implementation 3 (MM-2D)    4     0.000200      0.500000      0.000800      ok
Implementation 1 (Serial)   9     0.000109      1.000000      0.000109      ok
Implementation 2 (MM-1D)    9     0.000277      0.393606      0.002492      ok
Implementation 3 (MM-2D)    9     0.000346      0.315029      0.003114      ok

CSV written to: /home/pbclevidence/MPI-MM-algorithms/csvs/M24_N12_Q18.csv
SVG graph written to: /home/pbclevidence/MPI-MM-algorithms/graphs/M24_N12_Q18.svg
Running P= 9... done

Implementation              P     Seconds       Speedup       Cost          Status
--------------------------------------------------------------------------------------
Implementation 1 (Serial)   1     0.000109      1.000000      0.000109      ok
Implementation 2 (MM-1D)    1     0.000074      1.472229      0.000074      ok
Implementation 3 (MM-2D)    1     0.000058      1.879310      0.000058      ok
Implementation 1 (Serial)   4     0.000104      1.000000      0.000104      ok
Implementation 2 (MM-1D)    4     0.000194      0.535685      0.000777      ok
Implementation 3 (MM-2D)    4     0.000207      0.502415      0.000828      ok
Implementation 1 (Serial)   9     0.000109      1.000000      0.000109      ok
Implementation 2 (MM-1D)    9     0.000294      0.370861      0.002645      ok
Implementation 3 (MM-2D)    9     0.000368      0.296196      0.003312      ok

CSV written to: /home/pbclevidence/MPI-MM-algorithms/csvs/M24_N12_Q18.csv
SVG graph written to: /home/pbclevidence/MPI-MM-algorithms/graphs/M24_N12_Q18.svg
