/var/spool/slurm/slurmd/job18374/slurm_script: line 11: module: command not found
Running P= 1... done
Running P= 1... done
Running P= 1... done
Running P= 1... done
Running P= 4... done

Implementation              P     Seconds       Speedup       Cost          Status
--------------------------------------------------------------------------------------
Implementation 1 (Serial)   1     0.000051      1.000000      0.000051      ok
Implementation 2 (MM-1D)    1     0.000046      1.113275      0.000046      ok
Implementation 3 (MM-2D)    1     0.000037      1.378378      0.000037      ok
Implementation 1 (Serial)   4     0.000036      1.000000      0.000036      ok
Implementation 2 (MM-1D)    4     0.000221      0.162693      0.000885      ok
Implementation 3 (MM-2D)    4     0.000238      0.151261      0.000952      ok

CSV written to: /home/pbclevidence/MPI-MM-algorithms/csvs/M6_N18_Q24.csv
SVG graph written to: /home/pbclevidence/MPI-MM-algorithms/graphs/M6_N18_Q24.svg
Running P= 4... done
Running P= 4... done

Implementation              P     Seconds       Speedup       Cost          Status
--------------------------------------------------------------------------------------
Implementation 1 (Serial)   1     0.000048      1.000000      0.000048      ok
Implementation 2 (MM-1D)    1     0.000061      0.784218      0.000061      ok
Implementation 3 (MM-2D)    1     0.000038      1.263158      0.000038      ok
Implementation 1 (Serial)   4     0.000036      1.000000      0.000036      ok
Implementation 2 (MM-1D)    4     0.000194      0.185583      0.000776      ok
Implementation 3 (MM-2D)    4     0.000222      0.162162      0.000888      ok

CSV written to: /home/pbclevidence/MPI-MM-algorithms/csvs/M6_N18_Q24.csv
SVG graph written to: /home/pbclevidence/MPI-MM-algorithms/graphs/M6_N18_Q24.svg

Implementation              P     Seconds       Speedup       Cost          Status
--------------------------------------------------------------------------------------
Implementation 1 (Serial)   1     0.000048      1.000000      0.000048      ok
Implementation 2 (MM-1D)    1     0.000052      0.928290      0.000052      ok
Implementation 3 (MM-2D)    1     0.000032      1.500000      0.000032      ok
Implementation 1 (Serial)   4     0.000035      1.000000      0.000035      ok
Implementation 2 (MM-1D)    4     0.000229      0.152887      0.000916      ok
Implementation 3 (MM-2D)    4     0.000208      0.168269      0.000832      ok

CSV written to: /home/pbclevidence/MPI-MM-algorithms/csvs/M6_N18_Q24.csv
SVG graph written to: /home/pbclevidence/MPI-MM-algorithms/graphs/M6_N18_Q24.svg
Running P= 4... done

Implementation              P     Seconds       Speedup       Cost          Status
--------------------------------------------------------------------------------------
Implementation 1 (Serial)   1     0.000050      1.000000      0.000050      ok
Implementation 2 (MM-1D)    1     0.000055      0.902804      0.000055      ok
Implementation 3 (MM-2D)    1     0.000056      0.892857      0.000056      ok
Implementation 1 (Serial)   4     0.000034      1.000000      0.000034      ok
Implementation 2 (MM-1D)    4     0.000184      0.184928      0.000735      ok
Implementation 3 (MM-2D)    4     0.000188      0.180851      0.000752      ok

CSV written to: /home/pbclevidence/MPI-MM-algorithms/csvs/M6_N18_Q24.csv
SVG graph written to: /home/pbclevidence/MPI-MM-algorithms/graphs/M6_N18_Q24.svg
