Running P= 1... done
Running P= 4... done
Running P= 9... done
Running P= 16... done
Running P= 25... done

Implementation              P     Seconds       Speedup       Cost          Status
--------------------------------------------------------------------------------------
Implementation 1 (Serial)   1     37.936522     1.000000      37.936522     ok
Implementation 2 (MM-1D)    1     30.188100     1.256671      30.188100     ok
Implementation 3 (MM-2D)    1     29.988510     1.265035      29.988510     ok
Implementation 1 (Serial)   4     38.216936     1.000000      38.216936     ok
Implementation 2 (MM-1D)    4     9.696020      3.941508      38.784080     ok
Implementation 3 (MM-2D)    4     20.945459     1.824593      83.781836     ok
Implementation 1 (Serial)   9     37.844038     1.000000      37.844038     ok
Implementation 2 (MM-1D)    9     5.054280      7.487523      45.488520     ok
Implementation 3 (MM-2D)    9     23.017982     1.644108      207.161838    ok
Implementation 1 (Serial)   16    37.784828     1.000000      37.784828     ok
Implementation 2 (MM-1D)    16    3.250100      11.625743     52.001600     ok
Implementation 3 (MM-2D)    16    27.699332     1.364106      443.189312    ok
Implementation 1 (Serial)   25    38.194582     1.000000      38.194582     ok
Implementation 2 (MM-1D)    25    3.615270      10.564794     90.381750     ok
Implementation 3 (MM-2D)    25    35.676177     1.070591      891.904425    ok

CSV written to: /home/pbclevidence/MPI-MM-algorithms/csvs/M2400_N2400_Q600.csv
SVG graph written to: /home/pbclevidence/MPI-MM-algorithms/graphs/M2400_N2400_Q600.svg
