/var/spool/slurm/slurmd/job18411/slurm_script: line 11: module: command not found
Running P= 1... done
Running P= 1... done
Running P= 1... done
Running P= 1... done
Running P= 4... done

Implementation              P     Seconds       Speedup       Cost          Status
--------------------------------------------------------------------------------------
Implementation 1 (Serial)   1     0.000014      1.000000      0.000014      ok
Implementation 2 (MM-1D)    1     0.000025      0.551587      0.000025      ok
Implementation 3 (MM-2D)    1     0.000017      0.823529      0.000017      ok
Implementation 1 (Serial)   4     0.000012      1.000000      0.000012      ok
Implementation 2 (MM-1D)    4     0.000182      0.065954      0.000728      ok
Implementation 3 (MM-2D)    4     0.000179      0.067039      0.000716      ok

CSV written to: /home/pbclevidence/MPI-MM-algorithms/csvs/M24_N6_Q6.csv
SVG graph written to: /home/pbclevidence/MPI-MM-algorithms/graphs/M24_N6_Q6.svg
Running P= 4... done

Implementation              P     Seconds       Speedup       Cost          Status
--------------------------------------------------------------------------------------
Implementation 1 (Serial)   1     0.000014      1.000000      0.000014      ok
Implementation 2 (MM-1D)    1     0.000027      0.523593      0.000027      ok
Implementation 3 (MM-2D)    1     0.000018      0.777778      0.000018      ok
Implementation 1 (Serial)   4     0.000012      1.000000      0.000012      ok
Implementation 2 (MM-1D)    4     0.000169      0.070875      0.000677      ok
Implementation 3 (MM-2D)    4     0.000178      0.067416      0.000712      ok

CSV written to: /home/pbclevidence/MPI-MM-algorithms/csvs/M24_N6_Q6.csv
SVG graph written to: /home/pbclevidence/MPI-MM-algorithms/graphs/M24_N6_Q6.svg
Running P= 4... done

Implementation              P     Seconds       Speedup       Cost          Status
--------------------------------------------------------------------------------------
Implementation 1 (Serial)   1     0.000014      1.000000      0.000014      ok
Implementation 2 (MM-1D)    1     0.000034      0.412864      0.000034      ok
Implementation 3 (MM-2D)    1     0.000017      0.823529      0.000017      ok
Implementation 1 (Serial)   4     0.000014      1.000000      0.000014      ok
Implementation 2 (MM-1D)    4     0.000161      0.086797      0.000645      ok
Implementation 3 (MM-2D)    4     0.000170      0.082353      0.000680      ok

CSV written to: /home/pbclevidence/MPI-MM-algorithms/csvs/M24_N6_Q6.csv
SVG graph written to: /home/pbclevidence/MPI-MM-algorithms/graphs/M24_N6_Q6.svg
Running P= 4... done

Implementation              P     Seconds       Speedup       Cost          Status
--------------------------------------------------------------------------------------
Implementation 1 (Serial)   1     0.000013      1.000000      0.000013      ok
Implementation 2 (MM-1D)    1     0.000030      0.429206      0.000030      ok
Implementation 3 (MM-2D)    1     0.000018      0.722222      0.000018      ok
Implementation 1 (Serial)   4     0.000013      1.000000      0.000013      ok
Implementation 2 (MM-1D)    4     0.000165      0.078729      0.000660      ok
Implementation 3 (MM-2D)    4     0.000157      0.082803      0.000628      ok

CSV written to: /home/pbclevidence/MPI-MM-algorithms/csvs/M24_N6_Q6.csv
SVG graph written to: /home/pbclevidence/MPI-MM-algorithms/graphs/M24_N6_Q6.svg
