Running P= 1... done
Running P= 4... done
Running P= 9... done
Running P= 16... done
Running P= 25... done

Implementation              P     Seconds       Speedup       Cost          Status
--------------------------------------------------------------------------------------
Implementation 1 (Serial)   1     35.674329     1.000000      35.674329     ok
Implementation 2 (MM-1D)    1     34.658100     1.029322      34.658100     ok
Implementation 3 (MM-2D)    1     34.525175     1.033285      34.525175     ok
Implementation 1 (Serial)   4     35.674329     1.000000      35.674329     ok
Implementation 2 (MM-1D)    4     9.109720      3.916073      36.438880     ok
Implementation 3 (MM-2D)    4     6.612316      5.395134      26.449264     ok
Implementation 1 (Serial)   9     35.674329     1.000000      35.674329     ok
Implementation 2 (MM-1D)    9     4.612980      7.733467      41.516820     ok
Implementation 3 (MM-2D)    9     3.670192      9.720017      33.031728     ok
Implementation 1 (Serial)   16    35.674329     1.000000      35.674329     ok
Implementation 2 (MM-1D)    16    2.970020      12.011478     47.520320     ok
Implementation 3 (MM-2D)    16    2.696145      13.231606     43.138320     ok
Implementation 1 (Serial)   25    35.674329     1.000000      35.674329     ok
Implementation 2 (MM-1D)    25    4.035840      8.839381      100.896000    ok
Implementation 3 (MM-2D)    25    2.550157      13.989072     63.753925     ok

CSV written to: /home/pbclevidence/MPI-MM-algorithms/csvs/M3000_N3000_Q1800.csv
SVG graph written to: /home/pbclevidence/MPI-MM-algorithms/graphs/M3000_N3000_Q1800.svg
