/var/spool/slurm/slurmd/job17935/slurm_script: line 11: module: command not found
Running P= 1... done
Running P= 1... done
Running P= 1... done
Running P= 1... done
Running P= 1... done
Running P= 1... done
Running P= 1... done
Running P= 1... done
Running P= 1... done
Running P= 4... done
Running P= 4... done
Running P= 4... done
Running P= 4... done
Running P= 4... done
Running P= 4... done
Running P= 4... done
Running P= 4... done
Running P= 4... done
Running P= 9... done

Implementation              P     Seconds       Speedup       Cost          Status
--------------------------------------------------------------------------------------
Implementation 1 (Serial)   1     0.000133      1.000000      0.000133      ok
Implementation 2 (MM-1D)    1     0.000087      1.524371      0.000087      ok
Implementation 3 (MM-2D)    1     0.000073      1.821918      0.000073      ok
Implementation 1 (Serial)   4     0.000084      1.000000      0.000084      ok
Implementation 2 (MM-1D)    4     0.000184      0.456969      0.000735      ok
Implementation 3 (MM-2D)    4     0.000233      0.360515      0.000932      ok
Implementation 1 (Serial)   9     0.000097      1.000000      0.000097      ok
Implementation 2 (MM-1D)    9     0.000302      0.320870      0.002721      ok
Implementation 3 (MM-2D)    9     0.000381      0.254593      0.003429      ok

CSV written to: /home/pbclevidence/MPI-MM-algorithms/csvs/M18_N24_Q12.csv
SVG graph written to: /home/pbclevidence/MPI-MM-algorithms/graphs/M18_N24_Q12.svg
Running P= 9... done

Implementation              P     Seconds       Speedup       Cost          Status
--------------------------------------------------------------------------------------
Implementation 1 (Serial)   1     0.000105      1.000000      0.000105      ok
Implementation 2 (MM-1D)    1     0.000076      1.380453      0.000076      ok
Implementation 3 (MM-2D)    1     0.000065      1.615385      0.000065      ok
Implementation 1 (Serial)   4     0.000093      1.000000      0.000093      ok
Implementation 2 (MM-1D)    4     0.000195      0.476032      0.000781      ok
Implementation 3 (MM-2D)    4     0.000212      0.438679      0.000848      ok
Implementation 1 (Serial)   9     0.000097      1.000000      0.000097      ok
Implementation 2 (MM-1D)    9     0.000295      0.328807      0.002655      ok
Implementation 3 (MM-2D)    9     0.000382      0.253927      0.003438      ok

CSV written to: /home/pbclevidence/MPI-MM-algorithms/csvs/M18_N24_Q12.csv
SVG graph written to: /home/pbclevidence/MPI-MM-algorithms/graphs/M18_N24_Q12.svg
Running P= 9... done

Implementation              P     Seconds       Speedup       Cost          Status
--------------------------------------------------------------------------------------
Implementation 1 (Serial)   1     0.000105      1.000000      0.000105      ok
Implementation 2 (MM-1D)    1     0.000089      1.183776      0.000089      ok
Implementation 3 (MM-2D)    1     0.000076      1.381579      0.000076      ok
Implementation 1 (Serial)   4     0.000090      1.000000      0.000090      ok
Implementation 2 (MM-1D)    4     0.000184      0.489184      0.000736      ok
Implementation 3 (MM-2D)    4     0.000205      0.439024      0.000820      ok
Implementation 1 (Serial)   9     0.000105      1.000000      0.000105      ok
Implementation 2 (MM-1D)    9     0.000300      0.350159      0.002699      ok
Implementation 3 (MM-2D)    9     0.000380      0.276316      0.003420      ok

CSV written to: /home/pbclevidence/MPI-MM-algorithms/csvs/M18_N24_Q12.csv
SVG graph written to: /home/pbclevidence/MPI-MM-algorithms/graphs/M18_N24_Q12.svg
Running P= 9... done

Implementation              P     Seconds       Speedup       Cost          Status
--------------------------------------------------------------------------------------
Implementation 1 (Serial)   1     0.000105      1.000000      0.000105      ok
Implementation 2 (MM-1D)    1     0.000089      1.180405      0.000089      ok
Implementation 3 (MM-2D)    1     0.000059      1.779661      0.000059      ok
Implementation 1 (Serial)   4     0.000097      1.000000      0.000097      ok
Implementation 2 (MM-1D)    4     0.000191      0.506890      0.000765      ok
Implementation 3 (MM-2D)    4     0.000219      0.442922      0.000876      ok
Implementation 1 (Serial)   9     0.000097      1.000000      0.000097      ok
Implementation 2 (MM-1D)    9     0.000314      0.308579      0.002829      ok
Implementation 3 (MM-2D)    9     0.000383      0.253264      0.003447      ok

CSV written to: /home/pbclevidence/MPI-MM-algorithms/csvs/M18_N24_Q12.csv
SVG graph written to: /home/pbclevidence/MPI-MM-algorithms/graphs/M18_N24_Q12.svg
Running P= 9... done
Running P= 9... done
Running P= 9... done

Implementation              P     Seconds       Speedup       Cost          Status
--------------------------------------------------------------------------------------
Implementation 1 (Serial)   1     0.000120      1.000000      0.000120      ok
Implementation 2 (MM-1D)    1     0.000088      1.358708      0.000088      ok
Implementation 3 (MM-2D)    1     0.000074      1.621622      0.000074      ok
Implementation 1 (Serial)   4     0.000097      1.000000      0.000097      ok
Implementation 2 (MM-1D)    4     0.000198      0.490228      0.000791      ok
Implementation 3 (MM-2D)    4     0.000215      0.451163      0.000860      ok
Implementation 1 (Serial)   9     0.000105      1.000000      0.000105      ok
Implementation 2 (MM-1D)    9     0.000303      0.346762      0.002725      ok
Implementation 3 (MM-2D)    9     0.000395      0.265823      0.003555      ok

CSV written to: /home/pbclevidence/MPI-MM-algorithms/csvs/M18_N24_Q12.csv
SVG graph written to: /home/pbclevidence/MPI-MM-algorithms/graphs/M18_N24_Q12.svg

Implementation              P     Seconds       Speedup       Cost          Status
--------------------------------------------------------------------------------------
Implementation 1 (Serial)   1     0.000106      1.000000      0.000106      ok
Implementation 2 (MM-1D)    1     0.000068      1.565285      0.000068      ok
Implementation 3 (MM-2D)    1     0.000067      1.582090      0.000067      ok
Implementation 1 (Serial)   4     0.000097      1.000000      0.000097      ok
Implementation 2 (MM-1D)    4     0.000195      0.498243      0.000779      ok
Implementation 3 (MM-2D)    4     0.000214      0.453271      0.000856      ok
Implementation 1 (Serial)   9     0.000101      1.000000      0.000101      ok
Implementation 2 (MM-1D)    9     0.000298      0.339463      0.002678      ok
Implementation 3 (MM-2D)    9     0.000374      0.270053      0.003366      ok

CSV written to: /home/pbclevidence/MPI-MM-algorithms/csvs/M18_N24_Q12.csv
SVG graph written to: /home/pbclevidence/MPI-MM-algorithms/graphs/M18_N24_Q12.svg

Implementation              P     Seconds       Speedup       Cost          Status
--------------------------------------------------------------------------------------
Implementation 1 (Serial)   1     0.000105      1.000000      0.000105      ok
Implementation 2 (MM-1D)    1     0.000068      1.549006      0.000068      ok
Implementation 3 (MM-2D)    1     0.000074      1.418919      0.000074      ok
Implementation 1 (Serial)   4     0.000093      1.000000      0.000093      ok
Implementation 2 (MM-1D)    4     0.000197      0.471832      0.000788      ok
Implementation 3 (MM-2D)    4     0.000216      0.430556      0.000864      ok
Implementation 1 (Serial)   9     0.000097      1.000000      0.000097      ok
Implementation 2 (MM-1D)    9     0.000292      0.331664      0.002632      ok
Implementation 3 (MM-2D)    9     0.000379      0.255937      0.003411      ok

CSV written to: /home/pbclevidence/MPI-MM-algorithms/csvs/M18_N24_Q12.csv
SVG graph written to: /home/pbclevidence/MPI-MM-algorithms/graphs/M18_N24_Q12.svg
Running P= 9... done

Implementation              P     Seconds       Speedup       Cost          Status
--------------------------------------------------------------------------------------
Implementation 1 (Serial)   1     0.000105      1.000000      0.000105      ok
Implementation 2 (MM-1D)    1     0.000082      1.278844      0.000082      ok
Implementation 3 (MM-2D)    1     0.000074      1.418919      0.000074      ok
Implementation 1 (Serial)   4     0.000087      1.000000      0.000087      ok
Implementation 2 (MM-1D)    4     0.000183      0.474218      0.000734      ok
Implementation 3 (MM-2D)    4     0.000220      0.395455      0.000880      ok
Implementation 1 (Serial)   9     0.000101      1.000000      0.000101      ok
Implementation 2 (MM-1D)    9     0.000293      0.344944      0.002635      ok
Implementation 3 (MM-2D)    9     0.000362      0.279006      0.003258      ok

CSV written to: /home/pbclevidence/MPI-MM-algorithms/csvs/M18_N24_Q12.csv
SVG graph written to: /home/pbclevidence/MPI-MM-algorithms/graphs/M18_N24_Q12.svg
Running P= 9... done

Implementation              P     Seconds       Speedup       Cost          Status
--------------------------------------------------------------------------------------
Implementation 1 (Serial)   1     0.000105      1.000000      0.000105      ok
Implementation 2 (MM-1D)    1     0.000075      1.409091      0.000075      ok
Implementation 3 (MM-2D)    1     0.000060      1.750000      0.000060      ok
Implementation 1 (Serial)   4     0.000093      1.000000      0.000093      ok
Implementation 2 (MM-1D)    4     0.000190      0.488512      0.000761      ok
Implementation 3 (MM-2D)    4     0.000212      0.438679      0.000848      ok
Implementation 1 (Serial)   9     0.000090      1.000000      0.000090      ok
Implementation 2 (MM-1D)    9     0.000301      0.299389      0.002706      ok
Implementation 3 (MM-2D)    9     0.000379      0.237467      0.003411      ok

CSV written to: /home/pbclevidence/MPI-MM-algorithms/csvs/M18_N24_Q12.csv
SVG graph written to: /home/pbclevidence/MPI-MM-algorithms/graphs/M18_N24_Q12.svg
