Running P= 1... done
Running P= 4... done
Running P= 9... done
Running P= 16... done
Running P= 25... done

Implementation              P     Seconds       Speedup       Cost          Status
--------------------------------------------------------------------------------------
Implementation 1 (Serial)   1     1.112567      1.000000      1.112567      ok
Implementation 2 (MM-1D)    1     1.018550      1.092305      1.018550      ok
Implementation 3 (MM-2D)    1     0.996045      1.116985      0.996045      ok
Implementation 1 (Serial)   4     1.112567      1.000000      1.112567      ok
Implementation 2 (MM-1D)    4     0.289316      3.845508      1.157264      ok
Implementation 3 (MM-2D)    4     0.272402      4.084284      1.089608      ok
Implementation 1 (Serial)   9     1.112567      1.000000      1.112567      ok
Implementation 2 (MM-1D)    9     0.267476      4.159502      2.407284      ok
Implementation 3 (MM-2D)    9     0.150739      7.380751      1.356651      ok
Implementation 1 (Serial)   16    1.112567      1.000000      1.112567      ok
Implementation 2 (MM-1D)    16    0.217549      5.114098      3.480784      ok
Implementation 3 (MM-2D)    16    0.110073      10.107538     1.761168      ok
Implementation 1 (Serial)   25    1.112567      1.000000      1.112567      ok
Implementation 2 (MM-1D)    25    0.224278      4.960660      5.606950      ok
Implementation 3 (MM-2D)    25    0.128637      8.648888      3.215925      ok

CSV written to: /home/pbclevidence/MPI-MM-algorithms/csvs/M1200_N600_Q1200.csv
SVG graph written to: /home/pbclevidence/MPI-MM-algorithms/graphs/M1200_N600_Q1200.svg
