Running P= 1... done
Running P= 4... done
Running P= 9... done
Running P= 16... done
Running P= 25... done

Implementation              P     Seconds       Speedup       Cost          Status
--------------------------------------------------------------------------------------
Implementation 1 (Serial)   1     19.733511     1.000000      19.733511     ok
Implementation 2 (MM-1D)    1     19.756600     0.998831      19.756600     ok
Implementation 3 (MM-2D)    1     19.858402     0.993711      19.858402     ok
Implementation 1 (Serial)   4     19.733511     1.000000      19.733511     ok
Implementation 2 (MM-1D)    4     5.378160      3.669194      21.512640     ok
Implementation 3 (MM-2D)    4     2.103532      9.381132      8.414128      ok
Implementation 1 (Serial)   9     19.733511     1.000000      19.733511     ok
Implementation 2 (MM-1D)    9     2.790650      7.071296      25.115850     ok
Implementation 3 (MM-2D)    9     1.173817      16.811403     10.564353     ok
Implementation 1 (Serial)   16    19.733511     1.000000      19.733511     ok
Implementation 2 (MM-1D)    16    1.780830      11.081075     28.493280     ok
Implementation 3 (MM-2D)    16    0.747406      26.402666     11.958496     ok
Implementation 1 (Serial)   25    19.733511     1.000000      19.733511     ok
Implementation 2 (MM-1D)    25    2.021590      9.761381      50.539750     ok
Implementation 3 (MM-2D)    25    0.860192      22.940821     21.504800     ok

CSV written to: /home/pbclevidence/MPI-MM-algorithms/csvs/M1800_N3000_Q1200.csv
SVG graph written to: /home/pbclevidence/MPI-MM-algorithms/graphs/M1800_N3000_Q1200.svg
