/var/spool/slurm/slurmd/job17929/slurm_script: line 11: module: command not found
Running P= 1... done
Running P= 1... done
Running P= 1... done
Running P= 1... done
Running P= 1... done
Running P= 1... done
Running P= 1... done
Running P= 1... done
Running P= 1... done
Running P= 4... done
Running P= 4... done
Running P= 4... done
Running P= 4... done
Running P= 4... done
Running P= 4... done
Running P= 4... done
Running P= 4... done
Running P= 4... done
Running P= 9... done

Implementation              P     Seconds       Speedup       Cost          Status
--------------------------------------------------------------------------------------
Implementation 1 (Serial)   1     0.000115      1.000000      0.000115      ok
Implementation 2 (MM-1D)    1     0.000068      1.702614      0.000068      ok
Implementation 3 (MM-2D)    1     0.000069      1.666667      0.000069      ok
Implementation 1 (Serial)   4     0.000096      1.000000      0.000096      ok
Implementation 2 (MM-1D)    4     0.000204      0.471059      0.000815      ok
Implementation 3 (MM-2D)    4     0.000206      0.466019      0.000824      ok
Implementation 1 (Serial)   9     0.000104      1.000000      0.000104      ok
Implementation 2 (MM-1D)    9     0.000303      0.343464      0.002725      ok
Implementation 3 (MM-2D)    9     0.000380      0.273684      0.003420      ok

CSV written to: /home/pbclevidence/MPI-MM-algorithms/csvs/M18_N12_Q24.csv
SVG graph written to: /home/pbclevidence/MPI-MM-algorithms/graphs/M18_N12_Q24.svg
Running P= 9... done

Implementation              P     Seconds       Speedup       Cost          Status
--------------------------------------------------------------------------------------
Implementation 1 (Serial)   1     0.000109      1.000000      0.000109      ok
Implementation 2 (MM-1D)    1     0.000064      1.705395      0.000064      ok
Implementation 3 (MM-2D)    1     0.000070      1.557143      0.000070      ok
Implementation 1 (Serial)   4     0.000109      1.000000      0.000109      ok
Implementation 2 (MM-1D)    4     0.000203      0.538006      0.000810      ok
Implementation 3 (MM-2D)    4     0.000207      0.526570      0.000828      ok
Implementation 1 (Serial)   9     0.000096      1.000000      0.000096      ok
Implementation 2 (MM-1D)    9     0.000306      0.313767      0.002754      ok
Implementation 3 (MM-2D)    9     0.000352      0.272727      0.003168      ok

CSV written to: /home/pbclevidence/MPI-MM-algorithms/csvs/M18_N12_Q24.csv
SVG graph written to: /home/pbclevidence/MPI-MM-algorithms/graphs/M18_N12_Q24.svg
Running P= 9... done

Implementation              P     Seconds       Speedup       Cost          Status
--------------------------------------------------------------------------------------
Implementation 1 (Serial)   1     0.000109      1.000000      0.000109      ok
Implementation 2 (MM-1D)    1     0.000089      1.225656      0.000089      ok
Implementation 3 (MM-2D)    1     0.000066      1.651515      0.000066      ok
Implementation 1 (Serial)   4     0.000104      1.000000      0.000104      ok
Implementation 2 (MM-1D)    4     0.000198      0.524791      0.000793      ok
Implementation 3 (MM-2D)    4     0.000215      0.483721      0.000860      ok
Implementation 1 (Serial)   9     0.000109      1.000000      0.000109      ok
Implementation 2 (MM-1D)    9     0.000296      0.368196      0.002664      ok
Implementation 3 (MM-2D)    9     0.000356      0.306180      0.003204      ok

CSV written to: /home/pbclevidence/MPI-MM-algorithms/csvs/M18_N12_Q24.csv
SVG graph written to: /home/pbclevidence/MPI-MM-algorithms/graphs/M18_N12_Q24.svg
Running P= 9... done

Implementation              P     Seconds       Speedup       Cost          Status
--------------------------------------------------------------------------------------
Implementation 1 (Serial)   1     0.000109      1.000000      0.000109      ok
Implementation 2 (MM-1D)    1     0.000065      1.686959      0.000065      ok
Implementation 3 (MM-2D)    1     0.000052      2.096154      0.000052      ok
Implementation 1 (Serial)   4     0.000096      1.000000      0.000096      ok
Implementation 2 (MM-1D)    4     0.000202      0.476363      0.000806      ok
Implementation 3 (MM-2D)    4     0.000220      0.436364      0.000880      ok
Implementation 1 (Serial)   9     0.000093      1.000000      0.000093      ok
Implementation 2 (MM-1D)    9     0.000308      0.302022      0.002771      ok
Implementation 3 (MM-2D)    9     0.000365      0.254795      0.003285      ok

CSV written to: /home/pbclevidence/MPI-MM-algorithms/csvs/M18_N12_Q24.csv
SVG graph written to: /home/pbclevidence/MPI-MM-algorithms/graphs/M18_N12_Q24.svg
Running P= 9... done

Implementation              P     Seconds       Speedup       Cost          Status
--------------------------------------------------------------------------------------
Implementation 1 (Serial)   1     0.000109      1.000000      0.000109      ok
Implementation 2 (MM-1D)    1     0.000086      1.274478      0.000086      ok
Implementation 3 (MM-2D)    1     0.000063      1.730159      0.000063      ok
Implementation 1 (Serial)   4     0.000104      1.000000      0.000104      ok
Implementation 2 (MM-1D)    4     0.000196      0.531423      0.000783      ok
Implementation 3 (MM-2D)    4     0.000215      0.483721      0.000860      ok
Implementation 1 (Serial)   9     0.000109      1.000000      0.000109      ok
Implementation 2 (MM-1D)    9     0.000294      0.371212      0.002643      ok
Implementation 3 (MM-2D)    9     0.000378      0.288360      0.003402      ok

CSV written to: /home/pbclevidence/MPI-MM-algorithms/csvs/M18_N12_Q24.csv
SVG graph written to: /home/pbclevidence/MPI-MM-algorithms/graphs/M18_N12_Q24.svg
Running P= 9... done

Implementation              P     Seconds       Speedup       Cost          Status
--------------------------------------------------------------------------------------
Implementation 1 (Serial)   1     0.000109      1.000000      0.000109      ok
Implementation 2 (MM-1D)    1     0.000068      1.612891      0.000068      ok
Implementation 3 (MM-2D)    1     0.000063      1.730159      0.000063      ok
Implementation 1 (Serial)   4     0.000089      1.000000      0.000089      ok
Implementation 2 (MM-1D)    4     0.000201      0.443654      0.000802      ok
Implementation 3 (MM-2D)    4     0.000232      0.383621      0.000928      ok
Implementation 1 (Serial)   9     0.000100      1.000000      0.000100      ok
Implementation 2 (MM-1D)    9     0.000295      0.339553      0.002651      ok
Implementation 3 (MM-2D)    9     0.000368      0.271739      0.003312      ok

CSV written to: /home/pbclevidence/MPI-MM-algorithms/csvs/M18_N12_Q24.csv
SVG graph written to: /home/pbclevidence/MPI-MM-algorithms/graphs/M18_N12_Q24.svg
Running P= 9... done
Running P= 9... done

Implementation              P     Seconds       Speedup       Cost          Status
--------------------------------------------------------------------------------------
Implementation 1 (Serial)   1     0.000109      1.000000      0.000109      ok
Implementation 2 (MM-1D)    1     0.000085      1.287404      0.000085      ok
Implementation 3 (MM-2D)    1     0.000070      1.557143      0.000070      ok
Implementation 1 (Serial)   4     0.000104      1.000000      0.000104      ok
Implementation 2 (MM-1D)    4     0.000189      0.550506      0.000756      ok
Implementation 3 (MM-2D)    4     0.000214      0.485981      0.000856      ok
Implementation 1 (Serial)   9     0.000096      1.000000      0.000096      ok
Implementation 2 (MM-1D)    9     0.000300      0.320327      0.002697      ok
Implementation 3 (MM-2D)    9     0.000358      0.268156      0.003222      ok

CSV written to: /home/pbclevidence/MPI-MM-algorithms/csvs/M18_N12_Q24.csv
SVG graph written to: /home/pbclevidence/MPI-MM-algorithms/graphs/M18_N12_Q24.svg

Implementation              P     Seconds       Speedup       Cost          Status
--------------------------------------------------------------------------------------
Implementation 1 (Serial)   1     0.000109      1.000000      0.000109      ok
Implementation 2 (MM-1D)    1     0.000087      1.246437      0.000087      ok
Implementation 3 (MM-2D)    1     0.000056      1.946429      0.000056      ok
Implementation 1 (Serial)   4     0.000104      1.000000      0.000104      ok
Implementation 2 (MM-1D)    4     0.000193      0.539699      0.000771      ok
Implementation 3 (MM-2D)    4     0.000211      0.492891      0.000844      ok
Implementation 1 (Serial)   9     0.000104      1.000000      0.000104      ok
Implementation 2 (MM-1D)    9     0.000295      0.353019      0.002651      ok
Implementation 3 (MM-2D)    9     0.000352      0.295455      0.003168      ok

CSV written to: /home/pbclevidence/MPI-MM-algorithms/csvs/M18_N12_Q24.csv
SVG graph written to: /home/pbclevidence/MPI-MM-algorithms/graphs/M18_N12_Q24.svg
Running P= 9... done

Implementation              P     Seconds       Speedup       Cost          Status
--------------------------------------------------------------------------------------
Implementation 1 (Serial)   1     0.000109      1.000000      0.000109      ok
Implementation 2 (MM-1D)    1     0.000066      1.657994      0.000066      ok
Implementation 3 (MM-2D)    1     0.000060      1.816667      0.000060      ok
Implementation 1 (Serial)   4     0.000100      1.000000      0.000100      ok
Implementation 2 (MM-1D)    4     0.000217      0.461740      0.000866      ok
Implementation 3 (MM-2D)    4     0.000212      0.471698      0.000848      ok
Implementation 1 (Serial)   9     0.000100      1.000000      0.000100      ok
Implementation 2 (MM-1D)    9     0.000313      0.319098      0.002820      ok
Implementation 3 (MM-2D)    9     0.000355      0.281690      0.003195      ok

CSV written to: /home/pbclevidence/MPI-MM-algorithms/csvs/M18_N12_Q24.csv
SVG graph written to: /home/pbclevidence/MPI-MM-algorithms/graphs/M18_N12_Q24.svg
