/var/spool/slurm/slurmd/job18402/slurm_script: line 11: module: command not found
Running P= 1... done
Running P= 1... done
Running P= 1... done
Running P= 1... done
Running P= 4... done

Implementation              P     Seconds       Speedup       Cost          Status
--------------------------------------------------------------------------------------
Implementation 1 (Serial)   1     0.000104      1.000000      0.000104      ok
Implementation 2 (MM-1D)    1     0.000093      1.124055      0.000093      ok
Implementation 3 (MM-2D)    1     0.000064      1.625000      0.000064      ok
Implementation 1 (Serial)   4     0.000062      1.000000      0.000062      ok
Implementation 2 (MM-1D)    4     0.000203      0.304842      0.000814      ok
Implementation 3 (MM-2D)    4     0.000267      0.232210      0.001068      ok

CSV written to: /home/pbclevidence/MPI-MM-algorithms/csvs/M18_N12_Q24.csv
SVG graph written to: /home/pbclevidence/MPI-MM-algorithms/graphs/M18_N12_Q24.svg
Running P= 4... done

Implementation              P     Seconds       Speedup       Cost          Status
--------------------------------------------------------------------------------------
Implementation 1 (Serial)   1     0.000073      1.000000      0.000073      ok
Implementation 2 (MM-1D)    1     0.000105      0.696007      0.000105      ok
Implementation 3 (MM-2D)    1     0.000065      1.123077      0.000065      ok
Implementation 1 (Serial)   4     0.000072      1.000000      0.000072      ok
Implementation 2 (MM-1D)    4     0.000258      0.278722      0.001033      ok
Implementation 3 (MM-2D)    4     0.000237      0.303797      0.000948      ok

CSV written to: /home/pbclevidence/MPI-MM-algorithms/csvs/M18_N12_Q24.csv
SVG graph written to: /home/pbclevidence/MPI-MM-algorithms/graphs/M18_N12_Q24.svg
Running P= 4... done

Implementation              P     Seconds       Speedup       Cost          Status
--------------------------------------------------------------------------------------
Implementation 1 (Serial)   1     0.000074      1.000000      0.000074      ok
Implementation 2 (MM-1D)    1     0.000115      0.646198      0.000115      ok
Implementation 3 (MM-2D)    1     0.000070      1.057143      0.000070      ok
Implementation 1 (Serial)   4     0.000074      1.000000      0.000074      ok
Implementation 2 (MM-1D)    4     0.000229      0.323144      0.000916      ok
Implementation 3 (MM-2D)    4     0.000240      0.308333      0.000960      ok

CSV written to: /home/pbclevidence/MPI-MM-algorithms/csvs/M18_N12_Q24.csv
SVG graph written to: /home/pbclevidence/MPI-MM-algorithms/graphs/M18_N12_Q24.svg
Running P= 4... done

Implementation              P     Seconds       Speedup       Cost          Status
--------------------------------------------------------------------------------------
Implementation 1 (Serial)   1     0.000074      1.000000      0.000074      ok
Implementation 2 (MM-1D)    1     0.000086      0.864555      0.000086      ok
Implementation 3 (MM-2D)    1     0.000060      1.233333      0.000060      ok
Implementation 1 (Serial)   4     0.000070      1.000000      0.000070      ok
Implementation 2 (MM-1D)    4     0.000223      0.313543      0.000893      ok
Implementation 3 (MM-2D)    4     0.000221      0.316742      0.000884      ok

CSV written to: /home/pbclevidence/MPI-MM-algorithms/csvs/M18_N12_Q24.csv
SVG graph written to: /home/pbclevidence/MPI-MM-algorithms/graphs/M18_N12_Q24.svg
