Running P= 1... done
Running P= 4... done
Running P= 9... done
Running P= 16... done
Running P= 25... done

Implementation              P     Seconds       Speedup       Cost          Status
--------------------------------------------------------------------------------------
Implementation 1 (Serial)   1     0.559963      1.000000      0.559963      ok
Implementation 2 (MM-1D)    1     0.510383      1.097143      0.510383      ok
Implementation 3 (MM-2D)    1     0.502630      1.114066      0.502630      ok
Implementation 1 (Serial)   4     0.559963      1.000000      0.559963      ok
Implementation 2 (MM-1D)    4     0.147091      3.806915      0.588364      ok
Implementation 3 (MM-2D)    4     0.139214      4.022318      0.556856      ok
Implementation 1 (Serial)   9     0.559963      1.000000      0.559963      ok
Implementation 2 (MM-1D)    9     0.145008      3.861601      1.305072      ok
Implementation 3 (MM-2D)    9     0.091202      6.139811      0.820818      ok
Implementation 1 (Serial)   16    0.559963      1.000000      0.559963      ok
Implementation 2 (MM-1D)    16    0.114908      4.873142      1.838528      ok
Implementation 3 (MM-2D)    16    0.077805      7.197005      1.244880      ok
Implementation 1 (Serial)   25    0.559963      1.000000      0.559963      ok
Implementation 2 (MM-1D)    25    0.142830      3.920486      3.570750      ok
Implementation 3 (MM-2D)    25    0.074769      7.489240      1.869225      ok

CSV written to: /home/pbclevidence/MPI-MM-algorithms/csvs/M600_N600_Q1200.csv
SVG graph written to: /home/pbclevidence/MPI-MM-algorithms/graphs/M600_N600_Q1200.svg
