/var/spool/slurm/slurmd/job18378/slurm_script: line 11: module: command not found
Running P= 1... done
Running P= 1... done
Running P= 1... done
Running P= 1... done
Running P= 4... done

Implementation              P     Seconds       Speedup       Cost          Status
--------------------------------------------------------------------------------------
Implementation 1 (Serial)   1     0.000044      1.000000      0.000044      ok
Implementation 2 (MM-1D)    1     0.000084      0.522624      0.000084      ok
Implementation 3 (MM-2D)    1     0.000053      0.830189      0.000053      ok
Implementation 1 (Serial)   4     0.000064      1.000000      0.000064      ok
Implementation 2 (MM-1D)    4     0.000229      0.279693      0.000915      ok
Implementation 3 (MM-2D)    4     0.000208      0.307692      0.000832      ok

CSV written to: /home/pbclevidence/MPI-MM-algorithms/csvs/M6_N24_Q24.csv
SVG graph written to: /home/pbclevidence/MPI-MM-algorithms/graphs/M6_N24_Q24.svg
Running P= 4... done

Implementation              P     Seconds       Speedup       Cost          Status
--------------------------------------------------------------------------------------
Implementation 1 (Serial)   1     0.000059      1.000000      0.000059      ok
Implementation 2 (MM-1D)    1     0.000073      0.809801      0.000073      ok
Implementation 3 (MM-2D)    1     0.000040      1.475000      0.000040      ok
Implementation 1 (Serial)   4     0.000040      1.000000      0.000040      ok
Implementation 2 (MM-1D)    4     0.000204      0.196352      0.000815      ok
Implementation 3 (MM-2D)    4     0.000224      0.178571      0.000896      ok

CSV written to: /home/pbclevidence/MPI-MM-algorithms/csvs/M6_N24_Q24.csv
SVG graph written to: /home/pbclevidence/MPI-MM-algorithms/graphs/M6_N24_Q24.svg
Running P= 4... done

Implementation              P     Seconds       Speedup       Cost          Status
--------------------------------------------------------------------------------------
Implementation 1 (Serial)   1     0.000065      1.000000      0.000065      ok
Implementation 2 (MM-1D)    1     0.000079      0.821000      0.000079      ok
Implementation 3 (MM-2D)    1     0.000045      1.444444      0.000045      ok
Implementation 1 (Serial)   4     0.000045      1.000000      0.000045      ok
Implementation 2 (MM-1D)    4     0.000189      0.238022      0.000756      ok
Implementation 3 (MM-2D)    4     0.000224      0.200893      0.000896      ok

CSV written to: /home/pbclevidence/MPI-MM-algorithms/csvs/M6_N24_Q24.csv
SVG graph written to: /home/pbclevidence/MPI-MM-algorithms/graphs/M6_N24_Q24.svg
Running P= 4... done

Implementation              P     Seconds       Speedup       Cost          Status
--------------------------------------------------------------------------------------
Implementation 1 (Serial)   1     0.000065      1.000000      0.000065      ok
Implementation 2 (MM-1D)    1     0.000068      0.952184      0.000068      ok
Implementation 3 (MM-2D)    1     0.000046      1.413043      0.000046      ok
Implementation 1 (Serial)   4     0.000046      1.000000      0.000046      ok
Implementation 2 (MM-1D)    4     0.000218      0.211187      0.000871      ok
Implementation 3 (MM-2D)    4     0.000237      0.194093      0.000948      ok

CSV written to: /home/pbclevidence/MPI-MM-algorithms/csvs/M6_N24_Q24.csv
SVG graph written to: /home/pbclevidence/MPI-MM-algorithms/graphs/M6_N24_Q24.svg
