Running P= 1... done
Running P= 4... done
Running P= 9... done
Running P= 16... done
Running P= 25... done

Implementation              P     Seconds       Speedup       Cost          Status
--------------------------------------------------------------------------------------
Implementation 1 (Serial)   1     23.689476     1.000000      23.689476     ok
Implementation 2 (MM-1D)    1     19.520900     1.213544      19.520900     ok
Implementation 3 (MM-2D)    1     19.458040     1.217465      19.458040     ok
Implementation 1 (Serial)   4     23.690750     1.000000      23.690750     ok
Implementation 2 (MM-1D)    4     5.531410      4.282950      22.125640     ok
Implementation 3 (MM-2D)    4     10.150751     2.333891      40.603004     ok
Implementation 1 (Serial)   9     24.095767     1.000000      24.095767     ok
Implementation 2 (MM-1D)    9     2.794310      8.623155      25.148790     ok
Implementation 3 (MM-2D)    9     11.660527     2.066439      104.944743    ok
Implementation 1 (Serial)   16    24.088366     1.000000      24.088366     ok
Implementation 2 (MM-1D)    16    1.784110      13.501615     28.545760     ok
Implementation 3 (MM-2D)    16    13.386503     1.799452      214.184048    ok
Implementation 1 (Serial)   25    23.948612     1.000000      23.948612     ok
Implementation 2 (MM-1D)    25    2.041780      11.729281     51.044500     ok
Implementation 3 (MM-2D)    25    19.934568     1.201361      498.364200    ok

CSV written to: /home/pbclevidence/MPI-MM-algorithms/csvs/M600_N1200_Q2400.csv
SVG graph written to: /home/pbclevidence/MPI-MM-algorithms/graphs/M600_N1200_Q2400.svg
