Running P= 1... done
Running P= 4... done
Running P= 9... done
Running P= 16... done
Running P= 25... done

Implementation              P     Seconds       Speedup       Cost          Status
--------------------------------------------------------------------------------------
Implementation 1 (Serial)   1     4.000970      1.000000      4.000970      ok
Implementation 2 (MM-1D)    1     3.780110      1.058427      3.780110      ok
Implementation 3 (MM-2D)    1     3.686403      1.085332      3.686403      ok
Implementation 1 (Serial)   4     4.000970      1.000000      4.000970      ok
Implementation 2 (MM-1D)    4     1.109230      3.606980      4.436920      ok
Implementation 3 (MM-2D)    4     0.901584      4.437712      3.606336      ok
Implementation 1 (Serial)   9     4.000970      1.000000      4.000970      ok
Implementation 2 (MM-1D)    9     0.982665      4.071550      8.843985      ok
Implementation 3 (MM-2D)    9     0.518023      7.723537      4.662207      ok
Implementation 1 (Serial)   16    4.000970      1.000000      4.000970      ok
Implementation 2 (MM-1D)    16    0.645992      6.193529      10.335872     ok
Implementation 3 (MM-2D)    16    0.321531      12.443497     5.144496      ok
Implementation 1 (Serial)   25    4.000970      1.000000      4.000970      ok
Implementation 2 (MM-1D)    25    0.706226      5.665283      17.655650     ok
Implementation 3 (MM-2D)    25    0.341887      11.702609     8.547175      ok

CSV written to: /home/pbclevidence/MPI-MM-algorithms/csvs/M3000_N600_Q1800.csv
SVG graph written to: /home/pbclevidence/MPI-MM-algorithms/graphs/M3000_N600_Q1800.svg
