Running P= 1... done
Running P= 4... done
Running P= 9... done
Running P= 16... done
Running P= 25... done

Implementation              P     Seconds       Speedup       Cost          Status
--------------------------------------------------------------------------------------
Implementation 1 (Serial)   1     18.428723     1.000000      18.428723     ok
Implementation 2 (MM-1D)    1     17.809700     1.034758      17.809700     ok
Implementation 3 (MM-2D)    1     17.716351     1.040210      17.716351     ok
Implementation 1 (Serial)   4     18.428723     1.000000      18.428723     ok
Implementation 2 (MM-1D)    4     4.972340      3.706248      19.889360     ok
Implementation 3 (MM-2D)    4     2.658652      6.931604      10.634608     ok
Implementation 1 (Serial)   9     18.428723     1.000000      18.428723     ok
Implementation 2 (MM-1D)    9     2.536670      7.264927      22.830030     ok
Implementation 3 (MM-2D)    9     1.569093      11.744825     14.121837     ok
Implementation 1 (Serial)   16    18.428723     1.000000      18.428723     ok
Implementation 2 (MM-1D)    16    1.655950      11.128792     26.495200     ok
Implementation 3 (MM-2D)    16    0.968651      19.025142     15.498416     ok
Implementation 1 (Serial)   25    18.428723     1.000000      18.428723     ok
Implementation 2 (MM-1D)    25    1.860530      9.905093      46.513250     ok
Implementation 3 (MM-2D)    25    0.928909      19.839105     23.222725     ok

CSV written to: /home/pbclevidence/MPI-MM-algorithms/csvs/M2400_N1200_Q3000.csv
SVG graph written to: /home/pbclevidence/MPI-MM-algorithms/graphs/M2400_N1200_Q3000.svg
