Running P= 1... done
Running P= 4... done
Running P= 9... done
Running P= 16... done
Running P= 25... done

Implementation              P     Seconds       Speedup       Cost          Status
--------------------------------------------------------------------------------------
Implementation 1 (Serial)   1     1.153022      1.000000      1.153022      ok
Implementation 2 (MM-1D)    1     1.021650      1.128588      1.021650      ok
Implementation 3 (MM-2D)    1     0.993119      1.161011      0.993119      ok
Implementation 1 (Serial)   4     1.153022      1.000000      1.153022      ok
Implementation 2 (MM-1D)    4     0.401586      2.871171      1.606344      ok
Implementation 3 (MM-2D)    4     0.283536      4.066581      1.134144      ok
Implementation 1 (Serial)   9     1.153022      1.000000      1.153022      ok
Implementation 2 (MM-1D)    9     0.294301      3.917832      2.648709      ok
Implementation 3 (MM-2D)    9     0.158231      7.286954      1.424079      ok
Implementation 1 (Serial)   16    1.153022      1.000000      1.153022      ok
Implementation 2 (MM-1D)    16    0.228362      5.049097      3.653792      ok
Implementation 3 (MM-2D)    16    0.109033      10.574982     1.744528      ok
Implementation 1 (Serial)   25    1.153022      1.000000      1.153022      ok
Implementation 2 (MM-1D)    25    0.275496      4.185259      6.887400      ok
Implementation 3 (MM-2D)    25    0.126097      9.143929      3.152425      ok

CSV written to: /home/pbclevidence/MPI-MM-algorithms/csvs/M600_N600_Q2400.csv
SVG graph written to: /home/pbclevidence/MPI-MM-algorithms/graphs/M600_N600_Q2400.svg
