/var/spool/slurm/slurmd/job17901/slurm_script: line 11: module: command not found
Running P= 1... done
Running P= 1... done
Running P= 1... done
Running P= 1... done
Running P= 1... done
Running P= 1... done
Running P= 1... done
Running P= 1... done
Running P= 1... done
Running P= 4... done
Running P= 4... done
Running P= 4... done
Running P= 4... done
Running P= 4... done
Running P= 4... done
Running P= 4... done
Running P= 4... done
Running P= 4... done
Running P= 9... done

Implementation              P     Seconds       Speedup       Cost          Status
--------------------------------------------------------------------------------------
Implementation 1 (Serial)   1     0.000078      1.000000      0.000078      ok
Implementation 2 (MM-1D)    1     0.000038      2.071273      0.000038      ok
Implementation 3 (MM-2D)    1     0.000029      2.689655      0.000029      ok
Implementation 1 (Serial)   4     0.000047      1.000000      0.000047      ok
Implementation 2 (MM-1D)    4     0.000185      0.254362      0.000739      ok
Implementation 3 (MM-2D)    4     0.000204      0.230392      0.000816      ok
Implementation 1 (Serial)   9     0.000051      1.000000      0.000051      ok
Implementation 2 (MM-1D)    9     0.000268      0.190568      0.002409      ok
Implementation 3 (MM-2D)    9     0.000358      0.142458      0.003222      ok

CSV written to: /home/pbclevidence/MPI-MM-algorithms/csvs/M6_N18_Q24.csv
SVG graph written to: /home/pbclevidence/MPI-MM-algorithms/graphs/M6_N18_Q24.svg
Running P= 9... done

Implementation              P     Seconds       Speedup       Cost          Status
--------------------------------------------------------------------------------------
Implementation 1 (Serial)   1     0.000054      1.000000      0.000054      ok
Implementation 2 (MM-1D)    1     0.000053      1.017800      0.000053      ok
Implementation 3 (MM-2D)    1     0.000041      1.317073      0.000041      ok
Implementation 1 (Serial)   4     0.000049      1.000000      0.000049      ok
Implementation 2 (MM-1D)    4     0.000184      0.266245      0.000736      ok
Implementation 3 (MM-2D)    4     0.000194      0.252577      0.000776      ok
Implementation 1 (Serial)   9     0.000054      1.000000      0.000054      ok
Implementation 2 (MM-1D)    9     0.000276      0.195984      0.002480      ok
Implementation 3 (MM-2D)    9     0.000347      0.155620      0.003123      ok

CSV written to: /home/pbclevidence/MPI-MM-algorithms/csvs/M6_N18_Q24.csv
SVG graph written to: /home/pbclevidence/MPI-MM-algorithms/graphs/M6_N18_Q24.svg
Running P= 9... done

Implementation              P     Seconds       Speedup       Cost          Status
--------------------------------------------------------------------------------------
Implementation 1 (Serial)   1     0.000077      1.000000      0.000077      ok
Implementation 2 (MM-1D)    1     0.000052      1.468762      0.000052      ok
Implementation 3 (MM-2D)    1     0.000041      1.878049      0.000041      ok
Implementation 1 (Serial)   4     0.000047      1.000000      0.000047      ok
Implementation 2 (MM-1D)    4     0.000186      0.252869      0.000743      ok
Implementation 3 (MM-2D)    4     0.000195      0.241026      0.000780      ok
Implementation 1 (Serial)   9     0.000051      1.000000      0.000051      ok
Implementation 2 (MM-1D)    9     0.000277      0.184093      0.002493      ok
Implementation 3 (MM-2D)    9     0.000362      0.140884      0.003258      ok

CSV written to: /home/pbclevidence/MPI-MM-algorithms/csvs/M6_N18_Q24.csv
SVG graph written to: /home/pbclevidence/MPI-MM-algorithms/graphs/M6_N18_Q24.svg
Running P= 9... done

Implementation              P     Seconds       Speedup       Cost          Status
--------------------------------------------------------------------------------------
Implementation 1 (Serial)   1     0.000057      1.000000      0.000057      ok
Implementation 2 (MM-1D)    1     0.000040      1.423530      0.000040      ok
Implementation 3 (MM-2D)    1     0.000038      1.500000      0.000038      ok
Implementation 1 (Serial)   4     0.000044      1.000000      0.000044      ok
Implementation 2 (MM-1D)    4     0.000179      0.245350      0.000717      ok
Implementation 3 (MM-2D)    4     0.000198      0.222222      0.000792      ok
Implementation 1 (Serial)   9     0.000053      1.000000      0.000053      ok
Implementation 2 (MM-1D)    9     0.000280      0.189560      0.002516      ok
Implementation 3 (MM-2D)    9     0.000346      0.153179      0.003114      ok

CSV written to: /home/pbclevidence/MPI-MM-algorithms/csvs/M6_N18_Q24.csv
SVG graph written to: /home/pbclevidence/MPI-MM-algorithms/graphs/M6_N18_Q24.svg
Running P= 9... done

Implementation              P     Seconds       Speedup       Cost          Status
--------------------------------------------------------------------------------------
Implementation 1 (Serial)   1     0.000054      1.000000      0.000054      ok
Implementation 2 (MM-1D)    1     0.000052      1.038194      0.000052      ok
Implementation 3 (MM-2D)    1     0.000040      1.350000      0.000040      ok
Implementation 1 (Serial)   4     0.000044      1.000000      0.000044      ok
Implementation 2 (MM-1D)    4     0.000183      0.240725      0.000731      ok
Implementation 3 (MM-2D)    4     0.000194      0.226804      0.000776      ok
Implementation 1 (Serial)   9     0.000047      1.000000      0.000047      ok
Implementation 2 (MM-1D)    9     0.000296      0.158694      0.002666      ok
Implementation 3 (MM-2D)    9     0.000360      0.130556      0.003240      ok

CSV written to: /home/pbclevidence/MPI-MM-algorithms/csvs/M6_N18_Q24.csv
SVG graph written to: /home/pbclevidence/MPI-MM-algorithms/graphs/M6_N18_Q24.svg
Running P= 9... done
Running P= 9... done

Implementation              P     Seconds       Speedup       Cost          Status
--------------------------------------------------------------------------------------
Implementation 1 (Serial)   1     0.000076      1.000000      0.000076      ok
Implementation 2 (MM-1D)    1     0.000053      1.427498      0.000053      ok
Implementation 3 (MM-2D)    1     0.000040      1.900000      0.000040      ok
Implementation 1 (Serial)   4     0.000049      1.000000      0.000049      ok
Implementation 2 (MM-1D)    4     0.000190      0.258288      0.000759      ok
Implementation 3 (MM-2D)    4     0.000195      0.251282      0.000780      ok
Implementation 1 (Serial)   9     0.000053      1.000000      0.000053      ok
Implementation 2 (MM-1D)    9     0.000280      0.189084      0.002523      ok
Implementation 3 (MM-2D)    9     0.000346      0.153179      0.003114      ok

CSV written to: /home/pbclevidence/MPI-MM-algorithms/csvs/M6_N18_Q24.csv
SVG graph written to: /home/pbclevidence/MPI-MM-algorithms/graphs/M6_N18_Q24.svg
Running P= 9... done

Implementation              P     Seconds       Speedup       Cost          Status
--------------------------------------------------------------------------------------
Implementation 1 (Serial)   1     0.000054      1.000000      0.000054      ok
Implementation 2 (MM-1D)    1     0.000053      1.023695      0.000053      ok
Implementation 3 (MM-2D)    1     0.000040      1.350000      0.000040      ok
Implementation 1 (Serial)   4     0.000049      1.000000      0.000049      ok
Implementation 2 (MM-1D)    4     0.000182      0.269220      0.000728      ok
Implementation 3 (MM-2D)    4     0.000194      0.252577      0.000776      ok
Implementation 1 (Serial)   9     0.000051      1.000000      0.000051      ok
Implementation 2 (MM-1D)    9     0.000290      0.175774      0.002611      ok
Implementation 3 (MM-2D)    9     0.000369      0.138211      0.003321      ok

CSV written to: /home/pbclevidence/MPI-MM-algorithms/csvs/M6_N18_Q24.csv
SVG graph written to: /home/pbclevidence/MPI-MM-algorithms/graphs/M6_N18_Q24.svg

Implementation              P     Seconds       Speedup       Cost          Status
--------------------------------------------------------------------------------------
Implementation 1 (Serial)   1     0.000077      1.000000      0.000077      ok
Implementation 2 (MM-1D)    1     0.000051      1.496625      0.000051      ok
Implementation 3 (MM-2D)    1     0.000039      1.974359      0.000039      ok
Implementation 1 (Serial)   4     0.000047      1.000000      0.000047      ok
Implementation 2 (MM-1D)    4     0.000179      0.262495      0.000716      ok
Implementation 3 (MM-2D)    4     0.000198      0.237374      0.000792      ok
Implementation 1 (Serial)   9     0.000049      1.000000      0.000049      ok
Implementation 2 (MM-1D)    9     0.000298      0.164451      0.002682      ok
Implementation 3 (MM-2D)    9     0.000350      0.140000      0.003150      ok

CSV written to: /home/pbclevidence/MPI-MM-algorithms/csvs/M6_N18_Q24.csv
SVG graph written to: /home/pbclevidence/MPI-MM-algorithms/graphs/M6_N18_Q24.svg
Running P= 9... done

Implementation              P     Seconds       Speedup       Cost          Status
--------------------------------------------------------------------------------------
Implementation 1 (Serial)   1     0.000078      1.000000      0.000078      ok
Implementation 2 (MM-1D)    1     0.000053      1.458356      0.000053      ok
Implementation 3 (MM-2D)    1     0.000033      2.363636      0.000033      ok
Implementation 1 (Serial)   4     0.000049      1.000000      0.000049      ok
Implementation 2 (MM-1D)    4     0.000180      0.271637      0.000722      ok
Implementation 3 (MM-2D)    4     0.000191      0.256545      0.000764      ok
Implementation 1 (Serial)   9     0.000054      1.000000      0.000054      ok
Implementation 2 (MM-1D)    9     0.000279      0.193788      0.002508      ok
Implementation 3 (MM-2D)    9     0.000370      0.145946      0.003330      ok

CSV written to: /home/pbclevidence/MPI-MM-algorithms/csvs/M6_N18_Q24.csv
SVG graph written to: /home/pbclevidence/MPI-MM-algorithms/graphs/M6_N18_Q24.svg
