/var/spool/slurm/slurmd/job17898/slurm_script: line 11: module: command not found
Running P= 1... done
Running P= 1... done
Running P= 1... done
Running P= 1... done
Running P= 1... done
Running P= 1... done
Running P= 1... done
Running P= 1... done
Running P= 1... done
Running P= 4... done
Running P= 4... done
Running P= 4... done
Running P= 4... done
Running P= 4... done
Running P= 4... done
Running P= 4... done
Running P= 4... done
Running P= 4... done
Running P= 9... done

Implementation              P     Seconds       Speedup       Cost          Status
--------------------------------------------------------------------------------------
Implementation 1 (Serial)   1     0.000016      1.000000      0.000016      ok
Implementation 2 (MM-1D)    1     0.000022      0.740480      0.000022      ok
Implementation 3 (MM-2D)    1     0.000012      1.333333      0.000012      ok
Implementation 1 (Serial)   4     0.000012      1.000000      0.000012      ok
Implementation 2 (MM-1D)    4     0.000153      0.078644      0.000610      ok
Implementation 3 (MM-2D)    4     0.000159      0.075472      0.000636      ok
Implementation 1 (Serial)   9     0.000012      1.000000      0.000012      ok
Implementation 2 (MM-1D)    9     0.000264      0.045449      0.002376      ok
Implementation 3 (MM-2D)    9     0.000324      0.037037      0.002916      ok

CSV written to: /home/pbclevidence/MPI-MM-algorithms/csvs/M6_N18_Q6.csv
SVG graph written to: /home/pbclevidence/MPI-MM-algorithms/graphs/M6_N18_Q6.svg
Running P= 9... done

Implementation              P     Seconds       Speedup       Cost          Status
--------------------------------------------------------------------------------------
Implementation 1 (Serial)   1     0.000014      1.000000      0.000014      ok
Implementation 2 (MM-1D)    1     0.000016      0.851742      0.000016      ok
Implementation 3 (MM-2D)    1     0.000012      1.166667      0.000012      ok
Implementation 1 (Serial)   4     0.000014      1.000000      0.000014      ok
Implementation 2 (MM-1D)    4     0.000168      0.083333      0.000672      ok
Implementation 3 (MM-2D)    4     0.000166      0.084337      0.000664      ok
Implementation 1 (Serial)   9     0.000012      1.000000      0.000012      ok
Implementation 2 (MM-1D)    9     0.000262      0.045733      0.002362      ok
Implementation 3 (MM-2D)    9     0.000315      0.038095      0.002835      ok

CSV written to: /home/pbclevidence/MPI-MM-algorithms/csvs/M6_N18_Q6.csv
SVG graph written to: /home/pbclevidence/MPI-MM-algorithms/graphs/M6_N18_Q6.svg
Running P= 9... done
Running P= 9... done

Implementation              P     Seconds       Speedup       Cost          Status
--------------------------------------------------------------------------------------
Implementation 1 (Serial)   1     0.000017      1.000000      0.000017      ok
Implementation 2 (MM-1D)    1     0.000019      0.889163      0.000019      ok
Implementation 3 (MM-2D)    1     0.000015      1.133333      0.000015      ok
Implementation 1 (Serial)   4     0.000014      1.000000      0.000014      ok
Implementation 2 (MM-1D)    4     0.000170      0.082496      0.000679      ok
Implementation 3 (MM-2D)    4     0.000167      0.083832      0.000668      ok
Implementation 1 (Serial)   9     0.000013      1.000000      0.000013      ok
Implementation 2 (MM-1D)    9     0.000265      0.049097      0.002383      ok
Implementation 3 (MM-2D)    9     0.000314      0.041401      0.002826      ok

CSV written to: /home/pbclevidence/MPI-MM-algorithms/csvs/M6_N18_Q6.csv
SVG graph written to: /home/pbclevidence/MPI-MM-algorithms/graphs/M6_N18_Q6.svg

Implementation              P     Seconds       Speedup       Cost          Status
--------------------------------------------------------------------------------------
Implementation 1 (Serial)   1     0.000020      1.000000      0.000020      ok
Implementation 2 (MM-1D)    1     0.000018      1.107407      0.000018      ok
Implementation 3 (MM-2D)    1     0.000015      1.333333      0.000015      ok
Implementation 1 (Serial)   4     0.000012      1.000000      0.000012      ok
Implementation 2 (MM-1D)    4     0.000156      0.076809      0.000625      ok
Implementation 3 (MM-2D)    4     0.000168      0.071429      0.000672      ok
Implementation 1 (Serial)   9     0.000013      1.000000      0.000013      ok
Implementation 2 (MM-1D)    9     0.000254      0.051139      0.002288      ok
Implementation 3 (MM-2D)    9     0.000313      0.041534      0.002817      ok

CSV written to: /home/pbclevidence/MPI-MM-algorithms/csvs/M6_N18_Q6.csv
SVG graph written to: /home/pbclevidence/MPI-MM-algorithms/graphs/M6_N18_Q6.svg
Running P= 9... done

Implementation              P     Seconds       Speedup       Cost          Status
--------------------------------------------------------------------------------------
Implementation 1 (Serial)   1     0.000020      1.000000      0.000020      ok
Implementation 2 (MM-1D)    1     0.000017      1.170803      0.000017      ok
Implementation 3 (MM-2D)    1     0.000014      1.428571      0.000014      ok
Implementation 1 (Serial)   4     0.000013      1.000000      0.000013      ok
Implementation 2 (MM-1D)    4     0.000153      0.084794      0.000613      ok
Implementation 3 (MM-2D)    4     0.000157      0.082803      0.000628      ok
Implementation 1 (Serial)   9     0.000011      1.000000      0.000011      ok
Implementation 2 (MM-1D)    9     0.000256      0.043020      0.002301      ok
Implementation 3 (MM-2D)    9     0.000317      0.034700      0.002853      ok

CSV written to: /home/pbclevidence/MPI-MM-algorithms/csvs/M6_N18_Q6.csv
SVG graph written to: /home/pbclevidence/MPI-MM-algorithms/graphs/M6_N18_Q6.svg
Running P= 9... done

Implementation              P     Seconds       Speedup       Cost          Status
--------------------------------------------------------------------------------------
Implementation 1 (Serial)   1     0.000014      1.000000      0.000014      ok
Implementation 2 (MM-1D)    1     0.000021      0.679430      0.000021      ok
Implementation 3 (MM-2D)    1     0.000014      1.000000      0.000014      ok
Implementation 1 (Serial)   4     0.000013      1.000000      0.000013      ok
Implementation 2 (MM-1D)    4     0.000165      0.078893      0.000659      ok
Implementation 3 (MM-2D)    4     0.000160      0.081250      0.000640      ok
Implementation 1 (Serial)   9     0.000013      1.000000      0.000013      ok
Implementation 2 (MM-1D)    9     0.000261      0.049734      0.002353      ok
Implementation 3 (MM-2D)    9     0.000298      0.043624      0.002682      ok

CSV written to: /home/pbclevidence/MPI-MM-algorithms/csvs/M6_N18_Q6.csv
SVG graph written to: /home/pbclevidence/MPI-MM-algorithms/graphs/M6_N18_Q6.svg
Running P= 9... done

Implementation              P     Seconds       Speedup       Cost          Status
--------------------------------------------------------------------------------------
Implementation 1 (Serial)   1     0.000014      1.000000      0.000014      ok
Implementation 2 (MM-1D)    1     0.000021      0.675796      0.000021      ok
Implementation 3 (MM-2D)    1     0.000012      1.166667      0.000012      ok
Implementation 1 (Serial)   4     0.000014      1.000000      0.000014      ok
Implementation 2 (MM-1D)    4     0.000156      0.089496      0.000626      ok
Implementation 3 (MM-2D)    4     0.000160      0.087500      0.000640      ok
Implementation 1 (Serial)   9     0.000013      1.000000      0.000013      ok
Implementation 2 (MM-1D)    9     0.000252      0.051492      0.002272      ok
Implementation 3 (MM-2D)    9     0.000318      0.040881      0.002862      ok

CSV written to: /home/pbclevidence/MPI-MM-algorithms/csvs/M6_N18_Q6.csv
SVG graph written to: /home/pbclevidence/MPI-MM-algorithms/graphs/M6_N18_Q6.svg
Running P= 9... done

Implementation              P     Seconds       Speedup       Cost          Status
--------------------------------------------------------------------------------------
Implementation 1 (Serial)   1     0.000014      1.000000      0.000014      ok
Implementation 2 (MM-1D)    1     0.000017      0.822026      0.000017      ok
Implementation 3 (MM-2D)    1     0.000013      1.076923      0.000013      ok
Implementation 1 (Serial)   4     0.000014      1.000000      0.000014      ok
Implementation 2 (MM-1D)    4     0.000157      0.089351      0.000627      ok
Implementation 3 (MM-2D)    4     0.000174      0.080460      0.000696      ok
Implementation 1 (Serial)   9     0.000013      1.000000      0.000013      ok
Implementation 2 (MM-1D)    9     0.000257      0.050515      0.002316      ok
Implementation 3 (MM-2D)    9     0.000295      0.044068      0.002655      ok

CSV written to: /home/pbclevidence/MPI-MM-algorithms/csvs/M6_N18_Q6.csv
SVG graph written to: /home/pbclevidence/MPI-MM-algorithms/graphs/M6_N18_Q6.svg
Running P= 9... done

Implementation              P     Seconds       Speedup       Cost          Status
--------------------------------------------------------------------------------------
Implementation 1 (Serial)   1     0.000014      1.000000      0.000014      ok
Implementation 2 (MM-1D)    1     0.000020      0.685377      0.000020      ok
Implementation 3 (MM-2D)    1     0.000014      1.000000      0.000014      ok
Implementation 1 (Serial)   4     0.000012      1.000000      0.000012      ok
Implementation 2 (MM-1D)    4     0.000170      0.070587      0.000680      ok
Implementation 3 (MM-2D)    4     0.000169      0.071006      0.000676      ok
Implementation 1 (Serial)   9     0.000014      1.000000      0.000014      ok
Implementation 2 (MM-1D)    9     0.000269      0.052139      0.002417      ok
Implementation 3 (MM-2D)    9     0.000310      0.045161      0.002790      ok

CSV written to: /home/pbclevidence/MPI-MM-algorithms/csvs/M6_N18_Q6.csv
SVG graph written to: /home/pbclevidence/MPI-MM-algorithms/graphs/M6_N18_Q6.svg
