Running P= 1... done
Running P= 4... done
Running P= 9... done
Running P= 16... done
Running P= 25... done

Implementation              P     Seconds       Speedup       Cost          Status
--------------------------------------------------------------------------------------
Implementation 1 (Serial)   1     54.483860     1.000000      54.483860     ok
Implementation 2 (MM-1D)    1     41.126900     1.324774      41.126900     ok
Implementation 3 (MM-2D)    1     43.268467     1.259205      43.268467     ok
Implementation 1 (Serial)   4     53.234131     1.000000      53.234131     ok
Implementation 2 (MM-1D)    4     14.970500     3.555935      59.882000     ok
Implementation 3 (MM-2D)    4     30.707198     1.733604      122.828792    ok
Implementation 1 (Serial)   9     54.827195     1.000000      54.827195     ok
Implementation 2 (MM-1D)    9     7.678130      7.140696      69.103170     ok
Implementation 3 (MM-2D)    9     34.689206     1.580526      312.202854    ok
Implementation 1 (Serial)   16    54.798036     1.000000      54.798036     ok
Implementation 2 (MM-1D)    16    4.691680      11.679832     75.066880     ok
Implementation 3 (MM-2D)    16    40.570455     1.350688      649.127280    ok
Implementation 1 (Serial)   25    54.288825     1.000000      54.288825     ok
Implementation 2 (MM-1D)    25    5.383250      10.084768     134.581250    ok
Implementation 3 (MM-2D)    25    58.588174     0.926617      1464.704350   ok

CSV written to: /home/pbclevidence/MPI-MM-algorithms/csvs/M2400_N1800_Q1200.csv
SVG graph written to: /home/pbclevidence/MPI-MM-algorithms/graphs/M2400_N1800_Q1200.svg
