Running P= 1... done
Running P= 4... done
Running P= 9... done
Running P= 16... done
Running P= 25... done

Implementation              P     Seconds       Speedup       Cost          Status
--------------------------------------------------------------------------------------
Implementation 1 (Serial)   1     103.945614    1.000000      103.945614    ok
Implementation 2 (MM-1D)    1     74.496700     1.395305      74.496700     ok
Implementation 3 (MM-2D)    1     101.628151    1.022803      101.628151    ok
Implementation 1 (Serial)   4     112.101187    1.000000      112.101187    ok
Implementation 2 (MM-1D)    4     11.527400     9.724759      46.109600     ok
Implementation 3 (MM-2D)    4     23.310440     4.809055      93.241760     ok
Implementation 1 (Serial)   9     115.043065    1.000000      115.043065    ok
Implementation 2 (MM-1D)    9     5.807480      19.809464     52.267320     ok
Implementation 3 (MM-2D)    9     56.205288     2.046837      505.847592    ok
Implementation 1 (Serial)   16    113.361550    1.000000      113.361550    ok
Implementation 2 (MM-1D)    16    5.080390      22.313553     81.286240     ok
Implementation 3 (MM-2D)    16    65.554345     1.729276      1048.869520   ok
Implementation 1 (Serial)   25    114.807094    1.000000      114.807094    ok
Implementation 2 (MM-1D)    25    3.937480      29.157505     98.437000     ok
Implementation 3 (MM-2D)    25    76.731163     1.496225      1918.279075   ok

CSV written to: /home/pbclevidence/MPI-MM-algorithms/csvs/M600_N2400_Q2400.csv
SVG graph written to: /home/pbclevidence/MPI-MM-algorithms/graphs/M600_N2400_Q2400.svg
