Running P= 1... done
Running P= 4... done
Running P= 9... done
Running P= 16... done
Running P= 25... done

Implementation              P     Seconds       Speedup       Cost          Status
--------------------------------------------------------------------------------------
Implementation 1 (Serial)   1     12.787196     1.000000      12.787196     ok
Implementation 2 (MM-1D)    1     9.768510      1.309022      9.768510      ok
Implementation 3 (MM-2D)    1     10.027201     1.275251      10.027201     ok
Implementation 1 (Serial)   4     12.729460     1.000000      12.729460     ok
Implementation 2 (MM-1D)    4     3.656640      3.481190      14.626560     ok
Implementation 3 (MM-2D)    4     7.861095      1.619299      31.444380     ok
Implementation 1 (Serial)   9     12.708326     1.000000      12.708326     ok
Implementation 2 (MM-1D)    9     1.879700      6.760827      16.917300     ok
Implementation 3 (MM-2D)    9     8.521159      1.491385      76.690431     ok
Implementation 1 (Serial)   16    12.725518     1.000000      12.725518     ok
Implementation 2 (MM-1D)    16    1.208630      10.528878     19.338080     ok
Implementation 3 (MM-2D)    16    10.678029     1.191748      170.848464    ok
Implementation 1 (Serial)   25    12.727889     1.000000      12.727889     ok
Implementation 2 (MM-1D)    25    1.345200      9.461708      33.630000     ok
Implementation 3 (MM-2D)    25    14.072874     0.904427      351.821850    ok

CSV written to: /home/pbclevidence/MPI-MM-algorithms/csvs/M600_N1200_Q1800.csv
SVG graph written to: /home/pbclevidence/MPI-MM-algorithms/graphs/M600_N1200_Q1800.svg
