/var/spool/slurm/slurmd/job17913/slurm_script: line 11: module: command not found
Running P= 1... done
Running P= 1... done
Running P= 1... done
Running P= 1... done
Running P= 1... done
Running P= 1... done
Running P= 1... done
Running P= 1... done
Running P= 1... done
Running P= 4... done
Running P= 4... done
Running P= 4... done
Running P= 4... done
Running P= 4... done
Running P= 4... done
Running P= 4... done
Running P= 4... done
Running P= 4... done
Running P= 9... done

Implementation              P     Seconds       Speedup       Cost          Status
--------------------------------------------------------------------------------------
Implementation 1 (Serial)   1     0.000073      1.000000      0.000073      ok
Implementation 2 (MM-1D)    1     0.000059      1.230834      0.000059      ok
Implementation 3 (MM-2D)    1     0.000049      1.489796      0.000049      ok
Implementation 1 (Serial)   4     0.000064      1.000000      0.000064      ok
Implementation 2 (MM-1D)    4     0.000195      0.328281      0.000780      ok
Implementation 3 (MM-2D)    4     0.000200      0.320000      0.000800      ok
Implementation 1 (Serial)   9     0.000068      1.000000      0.000068      ok
Implementation 2 (MM-1D)    9     0.000293      0.231781      0.002640      ok
Implementation 3 (MM-2D)    9     0.000345      0.197101      0.003105      ok

CSV written to: /home/pbclevidence/MPI-MM-algorithms/csvs/M12_N12_Q24.csv
SVG graph written to: /home/pbclevidence/MPI-MM-algorithms/graphs/M12_N12_Q24.svg
Running P= 9... done

Implementation              P     Seconds       Speedup       Cost          Status
--------------------------------------------------------------------------------------
Implementation 1 (Serial)   1     0.000073      1.000000      0.000073      ok
Implementation 2 (MM-1D)    1     0.000063      1.167753      0.000063      ok
Implementation 3 (MM-2D)    1     0.000037      1.972973      0.000037      ok
Implementation 1 (Serial)   4     0.000067      1.000000      0.000067      ok
Implementation 2 (MM-1D)    4     0.000181      0.369894      0.000725      ok
Implementation 3 (MM-2D)    4     0.000197      0.340102      0.000788      ok
Implementation 1 (Serial)   9     0.000067      1.000000      0.000067      ok
Implementation 2 (MM-1D)    9     0.000288      0.232730      0.002591      ok
Implementation 3 (MM-2D)    9     0.000363      0.184573      0.003267      ok

CSV written to: /home/pbclevidence/MPI-MM-algorithms/csvs/M12_N12_Q24.csv
SVG graph written to: /home/pbclevidence/MPI-MM-algorithms/graphs/M12_N12_Q24.svg
Running P= 9... done

Implementation              P     Seconds       Speedup       Cost          Status
--------------------------------------------------------------------------------------
Implementation 1 (Serial)   1     0.000073      1.000000      0.000073      ok
Implementation 2 (MM-1D)    1     0.000059      1.229231      0.000059      ok
Implementation 3 (MM-2D)    1     0.000048      1.520833      0.000048      ok
Implementation 1 (Serial)   4     0.000064      1.000000      0.000064      ok
Implementation 2 (MM-1D)    4     0.000188      0.341311      0.000750      ok
Implementation 3 (MM-2D)    4     0.000186      0.344086      0.000744      ok
Implementation 1 (Serial)   9     0.000067      1.000000      0.000067      ok
Implementation 2 (MM-1D)    9     0.000307      0.218347      0.002762      ok
Implementation 3 (MM-2D)    9     0.000338      0.198225      0.003042      ok

CSV written to: /home/pbclevidence/MPI-MM-algorithms/csvs/M12_N12_Q24.csv
SVG graph written to: /home/pbclevidence/MPI-MM-algorithms/graphs/M12_N12_Q24.svg
Running P= 9... done
Running P= 9... done

Implementation              P     Seconds       Speedup       Cost          Status
--------------------------------------------------------------------------------------
Implementation 1 (Serial)   1     0.000073      1.000000      0.000073      ok
Implementation 2 (MM-1D)    1     0.000048      1.530562      0.000048      ok
Implementation 3 (MM-2D)    1     0.000036      2.027778      0.000036      ok
Implementation 1 (Serial)   4     0.000067      1.000000      0.000067      ok
Implementation 2 (MM-1D)    4     0.000181      0.371010      0.000722      ok
Implementation 3 (MM-2D)    4     0.000209      0.320574      0.000836      ok
Implementation 1 (Serial)   9     0.000064      1.000000      0.000064      ok
Implementation 2 (MM-1D)    9     0.000285      0.224199      0.002569      ok
Implementation 3 (MM-2D)    9     0.000340      0.188235      0.003060      ok

CSV written to: /home/pbclevidence/MPI-MM-algorithms/csvs/M12_N12_Q24.csv
SVG graph written to: /home/pbclevidence/MPI-MM-algorithms/graphs/M12_N12_Q24.svg

Implementation              P     Seconds       Speedup       Cost          Status
--------------------------------------------------------------------------------------
Implementation 1 (Serial)   1     0.000092      1.000000      0.000092      ok
Implementation 2 (MM-1D)    1     0.000059      1.548803      0.000059      ok
Implementation 3 (MM-2D)    1     0.000043      2.139535      0.000043      ok
Implementation 1 (Serial)   4     0.000067      1.000000      0.000067      ok
Implementation 2 (MM-1D)    4     0.000180      0.371918      0.000721      ok
Implementation 3 (MM-2D)    4     0.000194      0.345361      0.000776      ok
Implementation 1 (Serial)   9     0.000062      1.000000      0.000062      ok
Implementation 2 (MM-1D)    9     0.000291      0.213130      0.002618      ok
Implementation 3 (MM-2D)    9     0.000343      0.180758      0.003087      ok

CSV written to: /home/pbclevidence/MPI-MM-algorithms/csvs/M12_N12_Q24.csv
SVG graph written to: /home/pbclevidence/MPI-MM-algorithms/graphs/M12_N12_Q24.svg
Running P= 9... done

Implementation              P     Seconds       Speedup       Cost          Status
--------------------------------------------------------------------------------------
Implementation 1 (Serial)   1     0.000073      1.000000      0.000073      ok
Implementation 2 (MM-1D)    1     0.000060      1.207865      0.000060      ok
Implementation 3 (MM-2D)    1     0.000049      1.489796      0.000049      ok
Implementation 1 (Serial)   4     0.000070      1.000000      0.000070      ok
Implementation 2 (MM-1D)    4     0.000193      0.363140      0.000771      ok
Implementation 3 (MM-2D)    4     0.000194      0.360825      0.000776      ok
Implementation 1 (Serial)   9     0.000073      1.000000      0.000073      ok
Implementation 2 (MM-1D)    9     0.000295      0.247495      0.002655      ok
Implementation 3 (MM-2D)    9     0.000329      0.221884      0.002961      ok

CSV written to: /home/pbclevidence/MPI-MM-algorithms/csvs/M12_N12_Q24.csv
SVG graph written to: /home/pbclevidence/MPI-MM-algorithms/graphs/M12_N12_Q24.svg
Running P= 9... done
Running P= 9... done

Implementation              P     Seconds       Speedup       Cost          Status
--------------------------------------------------------------------------------------
Implementation 1 (Serial)   1     0.000073      1.000000      0.000073      ok
Implementation 2 (MM-1D)    1     0.000062      1.180540      0.000062      ok
Implementation 3 (MM-2D)    1     0.000051      1.431373      0.000051      ok
Implementation 1 (Serial)   4     0.000070      1.000000      0.000070      ok
Implementation 2 (MM-1D)    4     0.000195      0.358542      0.000781      ok
Implementation 3 (MM-2D)    4     0.000200      0.350000      0.000800      ok
Implementation 1 (Serial)   9     0.000064      1.000000      0.000064      ok
Implementation 2 (MM-1D)    9     0.000285      0.224663      0.002564      ok
Implementation 3 (MM-2D)    9     0.000349      0.183381      0.003141      ok

CSV written to: /home/pbclevidence/MPI-MM-algorithms/csvs/M12_N12_Q24.csv
SVG graph written to: /home/pbclevidence/MPI-MM-algorithms/graphs/M12_N12_Q24.svg

Implementation              P     Seconds       Speedup       Cost          Status
--------------------------------------------------------------------------------------
Implementation 1 (Serial)   1     0.000099      1.000000      0.000099      ok
Implementation 2 (MM-1D)    1     0.000060      1.646512      0.000060      ok
Implementation 3 (MM-2D)    1     0.000047      2.106383      0.000047      ok
Implementation 1 (Serial)   4     0.000065      1.000000      0.000065      ok
Implementation 2 (MM-1D)    4     0.000197      0.329152      0.000790      ok
Implementation 3 (MM-2D)    4     0.000207      0.314010      0.000828      ok
Implementation 1 (Serial)   9     0.000064      1.000000      0.000064      ok
Implementation 2 (MM-1D)    9     0.000305      0.210175      0.002741      ok
Implementation 3 (MM-2D)    9     0.000351      0.182336      0.003159      ok

CSV written to: /home/pbclevidence/MPI-MM-algorithms/csvs/M12_N12_Q24.csv
SVG graph written to: /home/pbclevidence/MPI-MM-algorithms/graphs/M12_N12_Q24.svg
Running P= 9... done

Implementation              P     Seconds       Speedup       Cost          Status
--------------------------------------------------------------------------------------
Implementation 1 (Serial)   1     0.000073      1.000000      0.000073      ok
Implementation 2 (MM-1D)    1     0.000060      1.214602      0.000060      ok
Implementation 3 (MM-2D)    1     0.000040      1.825000      0.000040      ok
Implementation 1 (Serial)   4     0.000064      1.000000      0.000064      ok
Implementation 2 (MM-1D)    4     0.000197      0.325572      0.000786      ok
Implementation 3 (MM-2D)    4     0.000227      0.281938      0.000908      ok
Implementation 1 (Serial)   9     0.000067      1.000000      0.000067      ok
Implementation 2 (MM-1D)    9     0.000300      0.223661      0.002696      ok
Implementation 3 (MM-2D)    9     0.000345      0.194203      0.003105      ok

CSV written to: /home/pbclevidence/MPI-MM-algorithms/csvs/M12_N12_Q24.csv
SVG graph written to: /home/pbclevidence/MPI-MM-algorithms/graphs/M12_N12_Q24.svg
