Running P= 1... done
Running P= 4... done
Running P= 9... done
Running P= 16... done
Running P= 25... done

Implementation              P     Seconds       Speedup       Cost          Status
--------------------------------------------------------------------------------------
Implementation 1 (Serial)   1     27.229819     1.000000      27.229819     ok
Implementation 2 (MM-1D)    1     22.187700     1.227248      22.187700     ok
Implementation 3 (MM-2D)    1     22.133871     1.230233      22.133871     ok
Implementation 1 (Serial)   4     27.204647     1.000000      27.204647     ok
Implementation 2 (MM-1D)    4     6.109570      4.452792      24.438280     ok
Implementation 3 (MM-2D)    4     13.006423     2.091632      52.025692     ok
Implementation 1 (Serial)   9     27.210470     1.000000      27.210470     ok
Implementation 2 (MM-1D)    9     3.088110      8.811367      27.792990     ok
Implementation 3 (MM-2D)    9     14.078200     1.932809      126.703800    ok
Implementation 1 (Serial)   16    27.225737     1.000000      27.225737     ok
Implementation 2 (MM-1D)    16    1.972550      13.802305     31.560800     ok
Implementation 3 (MM-2D)    16    17.927280     1.518676      286.836480    ok
Implementation 1 (Serial)   25    27.249068     1.000000      27.249068     ok
Implementation 2 (MM-1D)    25    2.175660      12.524507     54.391500     ok
Implementation 3 (MM-2D)    25    24.136770     1.128944      603.419250    ok

CSV written to: /home/pbclevidence/MPI-MM-algorithms/csvs/M600_N1200_Q3000.csv
SVG graph written to: /home/pbclevidence/MPI-MM-algorithms/graphs/M600_N1200_Q3000.svg
