/var/spool/slurm/slurmd/job17903/slurm_script: line 11: module: command not found
Running P= 1... done
Running P= 1... done
Running P= 1... done
Running P= 1... done
Running P= 1... done
Running P= 1... done
Running P= 1... done
Running P= 1... done
Running P= 1... done
Running P= 4... done
Running P= 4... done
Running P= 4... done
Running P= 4... done
Running P= 4... done
Running P= 4... done
Running P= 4... done
Running P= 4... done
Running P= 4... done
Running P= 9... done

Implementation              P     Seconds       Speedup       Cost          Status
--------------------------------------------------------------------------------------
Implementation 1 (Serial)   1     0.000051      1.000000      0.000051      ok
Implementation 2 (MM-1D)    1     0.000033      1.535076      0.000033      ok
Implementation 3 (MM-2D)    1     0.000029      1.758621      0.000029      ok
Implementation 1 (Serial)   4     0.000033      1.000000      0.000033      ok
Implementation 2 (MM-1D)    4     0.000182      0.181217      0.000728      ok
Implementation 3 (MM-2D)    4     0.000187      0.176471      0.000748      ok
Implementation 1 (Serial)   9     0.000034      1.000000      0.000034      ok
Implementation 2 (MM-1D)    9     0.000268      0.126998      0.002409      ok
Implementation 3 (MM-2D)    9     0.000324      0.104938      0.002916      ok

CSV written to: /home/pbclevidence/MPI-MM-algorithms/csvs/M6_N24_Q12.csv
SVG graph written to: /home/pbclevidence/MPI-MM-algorithms/graphs/M6_N24_Q12.svg
Running P= 9... done

Implementation              P     Seconds       Speedup       Cost          Status
--------------------------------------------------------------------------------------
Implementation 1 (Serial)   1     0.000051      1.000000      0.000051      ok
Implementation 2 (MM-1D)    1     0.000039      1.295531      0.000039      ok
Implementation 3 (MM-2D)    1     0.000023      2.217391      0.000023      ok
Implementation 1 (Serial)   4     0.000033      1.000000      0.000033      ok
Implementation 2 (MM-1D)    4     0.000173      0.190428      0.000693      ok
Implementation 3 (MM-2D)    4     0.000195      0.169231      0.000780      ok
Implementation 1 (Serial)   9     0.000034      1.000000      0.000034      ok
Implementation 2 (MM-1D)    9     0.000263      0.129062      0.002371      ok
Implementation 3 (MM-2D)    9     0.000320      0.106250      0.002880      ok

CSV written to: /home/pbclevidence/MPI-MM-algorithms/csvs/M6_N24_Q12.csv
SVG graph written to: /home/pbclevidence/MPI-MM-algorithms/graphs/M6_N24_Q12.svg
Running P= 9... done
Running P= 9... done

Implementation              P     Seconds       Speedup       Cost          Status
--------------------------------------------------------------------------------------
Implementation 1 (Serial)   1     0.000036      1.000000      0.000036      ok
Implementation 2 (MM-1D)    1     0.000029      1.228032      0.000029      ok
Implementation 3 (MM-2D)    1     0.000030      1.200000      0.000030      ok
Implementation 1 (Serial)   4     0.000033      1.000000      0.000033      ok
Implementation 2 (MM-1D)    4     0.000168      0.196138      0.000673      ok
Implementation 3 (MM-2D)    4     0.000209      0.157895      0.000836      ok
Implementation 1 (Serial)   9     0.000033      1.000000      0.000033      ok
Implementation 2 (MM-1D)    9     0.000285      0.115720      0.002567      ok
Implementation 3 (MM-2D)    9     0.000339      0.097345      0.003051      ok

CSV written to: /home/pbclevidence/MPI-MM-algorithms/csvs/M6_N24_Q12.csv
SVG graph written to: /home/pbclevidence/MPI-MM-algorithms/graphs/M6_N24_Q12.svg

Implementation              P     Seconds       Speedup       Cost          Status
--------------------------------------------------------------------------------------
Implementation 1 (Serial)   1     0.000051      1.000000      0.000051      ok
Implementation 2 (MM-1D)    1     0.000034      1.495382      0.000034      ok
Implementation 3 (MM-2D)    1     0.000030      1.700000      0.000030      ok
Implementation 1 (Serial)   4     0.000032      1.000000      0.000032      ok
Implementation 2 (MM-1D)    4     0.000183      0.174919      0.000732      ok
Implementation 3 (MM-2D)    4     0.000186      0.172043      0.000744      ok
Implementation 1 (Serial)   9     0.000036      1.000000      0.000036      ok
Implementation 2 (MM-1D)    9     0.000274      0.131492      0.002464      ok
Implementation 3 (MM-2D)    9     0.000341      0.105572      0.003069      ok

CSV written to: /home/pbclevidence/MPI-MM-algorithms/csvs/M6_N24_Q12.csv
SVG graph written to: /home/pbclevidence/MPI-MM-algorithms/graphs/M6_N24_Q12.svg
Running P= 9... done
Running P= 9... done
Running P= 9... done

Implementation              P     Seconds       Speedup       Cost          Status
--------------------------------------------------------------------------------------
Implementation 1 (Serial)   1     0.000036      1.000000      0.000036      ok
Implementation 2 (MM-1D)    1     0.000040      0.900790      0.000040      ok
Implementation 3 (MM-2D)    1     0.000030      1.200000      0.000030      ok
Implementation 1 (Serial)   4     0.000036      1.000000      0.000036      ok
Implementation 2 (MM-1D)    4     0.000162      0.222132      0.000648      ok
Implementation 3 (MM-2D)    4     0.000204      0.176471      0.000816      ok
Implementation 1 (Serial)   9     0.000036      1.000000      0.000036      ok
Implementation 2 (MM-1D)    9     0.000286      0.125697      0.002578      ok
Implementation 3 (MM-2D)    9     0.000318      0.113208      0.002862      ok

CSV written to: /home/pbclevidence/MPI-MM-algorithms/csvs/M6_N24_Q12.csv
SVG graph written to: /home/pbclevidence/MPI-MM-algorithms/graphs/M6_N24_Q12.svg

Implementation              P     Seconds       Speedup       Cost          Status
--------------------------------------------------------------------------------------
Implementation 1 (Serial)   1     0.000051      1.000000      0.000051      ok
Implementation 2 (MM-1D)    1     0.000039      1.310037      0.000039      ok
Implementation 3 (MM-2D)    1     0.000030      1.700000      0.000030      ok
Implementation 1 (Serial)   4     0.000033      1.000000      0.000033      ok
Implementation 2 (MM-1D)    4     0.000166      0.198674      0.000664      ok
Implementation 3 (MM-2D)    4     0.000184      0.179348      0.000736      ok
Implementation 1 (Serial)   9     0.000029      1.000000      0.000029      ok
Implementation 2 (MM-1D)    9     0.000273      0.106261      0.002456      ok
Implementation 3 (MM-2D)    9     0.000347      0.083573      0.003123      ok

CSV written to: /home/pbclevidence/MPI-MM-algorithms/csvs/M6_N24_Q12.csv
SVG graph written to: /home/pbclevidence/MPI-MM-algorithms/graphs/M6_N24_Q12.svg

Implementation              P     Seconds       Speedup       Cost          Status
--------------------------------------------------------------------------------------
Implementation 1 (Serial)   1     0.000036      1.000000      0.000036      ok
Implementation 2 (MM-1D)    1     0.000035      1.014879      0.000035      ok
Implementation 3 (MM-2D)    1     0.000027      1.333333      0.000027      ok
Implementation 1 (Serial)   4     0.000034      1.000000      0.000034      ok
Implementation 2 (MM-1D)    4     0.000167      0.204046      0.000667      ok
Implementation 3 (MM-2D)    4     0.000176      0.193182      0.000704      ok
Implementation 1 (Serial)   9     0.000030      1.000000      0.000030      ok
Implementation 2 (MM-1D)    9     0.000265      0.113240      0.002384      ok
Implementation 3 (MM-2D)    9     0.000320      0.093750      0.002880      ok

CSV written to: /home/pbclevidence/MPI-MM-algorithms/csvs/M6_N24_Q12.csv
SVG graph written to: /home/pbclevidence/MPI-MM-algorithms/graphs/M6_N24_Q12.svg
Running P= 9... done
Running P= 9... done

Implementation              P     Seconds       Speedup       Cost          Status
--------------------------------------------------------------------------------------
Implementation 1 (Serial)   1     0.000036      1.000000      0.000036      ok
Implementation 2 (MM-1D)    1     0.000040      0.906260      0.000040      ok
Implementation 3 (MM-2D)    1     0.000023      1.565217      0.000023      ok
Implementation 1 (Serial)   4     0.000031      1.000000      0.000031      ok
Implementation 2 (MM-1D)    4     0.000175      0.176967      0.000701      ok
Implementation 3 (MM-2D)    4     0.000189      0.164021      0.000756      ok
Implementation 1 (Serial)   9     0.000032      1.000000      0.000032      ok
Implementation 2 (MM-1D)    9     0.000267      0.120069      0.002399      ok
Implementation 3 (MM-2D)    9     0.000333      0.096096      0.002997      ok

CSV written to: /home/pbclevidence/MPI-MM-algorithms/csvs/M6_N24_Q12.csv
SVG graph written to: /home/pbclevidence/MPI-MM-algorithms/graphs/M6_N24_Q12.svg

Implementation              P     Seconds       Speedup       Cost          Status
--------------------------------------------------------------------------------------
Implementation 1 (Serial)   1     0.000051      1.000000      0.000051      ok
Implementation 2 (MM-1D)    1     0.000036      1.412382      0.000036      ok
Implementation 3 (MM-2D)    1     0.000022      2.318182      0.000022      ok
Implementation 1 (Serial)   4     0.000034      1.000000      0.000034      ok
Implementation 2 (MM-1D)    4     0.000173      0.197039      0.000690      ok
Implementation 3 (MM-2D)    4     0.000188      0.180851      0.000752      ok
Implementation 1 (Serial)   9     0.000034      1.000000      0.000034      ok
Implementation 2 (MM-1D)    9     0.000290      0.117304      0.002609      ok
Implementation 3 (MM-2D)    9     0.000323      0.105263      0.002907      ok

CSV written to: /home/pbclevidence/MPI-MM-algorithms/csvs/M6_N24_Q12.csv
SVG graph written to: /home/pbclevidence/MPI-MM-algorithms/graphs/M6_N24_Q12.svg
