Running P= 1... done
Running P= 4... done
Running P= 9... done
Running P= 16... done
Running P= 25... done

Implementation              P     Seconds       Speedup       Cost          Status
--------------------------------------------------------------------------------------
Implementation 1 (Serial)   1     30.764478     1.000000      30.764478     ok
Implementation 2 (MM-1D)    1     25.342600     1.213943      25.342600     ok
Implementation 3 (MM-2D)    1     25.273065     1.217283      25.273065     ok
Implementation 1 (Serial)   4     31.464011     1.000000      31.464011     ok
Implementation 2 (MM-1D)    4     6.901860      4.558773      27.607440     ok
Implementation 3 (MM-2D)    4     13.132554     2.395879      52.530216     ok
Implementation 1 (Serial)   9     30.998166     1.000000      30.998166     ok
Implementation 2 (MM-1D)    9     3.468930      8.935945      31.220370     ok
Implementation 3 (MM-2D)    9     14.924985     2.076931      134.324865    ok
Implementation 1 (Serial)   16    30.989950     1.000000      30.989950     ok
Implementation 2 (MM-1D)    16    2.441700      12.691956     39.067200     ok
Implementation 3 (MM-2D)    16    18.721227     1.655338      299.539632    ok
Implementation 1 (Serial)   25    30.937770     1.000000      30.937770     ok
Implementation 2 (MM-1D)    25    2.435110      12.704876     60.877750     ok
Implementation 3 (MM-2D)    25    20.553098     1.505261      513.827450    ok

CSV written to: /home/pbclevidence/MPI-MM-algorithms/csvs/M600_N3000_Q1200.csv
SVG graph written to: /home/pbclevidence/MPI-MM-algorithms/graphs/M600_N3000_Q1200.svg
