/var/spool/slurm/slurmd/job17904/slurm_script: line 11: module: command not found
Running P= 1... done
Running P= 1... done
Running P= 1... done
Running P= 1... done
Running P= 1... done
Running P= 1... done
Running P= 1... done
Running P= 1... done
Running P= 1... done
Running P= 4... done
Running P= 4... done
Running P= 4... done
Running P= 4... done
Running P= 4... done
Running P= 4... done
Running P= 4... done
Running P= 4... done
Running P= 4... done
Running P= 9... done
Running P= 9... done

Implementation              P     Seconds       Speedup       Cost          Status
--------------------------------------------------------------------------------------
Implementation 1 (Serial)   1     0.000053      1.000000      0.000053      ok
Implementation 2 (MM-1D)    1     0.000054      0.974340      0.000054      ok
Implementation 3 (MM-2D)    1     0.000041      1.292683      0.000041      ok
Implementation 1 (Serial)   4     0.000047      1.000000      0.000047      ok
Implementation 2 (MM-1D)    4     0.000171      0.274987      0.000684      ok
Implementation 3 (MM-2D)    4     0.000191      0.246073      0.000764      ok
Implementation 1 (Serial)   9     0.000051      1.000000      0.000051      ok
Implementation 2 (MM-1D)    9     0.000285      0.178920      0.002565      ok
Implementation 3 (MM-2D)    9     0.000353      0.144476      0.003177      ok

CSV written to: /home/pbclevidence/MPI-MM-algorithms/csvs/M6_N24_Q18.csv
SVG graph written to: /home/pbclevidence/MPI-MM-algorithms/graphs/M6_N24_Q18.svg

Implementation              P     Seconds       Speedup       Cost          Status
--------------------------------------------------------------------------------------
Implementation 1 (Serial)   1     0.000058      1.000000      0.000058      ok
Implementation 2 (MM-1D)    1     0.000045      1.290610      0.000045      ok
Implementation 3 (MM-2D)    1     0.000041      1.414634      0.000041      ok
Implementation 1 (Serial)   4     0.000051      1.000000      0.000051      ok
Implementation 2 (MM-1D)    4     0.000179      0.284907      0.000716      ok
Implementation 3 (MM-2D)    4     0.000199      0.256281      0.000796      ok
Implementation 1 (Serial)   9     0.000045      1.000000      0.000045      ok
Implementation 2 (MM-1D)    9     0.000288      0.156096      0.002595      ok
Implementation 3 (MM-2D)    9     0.000341      0.131965      0.003069      ok

CSV written to: /home/pbclevidence/MPI-MM-algorithms/csvs/M6_N24_Q18.csv
SVG graph written to: /home/pbclevidence/MPI-MM-algorithms/graphs/M6_N24_Q18.svg
Running P= 9... done

Implementation              P     Seconds       Speedup       Cost          Status
--------------------------------------------------------------------------------------
Implementation 1 (Serial)   1     0.000053      1.000000      0.000053      ok
Implementation 2 (MM-1D)    1     0.000045      1.189853      0.000045      ok
Implementation 3 (MM-2D)    1     0.000037      1.432432      0.000037      ok
Implementation 1 (Serial)   4     0.000051      1.000000      0.000051      ok
Implementation 2 (MM-1D)    4     0.000176      0.289444      0.000705      ok
Implementation 3 (MM-2D)    4     0.000202      0.252475      0.000808      ok
Implementation 1 (Serial)   9     0.000047      1.000000      0.000047      ok
Implementation 2 (MM-1D)    9     0.000291      0.161358      0.002621      ok
Implementation 3 (MM-2D)    9     0.000381      0.123360      0.003429      ok

CSV written to: /home/pbclevidence/MPI-MM-algorithms/csvs/M6_N24_Q18.csv
SVG graph written to: /home/pbclevidence/MPI-MM-algorithms/graphs/M6_N24_Q18.svg
Running P= 9... done

Implementation              P     Seconds       Speedup       Cost          Status
--------------------------------------------------------------------------------------
Implementation 1 (Serial)   1     0.000074      1.000000      0.000074      ok
Implementation 2 (MM-1D)    1     0.000047      1.563005      0.000047      ok
Implementation 3 (MM-2D)    1     0.000041      1.804878      0.000041      ok
Implementation 1 (Serial)   4     0.000047      1.000000      0.000047      ok
Implementation 2 (MM-1D)    4     0.000173      0.271201      0.000693      ok
Implementation 3 (MM-2D)    4     0.000203      0.231527      0.000812      ok
Implementation 1 (Serial)   9     0.000051      1.000000      0.000051      ok
Implementation 2 (MM-1D)    9     0.000286      0.178110      0.002577      ok
Implementation 3 (MM-2D)    9     0.000361      0.141274      0.003249      ok

CSV written to: /home/pbclevidence/MPI-MM-algorithms/csvs/M6_N24_Q18.csv
SVG graph written to: /home/pbclevidence/MPI-MM-algorithms/graphs/M6_N24_Q18.svg
Running P= 9... done

Implementation              P     Seconds       Speedup       Cost          Status
--------------------------------------------------------------------------------------
Implementation 1 (Serial)   1     0.000053      1.000000      0.000053      ok
Implementation 2 (MM-1D)    1     0.000041      1.298981      0.000041      ok
Implementation 3 (MM-2D)    1     0.000041      1.292683      0.000041      ok
Implementation 1 (Serial)   4     0.000045      1.000000      0.000045      ok
Implementation 2 (MM-1D)    4     0.000168      0.267969      0.000672      ok
Implementation 3 (MM-2D)    4     0.000205      0.219512      0.000820      ok
Implementation 1 (Serial)   9     0.000049      1.000000      0.000049      ok
Implementation 2 (MM-1D)    9     0.000279      0.175883      0.002507      ok
Implementation 3 (MM-2D)    9     0.000349      0.140401      0.003141      ok

CSV written to: /home/pbclevidence/MPI-MM-algorithms/csvs/M6_N24_Q18.csv
SVG graph written to: /home/pbclevidence/MPI-MM-algorithms/graphs/M6_N24_Q18.svg
Running P= 9... done

Implementation              P     Seconds       Speedup       Cost          Status
--------------------------------------------------------------------------------------
Implementation 1 (Serial)   1     0.000077      1.000000      0.000077      ok
Implementation 2 (MM-1D)    1     0.000042      1.826696      0.000042      ok
Implementation 3 (MM-2D)    1     0.000032      2.406250      0.000032      ok
Implementation 1 (Serial)   4     0.000051      1.000000      0.000051      ok
Implementation 2 (MM-1D)    4     0.000171      0.298670      0.000683      ok
Implementation 3 (MM-2D)    4     0.000198      0.257576      0.000792      ok
Implementation 1 (Serial)   9     0.000049      1.000000      0.000049      ok
Implementation 2 (MM-1D)    9     0.000291      0.168442      0.002618      ok
Implementation 3 (MM-2D)    9     0.000358      0.136872      0.003222      ok

CSV written to: /home/pbclevidence/MPI-MM-algorithms/csvs/M6_N24_Q18.csv
SVG graph written to: /home/pbclevidence/MPI-MM-algorithms/graphs/M6_N24_Q18.svg
Running P= 9... done

Implementation              P     Seconds       Speedup       Cost          Status
--------------------------------------------------------------------------------------
Implementation 1 (Serial)   1     0.000075      1.000000      0.000075      ok
Implementation 2 (MM-1D)    1     0.000054      1.392228      0.000054      ok
Implementation 3 (MM-2D)    1     0.000036      2.083333      0.000036      ok
Implementation 1 (Serial)   4     0.000047      1.000000      0.000047      ok
Implementation 2 (MM-1D)    4     0.000182      0.258263      0.000728      ok
Implementation 3 (MM-2D)    4     0.000204      0.230392      0.000816      ok
Implementation 1 (Serial)   9     0.000053      1.000000      0.000053      ok
Implementation 2 (MM-1D)    9     0.000286      0.185613      0.002570      ok
Implementation 3 (MM-2D)    9     0.000359      0.147632      0.003231      ok

CSV written to: /home/pbclevidence/MPI-MM-algorithms/csvs/M6_N24_Q18.csv
SVG graph written to: /home/pbclevidence/MPI-MM-algorithms/graphs/M6_N24_Q18.svg
Running P= 9... done
Running P= 9... done

Implementation              P     Seconds       Speedup       Cost          Status
--------------------------------------------------------------------------------------
Implementation 1 (Serial)   1     0.000053      1.000000      0.000053      ok
Implementation 2 (MM-1D)    1     0.000038      1.394744      0.000038      ok
Implementation 3 (MM-2D)    1     0.000031      1.709677      0.000031      ok
Implementation 1 (Serial)   4     0.000049      1.000000      0.000049      ok
Implementation 2 (MM-1D)    4     0.000178      0.275451      0.000712      ok
Implementation 3 (MM-2D)    4     0.000199      0.246231      0.000796      ok
Implementation 1 (Serial)   9     0.000045      1.000000      0.000045      ok
Implementation 2 (MM-1D)    9     0.000274      0.164487      0.002462      ok
Implementation 3 (MM-2D)    9     0.000365      0.123288      0.003285      ok

CSV written to: /home/pbclevidence/MPI-MM-algorithms/csvs/M6_N24_Q18.csv
SVG graph written to: /home/pbclevidence/MPI-MM-algorithms/graphs/M6_N24_Q18.svg

Implementation              P     Seconds       Speedup       Cost          Status
--------------------------------------------------------------------------------------
Implementation 1 (Serial)   1     0.000074      1.000000      0.000074      ok
Implementation 2 (MM-1D)    1     0.000048      1.545673      0.000048      ok
Implementation 3 (MM-2D)    1     0.000036      2.055556      0.000036      ok
Implementation 1 (Serial)   4     0.000045      1.000000      0.000045      ok
Implementation 2 (MM-1D)    4     0.000168      0.268601      0.000670      ok
Implementation 3 (MM-2D)    4     0.000203      0.221675      0.000812      ok
Implementation 1 (Serial)   9     0.000045      1.000000      0.000045      ok
Implementation 2 (MM-1D)    9     0.000293      0.153783      0.002634      ok
Implementation 3 (MM-2D)    9     0.000346      0.130058      0.003114      ok

CSV written to: /home/pbclevidence/MPI-MM-algorithms/csvs/M6_N24_Q18.csv
SVG graph written to: /home/pbclevidence/MPI-MM-algorithms/graphs/M6_N24_Q18.svg
