Running P= 1... done
Running P= 4... done
Running P= 9... done
Running P= 16... done
Running P= 25... done

Implementation              P     Seconds       Speedup       Cost          Status
--------------------------------------------------------------------------------------
Implementation 1 (Serial)   1     33.651958     1.000000      33.651958     ok
Implementation 2 (MM-1D)    1     26.471700     1.271243      26.471700     ok
Implementation 3 (MM-2D)    1     25.923067     1.298147      25.923067     ok
Implementation 1 (Serial)   4     33.777871     1.000000      33.777871     ok
Implementation 2 (MM-1D)    4     9.344430      3.614760      37.377720     ok
Implementation 3 (MM-2D)    4     20.247461     1.668252      80.989844     ok
Implementation 1 (Serial)   9     33.647641     1.000000      33.647641     ok
Implementation 2 (MM-1D)    9     4.977430      6.760043      44.796870     ok
Implementation 3 (MM-2D)    9     22.925177     1.467716      206.326593    ok
Implementation 1 (Serial)   16    33.785270     1.000000      33.785270     ok
Implementation 2 (MM-1D)    16    3.070340      11.003755     49.125440     ok
Implementation 3 (MM-2D)    16    26.746452     1.263168      427.943232    ok
Implementation 1 (Serial)   25    33.679335     1.000000      33.679335     ok
Implementation 2 (MM-1D)    25    3.085740      10.914508     77.143500     ok
Implementation 3 (MM-2D)    25    40.049016     0.840953      1001.225400   ok

CSV written to: /home/pbclevidence/MPI-MM-algorithms/csvs/M2400_N600_Q2400.csv
SVG graph written to: /home/pbclevidence/MPI-MM-algorithms/graphs/M2400_N600_Q2400.svg
