/var/spool/slurm/slurmd/job18366/slurm_script: line 11: module: command not found
Running P= 1... done
Running P= 1... done
Running P= 1... done
Running P= 1... done
Running P= 4... done

Implementation              P     Seconds       Speedup       Cost          Status
--------------------------------------------------------------------------------------
Implementation 1 (Serial)   1     0.000014      1.000000      0.000014      ok
Implementation 2 (MM-1D)    1     0.000035      0.405109      0.000035      ok
Implementation 3 (MM-2D)    1     0.000018      0.777778      0.000018      ok
Implementation 1 (Serial)   4     0.000013      1.000000      0.000013      ok
Implementation 2 (MM-1D)    4     0.000217      0.059790      0.000870      ok
Implementation 3 (MM-2D)    4     0.000177      0.073446      0.000708      ok

CSV written to: /home/pbclevidence/MPI-MM-algorithms/csvs/M6_N6_Q24.csv
SVG graph written to: /home/pbclevidence/MPI-MM-algorithms/graphs/M6_N6_Q24.svg
Running P= 4... done
Running P= 4... done
Running P= 4... done

Implementation              P     Seconds       Speedup       Cost          Status
--------------------------------------------------------------------------------------
Implementation 1 (Serial)   1     0.000019      1.000000      0.000019      ok
Implementation 2 (MM-1D)    1     0.000031      0.609461      0.000031      ok
Implementation 3 (MM-2D)    1     0.000024      0.791667      0.000024      ok
Implementation 1 (Serial)   4     0.000012      1.000000      0.000012      ok
Implementation 2 (MM-1D)    4     0.000185      0.065015      0.000738      ok
Implementation 3 (MM-2D)    4     0.000197      0.060914      0.000788      ok

CSV written to: /home/pbclevidence/MPI-MM-algorithms/csvs/M6_N6_Q24.csv
SVG graph written to: /home/pbclevidence/MPI-MM-algorithms/graphs/M6_N6_Q24.svg

Implementation              P     Seconds       Speedup       Cost          Status
--------------------------------------------------------------------------------------
Implementation 1 (Serial)   1     0.000014      1.000000      0.000014      ok
Implementation 2 (MM-1D)    1     0.000031      0.451138      0.000031      ok
Implementation 3 (MM-2D)    1     0.000016      0.875000      0.000016      ok
Implementation 1 (Serial)   4     0.000013      1.000000      0.000013      ok
Implementation 2 (MM-1D)    4     0.000188      0.069306      0.000750      ok
Implementation 3 (MM-2D)    4     0.000218      0.059633      0.000872      ok

CSV written to: /home/pbclevidence/MPI-MM-algorithms/csvs/M6_N6_Q24.csv
SVG graph written to: /home/pbclevidence/MPI-MM-algorithms/graphs/M6_N6_Q24.svg

Implementation              P     Seconds       Speedup       Cost          Status
--------------------------------------------------------------------------------------
Implementation 1 (Serial)   1     0.000014      1.000000      0.000014      ok
Implementation 2 (MM-1D)    1     0.000026      0.531555      0.000026      ok
Implementation 3 (MM-2D)    1     0.000018      0.777778      0.000018      ok
Implementation 1 (Serial)   4     0.000013      1.000000      0.000013      ok
Implementation 2 (MM-1D)    4     0.000209      0.062134      0.000837      ok
Implementation 3 (MM-2D)    4     0.000174      0.074713      0.000696      ok

CSV written to: /home/pbclevidence/MPI-MM-algorithms/csvs/M6_N6_Q24.csv
SVG graph written to: /home/pbclevidence/MPI-MM-algorithms/graphs/M6_N6_Q24.svg
