Running P= 1... done
Running P= 4... done
Running P= 9... done
Running P= 16... done
Running P= 25... done

Implementation              P     Seconds       Speedup       Cost          Status
--------------------------------------------------------------------------------------
Implementation 1 (Serial)   1     47.625681     1.000000      47.625681     ok
Implementation 2 (MM-1D)    1     38.036500     1.252105      38.036500     ok
Implementation 3 (MM-2D)    1     37.400166     1.273408      37.400166     ok
Implementation 1 (Serial)   4     47.525102     1.000000      47.525102     ok
Implementation 2 (MM-1D)    4     12.091500     3.930455      48.366000     ok
Implementation 3 (MM-2D)    4     26.316966     1.805873      105.267864    ok
Implementation 1 (Serial)   9     47.686469     1.000000      47.686469     ok
Implementation 2 (MM-1D)    9     6.285900      7.586260      56.573100     ok
Implementation 3 (MM-2D)    9     28.596799     1.667546      257.371191    ok
Implementation 1 (Serial)   16    47.759590     1.000000      47.759590     ok
Implementation 2 (MM-1D)    16    4.055100      11.777660     64.881600     ok
Implementation 3 (MM-2D)    16    34.590210     1.380726      553.443360    ok
Implementation 1 (Serial)   25    47.661632     1.000000      47.661632     ok
Implementation 2 (MM-1D)    25    4.409610      10.808582     110.240250    ok
Implementation 3 (MM-2D)    25    47.552159     1.002302      1188.803975   ok

CSV written to: /home/pbclevidence/MPI-MM-algorithms/csvs/M3000_N2400_Q600.csv
SVG graph written to: /home/pbclevidence/MPI-MM-algorithms/graphs/M3000_N2400_Q600.svg
