Running P= 1... done
Running P= 4... done
Running P= 9... done
Running P= 16... done
Running P= 25... done

Implementation              P     Seconds       Speedup       Cost          Status
--------------------------------------------------------------------------------------
Implementation 1 (Serial)   1     4.522053      1.000000      4.522053      ok
Implementation 2 (MM-1D)    1     4.803530      0.941402      4.803530      ok
Implementation 3 (MM-2D)    1     4.680658      0.966115      4.680658      ok
Implementation 1 (Serial)   4     4.522053      1.000000      4.522053      ok
Implementation 2 (MM-1D)    4     1.487020      3.041017      5.948080      ok
Implementation 3 (MM-2D)    4     0.584955      7.730600      2.339820      ok
Implementation 1 (Serial)   9     4.522053      1.000000      4.522053      ok
Implementation 2 (MM-1D)    9     0.771990      5.857657      6.947910      ok
Implementation 3 (MM-2D)    9     0.317647      14.236095     2.858823      ok
Implementation 1 (Serial)   16    4.522053      1.000000      4.522053      ok
Implementation 2 (MM-1D)    16    0.565971      7.989902      9.055536      ok
Implementation 3 (MM-2D)    16    0.303472      14.901055     4.855552      ok
Implementation 1 (Serial)   25    4.522053      1.000000      4.522053      ok
Implementation 2 (MM-1D)    25    0.695258      6.504137      17.381450     ok
Implementation 3 (MM-2D)    25    0.258383      17.501357     6.459575      ok

CSV written to: /home/pbclevidence/MPI-MM-algorithms/csvs/M600_N1200_Q2400.csv
SVG graph written to: /home/pbclevidence/MPI-MM-algorithms/graphs/M600_N1200_Q2400.svg
