Running P= 1... done
Running P= 4... done
Running P= 9... done
Running P= 16... done
Running P= 25... done

Implementation              P     Seconds       Speedup       Cost          Status
--------------------------------------------------------------------------------------
Implementation 1 (Serial)   1     3.874176      1.000000      3.874176      ok
Implementation 2 (MM-1D)    1     3.722310      1.040799      3.722310      ok
Implementation 3 (MM-2D)    1     3.719394      1.041615      3.719394      ok
Implementation 1 (Serial)   4     3.874176      1.000000      3.874176      ok
Implementation 2 (MM-1D)    4     1.166840      3.320229      4.667360      ok
Implementation 3 (MM-2D)    4     0.626087      6.187920      2.504348      ok
Implementation 1 (Serial)   9     3.874176      1.000000      3.874176      ok
Implementation 2 (MM-1D)    9     0.629042      6.158851      5.661378      ok
Implementation 3 (MM-2D)    9     0.366209      10.579139     3.295881      ok
Implementation 1 (Serial)   16    3.874176      1.000000      3.874176      ok
Implementation 2 (MM-1D)    16    0.471945      8.208957      7.551120      ok
Implementation 3 (MM-2D)    16    0.264117      14.668408     4.225872      ok
Implementation 1 (Serial)   25    3.874176      1.000000      3.874176      ok
Implementation 2 (MM-1D)    25    0.589750      6.569184      14.743750     ok
Implementation 3 (MM-2D)    25    0.291416      13.294315     7.285400      ok

CSV written to: /home/pbclevidence/MPI-MM-algorithms/csvs/M600_N1800_Q1800.csv
SVG graph written to: /home/pbclevidence/MPI-MM-algorithms/graphs/M600_N1800_Q1800.svg
