Running P= 1... done
Running P= 4... done
Running P= 9... done
Running P= 16... done
Running P= 25... done

Implementation              P     Seconds       Speedup       Cost          Status
--------------------------------------------------------------------------------------
Implementation 1 (Serial)   1     26.458100     1.000000      26.458100     ok
Implementation 2 (MM-1D)    1     26.471400     0.999498      26.471400     ok
Implementation 3 (MM-2D)    1     26.333774     1.004721      26.333774     ok
Implementation 1 (Serial)   4     26.458100     1.000000      26.458100     ok
Implementation 2 (MM-1D)    4     7.264040      3.642340      29.056160     ok
Implementation 3 (MM-2D)    4     2.696015      9.813781      10.784060     ok
Implementation 1 (Serial)   9     26.458100     1.000000      26.458100     ok
Implementation 2 (MM-1D)    9     3.605660      7.337935      32.450940     ok
Implementation 3 (MM-2D)    9     1.598097      16.556004     14.382873     ok
Implementation 1 (Serial)   16    26.458100     1.000000      26.458100     ok
Implementation 2 (MM-1D)    16    2.251990      11.748764     36.031840     ok
Implementation 3 (MM-2D)    16    1.019537      25.951093     16.312592     ok
Implementation 1 (Serial)   25    26.458100     1.000000      26.458100     ok
Implementation 2 (MM-1D)    25    2.574600      10.276587     64.365000     ok
Implementation 3 (MM-2D)    25    1.121790      23.585609     28.044750     ok

CSV written to: /home/pbclevidence/MPI-MM-algorithms/csvs/M2400_N3000_Q1200.csv
SVG graph written to: /home/pbclevidence/MPI-MM-algorithms/graphs/M2400_N3000_Q1200.svg
