Running P= 1... done
Running P= 4... done
Running P= 9... done
Running P= 16... done
Running P= 25... done

Implementation              P     Seconds       Speedup       VsSerial      Cost          Status
----------------------------------------------------------------------------------------------------
Implementation 1 (Serial)   1     3.389611      1.000000      1.000000      3.389611      ok
Implementation 2 (MM-1D)    1     2.666620      1.000000      1.271126      2.666620      ok
Implementation 3 (MM-2D)    1     2.784248      1.000000      1.217424      2.784248      ok
Implementation 1 (Serial)   4     3.389611      1.000000      1.000000      3.389611      ok
Implementation 2 (MM-1D)    4     1.228510      2.170613      2.759124      4.914040      ok
Implementation 3 (MM-2D)    4     0.677047      4.112341      5.006463      2.708188      ok
Implementation 1 (Serial)   9     3.389611      1.000000      1.000000      3.389611      ok
Implementation 2 (MM-1D)    9     0.700879      3.804680      4.836229      6.307911      ok
Implementation 3 (MM-2D)    9     0.374788      7.428861      9.044076      3.373092      ok
Implementation 1 (Serial)   16    3.389611      1.000000      1.000000      3.389611      ok
Implementation 2 (MM-1D)    16    0.494911      5.388080      6.848930      7.918576      ok
Implementation 3 (MM-2D)    16    0.238158      11.690760     14.232614     3.810528      ok
Implementation 1 (Serial)   25    3.389611      1.000000      1.000000      3.389611      ok
Implementation 2 (MM-1D)    25    0.642713      4.149006      5.273911      16.067825     ok
Implementation 3 (MM-2D)    25    0.293524      9.485589      11.547986     7.338100      ok

CSV written to: /home/pbclevidence/MPI-MM-algorithms/csvs/M1200_N3000_Q600.csv
SVG graph written to: /home/pbclevidence/MPI-MM-algorithms/graphs/M1200_N3000_Q600.svg
