/var/spool/slurm/slurmd/job18372/slurm_script: line 11: module: command not found
Running P= 1... done
Running P= 1... done
Running P= 1... done
Running P= 1... done
Running P= 4... done

Implementation              P     Seconds       Speedup       Cost          Status
--------------------------------------------------------------------------------------
Implementation 1 (Serial)   1     0.000018      1.000000      0.000018      ok
Implementation 2 (MM-1D)    1     0.000043      0.414199      0.000043      ok
Implementation 3 (MM-2D)    1     0.000026      0.692308      0.000026      ok
Implementation 1 (Serial)   4     0.000017      1.000000      0.000017      ok
Implementation 2 (MM-1D)    4     0.000202      0.084099      0.000809      ok
Implementation 3 (MM-2D)    4     0.000199      0.085427      0.000796      ok

CSV written to: /home/pbclevidence/MPI-MM-algorithms/csvs/M6_N18_Q12.csv
SVG graph written to: /home/pbclevidence/MPI-MM-algorithms/graphs/M6_N18_Q12.svg
Running P= 4... done

Implementation              P     Seconds       Speedup       Cost          Status
--------------------------------------------------------------------------------------
Implementation 1 (Serial)   1     0.000018      1.000000      0.000018      ok
Implementation 2 (MM-1D)    1     0.000036      0.494711      0.000036      ok
Implementation 3 (MM-2D)    1     0.000028      0.642857      0.000028      ok
Implementation 1 (Serial)   4     0.000017      1.000000      0.000017      ok
Implementation 2 (MM-1D)    4     0.000195      0.087243      0.000779      ok
Implementation 3 (MM-2D)    4     0.000329      0.051672      0.001316      ok

CSV written to: /home/pbclevidence/MPI-MM-algorithms/csvs/M6_N18_Q12.csv
SVG graph written to: /home/pbclevidence/MPI-MM-algorithms/graphs/M6_N18_Q12.svg
Running P= 4... done
Running P= 4... done

Implementation              P     Seconds       Speedup       Cost          Status
--------------------------------------------------------------------------------------
Implementation 1 (Serial)   1     0.000018      1.000000      0.000018      ok
Implementation 2 (MM-1D)    1     0.000028      0.653569      0.000028      ok
Implementation 3 (MM-2D)    1     0.000026      0.692308      0.000026      ok
Implementation 1 (Serial)   4     0.000014      1.000000      0.000014      ok
Implementation 2 (MM-1D)    4     0.000192      0.072843      0.000769      ok
Implementation 3 (MM-2D)    4     0.000229      0.061135      0.000916      ok

CSV written to: /home/pbclevidence/MPI-MM-algorithms/csvs/M6_N18_Q12.csv
SVG graph written to: /home/pbclevidence/MPI-MM-algorithms/graphs/M6_N18_Q12.svg

Implementation              P     Seconds       Speedup       Cost          Status
--------------------------------------------------------------------------------------
Implementation 1 (Serial)   1     0.000018      1.000000      0.000018      ok
Implementation 2 (MM-1D)    1     0.000033      0.537349      0.000033      ok
Implementation 3 (MM-2D)    1     0.000026      0.692308      0.000026      ok
Implementation 1 (Serial)   4     0.000018      1.000000      0.000018      ok
Implementation 2 (MM-1D)    4     0.000203      0.088496      0.000814      ok
Implementation 3 (MM-2D)    4     0.000196      0.091837      0.000784      ok

CSV written to: /home/pbclevidence/MPI-MM-algorithms/csvs/M6_N18_Q12.csv
SVG graph written to: /home/pbclevidence/MPI-MM-algorithms/graphs/M6_N18_Q12.svg
