Running P= 1... done
Running P= 4... done
Running P= 9... done
Running P= 16... done
Running P= 25... done

Implementation              P     Seconds       Speedup       VsSerial      Cost          Status
----------------------------------------------------------------------------------------------------
Implementation 1 (Serial)   1     3.447665      1.000000      1.000000      3.447665      ok
Implementation 2 (MM-1D)    1     3.031700      1.000000      1.137205      3.031700      ok
Implementation 3 (MM-2D)    1     2.927927      1.000000      1.177511      2.927927      ok
Implementation 1 (Serial)   4     3.447665      1.000000      1.000000      3.447665      ok
Implementation 2 (MM-1D)    4     1.139730      2.660016      3.024984      4.558920      ok
Implementation 3 (MM-2D)    4     0.803073      3.645904      4.293090      3.212292      ok
Implementation 1 (Serial)   9     3.447665      1.000000      1.000000      3.447665      ok
Implementation 2 (MM-1D)    9     0.817310      3.709364      4.218308      7.355790      ok
Implementation 3 (MM-2D)    9     0.439684      6.659162      7.841234      3.957156      ok
Implementation 1 (Serial)   16    3.447665      1.000000      1.000000      3.447665      ok
Implementation 2 (MM-1D)    16    0.539944      5.614842      6.385227      8.639104      ok
Implementation 3 (MM-2D)    16    0.278816      10.501288     12.365377     4.461056      ok
Implementation 1 (Serial)   25    3.447665      1.000000      1.000000      3.447665      ok
Implementation 2 (MM-1D)    25    0.597179      5.076702      5.773252      14.929475     ok
Implementation 3 (MM-2D)    25    0.318925      9.180613      10.810269     7.973125      ok

CSV written to: /home/pbclevidence/MPI-MM-algorithms/csvs/M1800_N600_Q2400.csv
SVG graph written to: /home/pbclevidence/MPI-MM-algorithms/graphs/M1800_N600_Q2400.svg
