Running P= 1... done
Running P= 4... done
Running P= 9... done
Running P= 16... done
Running P= 25... done

Implementation              P     Seconds       Speedup       Cost          Status
--------------------------------------------------------------------------------------
Implementation 1 (Serial)   1     6.561019      1.000000      6.561019      ok
Implementation 2 (MM-1D)    1     6.325870      1.037173      6.325870      ok
Implementation 3 (MM-2D)    1     6.279093      1.044899      6.279093      ok
Implementation 1 (Serial)   4     6.561019      1.000000      6.561019      ok
Implementation 2 (MM-1D)    4     3.107510      2.111343      12.430040     ok
Implementation 3 (MM-2D)    4     1.687395      3.888253      6.749580      ok
Implementation 1 (Serial)   9     6.561019      1.000000      6.561019      ok
Implementation 2 (MM-1D)    9     1.569790      4.179552      14.128110     ok
Implementation 3 (MM-2D)    9     30.928220     0.212137      278.353980    ok
Implementation 1 (Serial)   16    6.561019      1.000000      6.561019      ok
Implementation 2 (MM-1D)    16    1.255040      5.227737      20.080640     ok
Implementation 3 (MM-2D)    16    0.875911      7.490509      14.014576     ok
Implementation 1 (Serial)   25    6.561019      1.000000      6.561019      ok
Implementation 2 (MM-1D)    25    1.154840      5.681323      28.871000     ok
Implementation 3 (MM-2D)    25    0.538279      12.188882     13.456975     ok

CSV written to: /home/pbclevidence/MPI-MM-algorithms/csvs/M2400_N1200_Q1800.csv
SVG graph written to: /home/pbclevidence/MPI-MM-algorithms/graphs/M2400_N1200_Q1800.svg
