Running P= 1... done
Running P= 4... done
Running P= 9... done
Running P= 16... done
Running P= 25... done

Implementation              P     Seconds       Speedup       Cost          Status
--------------------------------------------------------------------------------------
Implementation 1 (Serial)   1     4.187321      1.000000      4.187321      ok
Implementation 2 (MM-1D)    1     3.803730      1.100846      3.803730      ok
Implementation 3 (MM-2D)    1     3.797413      1.102677      3.797413      ok
Implementation 1 (Serial)   4     4.187321      1.000000      4.187321      ok
Implementation 2 (MM-1D)    4     1.098790      3.810847      4.395160      ok
Implementation 3 (MM-2D)    4     1.036046      4.041636      4.144184      ok
Implementation 1 (Serial)   9     4.187321      1.000000      4.187321      ok
Implementation 2 (MM-1D)    9     0.953703      4.390592      8.583327      ok
Implementation 3 (MM-2D)    9     0.552048      7.585067      4.968432      ok
Implementation 1 (Serial)   16    4.187321      1.000000      4.187321      ok
Implementation 2 (MM-1D)    16    0.626950      6.678876      10.031200     ok
Implementation 3 (MM-2D)    16    0.327122      12.800487     5.233952      ok
Implementation 1 (Serial)   25    4.187321      1.000000      4.187321      ok
Implementation 2 (MM-1D)    25    0.779657      5.370722      19.491425     ok
Implementation 3 (MM-2D)    25    0.427732      9.789590      10.693300     ok

CSV written to: /home/pbclevidence/MPI-MM-algorithms/csvs/M3000_N1800_Q600.csv
SVG graph written to: /home/pbclevidence/MPI-MM-algorithms/graphs/M3000_N1800_Q600.svg
