Running P= 1... done
Running P= 4... done
Running P= 9... done
Running P= 16... done
Running P= 25... done

Implementation              P     Seconds       Speedup       Cost          Status
--------------------------------------------------------------------------------------
Implementation 1 (Serial)   1     8.305724      1.000000      8.305724      ok
Implementation 2 (MM-1D)    1     7.917560      1.049026      7.917560      ok
Implementation 3 (MM-2D)    1     7.852652      1.057697      7.852652      ok
Implementation 1 (Serial)   4     8.305724      1.000000      8.305724      ok
Implementation 2 (MM-1D)    4     2.521180      3.294380      10.084720     ok
Implementation 3 (MM-2D)    4     1.449461      5.730216      5.797844      ok
Implementation 1 (Serial)   9     8.305724      1.000000      8.305724      ok
Implementation 2 (MM-1D)    9     1.457360      5.699157      13.116240     ok
Implementation 3 (MM-2D)    9     0.826349      10.051109     7.437141      ok
Implementation 1 (Serial)   16    8.305724      1.000000      8.305724      ok
Implementation 2 (MM-1D)    16    1.173550      7.077435      18.776800     ok
Implementation 3 (MM-2D)    16    0.628101      13.223548     10.049616     ok
Implementation 1 (Serial)   25    8.305724      1.000000      8.305724      ok
Implementation 2 (MM-1D)    25    1.388080      5.983606      34.702000     ok
Implementation 3 (MM-2D)    25    0.605324      13.721121     15.133100     ok

CSV written to: /home/pbclevidence/MPI-MM-algorithms/csvs/M1200_N1800_Q1800.csv
SVG graph written to: /home/pbclevidence/MPI-MM-algorithms/graphs/M1200_N1800_Q1800.svg
