Running P= 1... done
Running P= 4... done
Running P= 9... done
Running P= 16... done
Running P= 25... done

Implementation              P     Seconds       Speedup       Cost          Status
--------------------------------------------------------------------------------------
Implementation 1 (Serial)   1     6.367477      1.000000      6.367477      ok
Implementation 2 (MM-1D)    1     4.966240      1.282152      4.966240      ok
Implementation 3 (MM-2D)    1     4.936386      1.289907      4.936386      ok
Implementation 1 (Serial)   4     6.367952      1.000000      6.367952      ok
Implementation 2 (MM-1D)    4     1.535190      4.147989      6.140760      ok
Implementation 3 (MM-2D)    4     4.040520      1.576023      16.162080     ok
Implementation 1 (Serial)   9     6.367243      1.000000      6.367243      ok
Implementation 2 (MM-1D)    9     0.961924      6.619279      8.657316      ok
Implementation 3 (MM-2D)    9     4.316417      1.475122      38.847753     ok
Implementation 1 (Serial)   16    6.370911      1.000000      6.370911      ok
Implementation 2 (MM-1D)    16    0.765239      8.325387      12.243824     ok
Implementation 3 (MM-2D)    16    5.719185      1.113954      91.506960     ok
Implementation 1 (Serial)   25    6.365754      1.000000      6.365754      ok
Implementation 2 (MM-1D)    25    0.686094      9.278253      17.152350     ok
Implementation 3 (MM-2D)    25    7.357240      0.865237      183.931000    ok

CSV written to: /home/pbclevidence/MPI-MM-algorithms/csvs/M600_N600_Q1800.csv
SVG graph written to: /home/pbclevidence/MPI-MM-algorithms/graphs/M600_N600_Q1800.svg
