Running P= 1... done
Running P= 4... done
Running P= 9... done
Running P= 16... done
Running P= 25... done

Implementation              P     Seconds       Speedup       Cost          Status
--------------------------------------------------------------------------------------
Implementation 1 (Serial)   1     148.599018    1.000000      148.599018    ok
Implementation 2 (MM-1D)    1     122.249000    1.215544      122.249000    ok
Implementation 3 (MM-2D)    1     122.571873    1.212342      122.571873    ok
Implementation 1 (Serial)   4     148.566020    1.000000      148.566020    ok
Implementation 2 (MM-1D)    4     32.416400     4.583051      129.665600    ok
Implementation 3 (MM-2D)    4     60.330382     2.462541      241.321528    ok
Implementation 1 (Serial)   9     148.695208    1.000000      148.695208    ok
Implementation 2 (MM-1D)    9     15.847400     9.382940      142.626600    ok
Implementation 3 (MM-2D)    9     74.023479     2.008757      666.211311    ok
Implementation 1 (Serial)   16    148.612947    1.000000      148.612947    ok
Implementation 2 (MM-1D)    16    9.667080      15.373096     154.673280    ok
Implementation 3 (MM-2D)    16    81.010139     1.834498      1296.162224   ok
Implementation 1 (Serial)   25    148.761211    1.000000      148.761211    ok
Implementation 2 (MM-1D)    25    10.363700     14.354064     259.092500    ok
Implementation 3 (MM-2D)    25    121.135559    1.228056      3028.388975   ok

CSV written to: /home/pbclevidence/MPI-MM-algorithms/csvs/M1800_N2400_Q2400.csv
SVG graph written to: /home/pbclevidence/MPI-MM-algorithms/graphs/M1800_N2400_Q2400.svg
