Running P= 1... done
Running P= 4... done
Running P= 9... done
Running P= 16... done
Running P= 25... done

Implementation              P     Seconds       Speedup       Cost          Status
--------------------------------------------------------------------------------------
Implementation 1 (Serial)   1     6.042439      1.000000      6.042439      ok
Implementation 2 (MM-1D)    1     4.575220      1.320688      4.575220      ok
Implementation 3 (MM-2D)    1     4.941691      1.222747      4.941691      ok
Implementation 1 (Serial)   4     6.042439      1.000000      6.042439      ok
Implementation 2 (MM-1D)    4     2.459620      2.456655      9.838480      ok
Implementation 3 (MM-2D)    4     1.217145      4.964436      4.868580      ok
Implementation 1 (Serial)   9     6.042439      1.000000      6.042439      ok
Implementation 2 (MM-1D)    9     1.249480      4.835963      11.245320     ok
Implementation 3 (MM-2D)    9     0.640866      9.428553      5.767794      ok
Implementation 1 (Serial)   16    6.042439      1.000000      6.042439      ok
Implementation 2 (MM-1D)    16    0.810972      7.450860      12.975552     ok
Implementation 3 (MM-2D)    16    0.400357      15.092627     6.405712      ok
Implementation 1 (Serial)   25    6.042439      1.000000      6.042439      ok
Implementation 2 (MM-1D)    25    1.088230      5.552539      27.205750     ok
Implementation 3 (MM-2D)    25    0.506145      11.938158     12.653625     ok

CSV written to: /home/pbclevidence/MPI-MM-algorithms/csvs/M1800_N1800_Q1200.csv
SVG graph written to: /home/pbclevidence/MPI-MM-algorithms/graphs/M1800_N1800_Q1200.svg
