/var/spool/slurm/slurmd/job18408/slurm_script: line 11: module: command not found
Running P= 1... done
Running P= 1... done
Running P= 1... done
Running P= 1... done
Running P= 4... done

Implementation              P     Seconds       Speedup       Cost          Status
--------------------------------------------------------------------------------------
Implementation 1 (Serial)   1     0.000098      1.000000      0.000098      ok
Implementation 2 (MM-1D)    1     0.000091      1.075113      0.000091      ok
Implementation 3 (MM-2D)    1     0.000076      1.289474      0.000076      ok
Implementation 1 (Serial)   4     0.000063      1.000000      0.000063      ok
Implementation 2 (MM-1D)    4     0.000193      0.327077      0.000770      ok
Implementation 3 (MM-2D)    4     0.000227      0.277533      0.000908      ok

CSV written to: /home/pbclevidence/MPI-MM-algorithms/csvs/M18_N24_Q12.csv
SVG graph written to: /home/pbclevidence/MPI-MM-algorithms/graphs/M18_N24_Q12.svg
Running P= 4... done
Running P= 4... done
Running P= 4... done

Implementation              P     Seconds       Speedup       Cost          Status
--------------------------------------------------------------------------------------
Implementation 1 (Serial)   1     0.000068      1.000000      0.000068      ok
Implementation 2 (MM-1D)    1     0.000110      0.616830      0.000110      ok
Implementation 3 (MM-2D)    1     0.000076      0.894737      0.000076      ok
Implementation 1 (Serial)   4     0.000068      1.000000      0.000068      ok
Implementation 2 (MM-1D)    4     0.000199      0.341407      0.000797      ok
Implementation 3 (MM-2D)    4     0.000213      0.319249      0.000852      ok

CSV written to: /home/pbclevidence/MPI-MM-algorithms/csvs/M18_N24_Q12.csv
SVG graph written to: /home/pbclevidence/MPI-MM-algorithms/graphs/M18_N24_Q12.svg

Implementation              P     Seconds       Speedup       Cost          Status
--------------------------------------------------------------------------------------
Implementation 1 (Serial)   1     0.000068      1.000000      0.000068      ok
Implementation 2 (MM-1D)    1     0.000121      0.563609      0.000121      ok
Implementation 3 (MM-2D)    1     0.000084      0.809524      0.000084      ok
Implementation 1 (Serial)   4     0.000061      1.000000      0.000061      ok
Implementation 2 (MM-1D)    4     0.000196      0.311934      0.000782      ok
Implementation 3 (MM-2D)    4     0.000205      0.297561      0.000820      ok

CSV written to: /home/pbclevidence/MPI-MM-algorithms/csvs/M18_N24_Q12.csv
SVG graph written to: /home/pbclevidence/MPI-MM-algorithms/graphs/M18_N24_Q12.svg

Implementation              P     Seconds       Speedup       Cost          Status
--------------------------------------------------------------------------------------
Implementation 1 (Serial)   1     0.000094      1.000000      0.000094      ok
Implementation 2 (MM-1D)    1     0.000112      0.837939      0.000112      ok
Implementation 3 (MM-2D)    1     0.000079      1.189873      0.000079      ok
Implementation 1 (Serial)   4     0.000065      1.000000      0.000065      ok
Implementation 2 (MM-1D)    4     0.000213      0.305822      0.000850      ok
Implementation 3 (MM-2D)    4     0.000217      0.299539      0.000868      ok

CSV written to: /home/pbclevidence/MPI-MM-algorithms/csvs/M18_N24_Q12.csv
SVG graph written to: /home/pbclevidence/MPI-MM-algorithms/graphs/M18_N24_Q12.svg
