Running P= 1... done
Running P= 4... done
Running P= 9... done
Running P= 16... done
Running P= 25... done

Implementation              P     Seconds       Speedup       Cost          Status
--------------------------------------------------------------------------------------
Implementation 1 (Serial)   1     38.291563     1.000000      38.291563     ok
Implementation 2 (MM-1D)    1     37.273600     1.027311      37.273600     ok
Implementation 3 (MM-2D)    1     37.225921     1.028626      37.225921     ok
Implementation 1 (Serial)   4     38.291563     1.000000      38.291563     ok
Implementation 2 (MM-1D)    4     9.860540      3.883313      39.442160     ok
Implementation 3 (MM-2D)    4     9.626382      3.977773      38.505528     ok
Implementation 1 (Serial)   9     38.291563     1.000000      38.291563     ok
Implementation 2 (MM-1D)    9     5.004480      7.651457      45.040320     ok
Implementation 3 (MM-2D)    9     4.814641      7.953150      43.331769     ok
Implementation 1 (Serial)   16    38.291563     1.000000      38.291563     ok
Implementation 2 (MM-1D)    16    3.242890      11.807851     51.886240     ok
Implementation 3 (MM-2D)    16    3.276430      11.686977     52.422880     ok
Implementation 1 (Serial)   25    38.291563     1.000000      38.291563     ok
Implementation 2 (MM-1D)    25    4.225870      9.061226      105.646750    ok
Implementation 3 (MM-2D)    25    2.812969      13.612508     70.324225     ok

CSV written to: /home/pbclevidence/MPI-MM-algorithms/csvs/M2400_N2400_Q3000.csv
SVG graph written to: /home/pbclevidence/MPI-MM-algorithms/graphs/M2400_N2400_Q3000.svg
