Running P= 1... done
Running P= 4... done
Running P= 9... done
Running P= 16... done
Running P= 25... done

Implementation              P     Seconds       Speedup       Cost          Status
--------------------------------------------------------------------------------------
Implementation 1 (Serial)   1     495.020049    1.000000      495.020049    ok
Implementation 2 (MM-1D)    1     366.228000    1.351672      366.228000    ok
Implementation 3 (MM-2D)    1     368.034603    1.345037      368.034603    ok
Implementation 1 (Serial)   4     474.666285    1.000000      474.666285    ok
Implementation 2 (MM-1D)    4     77.436900     6.129717      309.747600    ok
Implementation 3 (MM-2D)    4     186.069502    2.551016      744.278008    ok
Implementation 1 (Serial)   9     385.141650    1.000000      385.141650    ok
Implementation 2 (MM-1D)    9     51.889700     7.422314      467.007300    ok
Implementation 3 (MM-2D)    9     225.385367    1.708814      2028.468303   ok
Implementation 1 (Serial)   16    246.702341    1.000000      246.702341    ok
Implementation 2 (MM-1D)    16    13.341400     18.491488     213.462400    ok
Implementation 3 (MM-2D)    16    131.822561    1.871473      2109.160976   ok
Implementation 1 (Serial)   25    205.234769    1.000000      205.234769    ok
Implementation 2 (MM-1D)    25    13.865600     14.801723     346.640000    ok
Implementation 3 (MM-2D)    25    179.068773    1.146123      4476.719325   ok

CSV written to: /home/pbclevidence/MPI-MM-algorithms/csvs/M3000_N1800_Q3000.csv
SVG graph written to: /home/pbclevidence/MPI-MM-algorithms/graphs/M3000_N1800_Q3000.svg
