/var/spool/slurm/slurmd/job17896/slurm_script: line 11: module: command not found
Running P= 1... done
Running P= 1... done
Running P= 1... done
Running P= 1... done
Running P= 1... done
Running P= 1... done
Running P= 1... done
Running P= 1... done
Running P= 1... done
Running P= 4... done
Running P= 4... done
Running P= 4... done
Running P= 4... done
Running P= 4... done
Running P= 4... done
Running P= 4... done
Running P= 4... done
Running P= 4... done
Running P= 9... done

Implementation              P     Seconds       Speedup       Cost          Status
--------------------------------------------------------------------------------------
Implementation 1 (Serial)   1     0.000028      1.000000      0.000028      ok
Implementation 2 (MM-1D)    1     0.000033      0.854818      0.000033      ok
Implementation 3 (MM-2D)    1     0.000022      1.272727      0.000022      ok
Implementation 1 (Serial)   4     0.000026      1.000000      0.000026      ok
Implementation 2 (MM-1D)    4     0.000170      0.152493      0.000682      ok
Implementation 3 (MM-2D)    4     0.000181      0.143646      0.000724      ok
Implementation 1 (Serial)   9     0.000027      1.000000      0.000027      ok
Implementation 2 (MM-1D)    9     0.000283      0.095521      0.002544      ok
Implementation 3 (MM-2D)    9     0.000311      0.086817      0.002799      ok

CSV written to: /home/pbclevidence/MPI-MM-algorithms/csvs/M6_N12_Q18.csv
SVG graph written to: /home/pbclevidence/MPI-MM-algorithms/graphs/M6_N12_Q18.svg
Running P= 9... done

Implementation              P     Seconds       Speedup       Cost          Status
--------------------------------------------------------------------------------------
Implementation 1 (Serial)   1     0.000039      1.000000      0.000039      ok
Implementation 2 (MM-1D)    1     0.000025      1.590610      0.000025      ok
Implementation 3 (MM-2D)    1     0.000021      1.857143      0.000021      ok
Implementation 1 (Serial)   4     0.000025      1.000000      0.000025      ok
Implementation 2 (MM-1D)    4     0.000166      0.150652      0.000664      ok
Implementation 3 (MM-2D)    4     0.000170      0.147059      0.000680      ok
Implementation 1 (Serial)   9     0.000026      1.000000      0.000026      ok
Implementation 2 (MM-1D)    9     0.000273      0.095192      0.002458      ok
Implementation 3 (MM-2D)    9     0.000308      0.084416      0.002772      ok

CSV written to: /home/pbclevidence/MPI-MM-algorithms/csvs/M6_N12_Q18.csv
SVG graph written to: /home/pbclevidence/MPI-MM-algorithms/graphs/M6_N12_Q18.svg
Running P= 9... done

Implementation              P     Seconds       Speedup       Cost          Status
--------------------------------------------------------------------------------------
Implementation 1 (Serial)   1     0.000028      1.000000      0.000028      ok
Implementation 2 (MM-1D)    1     0.000034      0.829991      0.000034      ok
Implementation 3 (MM-2D)    1     0.000018      1.555556      0.000018      ok
Implementation 1 (Serial)   4     0.000027      1.000000      0.000027      ok
Implementation 2 (MM-1D)    4     0.000182      0.148676      0.000726      ok
Implementation 3 (MM-2D)    4     0.000178      0.151685      0.000712      ok
Implementation 1 (Serial)   9     0.000026      1.000000      0.000026      ok
Implementation 2 (MM-1D)    9     0.000273      0.095318      0.002455      ok
Implementation 3 (MM-2D)    9     0.000315      0.082540      0.002835      ok

CSV written to: /home/pbclevidence/MPI-MM-algorithms/csvs/M6_N12_Q18.csv
SVG graph written to: /home/pbclevidence/MPI-MM-algorithms/graphs/M6_N12_Q18.svg
Running P= 9... done

Implementation              P     Seconds       Speedup       Cost          Status
--------------------------------------------------------------------------------------
Implementation 1 (Serial)   1     0.000028      1.000000      0.000028      ok
Implementation 2 (MM-1D)    1     0.000031      0.898689      0.000031      ok
Implementation 3 (MM-2D)    1     0.000021      1.333333      0.000021      ok
Implementation 1 (Serial)   4     0.000024      1.000000      0.000024      ok
Implementation 2 (MM-1D)    4     0.000164      0.146480      0.000655      ok
Implementation 3 (MM-2D)    4     0.000183      0.131148      0.000732      ok
Implementation 1 (Serial)   9     0.000026      1.000000      0.000026      ok
Implementation 2 (MM-1D)    9     0.000258      0.100719      0.002323      ok
Implementation 3 (MM-2D)    9     0.000304      0.085526      0.002736      ok

CSV written to: /home/pbclevidence/MPI-MM-algorithms/csvs/M6_N12_Q18.csv
SVG graph written to: /home/pbclevidence/MPI-MM-algorithms/graphs/M6_N12_Q18.svg
Running P= 9... done

Implementation              P     Seconds       Speedup       Cost          Status
--------------------------------------------------------------------------------------
Implementation 1 (Serial)   1     0.000028      1.000000      0.000028      ok
Implementation 2 (MM-1D)    1     0.000027      1.040772      0.000027      ok
Implementation 3 (MM-2D)    1     0.000016      1.750000      0.000016      ok
Implementation 1 (Serial)   4     0.000024      1.000000      0.000024      ok
Implementation 2 (MM-1D)    4     0.000164      0.146208      0.000657      ok
Implementation 3 (MM-2D)    4     0.000165      0.145455      0.000660      ok
Implementation 1 (Serial)   9     0.000025      1.000000      0.000025      ok
Implementation 2 (MM-1D)    9     0.000271      0.092153      0.002442      ok
Implementation 3 (MM-2D)    9     0.000305      0.081967      0.002745      ok

CSV written to: /home/pbclevidence/MPI-MM-algorithms/csvs/M6_N12_Q18.csv
SVG graph written to: /home/pbclevidence/MPI-MM-algorithms/graphs/M6_N12_Q18.svg
Running P= 9... done

Implementation              P     Seconds       Speedup       Cost          Status
--------------------------------------------------------------------------------------
Implementation 1 (Serial)   1     0.000028      1.000000      0.000028      ok
Implementation 2 (MM-1D)    1     0.000032      0.878445      0.000032      ok
Implementation 3 (MM-2D)    1     0.000018      1.555556      0.000018      ok
Implementation 1 (Serial)   4     0.000027      1.000000      0.000027      ok
Implementation 2 (MM-1D)    4     0.000166      0.162346      0.000665      ok
Implementation 3 (MM-2D)    4     0.000170      0.158824      0.000680      ok
Implementation 1 (Serial)   9     0.000025      1.000000      0.000025      ok
Implementation 2 (MM-1D)    9     0.000276      0.090736      0.002480      ok
Implementation 3 (MM-2D)    9     0.000294      0.085034      0.002646      ok

CSV written to: /home/pbclevidence/MPI-MM-algorithms/csvs/M6_N12_Q18.csv
SVG graph written to: /home/pbclevidence/MPI-MM-algorithms/graphs/M6_N12_Q18.svg
Running P= 9... done

Implementation              P     Seconds       Speedup       Cost          Status
--------------------------------------------------------------------------------------
Implementation 1 (Serial)   1     0.000039      1.000000      0.000039      ok
Implementation 2 (MM-1D)    1     0.000030      1.312438      0.000030      ok
Implementation 3 (MM-2D)    1     0.000019      2.052632      0.000019      ok
Implementation 1 (Serial)   4     0.000028      1.000000      0.000028      ok
Implementation 2 (MM-1D)    4     0.000173      0.162075      0.000691      ok
Implementation 3 (MM-2D)    4     0.000185      0.151351      0.000740      ok
Implementation 1 (Serial)   9     0.000024      1.000000      0.000024      ok
Implementation 2 (MM-1D)    9     0.000272      0.088131      0.002451      ok
Implementation 3 (MM-2D)    9     0.000299      0.080268      0.002691      ok

CSV written to: /home/pbclevidence/MPI-MM-algorithms/csvs/M6_N12_Q18.csv
SVG graph written to: /home/pbclevidence/MPI-MM-algorithms/graphs/M6_N12_Q18.svg
Running P= 9... done

Implementation              P     Seconds       Speedup       Cost          Status
--------------------------------------------------------------------------------------
Implementation 1 (Serial)   1     0.000039      1.000000      0.000039      ok
Implementation 2 (MM-1D)    1     0.000025      1.533019      0.000025      ok
Implementation 3 (MM-2D)    1     0.000021      1.857143      0.000021      ok
Implementation 1 (Serial)   4     0.000028      1.000000      0.000028      ok
Implementation 2 (MM-1D)    4     0.000161      0.173440      0.000646      ok
Implementation 3 (MM-2D)    4     0.000180      0.155556      0.000720      ok
Implementation 1 (Serial)   9     0.000026      1.000000      0.000026      ok
Implementation 2 (MM-1D)    9     0.000266      0.097759      0.002394      ok
Implementation 3 (MM-2D)    9     0.000304      0.085526      0.002736      ok

CSV written to: /home/pbclevidence/MPI-MM-algorithms/csvs/M6_N12_Q18.csv
SVG graph written to: /home/pbclevidence/MPI-MM-algorithms/graphs/M6_N12_Q18.svg
Running P= 9... done

Implementation              P     Seconds       Speedup       Cost          Status
--------------------------------------------------------------------------------------
Implementation 1 (Serial)   1     0.000028      1.000000      0.000028      ok
Implementation 2 (MM-1D)    1     0.000027      1.018385      0.000027      ok
Implementation 3 (MM-2D)    1     0.000020      1.400000      0.000020      ok
Implementation 1 (Serial)   4     0.000028      1.000000      0.000028      ok
Implementation 2 (MM-1D)    4     0.000163      0.171743      0.000652      ok
Implementation 3 (MM-2D)    4     0.000169      0.165680      0.000676      ok
Implementation 1 (Serial)   9     0.000028      1.000000      0.000028      ok
Implementation 2 (MM-1D)    9     0.000274      0.102225      0.002465      ok
Implementation 3 (MM-2D)    9     0.000288      0.097222      0.002592      ok

CSV written to: /home/pbclevidence/MPI-MM-algorithms/csvs/M6_N12_Q18.csv
SVG graph written to: /home/pbclevidence/MPI-MM-algorithms/graphs/M6_N12_Q18.svg
