/var/spool/slurm/slurmd/job17930/slurm_script: line 11: module: command not found
Running P= 1... done
Running P= 1... done
Running P= 1... done
Running P= 1... done
Running P= 1... done
Running P= 1... done
Running P= 1... done
Running P= 1... done
Running P= 1... done
Running P= 4... done
Running P= 4... done
Running P= 4... done
Running P= 4... done
Running P= 4... done
Running P= 4... done
Running P= 4... done
Running P= 4... done
Running P= 4... done
Running P= 9... done
Running P= 9... done

Implementation              P     Seconds       Speedup       Cost          Status
--------------------------------------------------------------------------------------
Implementation 1 (Serial)   1     0.000041      1.000000      0.000041      ok
Implementation 2 (MM-1D)    1     0.000034      1.189630      0.000034      ok
Implementation 3 (MM-2D)    1     0.000032      1.281250      0.000032      ok
Implementation 1 (Serial)   4     0.000032      1.000000      0.000032      ok
Implementation 2 (MM-1D)    4     0.000181      0.177150      0.000723      ok
Implementation 3 (MM-2D)    4     0.000186      0.172043      0.000744      ok
Implementation 1 (Serial)   9     0.000039      1.000000      0.000039      ok
Implementation 2 (MM-1D)    9     0.000273      0.142618      0.002461      ok
Implementation 3 (MM-2D)    9     0.000325      0.120000      0.002925      ok

CSV written to: /home/pbclevidence/MPI-MM-algorithms/csvs/M18_N18_Q6.csv
SVG graph written to: /home/pbclevidence/MPI-MM-algorithms/graphs/M18_N18_Q6.svg

Implementation              P     Seconds       Speedup       Cost          Status
--------------------------------------------------------------------------------------
Implementation 1 (Serial)   1     0.000041      1.000000      0.000041      ok
Implementation 2 (MM-1D)    1     0.000036      1.136764      0.000036      ok
Implementation 3 (MM-2D)    1     0.000024      1.708333      0.000024      ok
Implementation 1 (Serial)   4     0.000033      1.000000      0.000033      ok
Implementation 2 (MM-1D)    4     0.000167      0.197371      0.000669      ok
Implementation 3 (MM-2D)    4     0.000188      0.175532      0.000752      ok
Implementation 1 (Serial)   9     0.000036      1.000000      0.000036      ok
Implementation 2 (MM-1D)    9     0.000281      0.128124      0.002529      ok
Implementation 3 (MM-2D)    9     0.000337      0.106825      0.003033      ok

CSV written to: /home/pbclevidence/MPI-MM-algorithms/csvs/M18_N18_Q6.csv
SVG graph written to: /home/pbclevidence/MPI-MM-algorithms/graphs/M18_N18_Q6.svg
Running P= 9... done
Running P= 9... done

Implementation              P     Seconds       Speedup       Cost          Status
--------------------------------------------------------------------------------------
Implementation 1 (Serial)   1     0.000041      1.000000      0.000041      ok
Implementation 2 (MM-1D)    1     0.000034      1.223654      0.000034      ok
Implementation 3 (MM-2D)    1     0.000026      1.576923      0.000026      ok
Implementation 1 (Serial)   4     0.000036      1.000000      0.000036      ok
Implementation 2 (MM-1D)    4     0.000174      0.206910      0.000696      ok
Implementation 3 (MM-2D)    4     0.000189      0.190476      0.000756      ok
Implementation 1 (Serial)   9     0.000036      1.000000      0.000036      ok
Implementation 2 (MM-1D)    9     0.000284      0.126852      0.002554      ok
Implementation 3 (MM-2D)    9     0.000324      0.111111      0.002916      ok

CSV written to: /home/pbclevidence/MPI-MM-algorithms/csvs/M18_N18_Q6.csv
SVG graph written to: /home/pbclevidence/MPI-MM-algorithms/graphs/M18_N18_Q6.svg

Implementation              P     Seconds       Speedup       Cost          Status
--------------------------------------------------------------------------------------
Implementation 1 (Serial)   1     0.000041      1.000000      0.000041      ok
Implementation 2 (MM-1D)    1     0.000030      1.355609      0.000030      ok
Implementation 3 (MM-2D)    1     0.000032      1.281250      0.000032      ok
Implementation 1 (Serial)   4     0.000031      1.000000      0.000031      ok
Implementation 2 (MM-1D)    4     0.000173      0.178820      0.000693      ok
Implementation 3 (MM-2D)    4     0.000190      0.163158      0.000760      ok
Implementation 1 (Serial)   9     0.000036      1.000000      0.000036      ok
Implementation 2 (MM-1D)    9     0.000272      0.132186      0.002451      ok
Implementation 3 (MM-2D)    9     0.000336      0.107143      0.003024      ok

CSV written to: /home/pbclevidence/MPI-MM-algorithms/csvs/M18_N18_Q6.csv
SVG graph written to: /home/pbclevidence/MPI-MM-algorithms/graphs/M18_N18_Q6.svg
Running P= 9... done

Implementation              P     Seconds       Speedup       Cost          Status
--------------------------------------------------------------------------------------
Implementation 1 (Serial)   1     0.000041      1.000000      0.000041      ok
Implementation 2 (MM-1D)    1     0.000032      1.276968      0.000032      ok
Implementation 3 (MM-2D)    1     0.000024      1.708333      0.000024      ok
Implementation 1 (Serial)   4     0.000036      1.000000      0.000036      ok
Implementation 2 (MM-1D)    4     0.000165      0.218323      0.000660      ok
Implementation 3 (MM-2D)    4     0.000175      0.205714      0.000700      ok
Implementation 1 (Serial)   9     0.000035      1.000000      0.000035      ok
Implementation 2 (MM-1D)    9     0.000264      0.132429      0.002379      ok
Implementation 3 (MM-2D)    9     0.000341      0.102639      0.003069      ok

CSV written to: /home/pbclevidence/MPI-MM-algorithms/csvs/M18_N18_Q6.csv
SVG graph written to: /home/pbclevidence/MPI-MM-algorithms/graphs/M18_N18_Q6.svg
Running P= 9... done

Implementation              P     Seconds       Speedup       Cost          Status
--------------------------------------------------------------------------------------
Implementation 1 (Serial)   1     0.000041      1.000000      0.000041      ok
Implementation 2 (MM-1D)    1     0.000034      1.208206      0.000034      ok
Implementation 3 (MM-2D)    1     0.000024      1.708333      0.000024      ok
Implementation 1 (Serial)   4     0.000037      1.000000      0.000037      ok
Implementation 2 (MM-1D)    4     0.000177      0.208634      0.000709      ok
Implementation 3 (MM-2D)    4     0.000183      0.202186      0.000732      ok
Implementation 1 (Serial)   9     0.000035      1.000000      0.000035      ok
Implementation 2 (MM-1D)    9     0.000260      0.134465      0.002343      ok
Implementation 3 (MM-2D)    9     0.000333      0.105105      0.002997      ok

CSV written to: /home/pbclevidence/MPI-MM-algorithms/csvs/M18_N18_Q6.csv
SVG graph written to: /home/pbclevidence/MPI-MM-algorithms/graphs/M18_N18_Q6.svg
Running P= 9... done

Implementation              P     Seconds       Speedup       Cost          Status
--------------------------------------------------------------------------------------
Implementation 1 (Serial)   1     0.000041      1.000000      0.000041      ok
Implementation 2 (MM-1D)    1     0.000041      0.991116      0.000041      ok
Implementation 3 (MM-2D)    1     0.000026      1.576923      0.000026      ok
Implementation 1 (Serial)   4     0.000041      1.000000      0.000041      ok
Implementation 2 (MM-1D)    4     0.000164      0.249787      0.000657      ok
Implementation 3 (MM-2D)    4     0.000189      0.216931      0.000756      ok
Implementation 1 (Serial)   9     0.000035      1.000000      0.000035      ok
Implementation 2 (MM-1D)    9     0.000271      0.129115      0.002440      ok
Implementation 3 (MM-2D)    9     0.000323      0.108359      0.002907      ok

CSV written to: /home/pbclevidence/MPI-MM-algorithms/csvs/M18_N18_Q6.csv
SVG graph written to: /home/pbclevidence/MPI-MM-algorithms/graphs/M18_N18_Q6.svg
Running P= 9... done

Implementation              P     Seconds       Speedup       Cost          Status
--------------------------------------------------------------------------------------
Implementation 1 (Serial)   1     0.000041      1.000000      0.000041      ok
Implementation 2 (MM-1D)    1     0.000032      1.277187      0.000032      ok
Implementation 3 (MM-2D)    1     0.000027      1.518519      0.000027      ok
Implementation 1 (Serial)   4     0.000035      1.000000      0.000035      ok
Implementation 2 (MM-1D)    4     0.000176      0.198541      0.000705      ok
Implementation 3 (MM-2D)    4     0.000187      0.187166      0.000748      ok
Implementation 1 (Serial)   9     0.000036      1.000000      0.000036      ok
Implementation 2 (MM-1D)    9     0.000257      0.139945      0.002315      ok
Implementation 3 (MM-2D)    9     0.000330      0.109091      0.002970      ok

CSV written to: /home/pbclevidence/MPI-MM-algorithms/csvs/M18_N18_Q6.csv
SVG graph written to: /home/pbclevidence/MPI-MM-algorithms/graphs/M18_N18_Q6.svg
Running P= 9... done

Implementation              P     Seconds       Speedup       Cost          Status
--------------------------------------------------------------------------------------
Implementation 1 (Serial)   1     0.000041      1.000000      0.000041      ok
Implementation 2 (MM-1D)    1     0.000033      1.225391      0.000033      ok
Implementation 3 (MM-2D)    1     0.000033      1.242424      0.000033      ok
Implementation 1 (Serial)   4     0.000035      1.000000      0.000035      ok
Implementation 2 (MM-1D)    4     0.000182      0.191968      0.000729      ok
Implementation 3 (MM-2D)    4     0.000193      0.181347      0.000772      ok
Implementation 1 (Serial)   9     0.000039      1.000000      0.000039      ok
Implementation 2 (MM-1D)    9     0.000262      0.148764      0.002359      ok
Implementation 3 (MM-2D)    9     0.000320      0.121875      0.002880      ok

CSV written to: /home/pbclevidence/MPI-MM-algorithms/csvs/M18_N18_Q6.csv
SVG graph written to: /home/pbclevidence/MPI-MM-algorithms/graphs/M18_N18_Q6.svg
