/var/spool/slurm/slurmd/job17890/slurm_script: line 11: module: command not found
Running P= 1... done
Running P= 1... done
Running P= 1... done
Running P= 1... done
Running P= 1... done
Running P= 1... done
Running P= 1... done
Running P= 1... done
Running P= 1... done
Running P= 4... done
Running P= 4... done
Running P= 4... done
Running P= 4... done
Running P= 4... done
Running P= 4... done
Running P= 4... done
Running P= 4... done
Running P= 4... done
Running P= 9... done

Implementation              P     Seconds       Speedup       Cost          Status
--------------------------------------------------------------------------------------
Implementation 1 (Serial)   1     0.000005      1.000000      0.000005      ok
Implementation 2 (MM-1D)    1     0.000014      0.361724      0.000014      ok
Implementation 3 (MM-2D)    1     0.000007      0.714286      0.000007      ok
Implementation 1 (Serial)   4     0.000005      1.000000      0.000005      ok
Implementation 2 (MM-1D)    4     0.000158      0.031596      0.000633      ok
Implementation 3 (MM-2D)    4     0.000115      0.043478      0.000460      ok
Implementation 1 (Serial)   9     0.000004      1.000000      0.000004      ok
Implementation 2 (MM-1D)    9     0.000253      0.015813      0.002277      ok
Implementation 3 (MM-2D)    9     0.000229      0.017467      0.002061      ok

CSV written to: /home/pbclevidence/MPI-MM-algorithms/csvs/M6_N6_Q6.csv
SVG graph written to: /home/pbclevidence/MPI-MM-algorithms/graphs/M6_N6_Q6.svg
Running P= 9... done

Implementation              P     Seconds       Speedup       Cost          Status
--------------------------------------------------------------------------------------
Implementation 1 (Serial)   1     0.000005      1.000000      0.000005      ok
Implementation 2 (MM-1D)    1     0.000014      0.366040      0.000014      ok
Implementation 3 (MM-2D)    1     0.000006      0.833333      0.000006      ok
Implementation 1 (Serial)   4     0.000005      1.000000      0.000005      ok
Implementation 2 (MM-1D)    4     0.000156      0.031960      0.000626      ok
Implementation 3 (MM-2D)    4     0.000119      0.042017      0.000476      ok
Implementation 1 (Serial)   9     0.000005      1.000000      0.000005      ok
Implementation 2 (MM-1D)    9     0.000246      0.020302      0.002217      ok
Implementation 3 (MM-2D)    9     0.000235      0.021277      0.002115      ok

CSV written to: /home/pbclevidence/MPI-MM-algorithms/csvs/M6_N6_Q6.csv
SVG graph written to: /home/pbclevidence/MPI-MM-algorithms/graphs/M6_N6_Q6.svg
Running P= 9... done

Implementation              P     Seconds       Speedup       Cost          Status
--------------------------------------------------------------------------------------
Implementation 1 (Serial)   1     0.000005      1.000000      0.000005      ok
Implementation 2 (MM-1D)    1     0.000012      0.410576      0.000012      ok
Implementation 3 (MM-2D)    1     0.000007      0.714286      0.000007      ok
Implementation 1 (Serial)   4     0.000005      1.000000      0.000005      ok
Implementation 2 (MM-1D)    4     0.000145      0.034381      0.000582      ok
Implementation 3 (MM-2D)    4     0.000123      0.040650      0.000492      ok
Implementation 1 (Serial)   9     0.000005      1.000000      0.000005      ok
Implementation 2 (MM-1D)    9     0.000231      0.021664      0.002077      ok
Implementation 3 (MM-2D)    9     0.000223      0.022422      0.002007      ok

CSV written to: /home/pbclevidence/MPI-MM-algorithms/csvs/M6_N6_Q6.csv
SVG graph written to: /home/pbclevidence/MPI-MM-algorithms/graphs/M6_N6_Q6.svg
Running P= 9... done

Implementation              P     Seconds       Speedup       Cost          Status
--------------------------------------------------------------------------------------
Implementation 1 (Serial)   1     0.000005      1.000000      0.000005      ok
Implementation 2 (MM-1D)    1     0.000010      0.499136      0.000010      ok
Implementation 3 (MM-2D)    1     0.000006      0.833333      0.000006      ok
Implementation 1 (Serial)   4     0.000004      1.000000      0.000004      ok
Implementation 2 (MM-1D)    4     0.000152      0.026313      0.000608      ok
Implementation 3 (MM-2D)    4     0.000133      0.030075      0.000532      ok
Implementation 1 (Serial)   9     0.000005      1.000000      0.000005      ok
Implementation 2 (MM-1D)    9     0.000247      0.020249      0.002222      ok
Implementation 3 (MM-2D)    9     0.000233      0.021459      0.002097      ok

CSV written to: /home/pbclevidence/MPI-MM-algorithms/csvs/M6_N6_Q6.csv
SVG graph written to: /home/pbclevidence/MPI-MM-algorithms/graphs/M6_N6_Q6.svg
Running P= 9... done

Implementation              P     Seconds       Speedup       Cost          Status
--------------------------------------------------------------------------------------
Implementation 1 (Serial)   1     0.000005      1.000000      0.000005      ok
Implementation 2 (MM-1D)    1     0.000014      0.369211      0.000014      ok
Implementation 3 (MM-2D)    1     0.000008      0.625000      0.000008      ok
Implementation 1 (Serial)   4     0.000005      1.000000      0.000005      ok
Implementation 2 (MM-1D)    4     0.000147      0.034072      0.000587      ok
Implementation 3 (MM-2D)    4     0.000123      0.040650      0.000492      ok
Implementation 1 (Serial)   9     0.000005      1.000000      0.000005      ok
Implementation 2 (MM-1D)    9     0.000250      0.019966      0.002254      ok
Implementation 3 (MM-2D)    9     0.000247      0.020243      0.002223      ok

CSV written to: /home/pbclevidence/MPI-MM-algorithms/csvs/M6_N6_Q6.csv
SVG graph written to: /home/pbclevidence/MPI-MM-algorithms/graphs/M6_N6_Q6.svg
Running P= 9... done
Running P= 9... done

Implementation              P     Seconds       Speedup       Cost          Status
--------------------------------------------------------------------------------------
Implementation 1 (Serial)   1     0.000005      1.000000      0.000005      ok
Implementation 2 (MM-1D)    1     0.000013      0.379682      0.000013      ok
Implementation 3 (MM-2D)    1     0.000006      0.833333      0.000006      ok
Implementation 1 (Serial)   4     0.000005      1.000000      0.000005      ok
Implementation 2 (MM-1D)    4     0.000146      0.034167      0.000585      ok
Implementation 3 (MM-2D)    4     0.000122      0.040984      0.000488      ok
Implementation 1 (Serial)   9     0.000005      1.000000      0.000005      ok
Implementation 2 (MM-1D)    9     0.000237      0.021067      0.002136      ok
Implementation 3 (MM-2D)    9     0.000244      0.020492      0.002196      ok

CSV written to: /home/pbclevidence/MPI-MM-algorithms/csvs/M6_N6_Q6.csv
SVG graph written to: /home/pbclevidence/MPI-MM-algorithms/graphs/M6_N6_Q6.svg

Implementation              P     Seconds       Speedup       Cost          Status
--------------------------------------------------------------------------------------
Implementation 1 (Serial)   1     0.000007      1.000000      0.000007      ok
Implementation 2 (MM-1D)    1     0.000014      0.508263      0.000014      ok
Implementation 3 (MM-2D)    1     0.000008      0.875000      0.000008      ok
Implementation 1 (Serial)   4     0.000004      1.000000      0.000004      ok
Implementation 2 (MM-1D)    4     0.000158      0.025281      0.000633      ok
Implementation 3 (MM-2D)    4     0.000117      0.034188      0.000468      ok
Implementation 1 (Serial)   9     0.000005      1.000000      0.000005      ok
Implementation 2 (MM-1D)    9     0.000255      0.019606      0.002295      ok
Implementation 3 (MM-2D)    9     0.000226      0.022124      0.002034      ok

CSV written to: /home/pbclevidence/MPI-MM-algorithms/csvs/M6_N6_Q6.csv
SVG graph written to: /home/pbclevidence/MPI-MM-algorithms/graphs/M6_N6_Q6.svg
Running P= 9... done
Running P= 9... done

Implementation              P     Seconds       Speedup       Cost          Status
--------------------------------------------------------------------------------------
Implementation 1 (Serial)   1     0.000007      1.000000      0.000007      ok
Implementation 2 (MM-1D)    1     0.000014      0.500844      0.000014      ok
Implementation 3 (MM-2D)    1     0.000007      1.000000      0.000007      ok
Implementation 1 (Serial)   4     0.000005      1.000000      0.000005      ok
Implementation 2 (MM-1D)    4     0.000144      0.034737      0.000576      ok
Implementation 3 (MM-2D)    4     0.000122      0.040984      0.000488      ok
Implementation 1 (Serial)   9     0.000005      1.000000      0.000005      ok
Implementation 2 (MM-1D)    9     0.000237      0.021101      0.002133      ok
Implementation 3 (MM-2D)    9     0.000251      0.019920      0.002259      ok

CSV written to: /home/pbclevidence/MPI-MM-algorithms/csvs/M6_N6_Q6.csv
SVG graph written to: /home/pbclevidence/MPI-MM-algorithms/graphs/M6_N6_Q6.svg

Implementation              P     Seconds       Speedup       Cost          Status
--------------------------------------------------------------------------------------
Implementation 1 (Serial)   1     0.000005      1.000000      0.000005      ok
Implementation 2 (MM-1D)    1     0.000013      0.384826      0.000013      ok
Implementation 3 (MM-2D)    1     0.000006      0.833333      0.000006      ok
Implementation 1 (Serial)   4     0.000005      1.000000      0.000005      ok
Implementation 2 (MM-1D)    4     0.000151      0.033203      0.000602      ok
Implementation 3 (MM-2D)    4     0.000133      0.037594      0.000532      ok
Implementation 1 (Serial)   9     0.000005      1.000000      0.000005      ok
Implementation 2 (MM-1D)    9     0.000234      0.021331      0.002110      ok
Implementation 3 (MM-2D)    9     0.000239      0.020921      0.002151      ok

CSV written to: /home/pbclevidence/MPI-MM-algorithms/csvs/M6_N6_Q6.csv
SVG graph written to: /home/pbclevidence/MPI-MM-algorithms/graphs/M6_N6_Q6.svg
