Running P= 1... done
Running P= 4... done
Running P= 9... done
Running P= 16... done
Running P= 25... done

Implementation              P     Seconds       Speedup       Cost          Status
--------------------------------------------------------------------------------------
Implementation 1 (Serial)   1     21.800386     1.000000      21.800386     ok
Implementation 2 (MM-1D)    1     21.543500     1.011924      21.543500     ok
Implementation 3 (MM-2D)    1     21.529530     1.012581      21.529530     ok
Implementation 1 (Serial)   4     21.800386     1.000000      21.800386     ok
Implementation 2 (MM-1D)    4     5.795660      3.761502      23.182640     ok
Implementation 3 (MM-2D)    4     2.925948      7.450709      11.703792     ok
Implementation 1 (Serial)   9     21.800386     1.000000      21.800386     ok
Implementation 2 (MM-1D)    9     2.893660      7.533845      26.042940     ok
Implementation 3 (MM-2D)    9     1.830478      11.909668     16.474302     ok
Implementation 1 (Serial)   16    21.800386     1.000000      21.800386     ok
Implementation 2 (MM-1D)    16    1.919810      11.355491     30.716960     ok
Implementation 3 (MM-2D)    16    0.987513      22.076050     15.800208     ok
Implementation 1 (Serial)   25    21.800386     1.000000      21.800386     ok
Implementation 2 (MM-1D)    25    2.121960      10.273703     53.049000     ok
Implementation 3 (MM-2D)    25    1.255658      17.361723     31.391450     ok

CSV written to: /home/pbclevidence/MPI-MM-algorithms/csvs/M1200_N2400_Q2400.csv
SVG graph written to: /home/pbclevidence/MPI-MM-algorithms/graphs/M1200_N2400_Q2400.svg
