/var/spool/slurm/slurmd/job18375/slurm_script: line 11: module: command not found
Running P= 1... done
Running P= 1... done
Running P= 1... done
Running P= 1... done
Running P= 4... done

Implementation              P     Seconds       Speedup       Cost          Status
--------------------------------------------------------------------------------------
Implementation 1 (Serial)   1     0.000012      1.000000      0.000012      ok
Implementation 2 (MM-1D)    1     0.000034      0.351346      0.000034      ok
Implementation 3 (MM-2D)    1     0.000025      0.480000      0.000025      ok
Implementation 1 (Serial)   4     0.000012      1.000000      0.000012      ok
Implementation 2 (MM-1D)    4     0.000158      0.075731      0.000634      ok
Implementation 3 (MM-2D)    4     0.000221      0.054299      0.000884      ok

CSV written to: /home/pbclevidence/MPI-MM-algorithms/csvs/M6_N24_Q6.csv
SVG graph written to: /home/pbclevidence/MPI-MM-algorithms/graphs/M6_N24_Q6.svg
Running P= 4... done

Implementation              P     Seconds       Speedup       Cost          Status
--------------------------------------------------------------------------------------
Implementation 1 (Serial)   1     0.000012      1.000000      0.000012      ok
Implementation 2 (MM-1D)    1     0.000031      0.388955      0.000031      ok
Implementation 3 (MM-2D)    1     0.000016      0.750000      0.000016      ok
Implementation 1 (Serial)   4     0.000011      1.000000      0.000011      ok
Implementation 2 (MM-1D)    4     0.000231      0.047597      0.000924      ok
Implementation 3 (MM-2D)    4     0.000169      0.065089      0.000676      ok

CSV written to: /home/pbclevidence/MPI-MM-algorithms/csvs/M6_N24_Q6.csv
SVG graph written to: /home/pbclevidence/MPI-MM-algorithms/graphs/M6_N24_Q6.svg
Running P= 4... done

Implementation              P     Seconds       Speedup       Cost          Status
--------------------------------------------------------------------------------------
Implementation 1 (Serial)   1     0.000012      1.000000      0.000012      ok
Implementation 2 (MM-1D)    1     0.000028      0.427063      0.000028      ok
Implementation 3 (MM-2D)    1     0.000023      0.521739      0.000023      ok
Implementation 1 (Serial)   4     0.000012      1.000000      0.000012      ok
Implementation 2 (MM-1D)    4     0.000220      0.054641      0.000878      ok
Implementation 3 (MM-2D)    4     0.000221      0.054299      0.000884      ok

CSV written to: /home/pbclevidence/MPI-MM-algorithms/csvs/M6_N24_Q6.csv
SVG graph written to: /home/pbclevidence/MPI-MM-algorithms/graphs/M6_N24_Q6.svg
Running P= 4... done

Implementation              P     Seconds       Speedup       Cost          Status
--------------------------------------------------------------------------------------
Implementation 1 (Serial)   1     0.000012      1.000000      0.000012      ok
Implementation 2 (MM-1D)    1     0.000024      0.491678      0.000024      ok
Implementation 3 (MM-2D)    1     0.000017      0.705882      0.000017      ok
Implementation 1 (Serial)   4     0.000012      1.000000      0.000012      ok
Implementation 2 (MM-1D)    4     0.000236      0.050871      0.000944      ok
Implementation 3 (MM-2D)    4     0.000166      0.072289      0.000664      ok

CSV written to: /home/pbclevidence/MPI-MM-algorithms/csvs/M6_N24_Q6.csv
SVG graph written to: /home/pbclevidence/MPI-MM-algorithms/graphs/M6_N24_Q6.svg
