/var/spool/slurm/slurmd/job18369/slurm_script: line 11: module: command not found
Running P= 1... done
Running P= 1... done
Running P= 1... done
Running P= 1... done
Running P= 4... done

Implementation              P     Seconds       Speedup       Cost          Status
--------------------------------------------------------------------------------------
Implementation 1 (Serial)   1     0.000019      1.000000      0.000019      ok
Implementation 2 (MM-1D)    1     0.000039      0.482513      0.000039      ok
Implementation 3 (MM-2D)    1     0.000020      0.950000      0.000020      ok
Implementation 1 (Serial)   4     0.000019      1.000000      0.000019      ok
Implementation 2 (MM-1D)    4     0.000203      0.093425      0.000813      ok
Implementation 3 (MM-2D)    4     0.000191      0.099476      0.000764      ok

CSV written to: /home/pbclevidence/MPI-MM-algorithms/csvs/M6_N12_Q18.csv
SVG graph written to: /home/pbclevidence/MPI-MM-algorithms/graphs/M6_N12_Q18.svg
Running P= 4... done

Implementation              P     Seconds       Speedup       Cost          Status
--------------------------------------------------------------------------------------
Implementation 1 (Serial)   1     0.000019      1.000000      0.000019      ok
Implementation 2 (MM-1D)    1     0.000034      0.554860      0.000034      ok
Implementation 3 (MM-2D)    1     0.000019      1.000000      0.000019      ok
Implementation 1 (Serial)   4     0.000016      1.000000      0.000016      ok
Implementation 2 (MM-1D)    4     0.000236      0.067858      0.000943      ok
Implementation 3 (MM-2D)    4     0.000208      0.076923      0.000832      ok

CSV written to: /home/pbclevidence/MPI-MM-algorithms/csvs/M6_N12_Q18.csv
SVG graph written to: /home/pbclevidence/MPI-MM-algorithms/graphs/M6_N12_Q18.svg
Running P= 4... done

Implementation              P     Seconds       Speedup       Cost          Status
--------------------------------------------------------------------------------------
Implementation 1 (Serial)   1     0.000018      1.000000      0.000018      ok
Implementation 2 (MM-1D)    1     0.000036      0.501618      0.000036      ok
Implementation 3 (MM-2D)    1     0.000021      0.857143      0.000021      ok
Implementation 1 (Serial)   4     0.000019      1.000000      0.000019      ok
Implementation 2 (MM-1D)    4     0.000172      0.110161      0.000690      ok
Implementation 3 (MM-2D)    4     0.000206      0.092233      0.000824      ok

CSV written to: /home/pbclevidence/MPI-MM-algorithms/csvs/M6_N12_Q18.csv
SVG graph written to: /home/pbclevidence/MPI-MM-algorithms/graphs/M6_N12_Q18.svg
Running P= 4... done

Implementation              P     Seconds       Speedup       Cost          Status
--------------------------------------------------------------------------------------
Implementation 1 (Serial)   1     0.000019      1.000000      0.000019      ok
Implementation 2 (MM-1D)    1     0.000024      0.788784      0.000024      ok
Implementation 3 (MM-2D)    1     0.000018      1.055556      0.000018      ok
Implementation 1 (Serial)   4     0.000019      1.000000      0.000019      ok
Implementation 2 (MM-1D)    4     0.000226      0.084134      0.000903      ok
Implementation 3 (MM-2D)    4     0.000212      0.089623      0.000848      ok

CSV written to: /home/pbclevidence/MPI-MM-algorithms/csvs/M6_N12_Q18.csv
SVG graph written to: /home/pbclevidence/MPI-MM-algorithms/graphs/M6_N12_Q18.svg
