/var/spool/slurm/slurmd/job18421/slurm_script: line 11: module: command not found
Running P= 1... done
Running P= 1... done
Running P= 1... done
Running P= 1... done
Running P= 4... done

Implementation              P     Seconds       Speedup       Cost          Status
--------------------------------------------------------------------------------------
Implementation 1 (Serial)   1     0.000105      1.000000      0.000105      ok
Implementation 2 (MM-1D)    1     0.000122      0.860719      0.000122      ok
Implementation 3 (MM-2D)    1     0.000112      0.937500      0.000112      ok
Implementation 1 (Serial)   4     0.000101      1.000000      0.000101      ok
Implementation 2 (MM-1D)    4     0.000208      0.486693      0.000830      ok
Implementation 3 (MM-2D)    4     0.000246      0.410569      0.000984      ok

CSV written to: /home/pbclevidence/MPI-MM-algorithms/csvs/M24_N18_Q18.csv
SVG graph written to: /home/pbclevidence/MPI-MM-algorithms/graphs/M24_N18_Q18.svg
Running P= 4... done

Implementation              P     Seconds       Speedup       Cost          Status
--------------------------------------------------------------------------------------
Implementation 1 (Serial)   1     0.000105      1.000000      0.000105      ok
Implementation 2 (MM-1D)    1     0.000164      0.639044      0.000164      ok
Implementation 3 (MM-2D)    1     0.000092      1.141304      0.000092      ok
Implementation 1 (Serial)   4     0.000105      1.000000      0.000105      ok
Implementation 2 (MM-1D)    4     0.000234      0.448231      0.000937      ok
Implementation 3 (MM-2D)    4     0.000235      0.446809      0.000940      ok

CSV written to: /home/pbclevidence/MPI-MM-algorithms/csvs/M24_N18_Q18.csv
SVG graph written to: /home/pbclevidence/MPI-MM-algorithms/graphs/M24_N18_Q18.svg
Running P= 4... done
Running P= 4... done

Implementation              P     Seconds       Speedup       Cost          Status
--------------------------------------------------------------------------------------
Implementation 1 (Serial)   1     0.000110      1.000000      0.000110      ok
Implementation 2 (MM-1D)    1     0.000133      0.825101      0.000133      ok
Implementation 3 (MM-2D)    1     0.000087      1.264368      0.000087      ok
Implementation 1 (Serial)   4     0.000104      1.000000      0.000104      ok
Implementation 2 (MM-1D)    4     0.000207      0.501737      0.000829      ok
Implementation 3 (MM-2D)    4     0.000238      0.436975      0.000952      ok

CSV written to: /home/pbclevidence/MPI-MM-algorithms/csvs/M24_N18_Q18.csv
SVG graph written to: /home/pbclevidence/MPI-MM-algorithms/graphs/M24_N18_Q18.svg

Implementation              P     Seconds       Speedup       Cost          Status
--------------------------------------------------------------------------------------
Implementation 1 (Serial)   1     0.000105      1.000000      0.000105      ok
Implementation 2 (MM-1D)    1     0.000122      0.859641      0.000122      ok
Implementation 3 (MM-2D)    1     0.000093      1.129032      0.000093      ok
Implementation 1 (Serial)   4     0.000105      1.000000      0.000105      ok
Implementation 2 (MM-1D)    4     0.000225      0.466756      0.000900      ok
Implementation 3 (MM-2D)    4     0.000230      0.456522      0.000920      ok

CSV written to: /home/pbclevidence/MPI-MM-algorithms/csvs/M24_N18_Q18.csv
SVG graph written to: /home/pbclevidence/MPI-MM-algorithms/graphs/M24_N18_Q18.svg
