Running P= 1... done
Running P= 4... done
Running P= 9... done
Running P= 16... done
Running P= 25... done

Implementation              P     Seconds       Speedup       Cost          Status
--------------------------------------------------------------------------------------
Implementation 1 (Serial)   1     19.252379     1.000000      19.252379     ok
Implementation 2 (MM-1D)    1     18.442200     1.043931      18.442200     ok
Implementation 3 (MM-2D)    1     18.485613     1.041479      18.485613     ok
Implementation 1 (Serial)   4     19.252379     1.000000      19.252379     ok
Implementation 2 (MM-1D)    4     5.520950      3.487150      22.083800     ok
Implementation 3 (MM-2D)    4     2.947864      6.530959      11.791456     ok
Implementation 1 (Serial)   9     19.252379     1.000000      19.252379     ok
Implementation 2 (MM-1D)    9     2.731100      7.049313      24.579900     ok
Implementation 3 (MM-2D)    9     1.561433      12.329942     14.052897     ok
Implementation 1 (Serial)   16    19.252379     1.000000      19.252379     ok
Implementation 2 (MM-1D)    16    1.785390      10.783290     28.566240     ok
Implementation 3 (MM-2D)    16    1.032301      18.649966     16.516816     ok
Implementation 1 (Serial)   25    19.252379     1.000000      19.252379     ok
Implementation 2 (MM-1D)    25    2.167620      8.881805      54.190500     ok
Implementation 3 (MM-2D)    25    1.222006      15.754734     30.550150     ok

CSV written to: /home/pbclevidence/MPI-MM-algorithms/csvs/M3000_N1800_Q1800.csv
SVG graph written to: /home/pbclevidence/MPI-MM-algorithms/graphs/M3000_N1800_Q1800.svg
