/var/spool/slurm/slurmd/job18395/slurm_script: line 11: module: command not found
Running P= 1... done
Running P= 1... done
Running P= 1... done
Running P= 1... done
Running P= 4... done

Implementation              P     Seconds       Speedup       Cost          Status
--------------------------------------------------------------------------------------
Implementation 1 (Serial)   1     0.000011      1.000000      0.000011      ok
Implementation 2 (MM-1D)    1     0.000026      0.427430      0.000026      ok
Implementation 3 (MM-2D)    1     0.000016      0.687500      0.000016      ok
Implementation 1 (Serial)   4     0.000011      1.000000      0.000011      ok
Implementation 2 (MM-1D)    4     0.000169      0.065031      0.000677      ok
Implementation 3 (MM-2D)    4     0.000164      0.067073      0.000656      ok

CSV written to: /home/pbclevidence/MPI-MM-algorithms/csvs/M18_N6_Q6.csv
SVG graph written to: /home/pbclevidence/MPI-MM-algorithms/graphs/M18_N6_Q6.svg
Running P= 4... done

Implementation              P     Seconds       Speedup       Cost          Status
--------------------------------------------------------------------------------------
Implementation 1 (Serial)   1     0.000011      1.000000      0.000011      ok
Implementation 2 (MM-1D)    1     0.000026      0.423551      0.000026      ok
Implementation 3 (MM-2D)    1     0.000019      0.578947      0.000019      ok
Implementation 1 (Serial)   4     0.000011      1.000000      0.000011      ok
Implementation 2 (MM-1D)    4     0.000180      0.061142      0.000720      ok
Implementation 3 (MM-2D)    4     0.000210      0.052381      0.000840      ok

CSV written to: /home/pbclevidence/MPI-MM-algorithms/csvs/M18_N6_Q6.csv
SVG graph written to: /home/pbclevidence/MPI-MM-algorithms/graphs/M18_N6_Q6.svg
Running P= 4... done

Implementation              P     Seconds       Speedup       Cost          Status
--------------------------------------------------------------------------------------
Implementation 1 (Serial)   1     0.000015      1.000000      0.000015      ok
Implementation 2 (MM-1D)    1     0.000026      0.578920      0.000026      ok
Implementation 3 (MM-2D)    1     0.000020      0.750000      0.000020      ok
Implementation 1 (Serial)   4     0.000011      1.000000      0.000011      ok
Implementation 2 (MM-1D)    4     0.000183      0.059972      0.000734      ok
Implementation 3 (MM-2D)    4     0.000179      0.061453      0.000716      ok

CSV written to: /home/pbclevidence/MPI-MM-algorithms/csvs/M18_N6_Q6.csv
SVG graph written to: /home/pbclevidence/MPI-MM-algorithms/graphs/M18_N6_Q6.svg
Running P= 4... done

Implementation              P     Seconds       Speedup       Cost          Status
--------------------------------------------------------------------------------------
Implementation 1 (Serial)   1     0.000010      1.000000      0.000010      ok
Implementation 2 (MM-1D)    1     0.000028      0.358523      0.000028      ok
Implementation 3 (MM-2D)    1     0.000018      0.555556      0.000018      ok
Implementation 1 (Serial)   4     0.000010      1.000000      0.000010      ok
Implementation 2 (MM-1D)    4     0.000186      0.053654      0.000746      ok
Implementation 3 (MM-2D)    4     0.000167      0.059880      0.000668      ok

CSV written to: /home/pbclevidence/MPI-MM-algorithms/csvs/M18_N6_Q6.csv
SVG graph written to: /home/pbclevidence/MPI-MM-algorithms/graphs/M18_N6_Q6.svg
