/var/spool/slurm/slurmd/job18393/slurm_script: line 11: module: command not found
Running P= 1... done
Running P= 1... done
Running P= 1... done
Running P= 1... done
Running P= 4... done

Implementation              P     Seconds       Speedup       Cost          Status
--------------------------------------------------------------------------------------
Implementation 1 (Serial)   1     0.000067      1.000000      0.000067      ok
Implementation 2 (MM-1D)    1     0.000090      0.745986      0.000090      ok
Implementation 3 (MM-2D)    1     0.000079      0.848101      0.000079      ok
Implementation 1 (Serial)   4     0.000068      1.000000      0.000068      ok
Implementation 2 (MM-1D)    4     0.000203      0.334664      0.000813      ok
Implementation 3 (MM-2D)    4     0.000248      0.274194      0.000992      ok

CSV written to: /home/pbclevidence/MPI-MM-algorithms/csvs/M12_N24_Q18.csv
SVG graph written to: /home/pbclevidence/MPI-MM-algorithms/graphs/M12_N24_Q18.svg
Running P= 4... done
Running P= 4... done
Running P= 4... done

Implementation              P     Seconds       Speedup       Cost          Status
--------------------------------------------------------------------------------------
Implementation 1 (Serial)   1     0.000057      1.000000      0.000057      ok
Implementation 2 (MM-1D)    1     0.000091      0.627134      0.000091      ok
Implementation 3 (MM-2D)    1     0.000082      0.695122      0.000082      ok
Implementation 1 (Serial)   4     0.000063      1.000000      0.000063      ok
Implementation 2 (MM-1D)    4     0.000229      0.275498      0.000915      ok
Implementation 3 (MM-2D)    4     0.000243      0.259259      0.000972      ok

CSV written to: /home/pbclevidence/MPI-MM-algorithms/csvs/M12_N24_Q18.csv
SVG graph written to: /home/pbclevidence/MPI-MM-algorithms/graphs/M12_N24_Q18.svg

Implementation              P     Seconds       Speedup       Cost          Status
--------------------------------------------------------------------------------------
Implementation 1 (Serial)   1     0.000094      1.000000      0.000094      ok
Implementation 2 (MM-1D)    1     0.000071      1.333313      0.000071      ok
Implementation 3 (MM-2D)    1     0.000065      1.446154      0.000065      ok
Implementation 1 (Serial)   4     0.000057      1.000000      0.000057      ok
Implementation 2 (MM-1D)    4     0.000213      0.268109      0.000850      ok
Implementation 3 (MM-2D)    4     0.000254      0.224409      0.001016      ok

CSV written to: /home/pbclevidence/MPI-MM-algorithms/csvs/M12_N24_Q18.csv
SVG graph written to: /home/pbclevidence/MPI-MM-algorithms/graphs/M12_N24_Q18.svg

Implementation              P     Seconds       Speedup       Cost          Status
--------------------------------------------------------------------------------------
Implementation 1 (Serial)   1     0.000068      1.000000      0.000068      ok
Implementation 2 (MM-1D)    1     0.000093      0.730320      0.000093      ok
Implementation 3 (MM-2D)    1     0.000066      1.030303      0.000066      ok
Implementation 1 (Serial)   4     0.000068      1.000000      0.000068      ok
Implementation 2 (MM-1D)    4     0.000199      0.342518      0.000794      ok
Implementation 3 (MM-2D)    4     0.000240      0.283333      0.000960      ok

CSV written to: /home/pbclevidence/MPI-MM-algorithms/csvs/M12_N24_Q18.csv
SVG graph written to: /home/pbclevidence/MPI-MM-algorithms/graphs/M12_N24_Q18.svg
