Running P= 1... done
Running P= 4... done
Running P= 9... done
Running P= 16... done
Running P= 25... done

Implementation              P     Seconds       Speedup       Cost          Status
--------------------------------------------------------------------------------------
Implementation 1 (Serial)   1     28.799421     1.000000      28.799421     ok
Implementation 2 (MM-1D)    1     27.822000     1.035131      27.822000     ok
Implementation 3 (MM-2D)    1     27.792767     1.036220      27.792767     ok
Implementation 1 (Serial)   4     28.799421     1.000000      28.799421     ok
Implementation 2 (MM-1D)    4     7.392210      3.895915      29.568840     ok
Implementation 3 (MM-2D)    4     7.009718      4.108499      28.038872     ok
Implementation 1 (Serial)   9     28.799421     1.000000      28.799421     ok
Implementation 2 (MM-1D)    9     3.716620      7.748820      33.449580     ok
Implementation 3 (MM-2D)    9     3.520260      8.181049      31.682340     ok
Implementation 1 (Serial)   16    28.799421     1.000000      28.799421     ok
Implementation 2 (MM-1D)    16    2.523770      11.411270     40.380320     ok
Implementation 3 (MM-2D)    16    2.489996      11.566051     39.839936     ok
Implementation 1 (Serial)   25    28.799421     1.000000      28.799421     ok
Implementation 2 (MM-1D)    25    3.476580      8.283837      86.914500     ok
Implementation 3 (MM-2D)    25    2.116227      13.608852     52.905675     ok

CSV written to: /home/pbclevidence/MPI-MM-algorithms/csvs/M1800_N2400_Q3000.csv
SVG graph written to: /home/pbclevidence/MPI-MM-algorithms/graphs/M1800_N2400_Q3000.svg
