Running P= 1... done
Running P= 4... done
Running P= 9... done
Running P= 16... done
Running P= 25... done

Implementation              P     Seconds       Speedup       VsSerial      Cost          Status
----------------------------------------------------------------------------------------------------
Implementation 1 (Serial)   1     5.295621      1.000000      1.000000      5.295621      ok
Implementation 2 (MM-1D)    1     5.020440      1.000000      1.054812      5.020440      ok
Implementation 3 (MM-2D)    1     4.948725      1.000000      1.070098      4.948725      ok
Implementation 1 (Serial)   4     5.295621      1.000000      1.000000      5.295621      ok
Implementation 2 (MM-1D)    4     2.531070      1.983525      2.092246      10.124280     ok
Implementation 3 (MM-2D)    4     1.204490      4.108565      4.396567      4.817960      ok
Implementation 1 (Serial)   9     5.295621      1.000000      1.000000      5.295621      ok
Implementation 2 (MM-1D)    9     1.326010      3.786125      3.993651      11.934090     ok
Implementation 3 (MM-2D)    9     0.669139      7.395661      7.914082      6.022251      ok
Implementation 1 (Serial)   16    5.295621      1.000000      1.000000      5.295621      ok
Implementation 2 (MM-1D)    16    0.856070      5.864520      6.185967      13.697120     ok
Implementation 3 (MM-2D)    16    0.410978      12.041338     12.885412     6.575648      ok
Implementation 1 (Serial)   25    5.295621      1.000000      1.000000      5.295621      ok
Implementation 2 (MM-1D)    25    1.001760      5.011620      5.286317      25.044000     ok
Implementation 3 (MM-2D)    25    0.435511      11.363031     12.159557     10.887775     ok

CSV written to: /home/pbclevidence/MPI-MM-algorithms/csvs/M2400_N600_Q3000.csv
SVG graph written to: /home/pbclevidence/MPI-MM-algorithms/graphs/M2400_N600_Q3000.svg
