=== mpirun path ===
/apps/openmpi3/bin/mpirun
=== mpirun -np 4 test ===
cn21
cn21
cn21
cn21
=== starting benchmark ===
Running P= 1... done
Running P= 4... done
Running P= 9... done

Implementation              P     Seconds       Speedup       Cost          Status
--------------------------------------------------------------------------------------
Implementation 1 (Serial)   1     8.770758      1.000000      8.770758      ok
Implementation 2 (MM-1D)    1     17.480400     0.501748      17.480400     ok
Implementation 3 (MM-2D)    1     12.345698     0.710430      12.345698     ok
Implementation 1 (Serial)   4     8.715937      1.000000      8.715937      ok
Implementation 2 (MM-1D)    4     2.468680      3.530606      9.874720      ok
Implementation 3 (MM-2D)    4     5.950608      1.464714      23.802432     ok
Implementation 1 (Serial)   9     9.346286      1.000000      9.346286      ok
Implementation 2 (MM-1D)    9     1.338960      6.980258      12.050640     ok
Implementation 3 (MM-2D)    9     7.217863      1.294883      64.960767     ok

CSV written to: /home/pbclevidence/MPI-MM-algorithms/csvs/M1200_N1200_Q600.csv
SVG graph written to: /home/pbclevidence/MPI-MM-algorithms/graphs/M1200_N1200_Q600.svg
