Running P= 1... done
Running P= 4... done
Running P= 9... done
Running P= 16... done
Running P= 25... done

Implementation              P     Seconds       Speedup       Cost          Status
--------------------------------------------------------------------------------------
Implementation 1 (Serial)   1     28.844803     1.000000      28.844803     ok
Implementation 2 (MM-1D)    1     28.002600     1.030076      28.002600     ok
Implementation 3 (MM-2D)    1     27.896173     1.034006      27.896173     ok
Implementation 1 (Serial)   4     28.844803     1.000000      28.844803     ok
Implementation 2 (MM-1D)    4     7.395350      3.900397      29.581400     ok
Implementation 3 (MM-2D)    4     5.192046      5.555575      20.768184     ok
Implementation 1 (Serial)   9     28.844803     1.000000      28.844803     ok
Implementation 2 (MM-1D)    9     3.758950      7.673633      33.830550     ok
Implementation 3 (MM-2D)    9     3.082535      9.357494      27.742815     ok
Implementation 1 (Serial)   16    28.844803     1.000000      28.844803     ok
Implementation 2 (MM-1D)    16    2.422610      11.906499     38.761760     ok
Implementation 3 (MM-2D)    16    1.862873      15.484042     29.805968     ok
Implementation 1 (Serial)   25    28.844803     1.000000      28.844803     ok
Implementation 2 (MM-1D)    25    3.098920      9.308018      77.473000     ok
Implementation 3 (MM-2D)    25    1.849539      15.595672     46.238475     ok

CSV written to: /home/pbclevidence/MPI-MM-algorithms/csvs/M2400_N1800_Q3000.csv
SVG graph written to: /home/pbclevidence/MPI-MM-algorithms/graphs/M2400_N1800_Q3000.svg
