Running P= 1... done
Running P= 4... done
Running P= 9... done
Running P= 16... done
Running P= 25... done

Implementation              P     Seconds       Speedup       Cost          Status
--------------------------------------------------------------------------------------
Implementation 1 (Serial)   1     283.776782    1.000000      283.776782    ok
Implementation 2 (MM-1D)    1     190.500000    1.489642      190.500000    ok
Implementation 3 (MM-2D)    1     217.923935    1.302183      217.923935    ok
Implementation 1 (Serial)   4     243.175989    1.000000      243.175989    ok
Implementation 2 (MM-1D)    4     56.507100     4.303459      226.028400    ok
Implementation 3 (MM-2D)    4     112.965062    2.152665      451.860248    ok
Implementation 1 (Serial)   9     244.088355    1.000000      244.088355    ok
Implementation 2 (MM-1D)    9     42.590400     5.731065      383.313600    ok
Implementation 3 (MM-2D)    9     88.027703     2.772858      792.249327    ok
Implementation 1 (Serial)   16    240.102633    1.000000      240.102633    ok
Implementation 2 (MM-1D)    16    41.060500     5.847533      656.968000    ok
Implementation 3 (MM-2D)    16    169.004753    1.420686      2704.076048   ok
Implementation 1 (Serial)   25    244.030986    1.000000      244.030986    ok
Implementation 2 (MM-1D)    25    8.897590      27.426639     222.439750    ok
Implementation 3 (MM-2D)    25    224.214007    1.088384      5605.350175   ok

CSV written to: /home/pbclevidence/MPI-MM-algorithms/csvs/M1800_N1800_Q2400.csv
SVG graph written to: /home/pbclevidence/MPI-MM-algorithms/graphs/M1800_N1800_Q2400.svg
