Running P= 1... done
Running P= 4... done
Running P= 9... done
Running P= 16... done
Running P= 25... done

Implementation              P     Seconds       Speedup       Cost          Status
--------------------------------------------------------------------------------------
Implementation 1 (Serial)   1     175.468321    1.000000      175.468321    ok
Implementation 2 (MM-1D)    1     121.326000    1.446255      121.326000    ok
Implementation 3 (MM-2D)    1     121.159125    1.448247      121.159125    ok
Implementation 1 (Serial)   4     134.461573    1.000000      134.461573    ok
Implementation 2 (MM-1D)    4     46.501700     2.891541      186.006800    ok
Implementation 3 (MM-2D)    4     60.273145     2.230870      241.092580    ok
Implementation 1 (Serial)   9     134.164633    1.000000      134.164633    ok
Implementation 2 (MM-1D)    9     38.113400     3.520143      343.020600    ok
Implementation 3 (MM-2D)    9     47.146292     2.845709      424.316628    ok
Implementation 1 (Serial)   16    134.637914    1.000000      134.637914    ok
Implementation 2 (MM-1D)    16    5.000530      26.924729     80.008480     ok
Implementation 3 (MM-2D)    16    70.028019     1.922629      1120.448304   ok
Implementation 1 (Serial)   25    164.252017    1.000000      164.252017    ok
Implementation 2 (MM-1D)    25    5.197820      31.600174     129.945500    ok
Implementation 3 (MM-2D)    25    119.975777    1.369043      2999.394425   ok

CSV written to: /home/pbclevidence/MPI-MM-algorithms/csvs/M1200_N1800_Q2400.csv
SVG graph written to: /home/pbclevidence/MPI-MM-algorithms/graphs/M1200_N1800_Q2400.svg
