Running P= 1... done
Running P= 4... done
Running P= 9... done
Running P= 16... done
Running P= 25... done

Implementation              P     Seconds       Speedup       Cost          Status
--------------------------------------------------------------------------------------
Implementation 1 (Serial)   1     4.257125      1.000000      4.257125      ok
Implementation 2 (MM-1D)    1     3.328850      1.278858      3.328850      ok
Implementation 3 (MM-2D)    1     3.353035      1.269633      3.353035      ok
Implementation 1 (Serial)   4     4.255397      1.000000      4.255397      ok
Implementation 2 (MM-1D)    4     0.900177      4.727289      3.600708      ok
Implementation 3 (MM-2D)    4     2.650584      1.605456      10.602336     ok
Implementation 1 (Serial)   9     4.254598      1.000000      4.254598      ok
Implementation 2 (MM-1D)    9     0.608648      6.990244      5.477832      ok
Implementation 3 (MM-2D)    9     2.861452      1.486867      25.753068     ok
Implementation 1 (Serial)   16    4.257198      1.000000      4.257198      ok
Implementation 2 (MM-1D)    16    0.397927      10.698440     6.366832      ok
Implementation 3 (MM-2D)    16    3.388036      1.256539      54.208576     ok
Implementation 1 (Serial)   25    4.222542      1.000000      4.222542      ok
Implementation 2 (MM-1D)    25    0.421742      10.012145     10.543550     ok
Implementation 3 (MM-2D)    25    2.926342      1.442942      73.158550     ok

CSV written to: /home/pbclevidence/MPI-MM-algorithms/csvs/M600_N1200_Q600.csv
SVG graph written to: /home/pbclevidence/MPI-MM-algorithms/graphs/M600_N1200_Q600.svg
