/var/spool/slurm/slurmd/job17925/slurm_script: line 11: module: command not found
Running P= 1... done
Running P= 1... done
Running P= 1... done
Running P= 1... done
Running P= 1... done
Running P= 1... done
Running P= 1... done
Running P= 1... done
Running P= 1... done
Running P= 4... done
Running P= 4... done
Running P= 4... done
Running P= 4... done
Running P= 4... done
Running P= 4... done
Running P= 4... done
Running P= 4... done
Running P= 4... done
Running P= 9... done

Implementation              P     Seconds       Speedup       Cost          Status
--------------------------------------------------------------------------------------
Implementation 1 (Serial)   1     0.000053      1.000000      0.000053      ok
Implementation 2 (MM-1D)    1     0.000051      1.038359      0.000051      ok
Implementation 3 (MM-2D)    1     0.000036      1.472222      0.000036      ok
Implementation 1 (Serial)   4     0.000050      1.000000      0.000050      ok
Implementation 2 (MM-1D)    4     0.000179      0.279166      0.000716      ok
Implementation 3 (MM-2D)    4     0.000187      0.267380      0.000748      ok
Implementation 1 (Serial)   9     0.000048      1.000000      0.000048      ok
Implementation 2 (MM-1D)    9     0.000299      0.160376      0.002694      ok
Implementation 3 (MM-2D)    9     0.000339      0.141593      0.003051      ok

CSV written to: /home/pbclevidence/MPI-MM-algorithms/csvs/M18_N6_Q24.csv
SVG graph written to: /home/pbclevidence/MPI-MM-algorithms/graphs/M18_N6_Q24.svg
Running P= 9... done

Implementation              P     Seconds       Speedup       Cost          Status
--------------------------------------------------------------------------------------
Implementation 1 (Serial)   1     0.000076      1.000000      0.000076      ok
Implementation 2 (MM-1D)    1     0.000054      1.409158      0.000054      ok
Implementation 3 (MM-2D)    1     0.000040      1.900000      0.000040      ok
Implementation 1 (Serial)   4     0.000043      1.000000      0.000043      ok
Implementation 2 (MM-1D)    4     0.000189      0.227923      0.000755      ok
Implementation 3 (MM-2D)    4     0.000186      0.231183      0.000744      ok
Implementation 1 (Serial)   9     0.000048      1.000000      0.000048      ok
Implementation 2 (MM-1D)    9     0.000281      0.170625      0.002532      ok
Implementation 3 (MM-2D)    9     0.000328      0.146341      0.002952      ok

CSV written to: /home/pbclevidence/MPI-MM-algorithms/csvs/M18_N6_Q24.csv
SVG graph written to: /home/pbclevidence/MPI-MM-algorithms/graphs/M18_N6_Q24.svg
Running P= 9... done

Implementation              P     Seconds       Speedup       Cost          Status
--------------------------------------------------------------------------------------
Implementation 1 (Serial)   1     0.000055      1.000000      0.000055      ok
Implementation 2 (MM-1D)    1     0.000046      1.187195      0.000046      ok
Implementation 3 (MM-2D)    1     0.000038      1.447368      0.000038      ok
Implementation 1 (Serial)   4     0.000050      1.000000      0.000050      ok
Implementation 2 (MM-1D)    4     0.000185      0.270761      0.000739      ok
Implementation 3 (MM-2D)    4     0.000186      0.268817      0.000744      ok
Implementation 1 (Serial)   9     0.000053      1.000000      0.000053      ok
Implementation 2 (MM-1D)    9     0.000277      0.191504      0.002491      ok
Implementation 3 (MM-2D)    9     0.000336      0.157738      0.003024      ok

CSV written to: /home/pbclevidence/MPI-MM-algorithms/csvs/M18_N6_Q24.csv
SVG graph written to: /home/pbclevidence/MPI-MM-algorithms/graphs/M18_N6_Q24.svg
Running P= 9... done
Running P= 9... done

Implementation              P     Seconds       Speedup       Cost          Status
--------------------------------------------------------------------------------------
Implementation 1 (Serial)   1     0.000053      1.000000      0.000053      ok
Implementation 2 (MM-1D)    1     0.000048      1.113492      0.000048      ok
Implementation 3 (MM-2D)    1     0.000033      1.606061      0.000033      ok
Implementation 1 (Serial)   4     0.000050      1.000000      0.000050      ok
Implementation 2 (MM-1D)    4     0.000192      0.260109      0.000769      ok
Implementation 3 (MM-2D)    4     0.000184      0.271739      0.000736      ok
Implementation 1 (Serial)   9     0.000047      1.000000      0.000047      ok
Implementation 2 (MM-1D)    9     0.000304      0.154522      0.002737      ok
Implementation 3 (MM-2D)    9     0.000339      0.138643      0.003051      ok

CSV written to: /home/pbclevidence/MPI-MM-algorithms/csvs/M18_N6_Q24.csv
SVG graph written to: /home/pbclevidence/MPI-MM-algorithms/graphs/M18_N6_Q24.svg

Implementation              P     Seconds       Speedup       Cost          Status
--------------------------------------------------------------------------------------
Implementation 1 (Serial)   1     0.000075      1.000000      0.000075      ok
Implementation 2 (MM-1D)    1     0.000053      1.403609      0.000053      ok
Implementation 3 (MM-2D)    1     0.000035      2.142857      0.000035      ok
Implementation 1 (Serial)   4     0.000048      1.000000      0.000048      ok
Implementation 2 (MM-1D)    4     0.000178      0.269587      0.000712      ok
Implementation 3 (MM-2D)    4     0.000176      0.272727      0.000704      ok
Implementation 1 (Serial)   9     0.000047      1.000000      0.000047      ok
Implementation 2 (MM-1D)    9     0.000284      0.165279      0.002559      ok
Implementation 3 (MM-2D)    9     0.000358      0.131285      0.003222      ok

CSV written to: /home/pbclevidence/MPI-MM-algorithms/csvs/M18_N6_Q24.csv
SVG graph written to: /home/pbclevidence/MPI-MM-algorithms/graphs/M18_N6_Q24.svg
Running P= 9... done
Running P= 9... done

Implementation              P     Seconds       Speedup       Cost          Status
--------------------------------------------------------------------------------------
Implementation 1 (Serial)   1     0.000078      1.000000      0.000078      ok
Implementation 2 (MM-1D)    1     0.000052      1.503139      0.000052      ok
Implementation 3 (MM-2D)    1     0.000034      2.294118      0.000034      ok
Implementation 1 (Serial)   4     0.000043      1.000000      0.000043      ok
Implementation 2 (MM-1D)    4     0.000190      0.226144      0.000761      ok
Implementation 3 (MM-2D)    4     0.000190      0.226316      0.000760      ok
Implementation 1 (Serial)   9     0.000053      1.000000      0.000053      ok
Implementation 2 (MM-1D)    9     0.000280      0.189418      0.002518      ok
Implementation 3 (MM-2D)    9     0.000334      0.158683      0.003006      ok

CSV written to: /home/pbclevidence/MPI-MM-algorithms/csvs/M18_N6_Q24.csv
SVG graph written to: /home/pbclevidence/MPI-MM-algorithms/graphs/M18_N6_Q24.svg

Implementation              P     Seconds       Speedup       Cost          Status
--------------------------------------------------------------------------------------
Implementation 1 (Serial)   1     0.000075      1.000000      0.000075      ok
Implementation 2 (MM-1D)    1     0.000054      1.386834      0.000054      ok
Implementation 3 (MM-2D)    1     0.000031      2.419355      0.000031      ok
Implementation 1 (Serial)   4     0.000049      1.000000      0.000049      ok
Implementation 2 (MM-1D)    4     0.000177      0.276833      0.000708      ok
Implementation 3 (MM-2D)    4     0.000187      0.262032      0.000748      ok
Implementation 1 (Serial)   9     0.000048      1.000000      0.000048      ok
Implementation 2 (MM-1D)    9     0.000274      0.175124      0.002467      ok
Implementation 3 (MM-2D)    9     0.000344      0.139535      0.003096      ok

CSV written to: /home/pbclevidence/MPI-MM-algorithms/csvs/M18_N6_Q24.csv
SVG graph written to: /home/pbclevidence/MPI-MM-algorithms/graphs/M18_N6_Q24.svg
Running P= 9... done

Implementation              P     Seconds       Speedup       Cost          Status
--------------------------------------------------------------------------------------
Implementation 1 (Serial)   1     0.000053      1.000000      0.000053      ok
Implementation 2 (MM-1D)    1     0.000054      0.982974      0.000054      ok
Implementation 3 (MM-2D)    1     0.000039      1.358974      0.000039      ok
Implementation 1 (Serial)   4     0.000048      1.000000      0.000048      ok
Implementation 2 (MM-1D)    4     0.000167      0.288120      0.000666      ok
Implementation 3 (MM-2D)    4     0.000198      0.242424      0.000792      ok
Implementation 1 (Serial)   9     0.000053      1.000000      0.000053      ok
Implementation 2 (MM-1D)    9     0.000296      0.179158      0.002662      ok
Implementation 3 (MM-2D)    9     0.000319      0.166144      0.002871      ok

CSV written to: /home/pbclevidence/MPI-MM-algorithms/csvs/M18_N6_Q24.csv
SVG graph written to: /home/pbclevidence/MPI-MM-algorithms/graphs/M18_N6_Q24.svg
Running P= 9... done

Implementation              P     Seconds       Speedup       Cost          Status
--------------------------------------------------------------------------------------
Implementation 1 (Serial)   1     0.000076      1.000000      0.000076      ok
Implementation 2 (MM-1D)    1     0.000041      1.857010      0.000041      ok
Implementation 3 (MM-2D)    1     0.000032      2.375000      0.000032      ok
Implementation 1 (Serial)   4     0.000046      1.000000      0.000046      ok
Implementation 2 (MM-1D)    4     0.000181      0.253839      0.000725      ok
Implementation 3 (MM-2D)    4     0.000197      0.233503      0.000788      ok
Implementation 1 (Serial)   9     0.000050      1.000000      0.000050      ok
Implementation 2 (MM-1D)    9     0.000299      0.167435      0.002688      ok
Implementation 3 (MM-2D)    9     0.000336      0.148810      0.003024      ok

CSV written to: /home/pbclevidence/MPI-MM-algorithms/csvs/M18_N6_Q24.csv
SVG graph written to: /home/pbclevidence/MPI-MM-algorithms/graphs/M18_N6_Q24.svg
