Running P= 1... done
Running P= 4... done
Running P= 9... done
Running P= 16... done
Running P= 25... done

Implementation              P     Seconds       Speedup       VsSerial      Cost          Status
----------------------------------------------------------------------------------------------------
Implementation 1 (Serial)   1     56.123702     1.000000      1.000000      56.123702     ok
Implementation 2 (MM-1D)    1     56.177500     1.000000      0.999042      56.177500     ok
Implementation 3 (MM-2D)    1     56.243329     1.000000      0.997873      56.243329     ok
Implementation 1 (Serial)   4     56.123702     1.000000      1.000000      56.123702     ok
Implementation 2 (MM-1D)    4     14.955100     3.756411      3.752814      59.820400     ok
Implementation 3 (MM-2D)    4     5.976524      9.410709      9.390693      23.906096     ok
Implementation 1 (Serial)   9     56.123702     1.000000      1.000000      56.123702     ok
Implementation 2 (MM-1D)    9     7.333010      7.660906      7.653570      65.997090     ok
Implementation 3 (MM-2D)    9     3.678659      15.289085     15.256566     33.107931     ok
Implementation 1 (Serial)   16    56.123702     1.000000      1.000000      56.123702     ok
Implementation 2 (MM-1D)    16    4.644470      12.095567     12.083984     74.311520     ok
Implementation 3 (MM-2D)    16    1.968818      28.567053     28.506293     31.501088     ok
Implementation 1 (Serial)   25    56.123702     1.000000      1.000000      56.123702     ok
Implementation 2 (MM-1D)    25    4.925420      11.405626     11.394704     123.135500    ok
Implementation 3 (MM-2D)    25    2.275855      24.713055     24.660491     56.896375     ok

CSV written to: /home/pbclevidence/MPI-MM-algorithms/csvs/M4200_N1800_Q2400.csv
SVG graph written to: /home/pbclevidence/MPI-MM-algorithms/graphs/M4200_N1800_Q2400.svg
