=== mpirun path ===
/apps/openmpi3/bin/mpirun
=== mpirun -np 4 test ===
cn24
cn24
cn24
cn24
=== starting benchmark ===
Running P= 1... done
Running P= 4... done
Running P= 9... done

Implementation              P     Seconds       Speedup       Cost          Status
--------------------------------------------------------------------------------------
Implementation 1 (Serial)   1     4.975167      1.000000      4.975167      ok
Implementation 2 (MM-1D)    1     10.392600     0.478722      10.392600     ok
Implementation 3 (MM-2D)    1     6.667017      0.746236      6.667017      ok
Implementation 1 (Serial)   4     4.860862      1.000000      4.860862      ok
Implementation 2 (MM-1D)    4     1.151340      4.221917      4.605360      ok
Implementation 3 (MM-2D)    4     3.203226      1.517490      12.812904     ok
Implementation 1 (Serial)   9     4.844561      1.000000      4.844561      ok
Implementation 2 (MM-1D)    9     0.659534      7.345430      5.935806      ok
Implementation 3 (MM-2D)    9     3.986613      1.215207      35.879517     ok

CSV written to: /home/pbclevidence/MPI-MM-algorithms/csvs/M600_N1200_Q600.csv
SVG graph written to: /home/pbclevidence/MPI-MM-algorithms/graphs/M600_N1200_Q600.svg
