Running P= 1... done
Running P= 4... done
Running P= 9... done
Running P= 16... done
Running P= 25... done

Implementation              P     Seconds       Speedup       Cost          Status
--------------------------------------------------------------------------------------
Implementation 1 (Serial)   1     82.000216     1.000000      82.000216     ok
Implementation 2 (MM-1D)    1     66.889300     1.225909      66.889300     ok
Implementation 3 (MM-2D)    1     66.659594     1.230134      66.659594     ok
Implementation 1 (Serial)   4     82.041982     1.000000      82.041982     ok
Implementation 2 (MM-1D)    4     17.833400     4.600468      71.333600     ok
Implementation 3 (MM-2D)    4     38.590312     2.125974      154.361248    ok
Implementation 1 (Serial)   9     81.959392     1.000000      81.959392     ok
Implementation 2 (MM-1D)    9     8.960690      9.146549      80.646210     ok
Implementation 3 (MM-2D)    9     42.669037     1.920817      384.021333    ok
Implementation 1 (Serial)   16    81.953436     1.000000      81.953436     ok
Implementation 2 (MM-1D)    16    5.448150      15.042434     87.170400     ok
Implementation 3 (MM-2D)    16    52.805795     1.551978      844.892720    ok
Implementation 1 (Serial)   25    81.967860     1.000000      81.967860     ok
Implementation 2 (MM-1D)    25    5.600230      14.636517     140.005750    ok
Implementation 3 (MM-2D)    25    71.448159     1.147235      1786.203975   ok

CSV written to: /home/pbclevidence/MPI-MM-algorithms/csvs/M1200_N1800_Q3000.csv
SVG graph written to: /home/pbclevidence/MPI-MM-algorithms/graphs/M1200_N1800_Q3000.svg
