Running P= 1... done
Running P= 4... done
Running P= 9... done
Running P= 16... done
Running P= 25... done

Implementation              P     Seconds       Speedup       Cost          Status
--------------------------------------------------------------------------------------
Implementation 1 (Serial)   1     39.222897     1.000000      39.222897     ok
Implementation 2 (MM-1D)    1     6.645170      5.902467      6.645170      ok
Implementation 3 (MM-2D)    1     6.689452      5.863395      6.689452      ok
Implementation 1 (Serial)   4     8.505812      1.000000      8.505812      ok
Implementation 2 (MM-1D)    4     1.779600      4.779620      7.118400      ok
Implementation 3 (MM-2D)    4     35.304252     0.240929      141.217008    ok
Implementation 1 (Serial)   9     8.506272      1.000000      8.506272      ok
Implementation 2 (MM-1D)    9     1.184980      7.178410      10.664820     ok
Implementation 3 (MM-2D)    9     5.695872      1.493410      51.262848     ok
Implementation 1 (Serial)   16    38.585824     1.000000      38.585824     ok
Implementation 2 (MM-1D)    16    0.769867      50.120117     12.317872     ok
Implementation 3 (MM-2D)    16    6.749278      5.717030      107.988448    ok
Implementation 1 (Serial)   25    8.517086      1.000000      8.517086      ok
Implementation 2 (MM-1D)    25    0.767663      11.094824     19.191575     ok
Implementation 3 (MM-2D)    25    37.579278     0.226643      939.481950    ok

CSV written to: /home/pbclevidence/MPI-MM-algorithms/csvs/M1200_N1200_Q600.csv
SVG graph written to: /home/pbclevidence/MPI-MM-algorithms/graphs/M1200_N1200_Q600.svg
