Running P= 1... done
Running P= 4... done
Running P= 9... done
Running P= 16... done
Running P= 25... done

Implementation              P     Seconds       Speedup       Cost          Status
--------------------------------------------------------------------------------------
Implementation 1 (Serial)   1     7.425986      1.000000      7.425986      ok
Implementation 2 (MM-1D)    1     6.944500      1.069333      6.944500      ok
Implementation 3 (MM-2D)    1     6.945550      1.069172      6.945550      ok
Implementation 1 (Serial)   4     7.425986      1.000000      7.425986      ok
Implementation 2 (MM-1D)    4     1.878660      3.952810      7.514640      ok
Implementation 3 (MM-2D)    4     1.410532      5.264670      5.642128      ok
Implementation 1 (Serial)   9     7.425986      1.000000      7.425986      ok
Implementation 2 (MM-1D)    9     1.039920      7.140920      9.359280      ok
Implementation 3 (MM-2D)    9     0.793508      9.358426      7.141572      ok
Implementation 1 (Serial)   16    7.425986      1.000000      7.425986      ok
Implementation 2 (MM-1D)    16    0.795704      9.332599      12.731264     ok
Implementation 3 (MM-2D)    16    0.534420      13.895412     8.550720      ok
Implementation 1 (Serial)   25    7.425986      1.000000      7.425986      ok
Implementation 2 (MM-1D)    25    1.144800      6.486710      28.620000     ok
Implementation 3 (MM-2D)    25    0.535032      13.879517     13.375800     ok

CSV written to: /home/pbclevidence/MPI-MM-algorithms/csvs/M600_N3000_Q1800.csv
SVG graph written to: /home/pbclevidence/MPI-MM-algorithms/graphs/M600_N3000_Q1800.svg
