=== mpirun path ===
/apps/openmpi3/bin/mpirun
=== mpirun -np 4 test ===
cn24
cn24
cn24
cn24
=== starting benchmark ===
Running P= 1... done
Running P= 4... done
Running P= 9... done

Implementation              P     Seconds       Speedup       Cost          Status
--------------------------------------------------------------------------------------
Implementation 1 (Serial)   1     5.067126      1.000000      5.067126      ok
Implementation 2 (MM-1D)    1     9.230180      0.548974      9.230180      ok
Implementation 3 (MM-2D)    1     6.378567      0.794399      6.378567      ok
Implementation 1 (Serial)   4     4.889206      1.000000      4.889206      ok
Implementation 2 (MM-1D)    4     1.168580      4.183886      4.674320      ok
Implementation 3 (MM-2D)    4     3.098619      1.577866      12.394476     ok
Implementation 1 (Serial)   9     4.817733      1.000000      4.817733      ok
Implementation 2 (MM-1D)    9     0.707634      6.808227      6.368706      ok
Implementation 3 (MM-2D)    9     4.020851      1.198187      36.187659     ok

CSV written to: /home/pbclevidence/MPI-MM-algorithms/csvs/M600_N600_Q1200.csv
SVG graph written to: /home/pbclevidence/MPI-MM-algorithms/graphs/M600_N600_Q1200.svg
