/var/spool/slurm/slurmd/job18370/slurm_script: line 11: module: command not found
Running P= 1... done
Running P= 1... done
Running P= 1... done
Running P= 1... done
Running P= 4... done

Implementation              P     Seconds       Speedup       Cost          Status
--------------------------------------------------------------------------------------
Implementation 1 (Serial)   1     0.000025      1.000000      0.000025      ok
Implementation 2 (MM-1D)    1     0.000042      0.600500      0.000042      ok
Implementation 3 (MM-2D)    1     0.000033      0.757576      0.000033      ok
Implementation 1 (Serial)   4     0.000021      1.000000      0.000021      ok
Implementation 2 (MM-1D)    4     0.000202      0.104110      0.000807      ok
Implementation 3 (MM-2D)    4     0.000201      0.104478      0.000804      ok

CSV written to: /home/pbclevidence/MPI-MM-algorithms/csvs/M6_N12_Q24.csv
SVG graph written to: /home/pbclevidence/MPI-MM-algorithms/graphs/M6_N12_Q24.svg
Running P= 4... done

Implementation              P     Seconds       Speedup       Cost          Status
--------------------------------------------------------------------------------------
Implementation 1 (Serial)   1     0.000025      1.000000      0.000025      ok
Implementation 2 (MM-1D)    1     0.000031      0.793694      0.000031      ok
Implementation 3 (MM-2D)    1     0.000029      0.862069      0.000029      ok
Implementation 1 (Serial)   4     0.000025      1.000000      0.000025      ok
Implementation 2 (MM-1D)    4     0.000212      0.118086      0.000847      ok
Implementation 3 (MM-2D)    4     0.000190      0.131579      0.000760      ok

CSV written to: /home/pbclevidence/MPI-MM-algorithms/csvs/M6_N12_Q24.csv
SVG graph written to: /home/pbclevidence/MPI-MM-algorithms/graphs/M6_N12_Q24.svg
Running P= 4... done

Implementation              P     Seconds       Speedup       Cost          Status
--------------------------------------------------------------------------------------
Implementation 1 (Serial)   1     0.000025      1.000000      0.000025      ok
Implementation 2 (MM-1D)    1     0.000045      0.560561      0.000045      ok
Implementation 3 (MM-2D)    1     0.000032      0.781250      0.000032      ok
Implementation 1 (Serial)   4     0.000025      1.000000      0.000025      ok
Implementation 2 (MM-1D)    4     0.000193      0.129778      0.000771      ok
Implementation 3 (MM-2D)    4     0.000229      0.109170      0.000916      ok

CSV written to: /home/pbclevidence/MPI-MM-algorithms/csvs/M6_N12_Q24.csv
SVG graph written to: /home/pbclevidence/MPI-MM-algorithms/graphs/M6_N12_Q24.svg
Running P= 4... done

Implementation              P     Seconds       Speedup       Cost          Status
--------------------------------------------------------------------------------------
Implementation 1 (Serial)   1     0.000025      1.000000      0.000025      ok
Implementation 2 (MM-1D)    1     0.000028      0.907428      0.000028      ok
Implementation 3 (MM-2D)    1     0.000037      0.675676      0.000037      ok
Implementation 1 (Serial)   4     0.000025      1.000000      0.000025      ok
Implementation 2 (MM-1D)    4     0.000182      0.137225      0.000729      ok
Implementation 3 (MM-2D)    4     0.000195      0.128205      0.000780      ok

CSV written to: /home/pbclevidence/MPI-MM-algorithms/csvs/M6_N12_Q24.csv
SVG graph written to: /home/pbclevidence/MPI-MM-algorithms/graphs/M6_N12_Q24.svg
