/var/spool/slurm/slurmd/job18407/slurm_script: line 11: module: command not found
Running P= 1... done
Running P= 1... done
Running P= 1... done
Running P= 1... done
Running P= 4... done

Implementation              P     Seconds       Speedup       Cost          Status
--------------------------------------------------------------------------------------
Implementation 1 (Serial)   1     0.000049      1.000000      0.000049      ok
Implementation 2 (MM-1D)    1     0.000058      0.844448      0.000058      ok
Implementation 3 (MM-2D)    1     0.000047      1.042553      0.000047      ok
Implementation 1 (Serial)   4     0.000048      1.000000      0.000048      ok
Implementation 2 (MM-1D)    4     0.000178      0.269111      0.000713      ok
Implementation 3 (MM-2D)    4     0.000255      0.188235      0.001020      ok

CSV written to: /home/pbclevidence/MPI-MM-algorithms/csvs/M18_N24_Q6.csv
SVG graph written to: /home/pbclevidence/MPI-MM-algorithms/graphs/M18_N24_Q6.svg
Running P= 4... done

Implementation              P     Seconds       Speedup       Cost          Status
--------------------------------------------------------------------------------------
Implementation 1 (Serial)   1     0.000035      1.000000      0.000035      ok
Implementation 2 (MM-1D)    1     0.000052      0.671953      0.000052      ok
Implementation 3 (MM-2D)    1     0.000041      0.853659      0.000041      ok
Implementation 1 (Serial)   4     0.000035      1.000000      0.000035      ok
Implementation 2 (MM-1D)    4     0.000205      0.170339      0.000822      ok
Implementation 3 (MM-2D)    4     0.000229      0.152838      0.000916      ok

CSV written to: /home/pbclevidence/MPI-MM-algorithms/csvs/M18_N24_Q6.csv
SVG graph written to: /home/pbclevidence/MPI-MM-algorithms/graphs/M18_N24_Q6.svg
Running P= 4... done

Implementation              P     Seconds       Speedup       Cost          Status
--------------------------------------------------------------------------------------
Implementation 1 (Serial)   1     0.000035      1.000000      0.000035      ok
Implementation 2 (MM-1D)    1     0.000048      0.733244      0.000048      ok
Implementation 3 (MM-2D)    1     0.000049      0.714286      0.000049      ok
Implementation 1 (Serial)   4     0.000035      1.000000      0.000035      ok
Implementation 2 (MM-1D)    4     0.000187      0.187101      0.000748      ok
Implementation 3 (MM-2D)    4     0.000204      0.171569      0.000816      ok

CSV written to: /home/pbclevidence/MPI-MM-algorithms/csvs/M18_N24_Q6.csv
SVG graph written to: /home/pbclevidence/MPI-MM-algorithms/graphs/M18_N24_Q6.svg
Running P= 4... done

Implementation              P     Seconds       Speedup       Cost          Status
--------------------------------------------------------------------------------------
Implementation 1 (Serial)   1     0.000050      1.000000      0.000050      ok
Implementation 2 (MM-1D)    1     0.000055      0.902304      0.000055      ok
Implementation 3 (MM-2D)    1     0.000041      1.219512      0.000041      ok
Implementation 1 (Serial)   4     0.000035      1.000000      0.000035      ok
Implementation 2 (MM-1D)    4     0.000173      0.201856      0.000694      ok
Implementation 3 (MM-2D)    4     0.000196      0.178571      0.000784      ok

CSV written to: /home/pbclevidence/MPI-MM-algorithms/csvs/M18_N24_Q6.csv
SVG graph written to: /home/pbclevidence/MPI-MM-algorithms/graphs/M18_N24_Q6.svg
