Running P= 1... done
Running P= 4... done
Running P= 9... done
Running P= 16... done
Running P= 25... done

Implementation              P     Seconds       Speedup       Cost          Status
--------------------------------------------------------------------------------------
Implementation 1 (Serial)   1     39.213388     1.000000      39.213388     ok
Implementation 2 (MM-1D)    1     32.536600     1.205209      32.536600     ok
Implementation 3 (MM-2D)    1     32.576285     1.203740      32.576285     ok
Implementation 1 (Serial)   4     41.090202     1.000000      41.090202     ok
Implementation 2 (MM-1D)    4     11.587600     3.546049      46.350400     ok
Implementation 3 (MM-2D)    4     22.960626     1.789594      91.842504     ok
Implementation 1 (Serial)   9     38.560003     1.000000      38.560003     ok
Implementation 2 (MM-1D)    9     5.814630      6.631549      52.331670     ok
Implementation 3 (MM-2D)    9     25.983237     1.484034      233.849133    ok
Implementation 1 (Serial)   16    39.924885     1.000000      39.924885     ok
Implementation 2 (MM-1D)    16    3.578540      11.156752     57.256640     ok
Implementation 3 (MM-2D)    16    30.475027     1.310085      487.600432    ok
Implementation 1 (Serial)   25    39.995541     1.000000      39.995541     ok
Implementation 2 (MM-1D)    25    3.817720      10.476290     95.443000     ok
Implementation 3 (MM-2D)    25    44.998536     0.888819      1124.963400   ok

CSV written to: /home/pbclevidence/MPI-MM-algorithms/csvs/M1800_N1800_Q1200.csv
SVG graph written to: /home/pbclevidence/MPI-MM-algorithms/graphs/M1800_N1800_Q1200.svg
