/var/spool/slurm/slurmd/job18418/slurm_script: line 11: module: command not found
Running P= 1... done
Running P= 1... done
Running P= 1... done
Running P= 1... done
Running P= 4... done

Implementation              P     Seconds       Speedup       Cost          Status
--------------------------------------------------------------------------------------
Implementation 1 (Serial)   1     0.000095      1.000000      0.000095      ok
Implementation 2 (MM-1D)    1     0.000136      0.699059      0.000136      ok
Implementation 3 (MM-2D)    1     0.000075      1.266667      0.000075      ok
Implementation 1 (Serial)   4     0.000101      1.000000      0.000101      ok
Implementation 2 (MM-1D)    4     0.000249      0.405188      0.000997      ok
Implementation 3 (MM-2D)    4     0.000240      0.420833      0.000960      ok

CSV written to: /home/pbclevidence/MPI-MM-algorithms/csvs/M24_N12_Q24.csv
SVG graph written to: /home/pbclevidence/MPI-MM-algorithms/graphs/M24_N12_Q24.svg
Running P= 4... done
Running P= 4... done
Running P= 4... done

Implementation              P     Seconds       Speedup       Cost          Status
--------------------------------------------------------------------------------------
Implementation 1 (Serial)   1     0.000096      1.000000      0.000096      ok
Implementation 2 (MM-1D)    1     0.000120      0.803314      0.000120      ok
Implementation 3 (MM-2D)    1     0.000075      1.280000      0.000075      ok
Implementation 1 (Serial)   4     0.000094      1.000000      0.000094      ok
Implementation 2 (MM-1D)    4     0.000218      0.430255      0.000874      ok
Implementation 3 (MM-2D)    4     0.000268      0.350746      0.001072      ok

CSV written to: /home/pbclevidence/MPI-MM-algorithms/csvs/M24_N12_Q24.csv
SVG graph written to: /home/pbclevidence/MPI-MM-algorithms/graphs/M24_N12_Q24.svg

Implementation              P     Seconds       Speedup       Cost          Status
--------------------------------------------------------------------------------------
Implementation 1 (Serial)   1     0.000135      1.000000      0.000135      ok
Implementation 2 (MM-1D)    1     0.000125      1.081202      0.000125      ok
Implementation 3 (MM-2D)    1     0.000099      1.363636      0.000099      ok
Implementation 1 (Serial)   4     0.000097      1.000000      0.000097      ok
Implementation 2 (MM-1D)    4     0.000215      0.451962      0.000858      ok
Implementation 3 (MM-2D)    4     0.000294      0.329932      0.001176      ok

CSV written to: /home/pbclevidence/MPI-MM-algorithms/csvs/M24_N12_Q24.csv
SVG graph written to: /home/pbclevidence/MPI-MM-algorithms/graphs/M24_N12_Q24.svg

Implementation              P     Seconds       Speedup       Cost          Status
--------------------------------------------------------------------------------------
Implementation 1 (Serial)   1     0.000136      1.000000      0.000136      ok
Implementation 2 (MM-1D)    1     0.000116      1.168947      0.000116      ok
Implementation 3 (MM-2D)    1     0.000101      1.346535      0.000101      ok
Implementation 1 (Serial)   4     0.000094      1.000000      0.000094      ok
Implementation 2 (MM-1D)    4     0.000241      0.389972      0.000964      ok
Implementation 3 (MM-2D)    4     0.000309      0.304207      0.001236      ok

CSV written to: /home/pbclevidence/MPI-MM-algorithms/csvs/M24_N12_Q24.csv
SVG graph written to: /home/pbclevidence/MPI-MM-algorithms/graphs/M24_N12_Q24.svg
