Running P= 1... done
Running P= 4... done
Running P= 9... done
Running P= 16... done
Running P= 25... done

Implementation              P     Seconds       Speedup       Cost          Status
--------------------------------------------------------------------------------------
Implementation 1 (Serial)   1     1.130777      1.000000      1.130777      ok
Implementation 2 (MM-1D)    1     1.118410      1.011058      1.118410      ok
Implementation 3 (MM-2D)    1     1.144683      0.987852      1.144683      ok
Implementation 1 (Serial)   4     1.130777      1.000000      1.130777      ok
Implementation 2 (MM-1D)    4     0.370484      3.052161      1.481936      ok
Implementation 3 (MM-2D)    4     0.403231      2.804291      1.612924      ok
Implementation 1 (Serial)   9     1.130777      1.000000      1.130777      ok
Implementation 2 (MM-1D)    9     0.714467      1.582686      6.430203      ok
Implementation 3 (MM-2D)    9     0.294138      3.844376      2.647242      ok
Implementation 1 (Serial)   16    1.130777      1.000000      1.130777      ok
Implementation 2 (MM-1D)    16    0.837953      1.349452      13.407248     ok
Implementation 3 (MM-2D)    16    0.260584      4.339395      4.169344      ok
Implementation 1 (Serial)   25    1.130777      1.000000      1.130777      ok
Implementation 2 (MM-1D)    25    0.977772      1.156483      24.444300     ok
Implementation 3 (MM-2D)    25    0.332126      3.404663      8.303150      ok

CSV written to: /home/pbclevidence/MPI-MM-algorithms/csvs/M1200_N600_Q1200.csv
SVG graph written to: /home/pbclevidence/MPI-MM-algorithms/graphs/M1200_N600_Q1200.svg
