/var/spool/slurm/slurmd/job18376/slurm_script: line 11: module: command not found
Running P= 1... done
Running P= 1... done
Running P= 1... done
Running P= 1... done
Running P= 4... done

Implementation              P     Seconds       Speedup       Cost          Status
--------------------------------------------------------------------------------------
Implementation 1 (Serial)   1     0.000032      1.000000      0.000032      ok
Implementation 2 (MM-1D)    1     0.000042      0.765950      0.000042      ok
Implementation 3 (MM-2D)    1     0.000026      1.230769      0.000026      ok
Implementation 1 (Serial)   4     0.000022      1.000000      0.000022      ok
Implementation 2 (MM-1D)    4     0.000177      0.124193      0.000709      ok
Implementation 3 (MM-2D)    4     0.000194      0.113402      0.000776      ok

CSV written to: /home/pbclevidence/MPI-MM-algorithms/csvs/M6_N24_Q12.csv
SVG graph written to: /home/pbclevidence/MPI-MM-algorithms/graphs/M6_N24_Q12.svg
Running P= 4... done

Implementation              P     Seconds       Speedup       Cost          Status
--------------------------------------------------------------------------------------
Implementation 1 (Serial)   1     0.000032      1.000000      0.000032      ok
Implementation 2 (MM-1D)    1     0.000041      0.780052      0.000041      ok
Implementation 3 (MM-2D)    1     0.000027      1.185185      0.000027      ok
Implementation 1 (Serial)   4     0.000023      1.000000      0.000023      ok
Implementation 2 (MM-1D)    4     0.000172      0.133952      0.000687      ok
Implementation 3 (MM-2D)    4     0.000266      0.086466      0.001064      ok

CSV written to: /home/pbclevidence/MPI-MM-algorithms/csvs/M6_N24_Q12.csv
SVG graph written to: /home/pbclevidence/MPI-MM-algorithms/graphs/M6_N24_Q12.svg
Running P= 4... done

Implementation              P     Seconds       Speedup       Cost          Status
--------------------------------------------------------------------------------------
Implementation 1 (Serial)   1     0.000026      1.000000      0.000026      ok
Implementation 2 (MM-1D)    1     0.000041      0.637935      0.000041      ok
Implementation 3 (MM-2D)    1     0.000037      0.702703      0.000037      ok
Implementation 1 (Serial)   4     0.000021      1.000000      0.000021      ok
Implementation 2 (MM-1D)    4     0.000169      0.124405      0.000675      ok
Implementation 3 (MM-2D)    4     0.000206      0.101942      0.000824      ok

CSV written to: /home/pbclevidence/MPI-MM-algorithms/csvs/M6_N24_Q12.csv
SVG graph written to: /home/pbclevidence/MPI-MM-algorithms/graphs/M6_N24_Q12.svg
Running P= 4... done

Implementation              P     Seconds       Speedup       Cost          Status
--------------------------------------------------------------------------------------
Implementation 1 (Serial)   1     0.000023      1.000000      0.000023      ok
Implementation 2 (MM-1D)    1     0.000058      0.393168      0.000058      ok
Implementation 3 (MM-2D)    1     0.000037      0.621622      0.000037      ok
Implementation 1 (Serial)   4     0.000022      1.000000      0.000022      ok
Implementation 2 (MM-1D)    4     0.000195      0.113040      0.000778      ok
Implementation 3 (MM-2D)    4     0.000204      0.107843      0.000816      ok

CSV written to: /home/pbclevidence/MPI-MM-algorithms/csvs/M6_N24_Q12.csv
SVG graph written to: /home/pbclevidence/MPI-MM-algorithms/graphs/M6_N24_Q12.svg
