Running P= 1... done
Running P= 4... done
Running P= 9... done
Running P= 16... done
Running P= 25... done

Implementation              P     Seconds       Speedup       VsSerial      Cost          Status
----------------------------------------------------------------------------------------------------
Implementation 1 (Serial)   1     29.204474     1.000000      1.000000      29.204474     ok
Implementation 2 (MM-1D)    1     26.152200     1.000000      1.116712      26.152200     ok
Implementation 3 (MM-2D)    1     26.087032     1.000000      1.119502      26.087032     ok
Implementation 1 (Serial)   4     29.204474     1.000000      1.000000      29.204474     ok
Implementation 2 (MM-1D)    4     7.329460      3.568094      3.984533      29.317840     ok
Implementation 3 (MM-2D)    4     5.729579      4.553045      5.097141      22.918316     ok
Implementation 1 (Serial)   9     29.204474     1.000000      1.000000      29.204474     ok
Implementation 2 (MM-1D)    9     3.671690      7.122660      7.953960      33.045210     ok
Implementation 3 (MM-2D)    9     3.088313      8.447017      9.456449      27.794817     ok
Implementation 1 (Serial)   16    29.204474     1.000000      1.000000      29.204474     ok
Implementation 2 (MM-1D)    16    2.388630      10.948619     12.226454     38.218080     ok
Implementation 3 (MM-2D)    16    2.053890      12.701280     14.219103     32.862240     ok
Implementation 1 (Serial)   25    29.204474     1.000000      1.000000      29.204474     ok
Implementation 2 (MM-1D)    25    3.187490      8.204638      9.162217      79.687250     ok
Implementation 3 (MM-2D)    25    1.857341      14.045365     15.723808     46.433525     ok

CSV written to: /home/pbclevidence/MPI-MM-algorithms/csvs/M1800_N3600_Q1800.csv
SVG graph written to: /home/pbclevidence/MPI-MM-algorithms/graphs/M1800_N3600_Q1800.svg
