Running P= 1... done
Running P= 4... done
Running P= 9... done
Running P= 16... done
Running P= 25... done

Implementation              P     Seconds       Speedup       VsSerial      Cost          Status
----------------------------------------------------------------------------------------------------
Implementation 1 (Serial)   1     3.246265      1.000000      1.000000      3.246265      ok
Implementation 2 (MM-1D)    1     2.812550      1.000000      1.154207      2.812550      ok
Implementation 3 (MM-2D)    1     2.790989      1.000000      1.163124      2.790989      ok
Implementation 1 (Serial)   4     3.246265      1.000000      1.000000      3.246265      ok
Implementation 2 (MM-1D)    4     1.472000      1.910700      2.205343      5.888000      ok
Implementation 3 (MM-2D)    4     0.791844      3.524670      4.099627      3.167376      ok
Implementation 1 (Serial)   9     3.246265      1.000000      1.000000      3.246265      ok
Implementation 2 (MM-1D)    9     0.778256      3.613914      4.171205      7.004304      ok
Implementation 3 (MM-2D)    9     0.412037      6.773637      7.878576      3.708333      ok
Implementation 1 (Serial)   16    3.246265      1.000000      1.000000      3.246265      ok
Implementation 2 (MM-1D)    16    0.536552      5.241896      6.050234      8.584832      ok
Implementation 3 (MM-2D)    16    0.272549      10.240320     11.910757     4.360784      ok
Implementation 1 (Serial)   25    3.246265      1.000000      1.000000      3.246265      ok
Implementation 2 (MM-1D)    25    0.611624      4.598495      5.307615      15.290600     ok
Implementation 3 (MM-2D)    25    0.275664      10.124605     11.776166     6.891600      ok

CSV written to: /home/pbclevidence/MPI-MM-algorithms/csvs/M1200_N600_Q3600.csv
SVG graph written to: /home/pbclevidence/MPI-MM-algorithms/graphs/M1200_N600_Q3600.svg
