/var/spool/slurm/slurmd/job17931/slurm_script: line 11: module: command not found
Running P= 1... done
Running P= 1... done
Running P= 1... done
Running P= 1... done
Running P= 1... done
Running P= 1... done
Running P= 1... done
Running P= 1... done
Running P= 1... done
Running P= 4... done
Running P= 4... done
Running P= 4... done
Running P= 4... done
Running P= 4... done
Running P= 4... done
Running P= 4... done
Running P= 4... done
Running P= 4... done
Running P= 9... done
Running P= 9... done
Running P= 9... done

Implementation              P     Seconds       Speedup       Cost          Status
--------------------------------------------------------------------------------------
Implementation 1 (Serial)   1     0.000080      1.000000      0.000080      ok
Implementation 2 (MM-1D)    1     0.000056      1.435797      0.000056      ok
Implementation 3 (MM-2D)    1     0.000047      1.702128      0.000047      ok
Implementation 1 (Serial)   4     0.000077      1.000000      0.000077      ok
Implementation 2 (MM-1D)    4     0.000176      0.437998      0.000703      ok
Implementation 3 (MM-2D)    4     0.000205      0.375610      0.000820      ok
Implementation 1 (Serial)   9     0.000071      1.000000      0.000071      ok
Implementation 2 (MM-1D)    9     0.000281      0.252836      0.002527      ok
Implementation 3 (MM-2D)    9     0.000333      0.213213      0.002997      ok

CSV written to: /home/pbclevidence/MPI-MM-algorithms/csvs/M18_N18_Q12.csv
SVG graph written to: /home/pbclevidence/MPI-MM-algorithms/graphs/M18_N18_Q12.svg

Implementation              P     Seconds       Speedup       Cost          Status
--------------------------------------------------------------------------------------
Implementation 1 (Serial)   1     0.000080      1.000000      0.000080      ok
Implementation 2 (MM-1D)    1     0.000062      1.299830      0.000062      ok
Implementation 3 (MM-2D)    1     0.000054      1.481481      0.000054      ok
Implementation 1 (Serial)   4     0.000077      1.000000      0.000077      ok
Implementation 2 (MM-1D)    4     0.000190      0.404420      0.000762      ok
Implementation 3 (MM-2D)    4     0.000191      0.403141      0.000764      ok
Implementation 1 (Serial)   9     0.000068      1.000000      0.000068      ok
Implementation 2 (MM-1D)    9     0.000290      0.234504      0.002610      ok
Implementation 3 (MM-2D)    9     0.000341      0.199413      0.003069      ok

CSV written to: /home/pbclevidence/MPI-MM-algorithms/csvs/M18_N18_Q12.csv
SVG graph written to: /home/pbclevidence/MPI-MM-algorithms/graphs/M18_N18_Q12.svg

Implementation              P     Seconds       Speedup       Cost          Status
--------------------------------------------------------------------------------------
Implementation 1 (Serial)   1     0.000081      1.000000      0.000081      ok
Implementation 2 (MM-1D)    1     0.000067      1.215983      0.000067      ok
Implementation 3 (MM-2D)    1     0.000040      2.025000      0.000040      ok
Implementation 1 (Serial)   4     0.000074      1.000000      0.000074      ok
Implementation 2 (MM-1D)    4     0.000174      0.425033      0.000696      ok
Implementation 3 (MM-2D)    4     0.000206      0.359223      0.000824      ok
Implementation 1 (Serial)   9     0.000074      1.000000      0.000074      ok
Implementation 2 (MM-1D)    9     0.000286      0.258476      0.002577      ok
Implementation 3 (MM-2D)    9     0.000336      0.220238      0.003024      ok

CSV written to: /home/pbclevidence/MPI-MM-algorithms/csvs/M18_N18_Q12.csv
SVG graph written to: /home/pbclevidence/MPI-MM-algorithms/graphs/M18_N18_Q12.svg
Running P= 9... done

Implementation              P     Seconds       Speedup       Cost          Status
--------------------------------------------------------------------------------------
Implementation 1 (Serial)   1     0.000080      1.000000      0.000080      ok
Implementation 2 (MM-1D)    1     0.000067      1.191341      0.000067      ok
Implementation 3 (MM-2D)    1     0.000040      2.000000      0.000040      ok
Implementation 1 (Serial)   4     0.000068      1.000000      0.000068      ok
Implementation 2 (MM-1D)    4     0.000187      0.364594      0.000746      ok
Implementation 3 (MM-2D)    4     0.000200      0.340000      0.000800      ok
Implementation 1 (Serial)   9     0.000080      1.000000      0.000080      ok
Implementation 2 (MM-1D)    9     0.000293      0.272773      0.002640      ok
Implementation 3 (MM-2D)    9     0.000354      0.225989      0.003186      ok

CSV written to: /home/pbclevidence/MPI-MM-algorithms/csvs/M18_N18_Q12.csv
SVG graph written to: /home/pbclevidence/MPI-MM-algorithms/graphs/M18_N18_Q12.svg
Running P= 9... done

Implementation              P     Seconds       Speedup       Cost          Status
--------------------------------------------------------------------------------------
Implementation 1 (Serial)   1     0.000085      1.000000      0.000085      ok
Implementation 2 (MM-1D)    1     0.000066      1.281566      0.000066      ok
Implementation 3 (MM-2D)    1     0.000049      1.734694      0.000049      ok
Implementation 1 (Serial)   4     0.000074      1.000000      0.000074      ok
Implementation 2 (MM-1D)    4     0.000178      0.416182      0.000711      ok
Implementation 3 (MM-2D)    4     0.000208      0.355769      0.000832      ok
Implementation 1 (Serial)   9     0.000077      1.000000      0.000077      ok
Implementation 2 (MM-1D)    9     0.000269      0.286160      0.002422      ok
Implementation 3 (MM-2D)    9     0.000345      0.223188      0.003105      ok

CSV written to: /home/pbclevidence/MPI-MM-algorithms/csvs/M18_N18_Q12.csv
SVG graph written to: /home/pbclevidence/MPI-MM-algorithms/graphs/M18_N18_Q12.svg
Running P= 9... done

Implementation              P     Seconds       Speedup       Cost          Status
--------------------------------------------------------------------------------------
Implementation 1 (Serial)   1     0.000080      1.000000      0.000080      ok
Implementation 2 (MM-1D)    1     0.000068      1.180406      0.000068      ok
Implementation 3 (MM-2D)    1     0.000051      1.568627      0.000051      ok
Implementation 1 (Serial)   4     0.000077      1.000000      0.000077      ok
Implementation 2 (MM-1D)    4     0.000181      0.425485      0.000724      ok
Implementation 3 (MM-2D)    4     0.000207      0.371981      0.000828      ok
Implementation 1 (Serial)   9     0.000080      1.000000      0.000080      ok
Implementation 2 (MM-1D)    9     0.000277      0.288548      0.002495      ok
Implementation 3 (MM-2D)    9     0.000341      0.234604      0.003069      ok

CSV written to: /home/pbclevidence/MPI-MM-algorithms/csvs/M18_N18_Q12.csv
SVG graph written to: /home/pbclevidence/MPI-MM-algorithms/graphs/M18_N18_Q12.svg
Running P= 9... done
Running P= 9... done
Running P= 9... done

Implementation              P     Seconds       Speedup       Cost          Status
--------------------------------------------------------------------------------------
Implementation 1 (Serial)   1     0.000080      1.000000      0.000080      ok
Implementation 2 (MM-1D)    1     0.000069      1.161147      0.000069      ok
Implementation 3 (MM-2D)    1     0.000043      1.860465      0.000043      ok
Implementation 1 (Serial)   4     0.000071      1.000000      0.000071      ok
Implementation 2 (MM-1D)    4     0.000186      0.382105      0.000743      ok
Implementation 3 (MM-2D)    4     0.000195      0.364103      0.000780      ok
Implementation 1 (Serial)   9     0.000080      1.000000      0.000080      ok
Implementation 2 (MM-1D)    9     0.000284      0.281617      0.002557      ok
Implementation 3 (MM-2D)    9     0.000355      0.225352      0.003195      ok

CSV written to: /home/pbclevidence/MPI-MM-algorithms/csvs/M18_N18_Q12.csv
SVG graph written to: /home/pbclevidence/MPI-MM-algorithms/graphs/M18_N18_Q12.svg

Implementation              P     Seconds       Speedup       Cost          Status
--------------------------------------------------------------------------------------
Implementation 1 (Serial)   1     0.000080      1.000000      0.000080      ok
Implementation 2 (MM-1D)    1     0.000070      1.137469      0.000070      ok
Implementation 3 (MM-2D)    1     0.000050      1.600000      0.000050      ok
Implementation 1 (Serial)   4     0.000077      1.000000      0.000077      ok
Implementation 2 (MM-1D)    4     0.000202      0.381850      0.000807      ok
Implementation 3 (MM-2D)    4     0.000198      0.388889      0.000792      ok
Implementation 1 (Serial)   9     0.000071      1.000000      0.000071      ok
Implementation 2 (MM-1D)    9     0.000289      0.245424      0.002604      ok
Implementation 3 (MM-2D)    9     0.000334      0.212575      0.003006      ok

CSV written to: /home/pbclevidence/MPI-MM-algorithms/csvs/M18_N18_Q12.csv
SVG graph written to: /home/pbclevidence/MPI-MM-algorithms/graphs/M18_N18_Q12.svg

Implementation              P     Seconds       Speedup       Cost          Status
--------------------------------------------------------------------------------------
Implementation 1 (Serial)   1     0.000109      1.000000      0.000109      ok
Implementation 2 (MM-1D)    1     0.000069      1.581379      0.000069      ok
Implementation 3 (MM-2D)    1     0.000046      2.369565      0.000046      ok
Implementation 1 (Serial)   4     0.000071      1.000000      0.000071      ok
Implementation 2 (MM-1D)    4     0.000191      0.372004      0.000763      ok
Implementation 3 (MM-2D)    4     0.000209      0.339713      0.000836      ok
Implementation 1 (Serial)   9     0.000077      1.000000      0.000077      ok
Implementation 2 (MM-1D)    9     0.000281      0.274505      0.002525      ok
Implementation 3 (MM-2D)    9     0.000356      0.216292      0.003204      ok

CSV written to: /home/pbclevidence/MPI-MM-algorithms/csvs/M18_N18_Q12.csv
SVG graph written to: /home/pbclevidence/MPI-MM-algorithms/graphs/M18_N18_Q12.svg
