Running P= 1... done
Running P= 4... done
Running P= 9... done
Running P= 16... done
Running P= 25... done

Implementation              P     Seconds       Speedup       Cost          Status
--------------------------------------------------------------------------------------
Implementation 1 (Serial)   1     25.192675     1.000000      25.192675     ok
Implementation 2 (MM-1D)    1     19.500900     1.291872      19.500900     ok
Implementation 3 (MM-2D)    1     19.974141     1.261265      19.974141     ok
Implementation 1 (Serial)   4     25.252432     1.000000      25.252432     ok
Implementation 2 (MM-1D)    4     7.255690      3.480363      29.022760     ok
Implementation 3 (MM-2D)    4     15.748151     1.603517      62.992604     ok
Implementation 1 (Serial)   9     25.324866     1.000000      25.324866     ok
Implementation 2 (MM-1D)    9     3.719710      6.808290      33.477390     ok
Implementation 3 (MM-2D)    9     16.636045     1.522289      149.724405    ok
Implementation 1 (Serial)   16    25.454687     1.000000      25.454687     ok
Implementation 2 (MM-1D)    16    2.311120      11.014005     36.977920     ok
Implementation 3 (MM-2D)    16    21.268414     1.196831      340.294624    ok
Implementation 1 (Serial)   25    25.211259     1.000000      25.211259     ok
Implementation 2 (MM-1D)    25    2.339170      10.777865     58.479250     ok
Implementation 3 (MM-2D)    25    28.356771     0.889074      708.919275    ok

CSV written to: /home/pbclevidence/MPI-MM-algorithms/csvs/M1200_N1200_Q1800.csv
SVG graph written to: /home/pbclevidence/MPI-MM-algorithms/graphs/M1200_N1200_Q1800.svg
