Running P= 1... done
Running P= 4... done
Running P= 9... done
Running P= 16... done
Running P= 25... done

Implementation              P     Seconds       Speedup       Cost          Status
--------------------------------------------------------------------------------------
Implementation 1 (Serial)   1     13.811076     1.000000      13.811076     ok
Implementation 2 (MM-1D)    1     10.924200     1.264264      10.924200     ok
Implementation 3 (MM-2D)    1     10.814013     1.277146      10.814013     ok
Implementation 1 (Serial)   4     13.529933     1.000000      13.529933     ok
Implementation 2 (MM-1D)    4     3.913380      3.457352      15.653520     ok
Implementation 3 (MM-2D)    4     7.714138      1.753914      30.856552     ok
Implementation 1 (Serial)   9     13.110579     1.000000      13.110579     ok
Implementation 2 (MM-1D)    9     1.981060      6.617962      17.829540     ok
Implementation 3 (MM-2D)    9     8.717040      1.504017      78.453360     ok
Implementation 1 (Serial)   16    13.351148     1.000000      13.351148     ok
Implementation 2 (MM-1D)    16    1.241780      10.751621     19.868480     ok
Implementation 3 (MM-2D)    16    10.210966     1.307530      163.375456    ok
Implementation 1 (Serial)   25    13.428776     1.000000      13.428776     ok
Implementation 2 (MM-1D)    25    1.365140      9.836922      34.128500     ok
Implementation 3 (MM-2D)    25    12.079142     1.111733      301.978550    ok

CSV written to: /home/pbclevidence/MPI-MM-algorithms/csvs/M600_N1800_Q1200.csv
SVG graph written to: /home/pbclevidence/MPI-MM-algorithms/graphs/M600_N1800_Q1200.svg
