Running P= 1... done
Running P= 4... done
Running P= 9... done
Running P= 16... done
Running P= 25... done

Implementation              P     Seconds       Speedup       Cost          Status
--------------------------------------------------------------------------------------
Implementation 1 (Serial)   1     22.544333     1.000000      22.544333     ok
Implementation 2 (MM-1D)    1     21.862900     1.031168      21.862900     ok
Implementation 3 (MM-2D)    1     21.796800     1.034296      21.796800     ok
Implementation 1 (Serial)   4     22.544333     1.000000      22.544333     ok
Implementation 2 (MM-1D)    4     5.886900      3.829576      23.547600     ok
Implementation 3 (MM-2D)    4     3.575283      6.305608      14.301132     ok
Implementation 1 (Serial)   9     22.544333     1.000000      22.544333     ok
Implementation 2 (MM-1D)    9     2.990760      7.537995      26.916840     ok
Implementation 3 (MM-2D)    9     2.006017      11.238356     18.054153     ok
Implementation 1 (Serial)   16    22.544333     1.000000      22.544333     ok
Implementation 2 (MM-1D)    16    1.935960      11.645041     30.975360     ok
Implementation 3 (MM-2D)    16    1.609807      14.004370     25.756912     ok
Implementation 1 (Serial)   25    22.544333     1.000000      22.544333     ok
Implementation 2 (MM-1D)    25    2.764730      8.154262      69.118250     ok
Implementation 3 (MM-2D)    25    1.385821      16.267853     34.645525     ok

CSV written to: /home/pbclevidence/MPI-MM-algorithms/csvs/M2400_N2400_Q1800.csv
SVG graph written to: /home/pbclevidence/MPI-MM-algorithms/graphs/M2400_N2400_Q1800.svg
