/var/spool/slurm/slurmd/job18368/slurm_script: line 11: module: command not found
Running P= 1... done
Running P= 1... done
Running P= 1... done
Running P= 1... done
Running P= 4... done

Implementation              P     Seconds       Speedup       Cost          Status
--------------------------------------------------------------------------------------
Implementation 1 (Serial)   1     0.000013      1.000000      0.000013      ok
Implementation 2 (MM-1D)    1     0.000028      0.456777      0.000028      ok
Implementation 3 (MM-2D)    1     0.000020      0.650000      0.000020      ok
Implementation 1 (Serial)   4     0.000013      1.000000      0.000013      ok
Implementation 2 (MM-1D)    4     0.000239      0.054296      0.000958      ok
Implementation 3 (MM-2D)    4     0.000185      0.070270      0.000740      ok

CSV written to: /home/pbclevidence/MPI-MM-algorithms/csvs/M6_N12_Q12.csv
SVG graph written to: /home/pbclevidence/MPI-MM-algorithms/graphs/M6_N12_Q12.svg
Running P= 4... done

Implementation              P     Seconds       Speedup       Cost          Status
--------------------------------------------------------------------------------------
Implementation 1 (Serial)   1     0.000017      1.000000      0.000017      ok
Implementation 2 (MM-1D)    1     0.000027      0.633234      0.000027      ok
Implementation 3 (MM-2D)    1     0.000019      0.894737      0.000019      ok
Implementation 1 (Serial)   4     0.000013      1.000000      0.000013      ok
Implementation 2 (MM-1D)    4     0.000200      0.065114      0.000799      ok
Implementation 3 (MM-2D)    4     0.000167      0.077844      0.000668      ok

CSV written to: /home/pbclevidence/MPI-MM-algorithms/csvs/M6_N12_Q12.csv
SVG graph written to: /home/pbclevidence/MPI-MM-algorithms/graphs/M6_N12_Q12.svg
Running P= 4... done

Implementation              P     Seconds       Speedup       Cost          Status
--------------------------------------------------------------------------------------
Implementation 1 (Serial)   1     0.000013      1.000000      0.000013      ok
Implementation 2 (MM-1D)    1     0.000029      0.443231      0.000029      ok
Implementation 3 (MM-2D)    1     0.000018      0.722222      0.000018      ok
Implementation 1 (Serial)   4     0.000013      1.000000      0.000013      ok
Implementation 2 (MM-1D)    4     0.000180      0.072047      0.000722      ok
Implementation 3 (MM-2D)    4     0.000181      0.071823      0.000724      ok

CSV written to: /home/pbclevidence/MPI-MM-algorithms/csvs/M6_N12_Q12.csv
SVG graph written to: /home/pbclevidence/MPI-MM-algorithms/graphs/M6_N12_Q12.svg
Running P= 4... done

Implementation              P     Seconds       Speedup       Cost          Status
--------------------------------------------------------------------------------------
Implementation 1 (Serial)   1     0.000017      1.000000      0.000017      ok
Implementation 2 (MM-1D)    1     0.000033      0.521397      0.000033      ok
Implementation 3 (MM-2D)    1     0.000017      1.000000      0.000017      ok
Implementation 1 (Serial)   4     0.000012      1.000000      0.000012      ok
Implementation 2 (MM-1D)    4     0.000208      0.057765      0.000831      ok
Implementation 3 (MM-2D)    4     0.000214      0.056075      0.000856      ok

CSV written to: /home/pbclevidence/MPI-MM-algorithms/csvs/M6_N12_Q12.csv
SVG graph written to: /home/pbclevidence/MPI-MM-algorithms/graphs/M6_N12_Q12.svg
