Running P= 1... done
Running P= 4... done
Running P= 9... done
Running P= 16... done
Running P= 25... done

Implementation              P     Seconds       Speedup       Cost          Status
--------------------------------------------------------------------------------------
Implementation 1 (Serial)   1     154.379239    1.000000      154.379239    ok
Implementation 2 (MM-1D)    1     126.227000    1.223029      126.227000    ok
Implementation 3 (MM-2D)    1     126.410871    1.221250      126.410871    ok
Implementation 1 (Serial)   4     154.009334    1.000000      154.009334    ok
Implementation 2 (MM-1D)    4     34.293300     4.490945      137.173200    ok
Implementation 3 (MM-2D)    4     63.586637     2.422039      254.346548    ok
Implementation 1 (Serial)   9     153.980191    1.000000      153.980191    ok
Implementation 2 (MM-1D)    9     16.815900     9.156821      151.343100    ok
Implementation 3 (MM-2D)    9     74.354359     2.070897      669.189231    ok
Implementation 1 (Serial)   16    153.656967    1.000000      153.656967    ok
Implementation 2 (MM-1D)    16    10.236800     15.010254     163.788800    ok
Implementation 3 (MM-2D)    16    86.054902     1.785569      1376.878432   ok
Implementation 1 (Serial)   25    153.596657    1.000000      153.596657    ok
Implementation 2 (MM-1D)    25    10.932700     14.049289     273.317500    ok
Implementation 3 (MM-2D)    25    122.837249    1.250408      3070.931225   ok

CSV written to: /home/pbclevidence/MPI-MM-algorithms/csvs/M3000_N3000_Q1200.csv
SVG graph written to: /home/pbclevidence/MPI-MM-algorithms/graphs/M3000_N3000_Q1200.svg
