Running P= 1... done
Running P= 4... done
Running P= 9... done
Running P= 16... done
Running P= 25... done

Implementation              P     Seconds       Speedup       Cost          Status
--------------------------------------------------------------------------------------
Implementation 1 (Serial)   1     10.837945     1.000000      10.837945     ok
Implementation 2 (MM-1D)    1     8.331200      1.300886      8.331200      ok
Implementation 3 (MM-2D)    1     8.242104      1.314949      8.242104      ok
Implementation 1 (Serial)   4     10.613626     1.000000      10.613626     ok
Implementation 2 (MM-1D)    4     2.275500      4.664305      9.102000      ok
Implementation 3 (MM-2D)    4     6.437063      1.648831      25.748252     ok
Implementation 1 (Serial)   9     10.637750     1.000000      10.637750     ok
Implementation 2 (MM-1D)    9     1.253340      8.487521      11.280060     ok
Implementation 3 (MM-2D)    9     6.941177      1.532557      62.470593     ok
Implementation 1 (Serial)   16    10.728830     1.000000      10.728830     ok
Implementation 2 (MM-1D)    16    0.910551      11.782789     14.568816     ok
Implementation 3 (MM-2D)    16    7.938380      1.351514      127.014080    ok
Implementation 1 (Serial)   25    10.693270     1.000000      10.693270     ok
Implementation 2 (MM-1D)    25    1.037830      10.303489     25.945750     ok
Implementation 3 (MM-2D)    25    11.152727     0.958803      278.818175    ok

CSV written to: /home/pbclevidence/MPI-MM-algorithms/csvs/M3000_N600_Q600.csv
SVG graph written to: /home/pbclevidence/MPI-MM-algorithms/graphs/M3000_N600_Q600.svg
