Running P= 1... done
Running P= 4... done
Running P= 9... done
Running P= 16... done
Running P= 25... done

Implementation              P     Seconds       Speedup       Cost          Status
--------------------------------------------------------------------------------------
Implementation 1 (Serial)   1     0.288916      1.000000      0.288916      ok
Implementation 2 (MM-1D)    1     0.265899      1.086563      0.265899      ok
Implementation 3 (MM-2D)    1     0.254124      1.136910      0.254124      ok
Implementation 1 (Serial)   4     0.288916      1.000000      0.288916      ok
Implementation 2 (MM-1D)    4     0.080669      3.581513      0.322675      ok
Implementation 3 (MM-2D)    4     0.070314      4.108940      0.281256      ok
Implementation 1 (Serial)   9     0.288916      1.000000      0.288916      ok
Implementation 2 (MM-1D)    9     0.054108      5.339666      0.486967      ok
Implementation 3 (MM-2D)    9     0.039976      7.227236      0.359784      ok
Implementation 1 (Serial)   16    0.288916      1.000000      0.288916      ok
Implementation 2 (MM-1D)    16    0.064280      4.494641      1.028482      ok
Implementation 3 (MM-2D)    16    0.051898      5.566997      0.830368      ok
Implementation 1 (Serial)   25    0.288916      1.000000      0.288916      ok
Implementation 2 (MM-1D)    25    0.063486      4.550862      1.587150      ok
Implementation 3 (MM-2D)    25    0.041278      6.999273      1.031950      ok

CSV written to: /home/pbclevidence/MPI-MM-algorithms/csvs/M600_N600_Q600.csv
SVG graph written to: /home/pbclevidence/MPI-MM-algorithms/graphs/M600_N600_Q600.svg
