Running P= 1... done
Running P= 4... done
Running P= 9... done
Running P= 16... done
Running P= 25... done

Implementation              P     Seconds       Speedup       Cost          Status
--------------------------------------------------------------------------------------
Implementation 1 (Serial)   1     3.717887      1.000000      3.717887      ok
Implementation 2 (MM-1D)    1     3.057820      1.215862      3.057820      ok
Implementation 3 (MM-2D)    1     3.047667      1.219912      3.047667      ok
Implementation 1 (Serial)   4     3.717887      1.000000      3.717887      ok
Implementation 2 (MM-1D)    4     1.158750      3.208532      4.635000      ok
Implementation 3 (MM-2D)    4     0.828357      4.488267      3.313428      ok
Implementation 1 (Serial)   9     3.717887      1.000000      3.717887      ok
Implementation 2 (MM-1D)    9     0.787530      4.720947      7.087770      ok
Implementation 3 (MM-2D)    9     0.442436      8.403220      3.981924      ok
Implementation 1 (Serial)   16    3.717887      1.000000      3.717887      ok
Implementation 2 (MM-1D)    16    0.534748      6.952596      8.555968      ok
Implementation 3 (MM-2D)    16    0.279452      13.304206     4.471232      ok
Implementation 1 (Serial)   25    3.717887      1.000000      3.717887      ok
Implementation 2 (MM-1D)    25    0.731304      5.083914      18.282600     ok
Implementation 3 (MM-2D)    25    0.343383      10.827231     8.584575      ok

CSV written to: /home/pbclevidence/MPI-MM-algorithms/csvs/M1800_N2400_Q600.csv
SVG graph written to: /home/pbclevidence/MPI-MM-algorithms/graphs/M1800_N2400_Q600.svg
