Running P= 1... done
Running P= 4... done
Running P= 9... done
Running P= 16... done
Running P= 25... done

Implementation              P     Seconds       Speedup       Cost          Status
--------------------------------------------------------------------------------------
Implementation 1 (Serial)   1     38.554972     1.000000      38.554972     ok
Implementation 2 (MM-1D)    1     29.777000     1.294790      29.777000     ok
Implementation 3 (MM-2D)    1     29.542144     1.305084      29.542144     ok
Implementation 1 (Serial)   4     38.623622     1.000000      38.623622     ok
Implementation 2 (MM-1D)    4     10.927700     3.534469      43.710800     ok
Implementation 3 (MM-2D)    4     23.478631     1.645054      93.914524     ok
Implementation 1 (Serial)   9     37.914162     1.000000      37.914162     ok
Implementation 2 (MM-1D)    9     5.495070      6.899669      49.455630     ok
Implementation 3 (MM-2D)    9     25.387954     1.493392      228.491586    ok
Implementation 1 (Serial)   16    37.964282     1.000000      37.964282     ok
Implementation 2 (MM-1D)    16    3.354800      11.316407     53.676800     ok
Implementation 3 (MM-2D)    16    31.853890     1.191826      509.662240    ok
Implementation 1 (Serial)   25    38.011432     1.000000      38.011432     ok
Implementation 2 (MM-1D)    25    3.585550      10.601283     89.638750     ok
Implementation 3 (MM-2D)    25    42.343016     0.897703      1058.575400   ok

CSV written to: /home/pbclevidence/MPI-MM-algorithms/csvs/M1800_N1200_Q1800.csv
SVG graph written to: /home/pbclevidence/MPI-MM-algorithms/graphs/M1800_N1200_Q1800.svg
