/var/spool/slurm/slurmd/job17947/slurm_script: line 11: module: command not found
Running P= 1... done
Running P= 1... done
Running P= 1... done
Running P= 1... done
Running P= 1... done
Running P= 1... done
Running P= 1... done
Running P= 1... done
Running P= 1... done
Running P= 4... done
Running P= 4... done
Running P= 4... done
Running P= 4... done
Running P= 4... done
Running P= 4... done
Running P= 4... done
Running P= 4... done
Running P= 4... done
Running P= 9... done

Implementation              P     Seconds       Speedup       Cost          Status
--------------------------------------------------------------------------------------
Implementation 1 (Serial)   1     0.000111      1.000000      0.000111      ok
Implementation 2 (MM-1D)    1     0.000088      1.258026      0.000088      ok
Implementation 3 (MM-2D)    1     0.000071      1.563380      0.000071      ok
Implementation 1 (Serial)   4     0.000094      1.000000      0.000094      ok
Implementation 2 (MM-1D)    4     0.000199      0.472134      0.000796      ok
Implementation 3 (MM-2D)    4     0.000213      0.441315      0.000852      ok
Implementation 1 (Serial)   9     0.000098      1.000000      0.000098      ok
Implementation 2 (MM-1D)    9     0.000299      0.327576      0.002693      ok
Implementation 3 (MM-2D)    9     0.000364      0.269231      0.003276      ok

CSV written to: /home/pbclevidence/MPI-MM-algorithms/csvs/M24_N18_Q12.csv
SVG graph written to: /home/pbclevidence/MPI-MM-algorithms/graphs/M24_N18_Q12.svg
Running P= 9... done

Implementation              P     Seconds       Speedup       Cost          Status
--------------------------------------------------------------------------------------
Implementation 1 (Serial)   1     0.000106      1.000000      0.000106      ok
Implementation 2 (MM-1D)    1     0.000067      1.584528      0.000067      ok
Implementation 3 (MM-2D)    1     0.000074      1.432432      0.000074      ok
Implementation 1 (Serial)   4     0.000082      1.000000      0.000082      ok
Implementation 2 (MM-1D)    4     0.000185      0.442906      0.000741      ok
Implementation 3 (MM-2D)    4     0.000220      0.372727      0.000880      ok
Implementation 1 (Serial)   9     0.000094      1.000000      0.000094      ok
Implementation 2 (MM-1D)    9     0.000295      0.318889      0.002653      ok
Implementation 3 (MM-2D)    9     0.000372      0.252688      0.003348      ok

CSV written to: /home/pbclevidence/MPI-MM-algorithms/csvs/M24_N18_Q12.csv
SVG graph written to: /home/pbclevidence/MPI-MM-algorithms/graphs/M24_N18_Q12.svg
Running P= 9... done

Implementation              P     Seconds       Speedup       Cost          Status
--------------------------------------------------------------------------------------
Implementation 1 (Serial)   1     0.000106      1.000000      0.000106      ok
Implementation 2 (MM-1D)    1     0.000086      1.238376      0.000086      ok
Implementation 3 (MM-2D)    1     0.000064      1.656250      0.000064      ok
Implementation 1 (Serial)   4     0.000088      1.000000      0.000088      ok
Implementation 2 (MM-1D)    4     0.000200      0.440084      0.000800      ok
Implementation 3 (MM-2D)    4     0.000213      0.413146      0.000852      ok
Implementation 1 (Serial)   9     0.000102      1.000000      0.000102      ok
Implementation 2 (MM-1D)    9     0.000293      0.347895      0.002639      ok
Implementation 3 (MM-2D)    9     0.000369      0.276423      0.003321      ok

CSV written to: /home/pbclevidence/MPI-MM-algorithms/csvs/M24_N18_Q12.csv
SVG graph written to: /home/pbclevidence/MPI-MM-algorithms/graphs/M24_N18_Q12.svg
Running P= 9... done

Implementation              P     Seconds       Speedup       Cost          Status
--------------------------------------------------------------------------------------
Implementation 1 (Serial)   1     0.000119      1.000000      0.000119      ok
Implementation 2 (MM-1D)    1     0.000084      1.408644      0.000084      ok
Implementation 3 (MM-2D)    1     0.000071      1.676056      0.000071      ok
Implementation 1 (Serial)   4     0.000105      1.000000      0.000105      ok
Implementation 2 (MM-1D)    4     0.000196      0.536549      0.000783      ok
Implementation 3 (MM-2D)    4     0.000228      0.460526      0.000912      ok
Implementation 1 (Serial)   9     0.000102      1.000000      0.000102      ok
Implementation 2 (MM-1D)    9     0.000284      0.358633      0.002560      ok
Implementation 3 (MM-2D)    9     0.000370      0.275676      0.003330      ok

CSV written to: /home/pbclevidence/MPI-MM-algorithms/csvs/M24_N18_Q12.csv
SVG graph written to: /home/pbclevidence/MPI-MM-algorithms/graphs/M24_N18_Q12.svg
Running P= 9... done

Implementation              P     Seconds       Speedup       Cost          Status
--------------------------------------------------------------------------------------
Implementation 1 (Serial)   1     0.000107      1.000000      0.000107      ok
Implementation 2 (MM-1D)    1     0.000088      1.213383      0.000088      ok
Implementation 3 (MM-2D)    1     0.000061      1.754098      0.000061      ok
Implementation 1 (Serial)   4     0.000094      1.000000      0.000094      ok
Implementation 2 (MM-1D)    4     0.000190      0.494313      0.000761      ok
Implementation 3 (MM-2D)    4     0.000235      0.400000      0.000940      ok
Implementation 1 (Serial)   9     0.000102      1.000000      0.000102      ok
Implementation 2 (MM-1D)    9     0.000301      0.339188      0.002706      ok
Implementation 3 (MM-2D)    9     0.000371      0.274933      0.003339      ok

CSV written to: /home/pbclevidence/MPI-MM-algorithms/csvs/M24_N18_Q12.csv
SVG graph written to: /home/pbclevidence/MPI-MM-algorithms/graphs/M24_N18_Q12.svg
Running P= 9... done

Implementation              P     Seconds       Speedup       Cost          Status
--------------------------------------------------------------------------------------
Implementation 1 (Serial)   1     0.000110      1.000000      0.000110      ok
Implementation 2 (MM-1D)    1     0.000088      1.254398      0.000088      ok
Implementation 3 (MM-2D)    1     0.000068      1.617647      0.000068      ok
Implementation 1 (Serial)   4     0.000098      1.000000      0.000098      ok
Implementation 2 (MM-1D)    4     0.000198      0.495618      0.000791      ok
Implementation 3 (MM-2D)    4     0.000227      0.431718      0.000908      ok
Implementation 1 (Serial)   9     0.000106      1.000000      0.000106      ok
Implementation 2 (MM-1D)    9     0.000295      0.359125      0.002656      ok
Implementation 3 (MM-2D)    9     0.000363      0.292011      0.003267      ok

CSV written to: /home/pbclevidence/MPI-MM-algorithms/csvs/M24_N18_Q12.csv
SVG graph written to: /home/pbclevidence/MPI-MM-algorithms/graphs/M24_N18_Q12.svg
Running P= 9... done

Implementation              P     Seconds       Speedup       Cost          Status
--------------------------------------------------------------------------------------
Implementation 1 (Serial)   1     0.000107      1.000000      0.000107      ok
Implementation 2 (MM-1D)    1     0.000081      1.319456      0.000081      ok
Implementation 3 (MM-2D)    1     0.000068      1.573529      0.000068      ok
Implementation 1 (Serial)   4     0.000091      1.000000      0.000091      ok
Implementation 2 (MM-1D)    4     0.000190      0.479169      0.000760      ok
Implementation 3 (MM-2D)    4     0.000228      0.399123      0.000912      ok
Implementation 1 (Serial)   9     0.000098      1.000000      0.000098      ok
Implementation 2 (MM-1D)    9     0.000300      0.326885      0.002698      ok
Implementation 3 (MM-2D)    9     0.000368      0.266304      0.003312      ok

CSV written to: /home/pbclevidence/MPI-MM-algorithms/csvs/M24_N18_Q12.csv
SVG graph written to: /home/pbclevidence/MPI-MM-algorithms/graphs/M24_N18_Q12.svg
Running P= 9... done

Implementation              P     Seconds       Speedup       Cost          Status
--------------------------------------------------------------------------------------
Implementation 1 (Serial)   1     0.000107      1.000000      0.000107      ok
Implementation 2 (MM-1D)    1     0.000081      1.318730      0.000081      ok
Implementation 3 (MM-2D)    1     0.000062      1.725806      0.000062      ok
Implementation 1 (Serial)   4     0.000102      1.000000      0.000102      ok
Implementation 2 (MM-1D)    4     0.000186      0.547986      0.000745      ok
Implementation 3 (MM-2D)    4     0.000216      0.472222      0.000864      ok
Implementation 1 (Serial)   9     0.000095      1.000000      0.000095      ok
Implementation 2 (MM-1D)    9     0.000292      0.325869      0.002624      ok
Implementation 3 (MM-2D)    9     0.000352      0.269886      0.003168      ok

CSV written to: /home/pbclevidence/MPI-MM-algorithms/csvs/M24_N18_Q12.csv
SVG graph written to: /home/pbclevidence/MPI-MM-algorithms/graphs/M24_N18_Q12.svg
Running P= 9... done

Implementation              P     Seconds       Speedup       Cost          Status
--------------------------------------------------------------------------------------
Implementation 1 (Serial)   1     0.000114      1.000000      0.000114      ok
Implementation 2 (MM-1D)    1     0.000087      1.306674      0.000087      ok
Implementation 3 (MM-2D)    1     0.000071      1.605634      0.000071      ok
Implementation 1 (Serial)   4     0.000091      1.000000      0.000091      ok
Implementation 2 (MM-1D)    4     0.000205      0.444421      0.000819      ok
Implementation 3 (MM-2D)    4     0.000230      0.395652      0.000920      ok
Implementation 1 (Serial)   9     0.000106      1.000000      0.000106      ok
Implementation 2 (MM-1D)    9     0.000280      0.378408      0.002521      ok
Implementation 3 (MM-2D)    9     0.000392      0.270408      0.003528      ok

CSV written to: /home/pbclevidence/MPI-MM-algorithms/csvs/M24_N18_Q12.csv
SVG graph written to: /home/pbclevidence/MPI-MM-algorithms/graphs/M24_N18_Q12.svg
