Running P= 1... done
Running P= 4... done
Running P= 9... done
Running P= 16... done
Running P= 25... done

Implementation              P     Seconds       Speedup       Cost          Status
--------------------------------------------------------------------------------------
Implementation 1 (Serial)   1     226.930492    1.000000      226.930492    ok
Implementation 2 (MM-1D)    1     210.435000    1.078388      210.435000    ok
Implementation 3 (MM-2D)    1     209.729816    1.082013      209.729816    ok
Implementation 1 (Serial)   4     226.755150    1.000000      226.755150    ok
Implementation 2 (MM-1D)    4     84.440500     2.685384      337.762000    ok
Implementation 3 (MM-2D)    4     41.463799     5.468750      165.855196    ok
Implementation 1 (Serial)   9     100.233509    1.000000      100.233509    ok
Implementation 2 (MM-1D)    9     79.481100     1.261099      715.329900    ok
Implementation 3 (MM-2D)    9     48.467100     2.068073      436.203900    ok
Implementation 1 (Serial)   16    219.738557    1.000000      219.738557    ok
Implementation 2 (MM-1D)    16    66.604400     3.299160      1065.670400   ok
Implementation 3 (MM-2D)    16    55.658240     3.947997      890.531840    ok
Implementation 1 (Serial)   25    220.519335    1.000000      220.519335    ok
Implementation 2 (MM-1D)    25    62.600500     3.522645      1565.012500   ok
Implementation 3 (MM-2D)    25    80.079735     2.753747      2001.993375   ok

CSV written to: /home/pbclevidence/MPI-MM-algorithms/csvs/M1200_N2400_Q2400.csv
SVG graph written to: /home/pbclevidence/MPI-MM-algorithms/graphs/M1200_N2400_Q2400.svg
