Running P= 1... done
Running P= 4... done
Running P= 9... done
Running P= 16... done
Running P= 25... done

Implementation              P     Seconds       Speedup       VsSerial      Cost          Status
----------------------------------------------------------------------------------------------------
Implementation 1 (Serial)   1     3.295446      1.000000      1.000000      3.295446      ok
Implementation 2 (MM-1D)    1     3.024290      1.000000      1.089659      3.024290      ok
Implementation 3 (MM-2D)    1     2.967799      1.000000      1.110401      2.967799      ok
Implementation 1 (Serial)   4     3.295446      1.000000      1.000000      3.295446      ok
Implementation 2 (MM-1D)    4     0.830671      3.640780      3.967210      3.322684      ok
Implementation 3 (MM-2D)    4     0.788388      3.764389      4.179980      3.153552      ok
Implementation 1 (Serial)   9     3.295446      1.000000      1.000000      3.295446      ok
Implementation 2 (MM-1D)    9     0.745327      4.057669      4.421477      6.707943      ok
Implementation 3 (MM-2D)    9     0.422771      7.019874      7.794872      3.804939      ok
Implementation 1 (Serial)   16    3.295446      1.000000      1.000000      3.295446      ok
Implementation 2 (MM-1D)    16    0.529691      5.709536      6.221450      8.475056      ok
Implementation 3 (MM-2D)    16    0.273863      10.836802     12.033192     4.381808      ok
Implementation 1 (Serial)   25    3.295446      1.000000      1.000000      3.295446      ok
Implementation 2 (MM-1D)    25    0.557531      5.424434      5.910785      13.938275     ok
Implementation 3 (MM-2D)    25    0.276718      10.724994     11.909041     6.917950      ok

CSV written to: /home/pbclevidence/MPI-MM-algorithms/csvs/M3600_N600_Q1200.csv
SVG graph written to: /home/pbclevidence/MPI-MM-algorithms/graphs/M3600_N600_Q1200.svg
