Running P= 1... done
Running P= 4... done
Running P= 9... done
Running P= 16... done
Running P= 25... done

Implementation              P     Seconds       Speedup       Cost          Status
--------------------------------------------------------------------------------------
Implementation 1 (Serial)   1     60.394660     1.000000      60.394660     ok
Implementation 2 (MM-1D)    1     23.050100     2.620147      23.050100     ok
Implementation 3 (MM-2D)    1     55.844730     1.081475      55.844730     ok
Implementation 1 (Serial)   4     62.687890     1.000000      62.687890     ok
Implementation 2 (MM-1D)    4     8.051840      7.785536      32.207360     ok
Implementation 3 (MM-2D)    4     17.982130     3.486121      71.928520     ok
Implementation 1 (Serial)   9     63.190473     1.000000      63.190473     ok
Implementation 2 (MM-1D)    9     4.012400      15.748797     36.111600     ok
Implementation 3 (MM-2D)    9     49.415483     1.278759      444.739347    ok
Implementation 1 (Serial)   16    61.931368     1.000000      61.931368     ok
Implementation 2 (MM-1D)    16    3.725800      16.622301     59.612800     ok
Implementation 3 (MM-2D)    16    57.137416     1.083902      914.198656    ok
Implementation 1 (Serial)   25    60.326370     1.000000      60.326370     ok
Implementation 2 (MM-1D)    25    2.950670      20.444974     73.766750     ok
Implementation 3 (MM-2D)    25    93.970569     0.641971      2349.264225   ok

CSV written to: /home/pbclevidence/MPI-MM-algorithms/csvs/M1200_N1800_Q1200.csv
SVG graph written to: /home/pbclevidence/MPI-MM-algorithms/graphs/M1200_N1800_Q1200.svg
