Running P= 1... done
Running P= 4... done
Running P= 9... done
Running P= 16... done
Running P= 25... done

Implementation              P     Seconds       Speedup       Cost          Status
--------------------------------------------------------------------------------------
Implementation 1 (Serial)   1     162.612239    1.000000      162.612239    ok
Implementation 2 (MM-1D)    1     125.904000    1.291557      125.904000    ok
Implementation 3 (MM-2D)    1     126.474924    1.285727      126.474924    ok
Implementation 1 (Serial)   4     172.600554    1.000000      172.600554    ok
Implementation 2 (MM-1D)    4     47.709600     3.617732      190.838400    ok
Implementation 3 (MM-2D)    4     70.647640     2.443118      282.590560    ok
Implementation 1 (Serial)   9     172.471979    1.000000      172.471979    ok
Implementation 2 (MM-1D)    9     9.276780      18.591794     83.491020     ok
Implementation 3 (MM-2D)    9     73.575301     2.344156      662.177709    ok
Implementation 1 (Serial)   16    142.090395    1.000000      142.090395    ok
Implementation 2 (MM-1D)    16    37.132400     3.826588      594.118400    ok
Implementation 3 (MM-2D)    16    122.181243    1.162948      1954.899888   ok
Implementation 1 (Serial)   25    142.681079    1.000000      142.681079    ok
Implementation 2 (MM-1D)    25    35.904600     3.973894      897.615000    ok
Implementation 3 (MM-2D)    25    165.610113    0.861548      4140.252825   ok

CSV written to: /home/pbclevidence/MPI-MM-algorithms/csvs/M1800_N1800_Q1800.csv
SVG graph written to: /home/pbclevidence/MPI-MM-algorithms/graphs/M1800_N1800_Q1800.svg
