/var/spool/slurm/slurmd/job17915/slurm_script: line 11: module: command not found
Running P= 1... done
Running P= 1... done
Running P= 1... done
Running P= 1... done
Running P= 1... done
Running P= 1... done
Running P= 1... done
Running P= 1... done
Running P= 1... done
Running P= 4... done
Running P= 4... done
Running P= 4... done
Running P= 4... done
Running P= 4... done
Running P= 4... done
Running P= 4... done
Running P= 4... done
Running P= 4... done
Running P= 9... done

Implementation              P     Seconds       Speedup       Cost          Status
--------------------------------------------------------------------------------------
Implementation 1 (Serial)   1     0.000054      1.000000      0.000054      ok
Implementation 2 (MM-1D)    1     0.000050      1.081534      0.000050      ok
Implementation 3 (MM-2D)    1     0.000040      1.350000      0.000040      ok
Implementation 1 (Serial)   4     0.000051      1.000000      0.000051      ok
Implementation 2 (MM-1D)    4     0.000189      0.269724      0.000756      ok
Implementation 3 (MM-2D)    4     0.000195      0.261538      0.000780      ok
Implementation 1 (Serial)   9     0.000048      1.000000      0.000048      ok
Implementation 2 (MM-1D)    9     0.000291      0.165037      0.002618      ok
Implementation 3 (MM-2D)    9     0.000347      0.138329      0.003123      ok

CSV written to: /home/pbclevidence/MPI-MM-algorithms/csvs/M12_N18_Q12.csv
SVG graph written to: /home/pbclevidence/MPI-MM-algorithms/graphs/M12_N18_Q12.svg
Running P= 9... done
Running P= 9... done

Implementation              P     Seconds       Speedup       Cost          Status
--------------------------------------------------------------------------------------
Implementation 1 (Serial)   1     0.000076      1.000000      0.000076      ok
Implementation 2 (MM-1D)    1     0.000050      1.531298      0.000050      ok
Implementation 3 (MM-2D)    1     0.000040      1.900000      0.000040      ok
Implementation 1 (Serial)   4     0.000046      1.000000      0.000046      ok
Implementation 2 (MM-1D)    4     0.000174      0.265055      0.000694      ok
Implementation 3 (MM-2D)    4     0.000185      0.248649      0.000740      ok
Implementation 1 (Serial)   9     0.000052      1.000000      0.000052      ok
Implementation 2 (MM-1D)    9     0.000288      0.180812      0.002588      ok
Implementation 3 (MM-2D)    9     0.000363      0.143251      0.003267      ok

CSV written to: /home/pbclevidence/MPI-MM-algorithms/csvs/M12_N18_Q12.csv
SVG graph written to: /home/pbclevidence/MPI-MM-algorithms/graphs/M12_N18_Q12.svg

Implementation              P     Seconds       Speedup       Cost          Status
--------------------------------------------------------------------------------------
Implementation 1 (Serial)   1     0.000054      1.000000      0.000054      ok
Implementation 2 (MM-1D)    1     0.000049      1.110193      0.000049      ok
Implementation 3 (MM-2D)    1     0.000035      1.542857      0.000035      ok
Implementation 1 (Serial)   4     0.000049      1.000000      0.000049      ok
Implementation 2 (MM-1D)    4     0.000185      0.265261      0.000739      ok
Implementation 3 (MM-2D)    4     0.000206      0.237864      0.000824      ok
Implementation 1 (Serial)   9     0.000052      1.000000      0.000052      ok
Implementation 2 (MM-1D)    9     0.000287      0.181418      0.002580      ok
Implementation 3 (MM-2D)    9     0.000346      0.150289      0.003114      ok

CSV written to: /home/pbclevidence/MPI-MM-algorithms/csvs/M12_N18_Q12.csv
SVG graph written to: /home/pbclevidence/MPI-MM-algorithms/graphs/M12_N18_Q12.svg
Running P= 9... done

Implementation              P     Seconds       Speedup       Cost          Status
--------------------------------------------------------------------------------------
Implementation 1 (Serial)   1     0.000057      1.000000      0.000057      ok
Implementation 2 (MM-1D)    1     0.000048      1.194420      0.000048      ok
Implementation 3 (MM-2D)    1     0.000039      1.461538      0.000039      ok
Implementation 1 (Serial)   4     0.000041      1.000000      0.000041      ok
Implementation 2 (MM-1D)    4     0.000179      0.228899      0.000716      ok
Implementation 3 (MM-2D)    4     0.000180      0.227778      0.000720      ok
Implementation 1 (Serial)   9     0.000046      1.000000      0.000046      ok
Implementation 2 (MM-1D)    9     0.000287      0.160212      0.002584      ok
Implementation 3 (MM-2D)    9     0.000334      0.137725      0.003006      ok

CSV written to: /home/pbclevidence/MPI-MM-algorithms/csvs/M12_N18_Q12.csv
SVG graph written to: /home/pbclevidence/MPI-MM-algorithms/graphs/M12_N18_Q12.svg
Running P= 9... done

Implementation              P     Seconds       Speedup       Cost          Status
--------------------------------------------------------------------------------------
Implementation 1 (Serial)   1     0.000077      1.000000      0.000077      ok
Implementation 2 (MM-1D)    1     0.000038      2.000436      0.000038      ok
Implementation 3 (MM-2D)    1     0.000039      1.974359      0.000039      ok
Implementation 1 (Serial)   4     0.000047      1.000000      0.000047      ok
Implementation 2 (MM-1D)    4     0.000175      0.268753      0.000700      ok
Implementation 3 (MM-2D)    4     0.000190      0.247368      0.000760      ok
Implementation 1 (Serial)   9     0.000049      1.000000      0.000049      ok
Implementation 2 (MM-1D)    9     0.000286      0.171335      0.002574      ok
Implementation 3 (MM-2D)    9     0.000332      0.147590      0.002988      ok

CSV written to: /home/pbclevidence/MPI-MM-algorithms/csvs/M12_N18_Q12.csv
SVG graph written to: /home/pbclevidence/MPI-MM-algorithms/graphs/M12_N18_Q12.svg
Running P= 9... done

Implementation              P     Seconds       Speedup       Cost          Status
--------------------------------------------------------------------------------------
Implementation 1 (Serial)   1     0.000054      1.000000      0.000054      ok
Implementation 2 (MM-1D)    1     0.000050      1.081614      0.000050      ok
Implementation 3 (MM-2D)    1     0.000030      1.800000      0.000030      ok
Implementation 1 (Serial)   4     0.000046      1.000000      0.000046      ok
Implementation 2 (MM-1D)    4     0.000167      0.275204      0.000669      ok
Implementation 3 (MM-2D)    4     0.000185      0.248649      0.000740      ok
Implementation 1 (Serial)   9     0.000046      1.000000      0.000046      ok
Implementation 2 (MM-1D)    9     0.000298      0.154528      0.002679      ok
Implementation 3 (MM-2D)    9     0.000339      0.135693      0.003051      ok

CSV written to: /home/pbclevidence/MPI-MM-algorithms/csvs/M12_N18_Q12.csv
SVG graph written to: /home/pbclevidence/MPI-MM-algorithms/graphs/M12_N18_Q12.svg
Running P= 9... done

Implementation              P     Seconds       Speedup       Cost          Status
--------------------------------------------------------------------------------------
Implementation 1 (Serial)   1     0.000054      1.000000      0.000054      ok
Implementation 2 (MM-1D)    1     0.000048      1.126039      0.000048      ok
Implementation 3 (MM-2D)    1     0.000037      1.459459      0.000037      ok
Implementation 1 (Serial)   4     0.000050      1.000000      0.000050      ok
Implementation 2 (MM-1D)    4     0.000187      0.267504      0.000748      ok
Implementation 3 (MM-2D)    4     0.000188      0.265957      0.000752      ok
Implementation 1 (Serial)   9     0.000052      1.000000      0.000052      ok
Implementation 2 (MM-1D)    9     0.000279      0.186298      0.002512      ok
Implementation 3 (MM-2D)    9     0.000347      0.149856      0.003123      ok

CSV written to: /home/pbclevidence/MPI-MM-algorithms/csvs/M12_N18_Q12.csv
SVG graph written to: /home/pbclevidence/MPI-MM-algorithms/graphs/M12_N18_Q12.svg
Running P= 9... done

Implementation              P     Seconds       Speedup       Cost          Status
--------------------------------------------------------------------------------------
Implementation 1 (Serial)   1     0.000078      1.000000      0.000078      ok
Implementation 2 (MM-1D)    1     0.000049      1.607399      0.000049      ok
Implementation 3 (MM-2D)    1     0.000040      1.950000      0.000040      ok
Implementation 1 (Serial)   4     0.000052      1.000000      0.000052      ok
Implementation 2 (MM-1D)    4     0.000173      0.299985      0.000693      ok
Implementation 3 (MM-2D)    4     0.000177      0.293785      0.000708      ok
Implementation 1 (Serial)   9     0.000052      1.000000      0.000052      ok
Implementation 2 (MM-1D)    9     0.000292      0.178344      0.002624      ok
Implementation 3 (MM-2D)    9     0.000338      0.153846      0.003042      ok

CSV written to: /home/pbclevidence/MPI-MM-algorithms/csvs/M12_N18_Q12.csv
SVG graph written to: /home/pbclevidence/MPI-MM-algorithms/graphs/M12_N18_Q12.svg
Running P= 9... done

Implementation              P     Seconds       Speedup       Cost          Status
--------------------------------------------------------------------------------------
Implementation 1 (Serial)   1     0.000054      1.000000      0.000054      ok
Implementation 2 (MM-1D)    1     0.000050      1.085724      0.000050      ok
Implementation 3 (MM-2D)    1     0.000039      1.384615      0.000039      ok
Implementation 1 (Serial)   4     0.000048      1.000000      0.000048      ok
Implementation 2 (MM-1D)    4     0.000171      0.281404      0.000682      ok
Implementation 3 (MM-2D)    4     0.000171      0.280702      0.000684      ok
Implementation 1 (Serial)   9     0.000051      1.000000      0.000051      ok
Implementation 2 (MM-1D)    9     0.000288      0.177389      0.002588      ok
Implementation 3 (MM-2D)    9     0.000350      0.145714      0.003150      ok

CSV written to: /home/pbclevidence/MPI-MM-algorithms/csvs/M12_N18_Q12.csv
SVG graph written to: /home/pbclevidence/MPI-MM-algorithms/graphs/M12_N18_Q12.svg
