/var/spool/slurm/slurmd/job17950/slurm_script: line 11: module: command not found
Running P= 1... done
Running P= 1... done
Running P= 1... done
Running P= 1... done
Running P= 1... done
Running P= 1... done
Running P= 1... done
Running P= 1... done
Running P= 1... done
Running P= 4... done
Running P= 4... done
Running P= 4... done
Running P= 4... done
Running P= 4... done
Running P= 4... done
Running P= 4... done
Running P= 4... done
Running P= 4... done
Running P= 9... done
Running P= 9... done

Implementation              P     Seconds       Speedup       Cost          Status
--------------------------------------------------------------------------------------
Implementation 1 (Serial)   1     0.000071      1.000000      0.000071      ok
Implementation 2 (MM-1D)    1     0.000071      1.001177      0.000071      ok
Implementation 3 (MM-2D)    1     0.000054      1.314815      0.000054      ok
Implementation 1 (Serial)   4     0.000063      1.000000      0.000063      ok
Implementation 2 (MM-1D)    4     0.000185      0.340878      0.000739      ok
Implementation 3 (MM-2D)    4     0.000197      0.319797      0.000788      ok
Implementation 1 (Serial)   9     0.000063      1.000000      0.000063      ok
Implementation 2 (MM-1D)    9     0.000305      0.206703      0.002743      ok
Implementation 3 (MM-2D)    9     0.000361      0.174515      0.003249      ok

CSV written to: /home/pbclevidence/MPI-MM-algorithms/csvs/M24_N24_Q6.csv
SVG graph written to: /home/pbclevidence/MPI-MM-algorithms/graphs/M24_N24_Q6.svg

Implementation              P     Seconds       Speedup       Cost          Status
--------------------------------------------------------------------------------------
Implementation 1 (Serial)   1     0.000071      1.000000      0.000071      ok
Implementation 2 (MM-1D)    1     0.000072      0.981483      0.000072      ok
Implementation 3 (MM-2D)    1     0.000039      1.820513      0.000039      ok
Implementation 1 (Serial)   4     0.000065      1.000000      0.000065      ok
Implementation 2 (MM-1D)    4     0.000189      0.343505      0.000757      ok
Implementation 3 (MM-2D)    4     0.000196      0.331633      0.000784      ok
Implementation 1 (Serial)   9     0.000060      1.000000      0.000060      ok
Implementation 2 (MM-1D)    9     0.000293      0.205030      0.002634      ok
Implementation 3 (MM-2D)    9     0.000347      0.172911      0.003123      ok

CSV written to: /home/pbclevidence/MPI-MM-algorithms/csvs/M24_N24_Q6.csv
SVG graph written to: /home/pbclevidence/MPI-MM-algorithms/graphs/M24_N24_Q6.svg
Running P= 9... done

Implementation              P     Seconds       Speedup       Cost          Status
--------------------------------------------------------------------------------------
Implementation 1 (Serial)   1     0.000071      1.000000      0.000071      ok
Implementation 2 (MM-1D)    1     0.000067      1.055224      0.000067      ok
Implementation 3 (MM-2D)    1     0.000052      1.365385      0.000052      ok
Implementation 1 (Serial)   4     0.000060      1.000000      0.000060      ok
Implementation 2 (MM-1D)    4     0.000175      0.342472      0.000701      ok
Implementation 3 (MM-2D)    4     0.000207      0.289855      0.000828      ok
Implementation 1 (Serial)   9     0.000068      1.000000      0.000068      ok
Implementation 2 (MM-1D)    9     0.000299      0.227116      0.002695      ok
Implementation 3 (MM-2D)    9     0.000371      0.183288      0.003339      ok

CSV written to: /home/pbclevidence/MPI-MM-algorithms/csvs/M24_N24_Q6.csv
SVG graph written to: /home/pbclevidence/MPI-MM-algorithms/graphs/M24_N24_Q6.svg
Running P= 9... done

Implementation              P     Seconds       Speedup       Cost          Status
--------------------------------------------------------------------------------------
Implementation 1 (Serial)   1     0.000071      1.000000      0.000071      ok
Implementation 2 (MM-1D)    1     0.000071      0.997980      0.000071      ok
Implementation 3 (MM-2D)    1     0.000053      1.339623      0.000053      ok
Implementation 1 (Serial)   4     0.000065      1.000000      0.000065      ok
Implementation 2 (MM-1D)    4     0.000202      0.322526      0.000806      ok
Implementation 3 (MM-2D)    4     0.000202      0.321782      0.000808      ok
Implementation 1 (Serial)   9     0.000063      1.000000      0.000063      ok
Implementation 2 (MM-1D)    9     0.000306      0.205832      0.002755      ok
Implementation 3 (MM-2D)    9     0.000348      0.181034      0.003132      ok

CSV written to: /home/pbclevidence/MPI-MM-algorithms/csvs/M24_N24_Q6.csv
SVG graph written to: /home/pbclevidence/MPI-MM-algorithms/graphs/M24_N24_Q6.svg
Running P= 9... done
Running P= 9... done
Running P= 9... done

Implementation              P     Seconds       Speedup       Cost          Status
--------------------------------------------------------------------------------------
Implementation 1 (Serial)   1     0.000071      1.000000      0.000071      ok
Implementation 2 (MM-1D)    1     0.000069      1.034293      0.000069      ok
Implementation 3 (MM-2D)    1     0.000053      1.339623      0.000053      ok
Implementation 1 (Serial)   4     0.000060      1.000000      0.000060      ok
Implementation 2 (MM-1D)    4     0.000185      0.324786      0.000739      ok
Implementation 3 (MM-2D)    4     0.000218      0.275229      0.000872      ok
Implementation 1 (Serial)   9     0.000071      1.000000      0.000071      ok
Implementation 2 (MM-1D)    9     0.000306      0.231956      0.002755      ok
Implementation 3 (MM-2D)    9     0.000349      0.203438      0.003141      ok

CSV written to: /home/pbclevidence/MPI-MM-algorithms/csvs/M24_N24_Q6.csv
SVG graph written to: /home/pbclevidence/MPI-MM-algorithms/graphs/M24_N24_Q6.svg
Running P= 9... done

Implementation              P     Seconds       Speedup       Cost          Status
--------------------------------------------------------------------------------------
Implementation 1 (Serial)   1     0.000071      1.000000      0.000071      ok
Implementation 2 (MM-1D)    1     0.000067      1.064774      0.000067      ok
Implementation 3 (MM-2D)    1     0.000053      1.339623      0.000053      ok
Implementation 1 (Serial)   4     0.000060      1.000000      0.000060      ok
Implementation 2 (MM-1D)    4     0.000192      0.312050      0.000769      ok
Implementation 3 (MM-2D)    4     0.000218      0.275229      0.000872      ok
Implementation 1 (Serial)   9     0.000065      1.000000      0.000065      ok
Implementation 2 (MM-1D)    9     0.000306      0.212085      0.002758      ok
Implementation 3 (MM-2D)    9     0.000359      0.181058      0.003231      ok

CSV written to: /home/pbclevidence/MPI-MM-algorithms/csvs/M24_N24_Q6.csv
SVG graph written to: /home/pbclevidence/MPI-MM-algorithms/graphs/M24_N24_Q6.svg

Implementation              P     Seconds       Speedup       Cost          Status
--------------------------------------------------------------------------------------
Implementation 1 (Serial)   1     0.000072      1.000000      0.000072      ok
Implementation 2 (MM-1D)    1     0.000070      1.032030      0.000070      ok
Implementation 3 (MM-2D)    1     0.000050      1.440000      0.000050      ok
Implementation 1 (Serial)   4     0.000065      1.000000      0.000065      ok
Implementation 2 (MM-1D)    4     0.000179      0.363761      0.000715      ok
Implementation 3 (MM-2D)    4     0.000202      0.321782      0.000808      ok
Implementation 1 (Serial)   9     0.000060      1.000000      0.000060      ok
Implementation 2 (MM-1D)    9     0.000290      0.206691      0.002613      ok
Implementation 3 (MM-2D)    9     0.000370      0.162162      0.003330      ok

CSV written to: /home/pbclevidence/MPI-MM-algorithms/csvs/M24_N24_Q6.csv
SVG graph written to: /home/pbclevidence/MPI-MM-algorithms/graphs/M24_N24_Q6.svg

Implementation              P     Seconds       Speedup       Cost          Status
--------------------------------------------------------------------------------------
Implementation 1 (Serial)   1     0.000071      1.000000      0.000071      ok
Implementation 2 (MM-1D)    1     0.000059      1.194205      0.000059      ok
Implementation 3 (MM-2D)    1     0.000053      1.339623      0.000053      ok
Implementation 1 (Serial)   4     0.000063      1.000000      0.000063      ok
Implementation 2 (MM-1D)    4     0.000181      0.347636      0.000725      ok
Implementation 3 (MM-2D)    4     0.000207      0.304348      0.000828      ok
Implementation 1 (Serial)   9     0.000068      1.000000      0.000068      ok
Implementation 2 (MM-1D)    9     0.000290      0.234786      0.002607      ok
Implementation 3 (MM-2D)    9     0.000363      0.187328      0.003267      ok

CSV written to: /home/pbclevidence/MPI-MM-algorithms/csvs/M24_N24_Q6.csv
SVG graph written to: /home/pbclevidence/MPI-MM-algorithms/graphs/M24_N24_Q6.svg
Running P= 9... done

Implementation              P     Seconds       Speedup       Cost          Status
--------------------------------------------------------------------------------------
Implementation 1 (Serial)   1     0.000071      1.000000      0.000071      ok
Implementation 2 (MM-1D)    1     0.000070      1.010601      0.000070      ok
Implementation 3 (MM-2D)    1     0.000041      1.731707      0.000041      ok
Implementation 1 (Serial)   4     0.000065      1.000000      0.000065      ok
Implementation 2 (MM-1D)    4     0.000186      0.348939      0.000745      ok
Implementation 3 (MM-2D)    4     0.000202      0.321782      0.000808      ok
Implementation 1 (Serial)   9     0.000071      1.000000      0.000071      ok
Implementation 2 (MM-1D)    9     0.000291      0.244319      0.002615      ok
Implementation 3 (MM-2D)    9     0.000344      0.206395      0.003096      ok

CSV written to: /home/pbclevidence/MPI-MM-algorithms/csvs/M24_N24_Q6.csv
SVG graph written to: /home/pbclevidence/MPI-MM-algorithms/graphs/M24_N24_Q6.svg
