Running P= 1... done
Running P= 4... done
Running P= 9... done
Running P= 16... done
Running P= 25... done

Implementation              P     Seconds       Speedup       Cost          Status
--------------------------------------------------------------------------------------
Implementation 1 (Serial)   1     32.247920     1.000000      32.247920     ok
Implementation 2 (MM-1D)    1     32.227700     1.000627      32.227700     ok
Implementation 3 (MM-2D)    1     32.069975     1.005549      32.069975     ok
Implementation 1 (Serial)   4     32.247920     1.000000      32.247920     ok
Implementation 2 (MM-1D)    4     8.642410      3.731357      34.569640     ok
Implementation 3 (MM-2D)    4     3.320417      9.712009      13.281668     ok
Implementation 1 (Serial)   9     32.247920     1.000000      32.247920     ok
Implementation 2 (MM-1D)    9     4.338630      7.432743      39.047670     ok
Implementation 3 (MM-2D)    9     2.018579      15.975555     18.167211     ok
Implementation 1 (Serial)   16    32.247920     1.000000      32.247920     ok
Implementation 2 (MM-1D)    16    2.705180      11.920804     43.282880     ok
Implementation 3 (MM-2D)    16    1.293809      24.924792     20.700944     ok
Implementation 1 (Serial)   25    32.247920     1.000000      32.247920     ok
Implementation 2 (MM-1D)    25    2.986250      10.798801     74.656250     ok
Implementation 3 (MM-2D)    25    1.419397      22.719451     35.484925     ok

CSV written to: /home/pbclevidence/MPI-MM-algorithms/csvs/M2400_N1800_Q2400.csv
SVG graph written to: /home/pbclevidence/MPI-MM-algorithms/graphs/M2400_N1800_Q2400.svg
