/var/spool/slurm/slurmd/job17936/slurm_script: line 11: module: command not found
Running P= 1... done
Running P= 1... done
Running P= 1... done
Running P= 1... done
Running P= 1... done
Running P= 1... done
Running P= 1... done
Running P= 1... done
Running P= 1... done
Running P= 4... done
Running P= 4... done
Running P= 4... done
Running P= 4... done
Running P= 4... done
Running P= 4... done
Running P= 4... done
Running P= 4... done
Running P= 4... done
Running P= 9... done
Running P= 9... done

Implementation              P     Seconds       Speedup       Cost          Status
--------------------------------------------------------------------------------------
Implementation 1 (Serial)   1     0.000224      1.000000      0.000224      ok
Implementation 2 (MM-1D)    1     0.000121      1.847773      0.000121      ok
Implementation 3 (MM-2D)    1     0.000104      2.153846      0.000104      ok
Implementation 1 (Serial)   4     0.000129      1.000000      0.000129      ok
Implementation 2 (MM-1D)    4     0.000196      0.657084      0.000785      ok
Implementation 3 (MM-2D)    4     0.000238      0.542017      0.000952      ok
Implementation 1 (Serial)   9     0.000145      1.000000      0.000145      ok
Implementation 2 (MM-1D)    9     0.000279      0.520385      0.002508      ok
Implementation 3 (MM-2D)    9     0.000395      0.367089      0.003555      ok

CSV written to: /home/pbclevidence/MPI-MM-algorithms/csvs/M18_N24_Q18.csv
SVG graph written to: /home/pbclevidence/MPI-MM-algorithms/graphs/M18_N24_Q18.svg

Implementation              P     Seconds       Speedup       Cost          Status
--------------------------------------------------------------------------------------
Implementation 1 (Serial)   1     0.000161      1.000000      0.000161      ok
Implementation 2 (MM-1D)    1     0.000087      1.850428      0.000087      ok
Implementation 3 (MM-2D)    1     0.000104      1.548077      0.000104      ok
Implementation 1 (Serial)   4     0.000145      1.000000      0.000145      ok
Implementation 2 (MM-1D)    4     0.000202      0.716559      0.000809      ok
Implementation 3 (MM-2D)    4     0.000238      0.609244      0.000952      ok
Implementation 1 (Serial)   9     0.000145      1.000000      0.000145      ok
Implementation 2 (MM-1D)    9     0.000297      0.488474      0.002672      ok
Implementation 3 (MM-2D)    9     0.000406      0.357143      0.003654      ok

CSV written to: /home/pbclevidence/MPI-MM-algorithms/csvs/M18_N24_Q18.csv
SVG graph written to: /home/pbclevidence/MPI-MM-algorithms/graphs/M18_N24_Q18.svg
Running P= 9... done
Running P= 9... done

Implementation              P     Seconds       Speedup       Cost          Status
--------------------------------------------------------------------------------------
Implementation 1 (Serial)   1     0.000161      1.000000      0.000161      ok
Implementation 2 (MM-1D)    1     0.000115      1.401755      0.000115      ok
Implementation 3 (MM-2D)    1     0.000099      1.626263      0.000099      ok
Implementation 1 (Serial)   4     0.000151      1.000000      0.000151      ok
Implementation 2 (MM-1D)    4     0.000203      0.745285      0.000810      ok
Implementation 3 (MM-2D)    4     0.000247      0.611336      0.000988      ok
Implementation 1 (Serial)   9     0.000151      1.000000      0.000151      ok
Implementation 2 (MM-1D)    9     0.000282      0.536117      0.002535      ok
Implementation 3 (MM-2D)    9     0.000395      0.382278      0.003555      ok

CSV written to: /home/pbclevidence/MPI-MM-algorithms/csvs/M18_N24_Q18.csv
SVG graph written to: /home/pbclevidence/MPI-MM-algorithms/graphs/M18_N24_Q18.svg

Implementation              P     Seconds       Speedup       Cost          Status
--------------------------------------------------------------------------------------
Implementation 1 (Serial)   1     0.000163      1.000000      0.000163      ok
Implementation 2 (MM-1D)    1     0.000098      1.658846      0.000098      ok
Implementation 3 (MM-2D)    1     0.000095      1.715789      0.000095      ok
Implementation 1 (Serial)   4     0.000134      1.000000      0.000134      ok
Implementation 2 (MM-1D)    4     0.000212      0.632926      0.000847      ok
Implementation 3 (MM-2D)    4     0.000249      0.538153      0.000996      ok
Implementation 1 (Serial)   9     0.000145      1.000000      0.000145      ok
Implementation 2 (MM-1D)    9     0.000301      0.482049      0.002707      ok
Implementation 3 (MM-2D)    9     0.000397      0.365239      0.003573      ok

CSV written to: /home/pbclevidence/MPI-MM-algorithms/csvs/M18_N24_Q18.csv
SVG graph written to: /home/pbclevidence/MPI-MM-algorithms/graphs/M18_N24_Q18.svg
Running P= 9... done

Implementation              P     Seconds       Speedup       Cost          Status
--------------------------------------------------------------------------------------
Implementation 1 (Serial)   1     0.000157      1.000000      0.000157      ok
Implementation 2 (MM-1D)    1     0.000095      1.657384      0.000095      ok
Implementation 3 (MM-2D)    1     0.000099      1.585859      0.000099      ok
Implementation 1 (Serial)   4     0.000141      1.000000      0.000141      ok
Implementation 2 (MM-1D)    4     0.000195      0.722480      0.000781      ok
Implementation 3 (MM-2D)    4     0.000233      0.605150      0.000932      ok
Implementation 1 (Serial)   9     0.000154      1.000000      0.000154      ok
Implementation 2 (MM-1D)    9     0.000303      0.508682      0.002725      ok
Implementation 3 (MM-2D)    9     0.000400      0.385000      0.003600      ok

CSV written to: /home/pbclevidence/MPI-MM-algorithms/csvs/M18_N24_Q18.csv
SVG graph written to: /home/pbclevidence/MPI-MM-algorithms/graphs/M18_N24_Q18.svg
Running P= 9... done
Running P= 9... done
Running P= 9... done

Implementation              P     Seconds       Speedup       Cost          Status
--------------------------------------------------------------------------------------
Implementation 1 (Serial)   1     0.000157      1.000000      0.000157      ok
Implementation 2 (MM-1D)    1     0.000118      1.325353      0.000118      ok
Implementation 3 (MM-2D)    1     0.000099      1.585859      0.000099      ok
Implementation 1 (Serial)   4     0.000145      1.000000      0.000145      ok
Implementation 2 (MM-1D)    4     0.000193      0.752106      0.000771      ok
Implementation 3 (MM-2D)    4     0.000236      0.614407      0.000944      ok
Implementation 1 (Serial)   9     0.000145      1.000000      0.000145      ok
Implementation 2 (MM-1D)    9     0.000299      0.485305      0.002689      ok
Implementation 3 (MM-2D)    9     0.000388      0.373711      0.003492      ok

CSV written to: /home/pbclevidence/MPI-MM-algorithms/csvs/M18_N24_Q18.csv
SVG graph written to: /home/pbclevidence/MPI-MM-algorithms/graphs/M18_N24_Q18.svg

Implementation              P     Seconds       Speedup       Cost          Status
--------------------------------------------------------------------------------------
Implementation 1 (Serial)   1     0.000216      1.000000      0.000216      ok
Implementation 2 (MM-1D)    1     0.000087      2.492727      0.000087      ok
Implementation 3 (MM-2D)    1     0.000076      2.842105      0.000076      ok
Implementation 1 (Serial)   4     0.000134      1.000000      0.000134      ok
Implementation 2 (MM-1D)    4     0.000213      0.629554      0.000851      ok
Implementation 3 (MM-2D)    4     0.000229      0.585153      0.000916      ok
Implementation 1 (Serial)   9     0.000145      1.000000      0.000145      ok
Implementation 2 (MM-1D)    9     0.000302      0.480228      0.002717      ok
Implementation 3 (MM-2D)    9     0.000397      0.365239      0.003573      ok

CSV written to: /home/pbclevidence/MPI-MM-algorithms/csvs/M18_N24_Q18.csv
SVG graph written to: /home/pbclevidence/MPI-MM-algorithms/graphs/M18_N24_Q18.svg

Implementation              P     Seconds       Speedup       Cost          Status
--------------------------------------------------------------------------------------
Implementation 1 (Serial)   1     0.000157      1.000000      0.000157      ok
Implementation 2 (MM-1D)    1     0.000103      1.523355      0.000103      ok
Implementation 3 (MM-2D)    1     0.000075      2.093333      0.000075      ok
Implementation 1 (Serial)   4     0.000139      1.000000      0.000139      ok
Implementation 2 (MM-1D)    4     0.000195      0.711478      0.000781      ok
Implementation 3 (MM-2D)    4     0.000241      0.576763      0.000964      ok
Implementation 1 (Serial)   9     0.000158      1.000000      0.000158      ok
Implementation 2 (MM-1D)    9     0.000301      0.525575      0.002706      ok
Implementation 3 (MM-2D)    9     0.000400      0.395000      0.003600      ok

CSV written to: /home/pbclevidence/MPI-MM-algorithms/csvs/M18_N24_Q18.csv
SVG graph written to: /home/pbclevidence/MPI-MM-algorithms/graphs/M18_N24_Q18.svg
Running P= 9... done

Implementation              P     Seconds       Speedup       Cost          Status
--------------------------------------------------------------------------------------
Implementation 1 (Serial)   1     0.000225      1.000000      0.000225      ok
Implementation 2 (MM-1D)    1     0.000117      1.924014      0.000117      ok
Implementation 3 (MM-2D)    1     0.000084      2.678571      0.000084      ok
Implementation 1 (Serial)   4     0.000151      1.000000      0.000151      ok
Implementation 2 (MM-1D)    4     0.000204      0.741268      0.000815      ok
Implementation 3 (MM-2D)    4     0.000241      0.626556      0.000964      ok
Implementation 1 (Serial)   9     0.000139      1.000000      0.000139      ok
Implementation 2 (MM-1D)    9     0.000308      0.451022      0.002774      ok
Implementation 3 (MM-2D)    9     0.000402      0.345771      0.003618      ok

CSV written to: /home/pbclevidence/MPI-MM-algorithms/csvs/M18_N24_Q18.csv
SVG graph written to: /home/pbclevidence/MPI-MM-algorithms/graphs/M18_N24_Q18.svg
