Running P= 1... done
Running P= 4... done
Running P= 9... done
Running P= 16... done
Running P= 25... done

Implementation              P     Seconds       Speedup       Cost          Status
--------------------------------------------------------------------------------------
Implementation 1 (Serial)   1     0.568784      1.000000      0.568784      ok
Implementation 2 (MM-1D)    1     0.513174      1.108365      0.513174      ok
Implementation 3 (MM-2D)    1     0.516570      1.101078      0.516570      ok
Implementation 1 (Serial)   4     0.568784      1.000000      0.568784      ok
Implementation 2 (MM-1D)    4     0.157890      3.602407      0.631560      ok
Implementation 3 (MM-2D)    4     0.133239      4.268900      0.532956      ok
Implementation 1 (Serial)   9     0.568784      1.000000      0.568784      ok
Implementation 2 (MM-1D)    9     0.104062      5.465818      0.936558      ok
Implementation 3 (MM-2D)    9     0.090349      6.295410      0.813141      ok
Implementation 1 (Serial)   16    0.568784      1.000000      0.568784      ok
Implementation 2 (MM-1D)    16    0.112362      5.062067      1.797792      ok
Implementation 3 (MM-2D)    16    0.090200      6.305809      1.443200      ok
Implementation 1 (Serial)   25    0.568784      1.000000      0.568784      ok
Implementation 2 (MM-1D)    25    0.118673      4.792868      2.966825      ok
Implementation 3 (MM-2D)    25    0.070619      8.054263      1.765475      ok

CSV written to: /home/pbclevidence/MPI-MM-algorithms/csvs/M1200_N600_Q600.csv
SVG graph written to: /home/pbclevidence/MPI-MM-algorithms/graphs/M1200_N600_Q600.svg
