Running P= 1... done
Running P= 4... done
Running P= 9... done
Running P= 16... done
Running P= 25... done

Implementation              P     Seconds       Speedup       VsSerial      Cost          Status
----------------------------------------------------------------------------------------------------
Implementation 1 (Serial)   1     4.032597      1.000000      1.000000      4.032597      ok
Implementation 2 (MM-1D)    1     3.775810      1.000000      1.068008      3.775810      ok
Implementation 3 (MM-2D)    1     3.722370      1.000000      1.083341      3.722370      ok
Implementation 1 (Serial)   4     4.032597      1.000000      1.000000      4.032597      ok
Implementation 2 (MM-1D)    4     1.066000      3.542036      3.782924      4.264000      ok
Implementation 3 (MM-2D)    4     0.911158      4.085318      4.425793      3.644632      ok
Implementation 1 (Serial)   9     4.032597      1.000000      1.000000      4.032597      ok
Implementation 2 (MM-1D)    9     0.984242      3.836262      4.097160      8.858178      ok
Implementation 3 (MM-2D)    9     0.510093      7.297434      7.905611      4.590837      ok
Implementation 1 (Serial)   16    4.032597      1.000000      1.000000      4.032597      ok
Implementation 2 (MM-1D)    16    0.637514      5.922709      6.325503      10.200224     ok
Implementation 3 (MM-2D)    16    0.320256      11.623108     12.591792     5.124096      ok
Implementation 1 (Serial)   25    4.032597      1.000000      1.000000      4.032597      ok
Implementation 2 (MM-1D)    25    0.719973      5.244377      5.601039      17.999325     ok
Implementation 3 (MM-2D)    25    0.328439      11.333520     12.278070     8.210975      ok

CSV written to: /home/pbclevidence/MPI-MM-algorithms/csvs/M3000_N600_Q1800.csv
SVG graph written to: /home/pbclevidence/MPI-MM-algorithms/graphs/M3000_N600_Q1800.svg
