/var/spool/slurm/slurmd/job17934/slurm_script: line 11: module: command not found
Running P= 1... done
Running P= 1... done
Running P= 1... done
Running P= 1... done
Running P= 1... done
Running P= 1... done
Running P= 1... done
Running P= 1... done
Running P= 1... done
Running P= 4... done
Running P= 4... done
Running P= 4... done
Running P= 4... done
Running P= 4... done
Running P= 4... done
Running P= 4... done
Running P= 4... done
Running P= 4... done
Running P= 9... done

Implementation              P     Seconds       Speedup       Cost          Status
--------------------------------------------------------------------------------------
Implementation 1 (Serial)   1     0.000053      1.000000      0.000053      ok
Implementation 2 (MM-1D)    1     0.000049      1.078768      0.000049      ok
Implementation 3 (MM-2D)    1     0.000042      1.261905      0.000042      ok
Implementation 1 (Serial)   4     0.000049      1.000000      0.000049      ok
Implementation 2 (MM-1D)    4     0.000175      0.279723      0.000701      ok
Implementation 3 (MM-2D)    4     0.000198      0.247475      0.000792      ok
Implementation 1 (Serial)   9     0.000047      1.000000      0.000047      ok
Implementation 2 (MM-1D)    9     0.000286      0.164295      0.002575      ok
Implementation 3 (MM-2D)    9     0.000345      0.136232      0.003105      ok

CSV written to: /home/pbclevidence/MPI-MM-algorithms/csvs/M18_N24_Q6.csv
SVG graph written to: /home/pbclevidence/MPI-MM-algorithms/graphs/M18_N24_Q6.svg
Running P= 9... done

Implementation              P     Seconds       Speedup       Cost          Status
--------------------------------------------------------------------------------------
Implementation 1 (Serial)   1     0.000053      1.000000      0.000053      ok
Implementation 2 (MM-1D)    1     0.000054      0.982754      0.000054      ok
Implementation 3 (MM-2D)    1     0.000042      1.261905      0.000042      ok
Implementation 1 (Serial)   4     0.000047      1.000000      0.000047      ok
Implementation 2 (MM-1D)    4     0.000185      0.254395      0.000739      ok
Implementation 3 (MM-2D)    4     0.000197      0.238579      0.000788      ok
Implementation 1 (Serial)   9     0.000053      1.000000      0.000053      ok
Implementation 2 (MM-1D)    9     0.000298      0.178133      0.002678      ok
Implementation 3 (MM-2D)    9     0.000366      0.144809      0.003294      ok

CSV written to: /home/pbclevidence/MPI-MM-algorithms/csvs/M18_N24_Q6.csv
SVG graph written to: /home/pbclevidence/MPI-MM-algorithms/graphs/M18_N24_Q6.svg
Running P= 9... done

Implementation              P     Seconds       Speedup       Cost          Status
--------------------------------------------------------------------------------------
Implementation 1 (Serial)   1     0.000053      1.000000      0.000053      ok
Implementation 2 (MM-1D)    1     0.000055      0.968141      0.000055      ok
Implementation 3 (MM-2D)    1     0.000040      1.325000      0.000040      ok
Implementation 1 (Serial)   4     0.000045      1.000000      0.000045      ok
Implementation 2 (MM-1D)    4     0.000184      0.245035      0.000735      ok
Implementation 3 (MM-2D)    4     0.000191      0.235602      0.000764      ok
Implementation 1 (Serial)   9     0.000049      1.000000      0.000049      ok
Implementation 2 (MM-1D)    9     0.000282      0.173748      0.002538      ok
Implementation 3 (MM-2D)    9     0.000366      0.133880      0.003294      ok

CSV written to: /home/pbclevidence/MPI-MM-algorithms/csvs/M18_N24_Q6.csv
SVG graph written to: /home/pbclevidence/MPI-MM-algorithms/graphs/M18_N24_Q6.svg
Running P= 9... done
Running P= 9... done

Implementation              P     Seconds       Speedup       Cost          Status
--------------------------------------------------------------------------------------
Implementation 1 (Serial)   1     0.000053      1.000000      0.000053      ok
Implementation 2 (MM-1D)    1     0.000055      0.964303      0.000055      ok
Implementation 3 (MM-2D)    1     0.000040      1.325000      0.000040      ok
Implementation 1 (Serial)   4     0.000047      1.000000      0.000047      ok
Implementation 2 (MM-1D)    4     0.000170      0.276269      0.000680      ok
Implementation 3 (MM-2D)    4     0.000194      0.242268      0.000776      ok
Implementation 1 (Serial)   9     0.000049      1.000000      0.000049      ok
Implementation 2 (MM-1D)    9     0.000290      0.168943      0.002610      ok
Implementation 3 (MM-2D)    9     0.000351      0.139601      0.003159      ok

CSV written to: /home/pbclevidence/MPI-MM-algorithms/csvs/M18_N24_Q6.csv
SVG graph written to: /home/pbclevidence/MPI-MM-algorithms/graphs/M18_N24_Q6.svg
Running P= 9... done

Implementation              P     Seconds       Speedup       Cost          Status
--------------------------------------------------------------------------------------
Implementation 1 (Serial)   1     0.000053      1.000000      0.000053      ok
Implementation 2 (MM-1D)    1     0.000047      1.132842      0.000047      ok
Implementation 3 (MM-2D)    1     0.000041      1.292683      0.000041      ok
Implementation 1 (Serial)   4     0.000045      1.000000      0.000045      ok
Implementation 2 (MM-1D)    4     0.000177      0.253859      0.000709      ok
Implementation 3 (MM-2D)    4     0.000203      0.221675      0.000812      ok
Implementation 1 (Serial)   9     0.000053      1.000000      0.000053      ok
Implementation 2 (MM-1D)    9     0.000286      0.185210      0.002575      ok
Implementation 3 (MM-2D)    9     0.000361      0.146814      0.003249      ok

CSV written to: /home/pbclevidence/MPI-MM-algorithms/csvs/M18_N24_Q6.csv
SVG graph written to: /home/pbclevidence/MPI-MM-algorithms/graphs/M18_N24_Q6.svg
Running P= 9... done

Implementation              P     Seconds       Speedup       Cost          Status
--------------------------------------------------------------------------------------
Implementation 1 (Serial)   1     0.000053      1.000000      0.000053      ok
Implementation 2 (MM-1D)    1     0.000048      1.110862      0.000048      ok
Implementation 3 (MM-2D)    1     0.000036      1.472222      0.000036      ok
Implementation 1 (Serial)   4     0.000046      1.000000      0.000046      ok
Implementation 2 (MM-1D)    4     0.000187      0.246544      0.000746      ok
Implementation 3 (MM-2D)    4     0.000196      0.234694      0.000784      ok
Implementation 1 (Serial)   9     0.000044      1.000000      0.000044      ok
Implementation 2 (MM-1D)    9     0.000288      0.152741      0.002593      ok
Implementation 3 (MM-2D)    9     0.000363      0.121212      0.003267      ok

CSV written to: /home/pbclevidence/MPI-MM-algorithms/csvs/M18_N24_Q6.csv
SVG graph written to: /home/pbclevidence/MPI-MM-algorithms/graphs/M18_N24_Q6.svg

Implementation              P     Seconds       Speedup       Cost          Status
--------------------------------------------------------------------------------------
Implementation 1 (Serial)   1     0.000077      1.000000      0.000077      ok
Implementation 2 (MM-1D)    1     0.000055      1.390248      0.000055      ok
Implementation 3 (MM-2D)    1     0.000033      2.333333      0.000033      ok
Implementation 1 (Serial)   4     0.000049      1.000000      0.000049      ok
Implementation 2 (MM-1D)    4     0.000180      0.272880      0.000718      ok
Implementation 3 (MM-2D)    4     0.000194      0.252577      0.000776      ok
Implementation 1 (Serial)   9     0.000051      1.000000      0.000051      ok
Implementation 2 (MM-1D)    9     0.000291      0.175326      0.002618      ok
Implementation 3 (MM-2D)    9     0.000357      0.142857      0.003213      ok

CSV written to: /home/pbclevidence/MPI-MM-algorithms/csvs/M18_N24_Q6.csv
SVG graph written to: /home/pbclevidence/MPI-MM-algorithms/graphs/M18_N24_Q6.svg
Running P= 9... done

Implementation              P     Seconds       Speedup       Cost          Status
--------------------------------------------------------------------------------------
Implementation 1 (Serial)   1     0.000053      1.000000      0.000053      ok
Implementation 2 (MM-1D)    1     0.000051      1.045052      0.000051      ok
Implementation 3 (MM-2D)    1     0.000042      1.261905      0.000042      ok
Implementation 1 (Serial)   4     0.000044      1.000000      0.000044      ok
Implementation 2 (MM-1D)    4     0.000191      0.230036      0.000765      ok
Implementation 3 (MM-2D)    4     0.000197      0.223350      0.000788      ok
Implementation 1 (Serial)   9     0.000049      1.000000      0.000049      ok
Implementation 2 (MM-1D)    9     0.000288      0.169855      0.002596      ok
Implementation 3 (MM-2D)    9     0.000370      0.132432      0.003330      ok

CSV written to: /home/pbclevidence/MPI-MM-algorithms/csvs/M18_N24_Q6.csv
SVG graph written to: /home/pbclevidence/MPI-MM-algorithms/graphs/M18_N24_Q6.svg
Running P= 9... done

Implementation              P     Seconds       Speedup       Cost          Status
--------------------------------------------------------------------------------------
Implementation 1 (Serial)   1     0.000053      1.000000      0.000053      ok
Implementation 2 (MM-1D)    1     0.000056      0.941023      0.000056      ok
Implementation 3 (MM-2D)    1     0.000040      1.325000      0.000040      ok
Implementation 1 (Serial)   4     0.000047      1.000000      0.000047      ok
Implementation 2 (MM-1D)    4     0.000199      0.236332      0.000795      ok
Implementation 3 (MM-2D)    4     0.000207      0.227053      0.000828      ok
Implementation 1 (Serial)   9     0.000053      1.000000      0.000053      ok
Implementation 2 (MM-1D)    9     0.000283      0.187193      0.002548      ok
Implementation 3 (MM-2D)    9     0.000353      0.150142      0.003177      ok

CSV written to: /home/pbclevidence/MPI-MM-algorithms/csvs/M18_N24_Q6.csv
SVG graph written to: /home/pbclevidence/MPI-MM-algorithms/graphs/M18_N24_Q6.svg
