Running P= 1... done
Running P= 4... done
Running P= 9... done
Running P= 16... done
Running P= 25... done

Implementation              P     Seconds       Speedup       VsSerial      Cost          Status
----------------------------------------------------------------------------------------------------
Implementation 1 (Serial)   1     3.517598      1.000000      1.000000      3.517598      ok
Implementation 2 (MM-1D)    1     3.317870      1.000000      1.060198      3.317870      ok
Implementation 3 (MM-2D)    1     3.344234      1.000000      1.051840      3.344234      ok
Implementation 1 (Serial)   4     3.517598      1.000000      1.000000      3.517598      ok
Implementation 2 (MM-1D)    4     1.276830      2.598521      2.754946      5.107320      ok
Implementation 3 (MM-2D)    4     0.495109      6.754541      7.104694      1.980436      ok
Implementation 1 (Serial)   9     3.517598      1.000000      1.000000      3.517598      ok
Implementation 2 (MM-1D)    9     0.690577      4.804490      5.093709      6.215193      ok
Implementation 3 (MM-2D)    9     0.273639      12.221335     12.854885     2.462751      ok
Implementation 1 (Serial)   16    3.517598      1.000000      1.000000      3.517598      ok
Implementation 2 (MM-1D)    16    0.490486      6.764454      7.171658      7.847776      ok
Implementation 3 (MM-2D)    16    0.185218      18.055664     18.991664     2.963488      ok
Implementation 1 (Serial)   25    3.517598      1.000000      1.000000      3.517598      ok
Implementation 2 (MM-1D)    25    0.594066      5.585019      5.921224      14.851650     ok
Implementation 3 (MM-2D)    25    0.219362      15.245275     16.035585     5.484050      ok

CSV written to: /home/pbclevidence/MPI-MM-algorithms/csvs/M600_N4200_Q600.csv
SVG graph written to: /home/pbclevidence/MPI-MM-algorithms/graphs/M600_N4200_Q600.svg
