Running P= 1... done
Running P= 4... done
Running P= 9... done
Running P= 16... done
Running P= 25... done

Implementation              P     Seconds       Speedup       Cost          Status
--------------------------------------------------------------------------------------
Implementation 1 (Serial)   1     4.619002      1.000000      4.619002      ok
Implementation 2 (MM-1D)    1     4.484920      1.029896      4.484920      ok
Implementation 3 (MM-2D)    1     4.467603      1.033888      4.467603      ok
Implementation 1 (Serial)   4     4.619002      1.000000      4.619002      ok
Implementation 2 (MM-1D)    4     1.285900      3.592038      5.143600      ok
Implementation 3 (MM-2D)    4     0.673324      6.859999      2.693296      ok
Implementation 1 (Serial)   9     4.619002      1.000000      4.619002      ok
Implementation 2 (MM-1D)    9     0.708825      6.516421      6.379425      ok
Implementation 3 (MM-2D)    9     0.380358      12.143828     3.423222      ok
Implementation 1 (Serial)   16    4.619002      1.000000      4.619002      ok
Implementation 2 (MM-1D)    16    0.527229      8.760903      8.435664      ok
Implementation 3 (MM-2D)    16    0.272431      16.954759     4.358896      ok
Implementation 1 (Serial)   25    4.619002      1.000000      4.619002      ok
Implementation 2 (MM-1D)    25    0.692514      6.669904      17.312850     ok
Implementation 3 (MM-2D)    25    0.283916      16.268903     7.097900      ok

CSV written to: /home/pbclevidence/MPI-MM-algorithms/csvs/M600_N1200_Q3000.csv
SVG graph written to: /home/pbclevidence/MPI-MM-algorithms/graphs/M600_N1200_Q3000.svg
