Running P= 1... done
Running P= 4... done
Running P= 9... done
Running P= 16... done
Running P= 25... done

Implementation              P     Seconds       Speedup       Cost          Status
--------------------------------------------------------------------------------------
Implementation 1 (Serial)   1     48.560153     1.000000      48.560153     ok
Implementation 2 (MM-1D)    1     5.655940      8.585691      5.655940      ok
Implementation 3 (MM-2D)    1     5.636892      8.614703      5.636892      ok
Implementation 1 (Serial)   4     48.560153     1.000000      48.560153     ok
Implementation 2 (MM-1D)    4     32.382300     1.499589      129.529200    ok
Implementation 3 (MM-2D)    4     1.555453      31.219299     6.221812      ok
Implementation 1 (Serial)   9     48.560153     1.000000      48.560153     ok
Implementation 2 (MM-1D)    9     1.313960      36.957101     11.825640     ok
Implementation 3 (MM-2D)    9     0.829557      58.537452     7.466013      ok
Implementation 1 (Serial)   16    48.560153     1.000000      48.560153     ok
Implementation 2 (MM-1D)    16    1.268400      38.284573     20.294400     ok
Implementation 3 (MM-2D)    16    0.765821      63.409273     12.253136     ok
Implementation 1 (Serial)   25    48.560153     1.000000      48.560153     ok
Implementation 2 (MM-1D)    25    1.427450      34.018812     35.686250     ok
Implementation 3 (MM-2D)    25    0.542205      89.560504     13.555125     ok

CSV written to: /home/pbclevidence/MPI-MM-algorithms/csvs/M3000_N2400_Q600.csv
SVG graph written to: /home/pbclevidence/MPI-MM-algorithms/graphs/M3000_N2400_Q600.svg
