/var/spool/slurm/slurmd/job17909/slurm_script: line 11: module: command not found
Running P= 1... done
Running P= 1... done
Running P= 1... done
Running P= 1... done
Running P= 1... done
Running P= 1... done
Running P= 1... done
Running P= 1... done
Running P= 1... done
Running P= 4... done
Running P= 4... done
Running P= 4... done
Running P= 4... done
Running P= 4... done
Running P= 4... done
Running P= 4... done
Running P= 4... done
Running P= 4... done
Running P= 9... done

Implementation              P     Seconds       Speedup       Cost          Status
--------------------------------------------------------------------------------------
Implementation 1 (Serial)   1     0.000052      1.000000      0.000052      ok
Implementation 2 (MM-1D)    1     0.000041      1.277415      0.000041      ok
Implementation 3 (MM-2D)    1     0.000029      1.793103      0.000029      ok
Implementation 1 (Serial)   4     0.000031      1.000000      0.000031      ok
Implementation 2 (MM-1D)    4     0.000162      0.191573      0.000647      ok
Implementation 3 (MM-2D)    4     0.000174      0.178161      0.000696      ok
Implementation 1 (Serial)   9     0.000033      1.000000      0.000033      ok
Implementation 2 (MM-1D)    9     0.000260      0.126989      0.002339      ok
Implementation 3 (MM-2D)    9     0.000296      0.111486      0.002664      ok

CSV written to: /home/pbclevidence/MPI-MM-algorithms/csvs/M12_N6_Q24.csv
SVG graph written to: /home/pbclevidence/MPI-MM-algorithms/graphs/M12_N6_Q24.svg
Running P= 9... done

Implementation              P     Seconds       Speedup       Cost          Status
--------------------------------------------------------------------------------------
Implementation 1 (Serial)   1     0.000036      1.000000      0.000036      ok
Implementation 2 (MM-1D)    1     0.000031      1.179898      0.000031      ok
Implementation 3 (MM-2D)    1     0.000028      1.285714      0.000028      ok
Implementation 1 (Serial)   4     0.000030      1.000000      0.000030      ok
Implementation 2 (MM-1D)    4     0.000176      0.170702      0.000703      ok
Implementation 3 (MM-2D)    4     0.000172      0.174419      0.000688      ok
Implementation 1 (Serial)   9     0.000030      1.000000      0.000030      ok
Implementation 2 (MM-1D)    9     0.000254      0.118104      0.002286      ok
Implementation 3 (MM-2D)    9     0.000278      0.107914      0.002502      ok

CSV written to: /home/pbclevidence/MPI-MM-algorithms/csvs/M12_N6_Q24.csv
SVG graph written to: /home/pbclevidence/MPI-MM-algorithms/graphs/M12_N6_Q24.svg
Running P= 9... done

Implementation              P     Seconds       Speedup       Cost          Status
--------------------------------------------------------------------------------------
Implementation 1 (Serial)   1     0.000035      1.000000      0.000035      ok
Implementation 2 (MM-1D)    1     0.000032      1.096838      0.000032      ok
Implementation 3 (MM-2D)    1     0.000028      1.250000      0.000028      ok
Implementation 1 (Serial)   4     0.000031      1.000000      0.000031      ok
Implementation 2 (MM-1D)    4     0.000170      0.182586      0.000679      ok
Implementation 3 (MM-2D)    4     0.000167      0.185629      0.000668      ok
Implementation 1 (Serial)   9     0.000034      1.000000      0.000034      ok
Implementation 2 (MM-1D)    9     0.000277      0.122686      0.002494      ok
Implementation 3 (MM-2D)    9     0.000284      0.119718      0.002556      ok

CSV written to: /home/pbclevidence/MPI-MM-algorithms/csvs/M12_N6_Q24.csv
SVG graph written to: /home/pbclevidence/MPI-MM-algorithms/graphs/M12_N6_Q24.svg
Running P= 9... done

Implementation              P     Seconds       Speedup       Cost          Status
--------------------------------------------------------------------------------------
Implementation 1 (Serial)   1     0.000051      1.000000      0.000051      ok
Implementation 2 (MM-1D)    1     0.000040      1.262729      0.000040      ok
Implementation 3 (MM-2D)    1     0.000028      1.821429      0.000028      ok
Implementation 1 (Serial)   4     0.000030      1.000000      0.000030      ok
Implementation 2 (MM-1D)    4     0.000189      0.158322      0.000758      ok
Implementation 3 (MM-2D)    4     0.000163      0.184049      0.000652      ok
Implementation 1 (Serial)   9     0.000034      1.000000      0.000034      ok
Implementation 2 (MM-1D)    9     0.000267      0.127352      0.002403      ok
Implementation 3 (MM-2D)    9     0.000292      0.116438      0.002628      ok

CSV written to: /home/pbclevidence/MPI-MM-algorithms/csvs/M12_N6_Q24.csv
SVG graph written to: /home/pbclevidence/MPI-MM-algorithms/graphs/M12_N6_Q24.svg
Running P= 9... done

Implementation              P     Seconds       Speedup       Cost          Status
--------------------------------------------------------------------------------------
Implementation 1 (Serial)   1     0.000051      1.000000      0.000051      ok
Implementation 2 (MM-1D)    1     0.000041      1.236193      0.000041      ok
Implementation 3 (MM-2D)    1     0.000023      2.217391      0.000023      ok
Implementation 1 (Serial)   4     0.000030      1.000000      0.000030      ok
Implementation 2 (MM-1D)    4     0.000177      0.169049      0.000710      ok
Implementation 3 (MM-2D)    4     0.000177      0.169492      0.000708      ok
Implementation 1 (Serial)   9     0.000034      1.000000      0.000034      ok
Implementation 2 (MM-1D)    9     0.000261      0.130502      0.002345      ok
Implementation 3 (MM-2D)    9     0.000288      0.118056      0.002592      ok

CSV written to: /home/pbclevidence/MPI-MM-algorithms/csvs/M12_N6_Q24.csv
SVG graph written to: /home/pbclevidence/MPI-MM-algorithms/graphs/M12_N6_Q24.svg
Running P= 9... done
Running P= 9... done
Running P= 9... done

Implementation              P     Seconds       Speedup       Cost          Status
--------------------------------------------------------------------------------------
Implementation 1 (Serial)   1     0.000036      1.000000      0.000036      ok
Implementation 2 (MM-1D)    1     0.000039      0.915402      0.000039      ok
Implementation 3 (MM-2D)    1     0.000028      1.285714      0.000028      ok
Implementation 1 (Serial)   4     0.000033      1.000000      0.000033      ok
Implementation 2 (MM-1D)    4     0.000176      0.187240      0.000705      ok
Implementation 3 (MM-2D)    4     0.000165      0.200000      0.000660      ok
Implementation 1 (Serial)   9     0.000034      1.000000      0.000034      ok
Implementation 2 (MM-1D)    9     0.000268      0.127099      0.002408      ok
Implementation 3 (MM-2D)    9     0.000292      0.116438      0.002628      ok

CSV written to: /home/pbclevidence/MPI-MM-algorithms/csvs/M12_N6_Q24.csv
SVG graph written to: /home/pbclevidence/MPI-MM-algorithms/graphs/M12_N6_Q24.svg

Implementation              P     Seconds       Speedup       Cost          Status
--------------------------------------------------------------------------------------
Implementation 1 (Serial)   1     0.000051      1.000000      0.000051      ok
Implementation 2 (MM-1D)    1     0.000036      1.412598      0.000036      ok
Implementation 3 (MM-2D)    1     0.000023      2.217391      0.000023      ok
Implementation 1 (Serial)   4     0.000034      1.000000      0.000034      ok
Implementation 2 (MM-1D)    4     0.000171      0.198988      0.000683      ok
Implementation 3 (MM-2D)    4     0.000166      0.204819      0.000664      ok
Implementation 1 (Serial)   9     0.000035      1.000000      0.000035      ok
Implementation 2 (MM-1D)    9     0.000264      0.132653      0.002375      ok
Implementation 3 (MM-2D)    9     0.000280      0.125000      0.002520      ok

CSV written to: /home/pbclevidence/MPI-MM-algorithms/csvs/M12_N6_Q24.csv
SVG graph written to: /home/pbclevidence/MPI-MM-algorithms/graphs/M12_N6_Q24.svg

Implementation              P     Seconds       Speedup       Cost          Status
--------------------------------------------------------------------------------------
Implementation 1 (Serial)   1     0.000035      1.000000      0.000035      ok
Implementation 2 (MM-1D)    1     0.000030      1.174954      0.000030      ok
Implementation 3 (MM-2D)    1     0.000029      1.206897      0.000029      ok
Implementation 1 (Serial)   4     0.000033      1.000000      0.000033      ok
Implementation 2 (MM-1D)    4     0.000172      0.191659      0.000689      ok
Implementation 3 (MM-2D)    4     0.000175      0.188571      0.000700      ok
Implementation 1 (Serial)   9     0.000035      1.000000      0.000035      ok
Implementation 2 (MM-1D)    9     0.000262      0.133841      0.002354      ok
Implementation 3 (MM-2D)    9     0.000276      0.126812      0.002484      ok

CSV written to: /home/pbclevidence/MPI-MM-algorithms/csvs/M12_N6_Q24.csv
SVG graph written to: /home/pbclevidence/MPI-MM-algorithms/graphs/M12_N6_Q24.svg
Running P= 9... done

Implementation              P     Seconds       Speedup       Cost          Status
--------------------------------------------------------------------------------------
Implementation 1 (Serial)   1     0.000035      1.000000      0.000035      ok
Implementation 2 (MM-1D)    1     0.000030      1.180713      0.000030      ok
Implementation 3 (MM-2D)    1     0.000021      1.666667      0.000021      ok
Implementation 1 (Serial)   4     0.000031      1.000000      0.000031      ok
Implementation 2 (MM-1D)    4     0.000180      0.172587      0.000718      ok
Implementation 3 (MM-2D)    4     0.000161      0.192547      0.000644      ok
Implementation 1 (Serial)   9     0.000034      1.000000      0.000034      ok
Implementation 2 (MM-1D)    9     0.000277      0.122742      0.002493      ok
Implementation 3 (MM-2D)    9     0.000296      0.114865      0.002664      ok

CSV written to: /home/pbclevidence/MPI-MM-algorithms/csvs/M12_N6_Q24.csv
SVG graph written to: /home/pbclevidence/MPI-MM-algorithms/graphs/M12_N6_Q24.svg
