Running P= 1... done
Running P= 4... done
Running P= 9... done
Running P= 16... done
Running P= 25... done

Implementation              P     Seconds       Speedup       Cost          Status
--------------------------------------------------------------------------------------
Implementation 1 (Serial)   1     1.144605      1.000000      1.144605      ok
Implementation 2 (MM-1D)    1     1.011760      1.131301      1.011760      ok
Implementation 3 (MM-2D)    1     1.004156      1.139868      1.004156      ok
Implementation 1 (Serial)   4     1.144605      1.000000      1.144605      ok
Implementation 2 (MM-1D)    4     0.405676      2.821476      1.622704      ok
Implementation 3 (MM-2D)    4     0.286282      3.998173      1.145128      ok
Implementation 1 (Serial)   9     1.144605      1.000000      1.144605      ok
Implementation 2 (MM-1D)    9     0.292432      3.914089      2.631888      ok
Implementation 3 (MM-2D)    9     0.160715      7.121955      1.446435      ok
Implementation 1 (Serial)   16    1.144605      1.000000      1.144605      ok
Implementation 2 (MM-1D)    16    0.238506      4.799062      3.816096      ok
Implementation 3 (MM-2D)    16    0.112058      10.214398     1.792928      ok
Implementation 1 (Serial)   25    1.144605      1.000000      1.144605      ok
Implementation 2 (MM-1D)    25    0.295045      3.879425      7.376125      ok
Implementation 3 (MM-2D)    25    0.139632      8.197297      3.490800      ok

CSV written to: /home/pbclevidence/MPI-MM-algorithms/csvs/M600_N1200_Q1200.csv
SVG graph written to: /home/pbclevidence/MPI-MM-algorithms/graphs/M600_N1200_Q1200.svg
