/var/spool/slurm/slurmd/job17894/slurm_script: line 11: module: command not found
Running P= 1... done
Running P= 1... done
Running P= 1... done
Running P= 1... done
Running P= 1... done
Running P= 1... done
Running P= 1... done
Running P= 1... done
Running P= 1... done
Running P= 4... done
Running P= 4... done
Running P= 4... done
Running P= 4... done
Running P= 4... done
Running P= 4... done
Running P= 4... done
Running P= 4... done
Running P= 4... done
Running P= 9... done

Implementation              P     Seconds       Speedup       Cost          Status
--------------------------------------------------------------------------------------
Implementation 1 (Serial)   1     0.000010      1.000000      0.000010      ok
Implementation 2 (MM-1D)    1     0.000017      0.573427      0.000017      ok
Implementation 3 (MM-2D)    1     0.000010      1.000000      0.000010      ok
Implementation 1 (Serial)   4     0.000008      1.000000      0.000008      ok
Implementation 2 (MM-1D)    4     0.000157      0.051010      0.000627      ok
Implementation 3 (MM-2D)    4     0.000157      0.050955      0.000628      ok
Implementation 1 (Serial)   9     0.000010      1.000000      0.000010      ok
Implementation 2 (MM-1D)    9     0.000245      0.040855      0.002203      ok
Implementation 3 (MM-2D)    9     0.000235      0.042553      0.002115      ok

CSV written to: /home/pbclevidence/MPI-MM-algorithms/csvs/M6_N12_Q6.csv
SVG graph written to: /home/pbclevidence/MPI-MM-algorithms/graphs/M6_N12_Q6.svg
Running P= 9... done

Implementation              P     Seconds       Speedup       Cost          Status
--------------------------------------------------------------------------------------
Implementation 1 (Serial)   1     0.000014      1.000000      0.000014      ok
Implementation 2 (MM-1D)    1     0.000015      0.942000      0.000015      ok
Implementation 3 (MM-2D)    1     0.000011      1.272727      0.000011      ok
Implementation 1 (Serial)   4     0.000009      1.000000      0.000009      ok
Implementation 2 (MM-1D)    4     0.000167      0.053894      0.000668      ok
Implementation 3 (MM-2D)    4     0.000152      0.059211      0.000608      ok
Implementation 1 (Serial)   9     0.000009      1.000000      0.000009      ok
Implementation 2 (MM-1D)    9     0.000244      0.036930      0.002193      ok
Implementation 3 (MM-2D)    9     0.000232      0.038793      0.002088      ok

CSV written to: /home/pbclevidence/MPI-MM-algorithms/csvs/M6_N12_Q6.csv
SVG graph written to: /home/pbclevidence/MPI-MM-algorithms/graphs/M6_N12_Q6.svg
Running P= 9... done

Implementation              P     Seconds       Speedup       Cost          Status
--------------------------------------------------------------------------------------
Implementation 1 (Serial)   1     0.000010      1.000000      0.000010      ok
Implementation 2 (MM-1D)    1     0.000017      0.590584      0.000017      ok
Implementation 3 (MM-2D)    1     0.000008      1.250000      0.000008      ok
Implementation 1 (Serial)   4     0.000009      1.000000      0.000009      ok
Implementation 2 (MM-1D)    4     0.000159      0.056679      0.000635      ok
Implementation 3 (MM-2D)    4     0.000173      0.052023      0.000692      ok
Implementation 1 (Serial)   9     0.000009      1.000000      0.000009      ok
Implementation 2 (MM-1D)    9     0.000253      0.035510      0.002281      ok
Implementation 3 (MM-2D)    9     0.000223      0.040359      0.002007      ok

CSV written to: /home/pbclevidence/MPI-MM-algorithms/csvs/M6_N12_Q6.csv
SVG graph written to: /home/pbclevidence/MPI-MM-algorithms/graphs/M6_N12_Q6.svg
Running P= 9... done

Implementation              P     Seconds       Speedup       Cost          Status
--------------------------------------------------------------------------------------
Implementation 1 (Serial)   1     0.000014      1.000000      0.000014      ok
Implementation 2 (MM-1D)    1     0.000019      0.742670      0.000019      ok
Implementation 3 (MM-2D)    1     0.000009      1.555556      0.000009      ok
Implementation 1 (Serial)   4     0.000009      1.000000      0.000009      ok
Implementation 2 (MM-1D)    4     0.000152      0.059333      0.000607      ok
Implementation 3 (MM-2D)    4     0.000161      0.055901      0.000644      ok
Implementation 1 (Serial)   9     0.000009      1.000000      0.000009      ok
Implementation 2 (MM-1D)    9     0.000244      0.036905      0.002195      ok
Implementation 3 (MM-2D)    9     0.000238      0.037815      0.002142      ok

CSV written to: /home/pbclevidence/MPI-MM-algorithms/csvs/M6_N12_Q6.csv
SVG graph written to: /home/pbclevidence/MPI-MM-algorithms/graphs/M6_N12_Q6.svg
Running P= 9... done

Implementation              P     Seconds       Speedup       Cost          Status
--------------------------------------------------------------------------------------
Implementation 1 (Serial)   1     0.000014      1.000000      0.000014      ok
Implementation 2 (MM-1D)    1     0.000017      0.823510      0.000017      ok
Implementation 3 (MM-2D)    1     0.000010      1.400000      0.000010      ok
Implementation 1 (Serial)   4     0.000009      1.000000      0.000009      ok
Implementation 2 (MM-1D)    4     0.000166      0.054075      0.000666      ok
Implementation 3 (MM-2D)    4     0.000151      0.059603      0.000604      ok
Implementation 1 (Serial)   9     0.000009      1.000000      0.000009      ok
Implementation 2 (MM-1D)    9     0.000251      0.035788      0.002263      ok
Implementation 3 (MM-2D)    9     0.000249      0.036145      0.002241      ok

CSV written to: /home/pbclevidence/MPI-MM-algorithms/csvs/M6_N12_Q6.csv
SVG graph written to: /home/pbclevidence/MPI-MM-algorithms/graphs/M6_N12_Q6.svg
Running P= 9... done
Running P= 9... done
Running P= 9... done

Implementation              P     Seconds       Speedup       Cost          Status
--------------------------------------------------------------------------------------
Implementation 1 (Serial)   1     0.000010      1.000000      0.000010      ok
Implementation 2 (MM-1D)    1     0.000017      0.584953      0.000017      ok
Implementation 3 (MM-2D)    1     0.000008      1.250000      0.000008      ok
Implementation 1 (Serial)   4     0.000009      1.000000      0.000009      ok
Implementation 2 (MM-1D)    4     0.000161      0.055797      0.000645      ok
Implementation 3 (MM-2D)    4     0.000148      0.060811      0.000592      ok
Implementation 1 (Serial)   9     0.000010      1.000000      0.000010      ok
Implementation 2 (MM-1D)    9     0.000257      0.038932      0.002312      ok
Implementation 3 (MM-2D)    9     0.000224      0.044643      0.002016      ok

CSV written to: /home/pbclevidence/MPI-MM-algorithms/csvs/M6_N12_Q6.csv
SVG graph written to: /home/pbclevidence/MPI-MM-algorithms/graphs/M6_N12_Q6.svg

Implementation              P     Seconds       Speedup       Cost          Status
--------------------------------------------------------------------------------------
Implementation 1 (Serial)   1     0.000014      1.000000      0.000014      ok
Implementation 2 (MM-1D)    1     0.000019      0.756462      0.000019      ok
Implementation 3 (MM-2D)    1     0.000010      1.400000      0.000010      ok
Implementation 1 (Serial)   4     0.000010      1.000000      0.000010      ok
Implementation 2 (MM-1D)    4     0.000148      0.067349      0.000594      ok
Implementation 3 (MM-2D)    4     0.000157      0.063694      0.000628      ok
Implementation 1 (Serial)   9     0.000009      1.000000      0.000009      ok
Implementation 2 (MM-1D)    9     0.000242      0.037175      0.002179      ok
Implementation 3 (MM-2D)    9     0.000237      0.037975      0.002133      ok

CSV written to: /home/pbclevidence/MPI-MM-algorithms/csvs/M6_N12_Q6.csv
SVG graph written to: /home/pbclevidence/MPI-MM-algorithms/graphs/M6_N12_Q6.svg

Implementation              P     Seconds       Speedup       Cost          Status
--------------------------------------------------------------------------------------
Implementation 1 (Serial)   1     0.000014      1.000000      0.000014      ok
Implementation 2 (MM-1D)    1     0.000015      0.925357      0.000015      ok
Implementation 3 (MM-2D)    1     0.000010      1.400000      0.000010      ok
Implementation 1 (Serial)   4     0.000010      1.000000      0.000010      ok
Implementation 2 (MM-1D)    4     0.000158      0.063116      0.000634      ok
Implementation 3 (MM-2D)    4     0.000164      0.060976      0.000656      ok
Implementation 1 (Serial)   9     0.000010      1.000000      0.000010      ok
Implementation 2 (MM-1D)    9     0.000252      0.039685      0.002268      ok
Implementation 3 (MM-2D)    9     0.000238      0.042017      0.002142      ok

CSV written to: /home/pbclevidence/MPI-MM-algorithms/csvs/M6_N12_Q6.csv
SVG graph written to: /home/pbclevidence/MPI-MM-algorithms/graphs/M6_N12_Q6.svg
Running P= 9... done

Implementation              P     Seconds       Speedup       Cost          Status
--------------------------------------------------------------------------------------
Implementation 1 (Serial)   1     0.000014      1.000000      0.000014      ok
Implementation 2 (MM-1D)    1     0.000016      0.862345      0.000016      ok
Implementation 3 (MM-2D)    1     0.000010      1.400000      0.000010      ok
Implementation 1 (Serial)   4     0.000010      1.000000      0.000010      ok
Implementation 2 (MM-1D)    4     0.000161      0.062187      0.000643      ok
Implementation 3 (MM-2D)    4     0.000159      0.062893      0.000636      ok
Implementation 1 (Serial)   9     0.000008      1.000000      0.000008      ok
Implementation 2 (MM-1D)    9     0.000248      0.032267      0.002231      ok
Implementation 3 (MM-2D)    9     0.000226      0.035398      0.002034      ok

CSV written to: /home/pbclevidence/MPI-MM-algorithms/csvs/M6_N12_Q6.csv
SVG graph written to: /home/pbclevidence/MPI-MM-algorithms/graphs/M6_N12_Q6.svg
