Running P= 1... done
Running P= 4... done
Running P= 9... done
Running P= 16... done
Running P= 25... done

Implementation              P     Seconds       Speedup       Cost          Status
--------------------------------------------------------------------------------------
Implementation 1 (Serial)   1     185.688461    1.000000      185.688461    ok
Implementation 2 (MM-1D)    1     153.216000    1.211939      153.216000    ok
Implementation 3 (MM-2D)    1     153.084475    1.212980      153.084475    ok
Implementation 1 (Serial)   4     186.003332    1.000000      186.003332    ok
Implementation 2 (MM-1D)    4     40.810500     4.557732      163.242000    ok
Implementation 3 (MM-2D)    4     76.925500     2.417967      307.702000    ok
Implementation 1 (Serial)   9     185.900692    1.000000      185.900692    ok
Implementation 2 (MM-1D)    9     19.863700     9.358815      178.773300    ok
Implementation 3 (MM-2D)    9     95.941761     1.937641      863.475849    ok
Implementation 1 (Serial)   16    186.455628    1.000000      186.455628    ok
Implementation 2 (MM-1D)    16    12.473800     14.947781     199.580800    ok
Implementation 3 (MM-2D)    16    101.624690    1.834747      1625.995040   ok
Implementation 1 (Serial)   25    185.773554    1.000000      185.773554    ok
Implementation 2 (MM-1D)    25    12.586300     14.759981     314.657500    ok
Implementation 3 (MM-2D)    25    152.017427    1.222054      3800.435675   ok

CSV written to: /home/pbclevidence/MPI-MM-algorithms/csvs/M1800_N3000_Q2400.csv
SVG graph written to: /home/pbclevidence/MPI-MM-algorithms/graphs/M1800_N3000_Q2400.svg
