Running P= 1... done
Running P= 4... done
Running P= 9... done
Running P= 16... done
Running P= 25... done

Implementation              P     Seconds       Speedup       Cost          Status
--------------------------------------------------------------------------------------
Implementation 1 (Serial)   1     16.969070     1.000000      16.969070     ok
Implementation 2 (MM-1D)    1     13.221200     1.283474      13.221200     ok
Implementation 3 (MM-2D)    1     13.135955     1.291803      13.135955     ok
Implementation 1 (Serial)   4     16.858185     1.000000      16.858185     ok
Implementation 2 (MM-1D)    4     3.560630      4.734607      14.242520     ok
Implementation 3 (MM-2D)    4     10.145901     1.661576      40.583604     ok
Implementation 1 (Serial)   9     16.922323     1.000000      16.922323     ok
Implementation 2 (MM-1D)    9     2.459140      6.881399      22.132260     ok
Implementation 3 (MM-2D)    9     11.058014     1.530322      99.522126     ok
Implementation 1 (Serial)   16    16.972614     1.000000      16.972614     ok
Implementation 2 (MM-1D)    16    1.548410      10.961318     24.774560     ok
Implementation 3 (MM-2D)    16    13.452371     1.261682      215.237936    ok
Implementation 1 (Serial)   25    16.886885     1.000000      16.886885     ok
Implementation 2 (MM-1D)    25    1.548530      10.905107     38.713250     ok
Implementation 3 (MM-2D)    25    18.214934     0.927090      455.373350    ok

CSV written to: /home/pbclevidence/MPI-MM-algorithms/csvs/M2400_N600_Q1200.csv
SVG graph written to: /home/pbclevidence/MPI-MM-algorithms/graphs/M2400_N600_Q1200.svg
