/var/spool/slurm/slurmd/job17948/slurm_script: line 11: module: command not found
Running P= 1... done
Running P= 1... done
Running P= 1... done
Running P= 1... done
Running P= 1... done
Running P= 1... done
Running P= 1... done
Running P= 1... done
Running P= 1... done
Running P= 4... done
Running P= 4... done
Running P= 4... done
Running P= 4... done
Running P= 4... done
Running P= 4... done
Running P= 4... done
Running P= 4... done
Running P= 4... done
Running P= 9... done

Implementation              P     Seconds       Speedup       Cost          Status
--------------------------------------------------------------------------------------
Implementation 1 (Serial)   1     0.000159      1.000000      0.000159      ok
Implementation 2 (MM-1D)    1     0.000117      1.356227      0.000117      ok
Implementation 3 (MM-2D)    1     0.000094      1.691489      0.000094      ok
Implementation 1 (Serial)   4     0.000159      1.000000      0.000159      ok
Implementation 2 (MM-1D)    4     0.000193      0.823629      0.000772      ok
Implementation 3 (MM-2D)    4     0.000223      0.713004      0.000892      ok
Implementation 1 (Serial)   9     0.000146      1.000000      0.000146      ok
Implementation 2 (MM-1D)    9     0.000301      0.485800      0.002705      ok
Implementation 3 (MM-2D)    9     0.000381      0.383202      0.003429      ok

CSV written to: /home/pbclevidence/MPI-MM-algorithms/csvs/M24_N18_Q18.csv
SVG graph written to: /home/pbclevidence/MPI-MM-algorithms/graphs/M24_N18_Q18.svg
Running P= 9... done

Implementation              P     Seconds       Speedup       Cost          Status
--------------------------------------------------------------------------------------
Implementation 1 (Serial)   1     0.000159      1.000000      0.000159      ok
Implementation 2 (MM-1D)    1     0.000122      1.306577      0.000122      ok
Implementation 3 (MM-2D)    1     0.000098      1.622449      0.000098      ok
Implementation 1 (Serial)   4     0.000147      1.000000      0.000147      ok
Implementation 2 (MM-1D)    4     0.000202      0.727420      0.000808      ok
Implementation 3 (MM-2D)    4     0.000235      0.625532      0.000940      ok
Implementation 1 (Serial)   9     0.000146      1.000000      0.000146      ok
Implementation 2 (MM-1D)    9     0.000309      0.473144      0.002777      ok
Implementation 3 (MM-2D)    9     0.000373      0.391421      0.003357      ok

CSV written to: /home/pbclevidence/MPI-MM-algorithms/csvs/M24_N18_Q18.csv
SVG graph written to: /home/pbclevidence/MPI-MM-algorithms/graphs/M24_N18_Q18.svg
Running P= 9... done

Implementation              P     Seconds       Speedup       Cost          Status
--------------------------------------------------------------------------------------
Implementation 1 (Serial)   1     0.000166      1.000000      0.000166      ok
Implementation 2 (MM-1D)    1     0.000120      1.386314      0.000120      ok
Implementation 3 (MM-2D)    1     0.000072      2.305556      0.000072      ok
Implementation 1 (Serial)   4     0.000152      1.000000      0.000152      ok
Implementation 2 (MM-1D)    4     0.000203      0.747678      0.000813      ok
Implementation 3 (MM-2D)    4     0.000225      0.675556      0.000900      ok
Implementation 1 (Serial)   9     0.000146      1.000000      0.000146      ok
Implementation 2 (MM-1D)    9     0.000298      0.490700      0.002678      ok
Implementation 3 (MM-2D)    9     0.000377      0.387268      0.003393      ok

CSV written to: /home/pbclevidence/MPI-MM-algorithms/csvs/M24_N18_Q18.csv
SVG graph written to: /home/pbclevidence/MPI-MM-algorithms/graphs/M24_N18_Q18.svg
Running P= 9... done

Implementation              P     Seconds       Speedup       Cost          Status
--------------------------------------------------------------------------------------
Implementation 1 (Serial)   1     0.000159      1.000000      0.000159      ok
Implementation 2 (MM-1D)    1     0.000119      1.339218      0.000119      ok
Implementation 3 (MM-2D)    1     0.000074      2.148649      0.000074      ok
Implementation 1 (Serial)   4     0.000141      1.000000      0.000141      ok
Implementation 2 (MM-1D)    4     0.000213      0.662062      0.000852      ok
Implementation 3 (MM-2D)    4     0.000230      0.613043      0.000920      ok
Implementation 1 (Serial)   9     0.000156      1.000000      0.000156      ok
Implementation 2 (MM-1D)    9     0.000288      0.541943      0.002591      ok
Implementation 3 (MM-2D)    9     0.000367      0.425068      0.003303      ok

CSV written to: /home/pbclevidence/MPI-MM-algorithms/csvs/M24_N18_Q18.csv
SVG graph written to: /home/pbclevidence/MPI-MM-algorithms/graphs/M24_N18_Q18.svg
Running P= 9... done

Implementation              P     Seconds       Speedup       Cost          Status
--------------------------------------------------------------------------------------
Implementation 1 (Serial)   1     0.000159      1.000000      0.000159      ok
Implementation 2 (MM-1D)    1     0.000109      1.458756      0.000109      ok
Implementation 3 (MM-2D)    1     0.000094      1.691489      0.000094      ok
Implementation 1 (Serial)   4     0.000146      1.000000      0.000146      ok
Implementation 2 (MM-1D)    4     0.000207      0.704524      0.000829      ok
Implementation 3 (MM-2D)    4     0.000234      0.623932      0.000936      ok
Implementation 1 (Serial)   9     0.000146      1.000000      0.000146      ok
Implementation 2 (MM-1D)    9     0.000302      0.482758      0.002722      ok
Implementation 3 (MM-2D)    9     0.000383      0.381201      0.003447      ok

CSV written to: /home/pbclevidence/MPI-MM-algorithms/csvs/M24_N18_Q18.csv
SVG graph written to: /home/pbclevidence/MPI-MM-algorithms/graphs/M24_N18_Q18.svg
Running P= 9... done
Running P= 9... done
Running P= 9... done

Implementation              P     Seconds       Speedup       Cost          Status
--------------------------------------------------------------------------------------
Implementation 1 (Serial)   1     0.000214      1.000000      0.000214      ok
Implementation 2 (MM-1D)    1     0.000121      1.771758      0.000121      ok
Implementation 3 (MM-2D)    1     0.000093      2.301075      0.000093      ok
Implementation 1 (Serial)   4     0.000159      1.000000      0.000159      ok
Implementation 2 (MM-1D)    4     0.000191      0.834217      0.000762      ok
Implementation 3 (MM-2D)    4     0.000221      0.719457      0.000884      ok
Implementation 1 (Serial)   9     0.000146      1.000000      0.000146      ok
Implementation 2 (MM-1D)    9     0.000289      0.505805      0.002598      ok
Implementation 3 (MM-2D)    9     0.000384      0.380208      0.003456      ok

CSV written to: /home/pbclevidence/MPI-MM-algorithms/csvs/M24_N18_Q18.csv
SVG graph written to: /home/pbclevidence/MPI-MM-algorithms/graphs/M24_N18_Q18.svg

Implementation              P     Seconds       Speedup       Cost          Status
--------------------------------------------------------------------------------------
Implementation 1 (Serial)   1     0.000159      1.000000      0.000159      ok
Implementation 2 (MM-1D)    1     0.000088      1.811635      0.000088      ok
Implementation 3 (MM-2D)    1     0.000085      1.870588      0.000085      ok
Implementation 1 (Serial)   4     0.000159      1.000000      0.000159      ok
Implementation 2 (MM-1D)    4     0.000201      0.791407      0.000804      ok
Implementation 3 (MM-2D)    4     0.000224      0.709821      0.000896      ok
Implementation 1 (Serial)   9     0.000136      1.000000      0.000136      ok
Implementation 2 (MM-1D)    9     0.000312      0.436331      0.002805      ok
Implementation 3 (MM-2D)    9     0.000369      0.368564      0.003321      ok

CSV written to: /home/pbclevidence/MPI-MM-algorithms/csvs/M24_N18_Q18.csv
SVG graph written to: /home/pbclevidence/MPI-MM-algorithms/graphs/M24_N18_Q18.svg

Implementation              P     Seconds       Speedup       Cost          Status
--------------------------------------------------------------------------------------
Implementation 1 (Serial)   1     0.000159      1.000000      0.000159      ok
Implementation 2 (MM-1D)    1     0.000094      1.683397      0.000094      ok
Implementation 3 (MM-2D)    1     0.000099      1.606061      0.000099      ok
Implementation 1 (Serial)   4     0.000146      1.000000      0.000146      ok
Implementation 2 (MM-1D)    4     0.000203      0.720877      0.000810      ok
Implementation 3 (MM-2D)    4     0.000239      0.610879      0.000956      ok
Implementation 1 (Serial)   9     0.000152      1.000000      0.000152      ok
Implementation 2 (MM-1D)    9     0.000307      0.494879      0.002764      ok
Implementation 3 (MM-2D)    9     0.000354      0.429379      0.003186      ok

CSV written to: /home/pbclevidence/MPI-MM-algorithms/csvs/M24_N18_Q18.csv
SVG graph written to: /home/pbclevidence/MPI-MM-algorithms/graphs/M24_N18_Q18.svg
Running P= 9... done

Implementation              P     Seconds       Speedup       Cost          Status
--------------------------------------------------------------------------------------
Implementation 1 (Serial)   1     0.000159      1.000000      0.000159      ok
Implementation 2 (MM-1D)    1     0.000120      1.325376      0.000120      ok
Implementation 3 (MM-2D)    1     0.000099      1.606061      0.000099      ok
Implementation 1 (Serial)   4     0.000159      1.000000      0.000159      ok
Implementation 2 (MM-1D)    4     0.000205      0.775035      0.000821      ok
Implementation 3 (MM-2D)    4     0.000249      0.638554      0.000996      ok
Implementation 1 (Serial)   9     0.000145      1.000000      0.000145      ok
Implementation 2 (MM-1D)    9     0.000293      0.495496      0.002634      ok
Implementation 3 (MM-2D)    9     0.000382      0.379581      0.003438      ok

CSV written to: /home/pbclevidence/MPI-MM-algorithms/csvs/M24_N18_Q18.csv
SVG graph written to: /home/pbclevidence/MPI-MM-algorithms/graphs/M24_N18_Q18.svg
