Running P= 1... done
Running P= 4... done
Running P= 9... done
Running P= 16... done
Running P= 25... done

Implementation              P     Seconds       Speedup       VsSerial      Cost          Status
----------------------------------------------------------------------------------------------------
Implementation 1 (Serial)   1     1.992621      1.000000      1.000000      1.992621      ok
Implementation 2 (MM-1D)    1     1.816380      1.000000      1.097029      1.816380      ok
Implementation 3 (MM-2D)    1     1.757391      1.000000      1.133852      1.757391      ok
Implementation 1 (Serial)   4     1.992621      1.000000      1.000000      1.992621      ok
Implementation 2 (MM-1D)    4     0.502356      3.615723      3.966552      2.009424      ok
Implementation 3 (MM-2D)    4     0.439995      3.994116      4.528736      1.759980      ok
Implementation 1 (Serial)   9     1.992621      1.000000      1.000000      1.992621      ok
Implementation 2 (MM-1D)    9     0.299960      6.055407      6.642956      2.699640      ok
Implementation 3 (MM-2D)    9     0.250846      7.005856      7.943603      2.257614      ok
Implementation 1 (Serial)   16    1.992621      1.000000      1.000000      1.992621      ok
Implementation 2 (MM-1D)    16    0.260923      6.961364      7.636816      4.174768      ok
Implementation 3 (MM-2D)    16    0.149865      11.726494     13.296106     2.397840      ok
Implementation 1 (Serial)   25    1.992621      1.000000      1.000000      1.992621      ok
Implementation 2 (MM-1D)    25    0.335925      5.407100      5.931744      8.398125      ok
Implementation 3 (MM-2D)    25    0.161111      10.907952     12.368001     4.027775      ok

CSV written to: /home/pbclevidence/MPI-MM-algorithms/csvs/M4200_N600_Q600.csv
SVG graph written to: /home/pbclevidence/MPI-MM-algorithms/graphs/M4200_N600_Q600.svg
