Running P= 1... done
Running P= 4... done
Running P= 9... done
Running P= 16... done
Running P= 25... done

Implementation              P     Seconds       Speedup       Cost          Status
--------------------------------------------------------------------------------------
Implementation 1 (Serial)   1     205.652212    1.000000      205.652212    ok
Implementation 2 (MM-1D)    1     166.637000    1.234133      166.637000    ok
Implementation 3 (MM-2D)    1     168.741866    1.218739      168.741866    ok
Implementation 1 (Serial)   4     204.895447    1.000000      204.895447    ok
Implementation 2 (MM-1D)    4     44.280100     4.627258      177.120400    ok
Implementation 3 (MM-2D)    4     96.474121     2.123838      385.896484    ok
Implementation 1 (Serial)   9     204.750599    1.000000      204.750599    ok
Implementation 2 (MM-1D)    9     22.369000     9.153319      201.321000    ok
Implementation 3 (MM-2D)    9     106.837931    1.916460      961.541379    ok
Implementation 1 (Serial)   16    204.788491    1.000000      204.788491    ok
Implementation 2 (MM-1D)    16    13.439200     15.238146     215.027200    ok
Implementation 3 (MM-2D)    16    134.667010    1.520703      2154.672160   ok
Implementation 1 (Serial)   25    205.729134    1.000000      205.729134    ok
Implementation 2 (MM-1D)    25    15.249100     13.491231     381.227500    ok
Implementation 3 (MM-2D)    25    182.980060    1.124325      4574.501500   ok

CSV written to: /home/pbclevidence/MPI-MM-algorithms/csvs/M3000_N3000_Q1800.csv
SVG graph written to: /home/pbclevidence/MPI-MM-algorithms/graphs/M3000_N3000_Q1800.svg
