Running P= 1... done
Running P= 4... done
Running P= 9... done
Running P= 16... done
Running P= 25... done

Implementation              P     Seconds       Speedup       Cost          Status
--------------------------------------------------------------------------------------
Implementation 1 (Serial)   1     1.105171      1.000000      1.105171      ok
Implementation 2 (MM-1D)    1     1.030420      1.072544      1.030420      ok
Implementation 3 (MM-2D)    1     1.005135      1.099525      1.005135      ok
Implementation 1 (Serial)   4     1.105171      1.000000      1.105171      ok
Implementation 2 (MM-1D)    4     0.401781      2.750680      1.607124      ok
Implementation 3 (MM-2D)    4     0.282821      3.907670      1.131284      ok
Implementation 1 (Serial)   9     1.105171      1.000000      1.105171      ok
Implementation 2 (MM-1D)    9     0.295531      3.739611      2.659779      ok
Implementation 3 (MM-2D)    9     0.159180      6.942901      1.432620      ok
Implementation 1 (Serial)   16    1.105171      1.000000      1.105171      ok
Implementation 2 (MM-1D)    16    0.242343      4.560359      3.877488      ok
Implementation 3 (MM-2D)    16    0.107580      10.273015     1.721280      ok
Implementation 1 (Serial)   25    1.105171      1.000000      1.105171      ok
Implementation 2 (MM-1D)    25    0.269034      4.107923      6.725850      ok
Implementation 3 (MM-2D)    25    0.142265      7.768397      3.556625      ok

CSV written to: /home/pbclevidence/MPI-MM-algorithms/csvs/M600_N1200_Q1200.csv
SVG graph written to: /home/pbclevidence/MPI-MM-algorithms/graphs/M600_N1200_Q1200.svg
