Running P= 1... done
Running P= 4... done
Running P= 9... done
Running P= 16... done
Running P= 25... done

Implementation              P     Seconds       Speedup       Cost          Status
--------------------------------------------------------------------------------------
Implementation 1 (Serial)   1     21.051846     1.000000      21.051846     ok
Implementation 2 (MM-1D)    1     16.502800     1.275653      16.502800     ok
Implementation 3 (MM-2D)    1     16.404448     1.283301      16.404448     ok
Implementation 1 (Serial)   4     21.146327     1.000000      21.146327     ok
Implementation 2 (MM-1D)    4     4.374740      4.833733      17.498960     ok
Implementation 3 (MM-2D)    4     12.584605     1.680333      50.338420     ok
Implementation 1 (Serial)   9     21.187537     1.000000      21.187537     ok
Implementation 2 (MM-1D)    9     3.065400      6.911834      27.588600     ok
Implementation 3 (MM-2D)    9     14.073254     1.505518      126.659286    ok
Implementation 1 (Serial)   16    21.189631     1.000000      21.189631     ok
Implementation 2 (MM-1D)    16    1.899820      11.153494     30.397120     ok
Implementation 3 (MM-2D)    16    16.793889     1.261747      268.702224    ok
Implementation 1 (Serial)   25    21.175992     1.000000      21.175992     ok
Implementation 2 (MM-1D)    25    1.975430      10.719687     49.385750     ok
Implementation 3 (MM-2D)    25    22.958226     0.922371      573.955650    ok

CSV written to: /home/pbclevidence/MPI-MM-algorithms/csvs/M3000_N600_Q1200.csv
SVG graph written to: /home/pbclevidence/MPI-MM-algorithms/graphs/M3000_N600_Q1200.svg
