Running P= 1... done
Running P= 4... done
Running P= 9... done
Running P= 16... done
Running P= 25... done

Implementation              P     Seconds       Speedup       Cost          Status
--------------------------------------------------------------------------------------
Implementation 1 (Serial)   1     186.334051    1.000000      186.334051    ok
Implementation 2 (MM-1D)    1     152.880000    1.218826      152.880000    ok
Implementation 3 (MM-2D)    1     153.156723    1.216623      153.156723    ok
Implementation 1 (Serial)   4     185.672967    1.000000      185.672967    ok
Implementation 2 (MM-1D)    4     40.884900     4.541358      163.539600    ok
Implementation 3 (MM-2D)    4     75.331812     2.464735      301.327248    ok
Implementation 1 (Serial)   9     186.079395    1.000000      186.079395    ok
Implementation 2 (MM-1D)    9     20.153300     9.233197      181.379700    ok
Implementation 3 (MM-2D)    9     84.684530     2.197325      762.160770    ok
Implementation 1 (Serial)   16    186.414057    1.000000      186.414057    ok
Implementation 2 (MM-1D)    16    12.299200     15.156600     196.787200    ok
Implementation 3 (MM-2D)    16    99.652950     1.870633      1594.447200   ok
Implementation 1 (Serial)   25    186.594223    1.000000      186.594223    ok
Implementation 2 (MM-1D)    25    12.594500     14.815532     314.862500    ok
Implementation 3 (MM-2D)    25    150.880032    1.236706      3772.000800   ok

CSV written to: /home/pbclevidence/MPI-MM-algorithms/csvs/M3000_N1800_Q2400.csv
SVG graph written to: /home/pbclevidence/MPI-MM-algorithms/graphs/M3000_N1800_Q2400.svg
