Running P= 1... done
Running P= 4... done
Running P= 9... done
Running P= 16... done
Running P= 25... done

Implementation              P     Seconds       Speedup       Cost          Status
--------------------------------------------------------------------------------------
Implementation 1 (Serial)   1     1.668846      1.000000      1.668846      ok
Implementation 2 (MM-1D)    1     1.516260      1.100633      1.516260      ok
Implementation 3 (MM-2D)    1     1.493610      1.117324      1.493610      ok
Implementation 1 (Serial)   4     1.668846      1.000000      1.668846      ok
Implementation 2 (MM-1D)    4     0.423544      3.940195      1.694176      ok
Implementation 3 (MM-2D)    4     0.404795      4.122694      1.619180      ok
Implementation 1 (Serial)   9     1.668846      1.000000      1.668846      ok
Implementation 2 (MM-1D)    9     0.386834      4.314114      3.481506      ok
Implementation 3 (MM-2D)    9     0.232305      7.183857      2.090745      ok
Implementation 1 (Serial)   16    1.668846      1.000000      1.668846      ok
Implementation 2 (MM-1D)    16    0.269748      6.186685      4.315968      ok
Implementation 3 (MM-2D)    16    0.161214      10.351744     2.579424      ok
Implementation 1 (Serial)   25    1.668846      1.000000      1.668846      ok
Implementation 2 (MM-1D)    25    0.327511      5.095542      8.187775      ok
Implementation 3 (MM-2D)    25    0.176757      9.441470      4.418925      ok

CSV written to: /home/pbclevidence/MPI-MM-algorithms/csvs/M1800_N600_Q1200.csv
SVG graph written to: /home/pbclevidence/MPI-MM-algorithms/graphs/M1800_N600_Q1200.svg
