/var/spool/slurm/slurmd/job18371/slurm_script: line 11: module: command not found
Running P= 1... done
Running P= 1... done
Running P= 1... done
Running P= 1... done
Running P= 4... done

Implementation              P     Seconds       Speedup       Cost          Status
--------------------------------------------------------------------------------------
Implementation 1 (Serial)   1     0.000012      1.000000      0.000012      ok
Implementation 2 (MM-1D)    1     0.000017      0.707147      0.000017      ok
Implementation 3 (MM-2D)    1     0.000015      0.800000      0.000015      ok
Implementation 1 (Serial)   4     0.000010      1.000000      0.000010      ok
Implementation 2 (MM-1D)    4     0.000163      0.061338      0.000652      ok
Implementation 3 (MM-2D)    4     0.000191      0.052356      0.000764      ok

CSV written to: /home/pbclevidence/MPI-MM-algorithms/csvs/M6_N18_Q6.csv
SVG graph written to: /home/pbclevidence/MPI-MM-algorithms/graphs/M6_N18_Q6.svg
Running P= 4... done

Implementation              P     Seconds       Speedup       Cost          Status
--------------------------------------------------------------------------------------
Implementation 1 (Serial)   1     0.000010      1.000000      0.000010      ok
Implementation 2 (MM-1D)    1     0.000018      0.565246      0.000018      ok
Implementation 3 (MM-2D)    1     0.000019      0.526316      0.000019      ok
Implementation 1 (Serial)   4     0.000013      1.000000      0.000013      ok
Implementation 2 (MM-1D)    4     0.000211      0.061515      0.000845      ok
Implementation 3 (MM-2D)    4     0.000167      0.077844      0.000668      ok

CSV written to: /home/pbclevidence/MPI-MM-algorithms/csvs/M6_N18_Q6.csv
SVG graph written to: /home/pbclevidence/MPI-MM-algorithms/graphs/M6_N18_Q6.svg
Running P= 4... done

Implementation              P     Seconds       Speedup       Cost          Status
--------------------------------------------------------------------------------------
Implementation 1 (Serial)   1     0.000009      1.000000      0.000009      ok
Implementation 2 (MM-1D)    1     0.000027      0.333046      0.000027      ok
Implementation 3 (MM-2D)    1     0.000012      0.750000      0.000012      ok
Implementation 1 (Serial)   4     0.000009      1.000000      0.000009      ok
Implementation 2 (MM-1D)    4     0.000186      0.048501      0.000742      ok
Implementation 3 (MM-2D)    4     0.000172      0.052326      0.000688      ok

CSV written to: /home/pbclevidence/MPI-MM-algorithms/csvs/M6_N18_Q6.csv
SVG graph written to: /home/pbclevidence/MPI-MM-algorithms/graphs/M6_N18_Q6.svg
Running P= 4... done

Implementation              P     Seconds       Speedup       Cost          Status
--------------------------------------------------------------------------------------
Implementation 1 (Serial)   1     0.000010      1.000000      0.000010      ok
Implementation 2 (MM-1D)    1     0.000022      0.451665      0.000022      ok
Implementation 3 (MM-2D)    1     0.000016      0.625000      0.000016      ok
Implementation 1 (Serial)   4     0.000010      1.000000      0.000010      ok
Implementation 2 (MM-1D)    4     0.000228      0.043952      0.000910      ok
Implementation 3 (MM-2D)    4     0.000165      0.060606      0.000660      ok

CSV written to: /home/pbclevidence/MPI-MM-algorithms/csvs/M6_N18_Q6.csv
SVG graph written to: /home/pbclevidence/MPI-MM-algorithms/graphs/M6_N18_Q6.svg
