Running P= 1... done
Running P= 4... done
Running P= 9... done
Running P= 16... done
Running P= 25... done

Implementation              P     Seconds       Speedup       Cost          Status
--------------------------------------------------------------------------------------
Implementation 1 (Serial)   1     99.745524     1.000000      99.745524     ok
Implementation 2 (MM-1D)    1     95.973700     1.039301      95.973700     ok
Implementation 3 (MM-2D)    1     110.945326    0.899051      110.945326    ok
Implementation 1 (Serial)   4     99.745524     1.000000      99.745524     ok
Implementation 2 (MM-1D)    4     13.130300     7.596591      52.521200     ok
Implementation 3 (MM-2D)    4     13.088235     7.621006      52.352940     ok
Implementation 1 (Serial)   9     99.745524     1.000000      99.745524     ok
Implementation 2 (MM-1D)    9     6.405390      15.572123     57.648510     ok
Implementation 3 (MM-2D)    9     6.278650      15.886460     56.507850     ok
Implementation 1 (Serial)   16    99.745524     1.000000      99.745524     ok
Implementation 2 (MM-1D)    16    6.542950      15.244733     104.687200    ok
Implementation 3 (MM-2D)    16    6.122920      16.290516     97.966720     ok
Implementation 1 (Serial)   25    99.745524     1.000000      99.745524     ok
Implementation 2 (MM-1D)    25    6.668160      14.958478     166.704000    ok
Implementation 3 (MM-2D)    25    4.331377      23.028594     108.284425    ok

CSV written to: /home/pbclevidence/MPI-MM-algorithms/csvs/M2400_N3000_Q3000.csv
SVG graph written to: /home/pbclevidence/MPI-MM-algorithms/graphs/M2400_N3000_Q3000.svg
