Running P= 1... done
Running P= 4... done
Running P= 9... done
Running P= 16... done
Running P= 25... done

Implementation              P     Seconds       Speedup       Cost          Status
--------------------------------------------------------------------------------------
Implementation 1 (Serial)   1     13.822464     1.000000      13.822464     ok
Implementation 2 (MM-1D)    1     13.383300     1.032814      13.383300     ok
Implementation 3 (MM-2D)    1     13.346396     1.035670      13.346396     ok
Implementation 1 (Serial)   4     13.822464     1.000000      13.822464     ok
Implementation 2 (MM-1D)    4     3.705520      3.730236      14.822080     ok
Implementation 3 (MM-2D)    4     2.036557      6.787173      8.146228      ok
Implementation 1 (Serial)   9     13.822464     1.000000      13.822464     ok
Implementation 2 (MM-1D)    9     1.929900      7.162270      17.369100     ok
Implementation 3 (MM-2D)    9     1.157940      11.937116     10.421460     ok
Implementation 1 (Serial)   16    13.822464     1.000000      13.822464     ok
Implementation 2 (MM-1D)    16    1.268900      10.893265     20.302400     ok
Implementation 3 (MM-2D)    16    0.778691      17.750897     12.459056     ok
Implementation 1 (Serial)   25    13.822464     1.000000      13.822464     ok
Implementation 2 (MM-1D)    25    1.523220      9.074503      38.080500     ok
Implementation 3 (MM-2D)    25    0.695003      19.888352     17.375075     ok

CSV written to: /home/pbclevidence/MPI-MM-algorithms/csvs/M1800_N1200_Q3000.csv
SVG graph written to: /home/pbclevidence/MPI-MM-algorithms/graphs/M1800_N1200_Q3000.svg
