Running P= 1... done
Running P= 4... done
Running P= 9... done
Running P= 16... done
Running P= 25... done

Implementation              P     Seconds       Speedup       VsSerial      Cost          Status
----------------------------------------------------------------------------------------------------
Implementation 1 (Serial)   1     6.397213      1.000000      1.000000      6.397213      ok
Implementation 2 (MM-1D)    1     6.254440      1.000000      1.022827      6.254440      ok
Implementation 3 (MM-2D)    1     6.249798      1.000000      1.023587      6.249798      ok
Implementation 1 (Serial)   4     6.397213      1.000000      1.000000      6.397213      ok
Implementation 2 (MM-1D)    4     1.714440      3.648095      3.731372      6.857760      ok
Implementation 3 (MM-2D)    4     1.250431      4.998115      5.116006      5.001724      ok
Implementation 1 (Serial)   9     6.397213      1.000000      1.000000      6.397213      ok
Implementation 2 (MM-1D)    9     0.972022      6.434463      6.581346      8.748198      ok
Implementation 3 (MM-2D)    9     0.678518      9.210954      9.428214      6.106662      ok
Implementation 1 (Serial)   16    6.397213      1.000000      1.000000      6.397213      ok
Implementation 2 (MM-1D)    16    0.746915      8.373697      8.564847      11.950640     ok
Implementation 3 (MM-2D)    16    0.436353      14.322803     14.660637     6.981648      ok
Implementation 1 (Serial)   25    6.397213      1.000000      1.000000      6.397213      ok
Implementation 2 (MM-1D)    25    0.856309      7.303952      7.470683      21.407725     ok
Implementation 3 (MM-2D)    25    0.422271      14.800443     15.149544     10.556775     ok

CSV written to: /home/pbclevidence/MPI-MM-algorithms/csvs/M600_N1200_Q4200.csv
SVG graph written to: /home/pbclevidence/MPI-MM-algorithms/graphs/M600_N1200_Q4200.svg
