/var/spool/slurm/slurmd/job17932/slurm_script: line 11: module: command not found
Running P= 1... done
Running P= 1... done
Running P= 1... done
Running P= 1... done
Running P= 1... done
Running P= 1... done
Running P= 1... done
Running P= 1... done
Running P= 1... done
Running P= 4... done
Running P= 4... done
Running P= 4... done
Running P= 4... done
Running P= 4... done
Running P= 4... done
Running P= 4... done
Running P= 4... done
Running P= 4... done
Running P= 9... done

Implementation              P     Seconds       Speedup       Cost          Status
--------------------------------------------------------------------------------------
Implementation 1 (Serial)   1     0.000124      1.000000      0.000124      ok
Implementation 2 (MM-1D)    1     0.000088      1.416712      0.000088      ok
Implementation 3 (MM-2D)    1     0.000075      1.653333      0.000075      ok
Implementation 1 (Serial)   4     0.000114      1.000000      0.000114      ok
Implementation 2 (MM-1D)    4     0.000193      0.591504      0.000771      ok
Implementation 3 (MM-2D)    4     0.000228      0.500000      0.000912      ok
Implementation 1 (Serial)   9     0.000114      1.000000      0.000114      ok
Implementation 2 (MM-1D)    9     0.000293      0.389222      0.002636      ok
Implementation 3 (MM-2D)    9     0.000384      0.296875      0.003456      ok

CSV written to: /home/pbclevidence/MPI-MM-algorithms/csvs/M18_N18_Q18.csv
SVG graph written to: /home/pbclevidence/MPI-MM-algorithms/graphs/M18_N18_Q18.svg
Running P= 9... done

Implementation              P     Seconds       Speedup       Cost          Status
--------------------------------------------------------------------------------------
Implementation 1 (Serial)   1     0.000120      1.000000      0.000120      ok
Implementation 2 (MM-1D)    1     0.000070      1.715310      0.000070      ok
Implementation 3 (MM-2D)    1     0.000060      2.000000      0.000060      ok
Implementation 1 (Serial)   4     0.000102      1.000000      0.000102      ok
Implementation 2 (MM-1D)    4     0.000185      0.550263      0.000741      ok
Implementation 3 (MM-2D)    4     0.000230      0.443478      0.000920      ok
Implementation 1 (Serial)   9     0.000117      1.000000      0.000117      ok
Implementation 2 (MM-1D)    9     0.000298      0.392896      0.002680      ok
Implementation 3 (MM-2D)    9     0.000362      0.323204      0.003258      ok

CSV written to: /home/pbclevidence/MPI-MM-algorithms/csvs/M18_N18_Q18.csv
SVG graph written to: /home/pbclevidence/MPI-MM-algorithms/graphs/M18_N18_Q18.svg
Running P= 9... done

Implementation              P     Seconds       Speedup       Cost          Status
--------------------------------------------------------------------------------------
Implementation 1 (Serial)   1     0.000120      1.000000      0.000120      ok
Implementation 2 (MM-1D)    1     0.000074      1.612104      0.000074      ok
Implementation 3 (MM-2D)    1     0.000078      1.538462      0.000078      ok
Implementation 1 (Serial)   4     0.000092      1.000000      0.000092      ok
Implementation 2 (MM-1D)    4     0.000210      0.438346      0.000840      ok
Implementation 3 (MM-2D)    4     0.000232      0.396552      0.000928      ok
Implementation 1 (Serial)   9     0.000119      1.000000      0.000119      ok
Implementation 2 (MM-1D)    9     0.000311      0.382385      0.002801      ok
Implementation 3 (MM-2D)    9     0.000373      0.319035      0.003357      ok

CSV written to: /home/pbclevidence/MPI-MM-algorithms/csvs/M18_N18_Q18.csv
SVG graph written to: /home/pbclevidence/MPI-MM-algorithms/graphs/M18_N18_Q18.svg
Running P= 9... done

Implementation              P     Seconds       Speedup       Cost          Status
--------------------------------------------------------------------------------------
Implementation 1 (Serial)   1     0.000120      1.000000      0.000120      ok
Implementation 2 (MM-1D)    1     0.000076      1.582873      0.000076      ok
Implementation 3 (MM-2D)    1     0.000077      1.558442      0.000077      ok
Implementation 1 (Serial)   4     0.000106      1.000000      0.000106      ok
Implementation 2 (MM-1D)    4     0.000194      0.546048      0.000776      ok
Implementation 3 (MM-2D)    4     0.000219      0.484018      0.000876      ok
Implementation 1 (Serial)   9     0.000102      1.000000      0.000102      ok
Implementation 2 (MM-1D)    9     0.000313      0.325585      0.002820      ok
Implementation 3 (MM-2D)    9     0.000358      0.284916      0.003222      ok

CSV written to: /home/pbclevidence/MPI-MM-algorithms/csvs/M18_N18_Q18.csv
SVG graph written to: /home/pbclevidence/MPI-MM-algorithms/graphs/M18_N18_Q18.svg
Running P= 9... done

Implementation              P     Seconds       Speedup       Cost          Status
--------------------------------------------------------------------------------------
Implementation 1 (Serial)   1     0.000120      1.000000      0.000120      ok
Implementation 2 (MM-1D)    1     0.000081      1.476525      0.000081      ok
Implementation 3 (MM-2D)    1     0.000073      1.643836      0.000073      ok
Implementation 1 (Serial)   4     0.000119      1.000000      0.000119      ok
Implementation 2 (MM-1D)    4     0.000192      0.618188      0.000770      ok
Implementation 3 (MM-2D)    4     0.000233      0.510730      0.000932      ok
Implementation 1 (Serial)   9     0.000114      1.000000      0.000114      ok
Implementation 2 (MM-1D)    9     0.000296      0.385302      0.002663      ok
Implementation 3 (MM-2D)    9     0.000369      0.308943      0.003321      ok

CSV written to: /home/pbclevidence/MPI-MM-algorithms/csvs/M18_N18_Q18.csv
SVG graph written to: /home/pbclevidence/MPI-MM-algorithms/graphs/M18_N18_Q18.svg
Running P= 9... done

Implementation              P     Seconds       Speedup       Cost          Status
--------------------------------------------------------------------------------------
Implementation 1 (Serial)   1     0.000136      1.000000      0.000136      ok
Implementation 2 (MM-1D)    1     0.000095      1.430969      0.000095      ok
Implementation 3 (MM-2D)    1     0.000057      2.385965      0.000057      ok
Implementation 1 (Serial)   4     0.000106      1.000000      0.000106      ok
Implementation 2 (MM-1D)    4     0.000189      0.560254      0.000757      ok
Implementation 3 (MM-2D)    4     0.000215      0.493023      0.000860      ok
Implementation 1 (Serial)   9     0.000115      1.000000      0.000115      ok
Implementation 2 (MM-1D)    9     0.000285      0.403547      0.002565      ok
Implementation 3 (MM-2D)    9     0.000360      0.319444      0.003240      ok

CSV written to: /home/pbclevidence/MPI-MM-algorithms/csvs/M18_N18_Q18.csv
SVG graph written to: /home/pbclevidence/MPI-MM-algorithms/graphs/M18_N18_Q18.svg
Running P= 9... done

Implementation              P     Seconds       Speedup       Cost          Status
--------------------------------------------------------------------------------------
Implementation 1 (Serial)   1     0.000120      1.000000      0.000120      ok
Implementation 2 (MM-1D)    1     0.000071      1.684740      0.000071      ok
Implementation 3 (MM-2D)    1     0.000061      1.967213      0.000061      ok
Implementation 1 (Serial)   4     0.000106      1.000000      0.000106      ok
Implementation 2 (MM-1D)    4     0.000198      0.536676      0.000790      ok
Implementation 3 (MM-2D)    4     0.000225      0.471111      0.000900      ok
Implementation 1 (Serial)   9     0.000115      1.000000      0.000115      ok
Implementation 2 (MM-1D)    9     0.000317      0.362526      0.002855      ok
Implementation 3 (MM-2D)    9     0.000360      0.319444      0.003240      ok

CSV written to: /home/pbclevidence/MPI-MM-algorithms/csvs/M18_N18_Q18.csv
SVG graph written to: /home/pbclevidence/MPI-MM-algorithms/graphs/M18_N18_Q18.svg
Running P= 9... done

Implementation              P     Seconds       Speedup       Cost          Status
--------------------------------------------------------------------------------------
Implementation 1 (Serial)   1     0.000122      1.000000      0.000122      ok
Implementation 2 (MM-1D)    1     0.000071      1.707418      0.000071      ok
Implementation 3 (MM-2D)    1     0.000077      1.584416      0.000077      ok
Implementation 1 (Serial)   4     0.000102      1.000000      0.000102      ok
Implementation 2 (MM-1D)    4     0.000195      0.523206      0.000780      ok
Implementation 3 (MM-2D)    4     0.000218      0.467890      0.000872      ok
Implementation 1 (Serial)   9     0.000110      1.000000      0.000110      ok
Implementation 2 (MM-1D)    9     0.000299      0.367550      0.002694      ok
Implementation 3 (MM-2D)    9     0.000357      0.308123      0.003213      ok

CSV written to: /home/pbclevidence/MPI-MM-algorithms/csvs/M18_N18_Q18.csv
SVG graph written to: /home/pbclevidence/MPI-MM-algorithms/graphs/M18_N18_Q18.svg
Running P= 9... done

Implementation              P     Seconds       Speedup       Cost          Status
--------------------------------------------------------------------------------------
Implementation 1 (Serial)   1     0.000120      1.000000      0.000120      ok
Implementation 2 (MM-1D)    1     0.000090      1.331195      0.000090      ok
Implementation 3 (MM-2D)    1     0.000054      2.222222      0.000054      ok
Implementation 1 (Serial)   4     0.000110      1.000000      0.000110      ok
Implementation 2 (MM-1D)    4     0.000191      0.577385      0.000762      ok
Implementation 3 (MM-2D)    4     0.000215      0.511628      0.000860      ok
Implementation 1 (Serial)   9     0.000119      1.000000      0.000119      ok
Implementation 2 (MM-1D)    9     0.000297      0.401322      0.002669      ok
Implementation 3 (MM-2D)    9     0.000365      0.326027      0.003285      ok

CSV written to: /home/pbclevidence/MPI-MM-algorithms/csvs/M18_N18_Q18.csv
SVG graph written to: /home/pbclevidence/MPI-MM-algorithms/graphs/M18_N18_Q18.svg
