Running P= 1... done
Running P= 4... done
Running P= 9... done
Running P= 16... done
Running P= 25... done

Implementation              P     Seconds       Speedup       Cost          Status
--------------------------------------------------------------------------------------
Implementation 1 (Serial)   1     33.965384     1.000000      33.965384     ok
Implementation 2 (MM-1D)    1     26.550800     1.279260      26.550800     ok
Implementation 3 (MM-2D)    1     26.040050     1.304352      26.040050     ok
Implementation 1 (Serial)   4     34.255608     1.000000      34.255608     ok
Implementation 2 (MM-1D)    4     9.298780      3.683882      37.195120     ok
Implementation 3 (MM-2D)    4     20.586989     1.663945      82.347956     ok
Implementation 1 (Serial)   9     33.855568     1.000000      33.855568     ok
Implementation 2 (MM-1D)    9     4.978260      6.800683      44.804340     ok
Implementation 3 (MM-2D)    9     23.200402     1.459266      208.803618    ok
Implementation 1 (Serial)   16    33.914441     1.000000      33.914441     ok
Implementation 2 (MM-1D)    16    2.992370      11.333639     47.877920     ok
Implementation 3 (MM-2D)    16    26.833426     1.263888      429.334816    ok
Implementation 1 (Serial)   25    33.858451     1.000000      33.858451     ok
Implementation 2 (MM-1D)    25    3.151200      10.744621     78.780000     ok
Implementation 3 (MM-2D)    25    38.760097     0.873539      969.002425    ok

CSV written to: /home/pbclevidence/MPI-MM-algorithms/csvs/M2400_N1200_Q1200.csv
SVG graph written to: /home/pbclevidence/MPI-MM-algorithms/graphs/M2400_N1200_Q1200.svg
