Running P= 1... done
Running P= 4... done
Running P= 9... done
Running P= 16... done
Running P= 25... done

Implementation              P     Seconds       Speedup       Cost          Status
--------------------------------------------------------------------------------------
Implementation 1 (Serial)   1     1.206301      1.000000      1.206301      ok
Implementation 2 (MM-1D)    1     1.028210      1.173205      1.028210      ok
Implementation 3 (MM-2D)    1     1.038176      1.161943      1.038176      ok
Implementation 1 (Serial)   4     1.206301      1.000000      1.206301      ok
Implementation 2 (MM-1D)    4     0.401118      3.007347      1.604472      ok
Implementation 3 (MM-2D)    4     0.276721      4.359268      1.106884      ok
Implementation 1 (Serial)   9     1.206301      1.000000      1.206301      ok
Implementation 2 (MM-1D)    9     0.296982      4.061866      2.672838      ok
Implementation 3 (MM-2D)    9     0.159616      7.557519      1.436544      ok
Implementation 1 (Serial)   16    1.206301      1.000000      1.206301      ok
Implementation 2 (MM-1D)    16    0.225935      5.339151      3.614960      ok
Implementation 3 (MM-2D)    16    0.131904      9.145295      2.110464      ok
Implementation 1 (Serial)   25    1.206301      1.000000      1.206301      ok
Implementation 2 (MM-1D)    25    0.288050      4.187818      7.201250      ok
Implementation 3 (MM-2D)    25    0.125679      9.598270      3.141975      ok

CSV written to: /home/pbclevidence/MPI-MM-algorithms/csvs/M600_N2400_Q600.csv
SVG graph written to: /home/pbclevidence/MPI-MM-algorithms/graphs/M600_N2400_Q600.svg
