/var/spool/slurm/slurmd/job17919/slurm_script: line 11: module: command not found
Running P= 1... done
Running P= 1... done
Running P= 1... done
Running P= 1... done
Running P= 1... done
Running P= 1... done
Running P= 1... done
Running P= 1... done
Running P= 1... done
Running P= 4... done
Running P= 4... done
Running P= 4... done
Running P= 4... done
Running P= 4... done
Running P= 4... done
Running P= 4... done
Running P= 4... done
Running P= 4... done
Running P= 9... done
Running P= 9... done

Implementation              P     Seconds       Speedup       Cost          Status
--------------------------------------------------------------------------------------
Implementation 1 (Serial)   1     0.000071      1.000000      0.000071      ok
Implementation 2 (MM-1D)    1     0.000060      1.179590      0.000060      ok
Implementation 3 (MM-2D)    1     0.000053      1.339623      0.000053      ok
Implementation 1 (Serial)   4     0.000068      1.000000      0.000068      ok
Implementation 2 (MM-1D)    4     0.000175      0.388095      0.000701      ok
Implementation 3 (MM-2D)    4     0.000202      0.336634      0.000808      ok
Implementation 1 (Serial)   9     0.000070      1.000000      0.000070      ok
Implementation 2 (MM-1D)    9     0.000272      0.256936      0.002452      ok
Implementation 3 (MM-2D)    9     0.000357      0.196078      0.003213      ok

CSV written to: /home/pbclevidence/MPI-MM-algorithms/csvs/M12_N24_Q12.csv
SVG graph written to: /home/pbclevidence/MPI-MM-algorithms/graphs/M12_N24_Q12.svg

Implementation              P     Seconds       Speedup       Cost          Status
--------------------------------------------------------------------------------------
Implementation 1 (Serial)   1     0.000071      1.000000      0.000071      ok
Implementation 2 (MM-1D)    1     0.000061      1.161421      0.000061      ok
Implementation 3 (MM-2D)    1     0.000052      1.365385      0.000052      ok
Implementation 1 (Serial)   4     0.000062      1.000000      0.000062      ok
Implementation 2 (MM-1D)    4     0.000171      0.362071      0.000685      ok
Implementation 3 (MM-2D)    4     0.000198      0.313131      0.000792      ok
Implementation 1 (Serial)   9     0.000070      1.000000      0.000070      ok
Implementation 2 (MM-1D)    9     0.000286      0.245072      0.002571      ok
Implementation 3 (MM-2D)    9     0.000365      0.191781      0.003285      ok

CSV written to: /home/pbclevidence/MPI-MM-algorithms/csvs/M12_N24_Q12.csv
SVG graph written to: /home/pbclevidence/MPI-MM-algorithms/graphs/M12_N24_Q12.svg
Running P= 9... done
Running P= 9... done

Implementation              P     Seconds       Speedup       Cost          Status
--------------------------------------------------------------------------------------
Implementation 1 (Serial)   1     0.000071      1.000000      0.000071      ok
Implementation 2 (MM-1D)    1     0.000065      1.095466      0.000065      ok
Implementation 3 (MM-2D)    1     0.000052      1.365385      0.000052      ok
Implementation 1 (Serial)   4     0.000062      1.000000      0.000062      ok
Implementation 2 (MM-1D)    4     0.000176      0.352335      0.000704      ok
Implementation 3 (MM-2D)    4     0.000196      0.316327      0.000784      ok
Implementation 1 (Serial)   9     0.000060      1.000000      0.000060      ok
Implementation 2 (MM-1D)    9     0.000289      0.207578      0.002601      ok
Implementation 3 (MM-2D)    9     0.000354      0.169492      0.003186      ok

CSV written to: /home/pbclevidence/MPI-MM-algorithms/csvs/M12_N24_Q12.csv
SVG graph written to: /home/pbclevidence/MPI-MM-algorithms/graphs/M12_N24_Q12.svg

Implementation              P     Seconds       Speedup       Cost          Status
--------------------------------------------------------------------------------------
Implementation 1 (Serial)   1     0.000071      1.000000      0.000071      ok
Implementation 2 (MM-1D)    1     0.000056      1.266814      0.000056      ok
Implementation 3 (MM-2D)    1     0.000051      1.392157      0.000051      ok
Implementation 1 (Serial)   4     0.000065      1.000000      0.000065      ok
Implementation 2 (MM-1D)    4     0.000183      0.355541      0.000731      ok
Implementation 3 (MM-2D)    4     0.000187      0.347594      0.000748      ok
Implementation 1 (Serial)   9     0.000070      1.000000      0.000070      ok
Implementation 2 (MM-1D)    9     0.000271      0.258597      0.002436      ok
Implementation 3 (MM-2D)    9     0.000367      0.190736      0.003303      ok

CSV written to: /home/pbclevidence/MPI-MM-algorithms/csvs/M12_N24_Q12.csv
SVG graph written to: /home/pbclevidence/MPI-MM-algorithms/graphs/M12_N24_Q12.svg
Running P= 9... done

Implementation              P     Seconds       Speedup       Cost          Status
--------------------------------------------------------------------------------------
Implementation 1 (Serial)   1     0.000071      1.000000      0.000071      ok
Implementation 2 (MM-1D)    1     0.000049      1.449293      0.000049      ok
Implementation 3 (MM-2D)    1     0.000049      1.448980      0.000049      ok
Implementation 1 (Serial)   4     0.000065      1.000000      0.000065      ok
Implementation 2 (MM-1D)    4     0.000177      0.366730      0.000709      ok
Implementation 3 (MM-2D)    4     0.000197      0.329949      0.000788      ok
Implementation 1 (Serial)   9     0.000065      1.000000      0.000065      ok
Implementation 2 (MM-1D)    9     0.000284      0.228835      0.002556      ok
Implementation 3 (MM-2D)    9     0.000367      0.177112      0.003303      ok

CSV written to: /home/pbclevidence/MPI-MM-algorithms/csvs/M12_N24_Q12.csv
SVG graph written to: /home/pbclevidence/MPI-MM-algorithms/graphs/M12_N24_Q12.svg
Running P= 9... done

Implementation              P     Seconds       Speedup       Cost          Status
--------------------------------------------------------------------------------------
Implementation 1 (Serial)   1     0.000071      1.000000      0.000071      ok
Implementation 2 (MM-1D)    1     0.000064      1.115617      0.000064      ok
Implementation 3 (MM-2D)    1     0.000041      1.731707      0.000041      ok
Implementation 1 (Serial)   4     0.000068      1.000000      0.000068      ok
Implementation 2 (MM-1D)    4     0.000191      0.355645      0.000765      ok
Implementation 3 (MM-2D)    4     0.000204      0.333333      0.000816      ok
Implementation 1 (Serial)   9     0.000058      1.000000      0.000058      ok
Implementation 2 (MM-1D)    9     0.000299      0.194108      0.002689      ok
Implementation 3 (MM-2D)    9     0.000361      0.160665      0.003249      ok

CSV written to: /home/pbclevidence/MPI-MM-algorithms/csvs/M12_N24_Q12.csv
SVG graph written to: /home/pbclevidence/MPI-MM-algorithms/graphs/M12_N24_Q12.svg
Running P= 9... done
Running P= 9... done

Implementation              P     Seconds       Speedup       Cost          Status
--------------------------------------------------------------------------------------
Implementation 1 (Serial)   1     0.000071      1.000000      0.000071      ok
Implementation 2 (MM-1D)    1     0.000064      1.112199      0.000064      ok
Implementation 3 (MM-2D)    1     0.000050      1.420000      0.000050      ok
Implementation 1 (Serial)   4     0.000065      1.000000      0.000065      ok
Implementation 2 (MM-1D)    4     0.000190      0.341517      0.000761      ok
Implementation 3 (MM-2D)    4     0.000195      0.333333      0.000780      ok
Implementation 1 (Serial)   9     0.000070      1.000000      0.000070      ok
Implementation 2 (MM-1D)    9     0.000288      0.243039      0.002592      ok
Implementation 3 (MM-2D)    9     0.000351      0.199430      0.003159      ok

CSV written to: /home/pbclevidence/MPI-MM-algorithms/csvs/M12_N24_Q12.csv
SVG graph written to: /home/pbclevidence/MPI-MM-algorithms/graphs/M12_N24_Q12.svg
Running P= 9... done

Implementation              P     Seconds       Speedup       Cost          Status
--------------------------------------------------------------------------------------
Implementation 1 (Serial)   1     0.000071      1.000000      0.000071      ok
Implementation 2 (MM-1D)    1     0.000063      1.122484      0.000063      ok
Implementation 3 (MM-2D)    1     0.000045      1.577778      0.000045      ok
Implementation 1 (Serial)   4     0.000065      1.000000      0.000065      ok
Implementation 2 (MM-1D)    4     0.000172      0.376978      0.000690      ok
Implementation 3 (MM-2D)    4     0.000209      0.311005      0.000836      ok
Implementation 1 (Serial)   9     0.000065      1.000000      0.000065      ok
Implementation 2 (MM-1D)    9     0.000285      0.228025      0.002566      ok
Implementation 3 (MM-2D)    9     0.000368      0.176630      0.003312      ok

CSV written to: /home/pbclevidence/MPI-MM-algorithms/csvs/M12_N24_Q12.csv
SVG graph written to: /home/pbclevidence/MPI-MM-algorithms/graphs/M12_N24_Q12.svg

Implementation              P     Seconds       Speedup       Cost          Status
--------------------------------------------------------------------------------------
Implementation 1 (Serial)   1     0.000102      1.000000      0.000102      ok
Implementation 2 (MM-1D)    1     0.000065      1.573406      0.000065      ok
Implementation 3 (MM-2D)    1     0.000052      1.961538      0.000052      ok
Implementation 1 (Serial)   4     0.000068      1.000000      0.000068      ok
Implementation 2 (MM-1D)    4     0.000186      0.366375      0.000742      ok
Implementation 3 (MM-2D)    4     0.000187      0.363636      0.000748      ok
Implementation 1 (Serial)   9     0.000063      1.000000      0.000063      ok
Implementation 2 (MM-1D)    9     0.000284      0.221733      0.002557      ok
Implementation 3 (MM-2D)    9     0.000345      0.182609      0.003105      ok

CSV written to: /home/pbclevidence/MPI-MM-algorithms/csvs/M12_N24_Q12.csv
SVG graph written to: /home/pbclevidence/MPI-MM-algorithms/graphs/M12_N24_Q12.svg
