/var/spool/slurm/slurmd/job17933/slurm_script: line 11: module: command not found
Running P= 1... done
Running P= 1... done
Running P= 1... done
Running P= 1... done
Running P= 1... done
Running P= 1... done
Running P= 1... done
Running P= 1... done
Running P= 1... done
Running P= 4... done
Running P= 4... done
Running P= 4... done
Running P= 4... done
Running P= 4... done
Running P= 4... done
Running P= 4... done
Running P= 4... done
Running P= 4... done
Running P= 9... done

Implementation              P     Seconds       Speedup       Cost          Status
--------------------------------------------------------------------------------------
Implementation 1 (Serial)   1     0.000160      1.000000      0.000160      ok
Implementation 2 (MM-1D)    1     0.000119      1.342563      0.000119      ok
Implementation 3 (MM-2D)    1     0.000074      2.162162      0.000074      ok
Implementation 1 (Serial)   4     0.000152      1.000000      0.000152      ok
Implementation 2 (MM-1D)    4     0.000203      0.747281      0.000814      ok
Implementation 3 (MM-2D)    4     0.000234      0.649573      0.000936      ok
Implementation 1 (Serial)   9     0.000135      1.000000      0.000135      ok
Implementation 2 (MM-1D)    9     0.000292      0.462865      0.002625      ok
Implementation 3 (MM-2D)    9     0.000381      0.354331      0.003429      ok

CSV written to: /home/pbclevidence/MPI-MM-algorithms/csvs/M18_N18_Q24.csv
SVG graph written to: /home/pbclevidence/MPI-MM-algorithms/graphs/M18_N18_Q24.svg
Running P= 9... done

Implementation              P     Seconds       Speedup       Cost          Status
--------------------------------------------------------------------------------------
Implementation 1 (Serial)   1     0.000159      1.000000      0.000159      ok
Implementation 2 (MM-1D)    1     0.000109      1.460229      0.000109      ok
Implementation 3 (MM-2D)    1     0.000075      2.120000      0.000075      ok
Implementation 1 (Serial)   4     0.000136      1.000000      0.000136      ok
Implementation 2 (MM-1D)    4     0.000203      0.668495      0.000814      ok
Implementation 3 (MM-2D)    4     0.000236      0.576271      0.000944      ok
Implementation 1 (Serial)   9     0.000140      1.000000      0.000140      ok
Implementation 2 (MM-1D)    9     0.000272      0.514867      0.002447      ok
Implementation 3 (MM-2D)    9     0.000384      0.364583      0.003456      ok

CSV written to: /home/pbclevidence/MPI-MM-algorithms/csvs/M18_N18_Q24.csv
SVG graph written to: /home/pbclevidence/MPI-MM-algorithms/graphs/M18_N18_Q24.svg
Running P= 9... done

Implementation              P     Seconds       Speedup       Cost          Status
--------------------------------------------------------------------------------------
Implementation 1 (Serial)   1     0.000208      1.000000      0.000208      ok
Implementation 2 (MM-1D)    1     0.000114      1.832470      0.000114      ok
Implementation 3 (MM-2D)    1     0.000099      2.101010      0.000099      ok
Implementation 1 (Serial)   4     0.000135      1.000000      0.000135      ok
Implementation 2 (MM-1D)    4     0.000219      0.617561      0.000874      ok
Implementation 3 (MM-2D)    4     0.000234      0.576923      0.000936      ok
Implementation 1 (Serial)   9     0.000147      1.000000      0.000147      ok
Implementation 2 (MM-1D)    9     0.000302      0.486280      0.002721      ok
Implementation 3 (MM-2D)    9     0.000392      0.375000      0.003528      ok

CSV written to: /home/pbclevidence/MPI-MM-algorithms/csvs/M18_N18_Q24.csv
SVG graph written to: /home/pbclevidence/MPI-MM-algorithms/graphs/M18_N18_Q24.svg
Running P= 9... done

Implementation              P     Seconds       Speedup       Cost          Status
--------------------------------------------------------------------------------------
Implementation 1 (Serial)   1     0.000194      1.000000      0.000194      ok
Implementation 2 (MM-1D)    1     0.000112      1.730042      0.000112      ok
Implementation 3 (MM-2D)    1     0.000073      2.657534      0.000073      ok
Implementation 1 (Serial)   4     0.000153      1.000000      0.000153      ok
Implementation 2 (MM-1D)    4     0.000203      0.754483      0.000811      ok
Implementation 3 (MM-2D)    4     0.000241      0.634855      0.000964      ok
Implementation 1 (Serial)   9     0.000153      1.000000      0.000153      ok
Implementation 2 (MM-1D)    9     0.000294      0.520839      0.002644      ok
Implementation 3 (MM-2D)    9     0.000389      0.393316      0.003501      ok

CSV written to: /home/pbclevidence/MPI-MM-algorithms/csvs/M18_N18_Q24.csv
SVG graph written to: /home/pbclevidence/MPI-MM-algorithms/graphs/M18_N18_Q24.svg
Running P= 9... done
Running P= 9... done

Implementation              P     Seconds       Speedup       Cost          Status
--------------------------------------------------------------------------------------
Implementation 1 (Serial)   1     0.000165      1.000000      0.000165      ok
Implementation 2 (MM-1D)    1     0.000101      1.626273      0.000101      ok
Implementation 3 (MM-2D)    1     0.000099      1.666667      0.000099      ok
Implementation 1 (Serial)   4     0.000136      1.000000      0.000136      ok
Implementation 2 (MM-1D)    4     0.000198      0.688242      0.000790      ok
Implementation 3 (MM-2D)    4     0.000235      0.578723      0.000940      ok
Implementation 1 (Serial)   9     0.000153      1.000000      0.000153      ok
Implementation 2 (MM-1D)    9     0.000307      0.497757      0.002766      ok
Implementation 3 (MM-2D)    9     0.000404      0.378713      0.003636      ok

CSV written to: /home/pbclevidence/MPI-MM-algorithms/csvs/M18_N18_Q24.csv
SVG graph written to: /home/pbclevidence/MPI-MM-algorithms/graphs/M18_N18_Q24.svg

Implementation              P     Seconds       Speedup       Cost          Status
--------------------------------------------------------------------------------------
Implementation 1 (Serial)   1     0.000202      1.000000      0.000202      ok
Implementation 2 (MM-1D)    1     0.000112      1.805522      0.000112      ok
Implementation 3 (MM-2D)    1     0.000097      2.082474      0.000097      ok
Implementation 1 (Serial)   4     0.000146      1.000000      0.000146      ok
Implementation 2 (MM-1D)    4     0.000203      0.718497      0.000813      ok
Implementation 3 (MM-2D)    4     0.000237      0.616034      0.000948      ok
Implementation 1 (Serial)   9     0.000136      1.000000      0.000136      ok
Implementation 2 (MM-1D)    9     0.000302      0.450218      0.002719      ok
Implementation 3 (MM-2D)    9     0.000383      0.355091      0.003447      ok

CSV written to: /home/pbclevidence/MPI-MM-algorithms/csvs/M18_N18_Q24.csv
SVG graph written to: /home/pbclevidence/MPI-MM-algorithms/graphs/M18_N18_Q24.svg
Running P= 9... done

Implementation              P     Seconds       Speedup       Cost          Status
--------------------------------------------------------------------------------------
Implementation 1 (Serial)   1     0.000159      1.000000      0.000159      ok
Implementation 2 (MM-1D)    1     0.000086      1.858636      0.000086      ok
Implementation 3 (MM-2D)    1     0.000081      1.962963      0.000081      ok
Implementation 1 (Serial)   4     0.000141      1.000000      0.000141      ok
Implementation 2 (MM-1D)    4     0.000222      0.635181      0.000888      ok
Implementation 3 (MM-2D)    4     0.000236      0.597458      0.000944      ok
Implementation 1 (Serial)   9     0.000159      1.000000      0.000159      ok
Implementation 2 (MM-1D)    9     0.000312      0.509754      0.002807      ok
Implementation 3 (MM-2D)    9     0.000385      0.412987      0.003465      ok

CSV written to: /home/pbclevidence/MPI-MM-algorithms/csvs/M18_N18_Q24.csv
SVG graph written to: /home/pbclevidence/MPI-MM-algorithms/graphs/M18_N18_Q24.svg
Running P= 9... done

Implementation              P     Seconds       Speedup       Cost          Status
--------------------------------------------------------------------------------------
Implementation 1 (Serial)   1     0.000159      1.000000      0.000159      ok
Implementation 2 (MM-1D)    1     0.000116      1.369792      0.000116      ok
Implementation 3 (MM-2D)    1     0.000074      2.148649      0.000074      ok
Implementation 1 (Serial)   4     0.000152      1.000000      0.000152      ok
Implementation 2 (MM-1D)    4     0.000206      0.737045      0.000825      ok
Implementation 3 (MM-2D)    4     0.000237      0.641350      0.000948      ok
Implementation 1 (Serial)   9     0.000152      1.000000      0.000152      ok
Implementation 2 (MM-1D)    9     0.000303      0.501119      0.002730      ok
Implementation 3 (MM-2D)    9     0.000394      0.385787      0.003546      ok

CSV written to: /home/pbclevidence/MPI-MM-algorithms/csvs/M18_N18_Q24.csv
SVG graph written to: /home/pbclevidence/MPI-MM-algorithms/graphs/M18_N18_Q24.svg
Running P= 9... done

Implementation              P     Seconds       Speedup       Cost          Status
--------------------------------------------------------------------------------------
Implementation 1 (Serial)   1     0.000166      1.000000      0.000166      ok
Implementation 2 (MM-1D)    1     0.000113      1.467507      0.000113      ok
Implementation 3 (MM-2D)    1     0.000085      1.952941      0.000085      ok
Implementation 1 (Serial)   4     0.000146      1.000000      0.000146      ok
Implementation 2 (MM-1D)    4     0.000199      0.732707      0.000797      ok
Implementation 3 (MM-2D)    4     0.000237      0.616034      0.000948      ok
Implementation 1 (Serial)   9     0.000159      1.000000      0.000159      ok
Implementation 2 (MM-1D)    9     0.000303      0.524825      0.002727      ok
Implementation 3 (MM-2D)    9     0.000405      0.392593      0.003645      ok

CSV written to: /home/pbclevidence/MPI-MM-algorithms/csvs/M18_N18_Q24.csv
SVG graph written to: /home/pbclevidence/MPI-MM-algorithms/graphs/M18_N18_Q24.svg
