/var/spool/slurm/slurmd/job18398/slurm_script: line 11: module: command not found
Running P= 1... done
Running P= 1... done
Running P= 1... done
Running P= 1... done
Running P= 4... done

Implementation              P     Seconds       Speedup       Cost          Status
--------------------------------------------------------------------------------------
Implementation 1 (Serial)   1     0.000042      1.000000      0.000042      ok
Implementation 2 (MM-1D)    1     0.000060      0.700528      0.000060      ok
Implementation 3 (MM-2D)    1     0.000057      0.736842      0.000057      ok
Implementation 1 (Serial)   4     0.000038      1.000000      0.000038      ok
Implementation 2 (MM-1D)    4     0.000185      0.205076      0.000741      ok
Implementation 3 (MM-2D)    4     0.000217      0.175115      0.000868      ok

CSV written to: /home/pbclevidence/MPI-MM-algorithms/csvs/M18_N6_Q24.csv
SVG graph written to: /home/pbclevidence/MPI-MM-algorithms/graphs/M18_N6_Q24.svg
Running P= 4... done

Implementation              P     Seconds       Speedup       Cost          Status
--------------------------------------------------------------------------------------
Implementation 1 (Serial)   1     0.000038      1.000000      0.000038      ok
Implementation 2 (MM-1D)    1     0.000048      0.794436      0.000048      ok
Implementation 3 (MM-2D)    1     0.000047      0.808511      0.000047      ok
Implementation 1 (Serial)   4     0.000053      1.000000      0.000053      ok
Implementation 2 (MM-1D)    4     0.000229      0.231885      0.000914      ok
Implementation 3 (MM-2D)    4     0.000218      0.243119      0.000872      ok

CSV written to: /home/pbclevidence/MPI-MM-algorithms/csvs/M18_N6_Q24.csv
SVG graph written to: /home/pbclevidence/MPI-MM-algorithms/graphs/M18_N6_Q24.svg
Running P= 4... done

Implementation              P     Seconds       Speedup       Cost          Status
--------------------------------------------------------------------------------------
Implementation 1 (Serial)   1     0.000036      1.000000      0.000036      ok
Implementation 2 (MM-1D)    1     0.000061      0.591023      0.000061      ok
Implementation 3 (MM-2D)    1     0.000037      0.972973      0.000037      ok
Implementation 1 (Serial)   4     0.000038      1.000000      0.000038      ok
Implementation 2 (MM-1D)    4     0.000209      0.182180      0.000834      ok
Implementation 3 (MM-2D)    4     0.000194      0.195876      0.000776      ok

CSV written to: /home/pbclevidence/MPI-MM-algorithms/csvs/M18_N6_Q24.csv
SVG graph written to: /home/pbclevidence/MPI-MM-algorithms/graphs/M18_N6_Q24.svg
Running P= 4... done

Implementation              P     Seconds       Speedup       Cost          Status
--------------------------------------------------------------------------------------
Implementation 1 (Serial)   1     0.000040      1.000000      0.000040      ok
Implementation 2 (MM-1D)    1     0.000063      0.637842      0.000063      ok
Implementation 3 (MM-2D)    1     0.000038      1.052632      0.000038      ok
Implementation 1 (Serial)   4     0.000039      1.000000      0.000039      ok
Implementation 2 (MM-1D)    4     0.000201      0.193800      0.000805      ok
Implementation 3 (MM-2D)    4     0.000200      0.195000      0.000800      ok

CSV written to: /home/pbclevidence/MPI-MM-algorithms/csvs/M18_N6_Q24.csv
SVG graph written to: /home/pbclevidence/MPI-MM-algorithms/graphs/M18_N6_Q24.svg
