/var/spool/slurm/slurmd/job17916/slurm_script: line 11: module: command not found
Running P= 1... done
Running P= 1... done
Running P= 1... done
Running P= 1... done
Running P= 1... done
Running P= 1... done
Running P= 1... done
Running P= 1... done
Running P= 1... done
Running P= 4... done
Running P= 4... done
Running P= 4... done
Running P= 4... done
Running P= 4... done
Running P= 4... done
Running P= 4... done
Running P= 4... done
Running P= 4... done
Running P= 9... done

Implementation              P     Seconds       Speedup       Cost          Status
--------------------------------------------------------------------------------------
Implementation 1 (Serial)   1     0.000080      1.000000      0.000080      ok
Implementation 2 (MM-1D)    1     0.000052      1.541652      0.000052      ok
Implementation 3 (MM-2D)    1     0.000054      1.481481      0.000054      ok
Implementation 1 (Serial)   4     0.000080      1.000000      0.000080      ok
Implementation 2 (MM-1D)    4     0.000180      0.444321      0.000720      ok
Implementation 3 (MM-2D)    4     0.000203      0.394089      0.000812      ok
Implementation 1 (Serial)   9     0.000068      1.000000      0.000068      ok
Implementation 2 (MM-1D)    9     0.000271      0.250800      0.002440      ok
Implementation 3 (MM-2D)    9     0.000352      0.193182      0.003168      ok

CSV written to: /home/pbclevidence/MPI-MM-algorithms/csvs/M12_N18_Q18.csv
SVG graph written to: /home/pbclevidence/MPI-MM-algorithms/graphs/M12_N18_Q18.svg
Running P= 9... done
Running P= 9... done

Implementation              P     Seconds       Speedup       Cost          Status
--------------------------------------------------------------------------------------
Implementation 1 (Serial)   1     0.000080      1.000000      0.000080      ok
Implementation 2 (MM-1D)    1     0.000066      1.212138      0.000066      ok
Implementation 3 (MM-2D)    1     0.000054      1.481481      0.000054      ok
Implementation 1 (Serial)   4     0.000077      1.000000      0.000077      ok
Implementation 2 (MM-1D)    4     0.000188      0.408981      0.000753      ok
Implementation 3 (MM-2D)    4     0.000194      0.396907      0.000776      ok
Implementation 1 (Serial)   9     0.000080      1.000000      0.000080      ok
Implementation 2 (MM-1D)    9     0.000286      0.279572      0.002575      ok
Implementation 3 (MM-2D)    9     0.000354      0.225989      0.003186      ok

CSV written to: /home/pbclevidence/MPI-MM-algorithms/csvs/M12_N18_Q18.csv
SVG graph written to: /home/pbclevidence/MPI-MM-algorithms/graphs/M12_N18_Q18.svg

Implementation              P     Seconds       Speedup       Cost          Status
--------------------------------------------------------------------------------------
Implementation 1 (Serial)   1     0.000080      1.000000      0.000080      ok
Implementation 2 (MM-1D)    1     0.000068      1.169876      0.000068      ok
Implementation 3 (MM-2D)    1     0.000050      1.600000      0.000050      ok
Implementation 1 (Serial)   4     0.000074      1.000000      0.000074      ok
Implementation 2 (MM-1D)    4     0.000188      0.393203      0.000753      ok
Implementation 3 (MM-2D)    4     0.000197      0.375635      0.000788      ok
Implementation 1 (Serial)   9     0.000080      1.000000      0.000080      ok
Implementation 2 (MM-1D)    9     0.000297      0.269537      0.002671      ok
Implementation 3 (MM-2D)    9     0.000365      0.219178      0.003285      ok

CSV written to: /home/pbclevidence/MPI-MM-algorithms/csvs/M12_N18_Q18.csv
SVG graph written to: /home/pbclevidence/MPI-MM-algorithms/graphs/M12_N18_Q18.svg
Running P= 9... done
Running P= 9... done

Implementation              P     Seconds       Speedup       Cost          Status
--------------------------------------------------------------------------------------
Implementation 1 (Serial)   1     0.000080      1.000000      0.000080      ok
Implementation 2 (MM-1D)    1     0.000069      1.166888      0.000069      ok
Implementation 3 (MM-2D)    1     0.000047      1.702128      0.000047      ok
Implementation 1 (Serial)   4     0.000075      1.000000      0.000075      ok
Implementation 2 (MM-1D)    4     0.000186      0.403406      0.000744      ok
Implementation 3 (MM-2D)    4     0.000195      0.384615      0.000780      ok
Implementation 1 (Serial)   9     0.000071      1.000000      0.000071      ok
Implementation 2 (MM-1D)    9     0.000296      0.239527      0.002668      ok
Implementation 3 (MM-2D)    9     0.000348      0.204023      0.003132      ok

CSV written to: /home/pbclevidence/MPI-MM-algorithms/csvs/M12_N18_Q18.csv
SVG graph written to: /home/pbclevidence/MPI-MM-algorithms/graphs/M12_N18_Q18.svg

Implementation              P     Seconds       Speedup       Cost          Status
--------------------------------------------------------------------------------------
Implementation 1 (Serial)   1     0.000080      1.000000      0.000080      ok
Implementation 2 (MM-1D)    1     0.000066      1.211317      0.000066      ok
Implementation 3 (MM-2D)    1     0.000047      1.702128      0.000047      ok
Implementation 1 (Serial)   4     0.000074      1.000000      0.000074      ok
Implementation 2 (MM-1D)    4     0.000183      0.404843      0.000731      ok
Implementation 3 (MM-2D)    4     0.000195      0.379487      0.000780      ok
Implementation 1 (Serial)   9     0.000069      1.000000      0.000069      ok
Implementation 2 (MM-1D)    9     0.000290      0.238038      0.002609      ok
Implementation 3 (MM-2D)    9     0.000342      0.201754      0.003078      ok

CSV written to: /home/pbclevidence/MPI-MM-algorithms/csvs/M12_N18_Q18.csv
SVG graph written to: /home/pbclevidence/MPI-MM-algorithms/graphs/M12_N18_Q18.svg
Running P= 9... done

Implementation              P     Seconds       Speedup       Cost          Status
--------------------------------------------------------------------------------------
Implementation 1 (Serial)   1     0.000080      1.000000      0.000080      ok
Implementation 2 (MM-1D)    1     0.000066      1.218621      0.000066      ok
Implementation 3 (MM-2D)    1     0.000049      1.632653      0.000049      ok
Implementation 1 (Serial)   4     0.000080      1.000000      0.000080      ok
Implementation 2 (MM-1D)    4     0.000201      0.397628      0.000805      ok
Implementation 3 (MM-2D)    4     0.000190      0.421053      0.000760      ok
Implementation 1 (Serial)   9     0.000080      1.000000      0.000080      ok
Implementation 2 (MM-1D)    9     0.000307      0.260212      0.002767      ok
Implementation 3 (MM-2D)    9     0.000369      0.216802      0.003321      ok

CSV written to: /home/pbclevidence/MPI-MM-algorithms/csvs/M12_N18_Q18.csv
SVG graph written to: /home/pbclevidence/MPI-MM-algorithms/graphs/M12_N18_Q18.svg
Running P= 9... done

Implementation              P     Seconds       Speedup       Cost          Status
--------------------------------------------------------------------------------------
Implementation 1 (Serial)   1     0.000080      1.000000      0.000080      ok
Implementation 2 (MM-1D)    1     0.000067      1.202854      0.000067      ok
Implementation 3 (MM-2D)    1     0.000051      1.568627      0.000051      ok
Implementation 1 (Serial)   4     0.000080      1.000000      0.000080      ok
Implementation 2 (MM-1D)    4     0.000183      0.438174      0.000730      ok
Implementation 3 (MM-2D)    4     0.000201      0.398010      0.000804      ok
Implementation 1 (Serial)   9     0.000080      1.000000      0.000080      ok
Implementation 2 (MM-1D)    9     0.000289      0.277256      0.002597      ok
Implementation 3 (MM-2D)    9     0.000351      0.227920      0.003159      ok

CSV written to: /home/pbclevidence/MPI-MM-algorithms/csvs/M12_N18_Q18.csv
SVG graph written to: /home/pbclevidence/MPI-MM-algorithms/graphs/M12_N18_Q18.svg
Running P= 9... done
Running P= 9... done

Implementation              P     Seconds       Speedup       Cost          Status
--------------------------------------------------------------------------------------
Implementation 1 (Serial)   1     0.000080      1.000000      0.000080      ok
Implementation 2 (MM-1D)    1     0.000069      1.153709      0.000069      ok
Implementation 3 (MM-2D)    1     0.000051      1.568627      0.000051      ok
Implementation 1 (Serial)   4     0.000074      1.000000      0.000074      ok
Implementation 2 (MM-1D)    4     0.000174      0.424519      0.000697      ok
Implementation 3 (MM-2D)    4     0.000194      0.381443      0.000776      ok
Implementation 1 (Serial)   9     0.000074      1.000000      0.000074      ok
Implementation 2 (MM-1D)    9     0.000276      0.267700      0.002488      ok
Implementation 3 (MM-2D)    9     0.000360      0.205556      0.003240      ok

CSV written to: /home/pbclevidence/MPI-MM-algorithms/csvs/M12_N18_Q18.csv
SVG graph written to: /home/pbclevidence/MPI-MM-algorithms/graphs/M12_N18_Q18.svg

Implementation              P     Seconds       Speedup       Cost          Status
--------------------------------------------------------------------------------------
Implementation 1 (Serial)   1     0.000080      1.000000      0.000080      ok
Implementation 2 (MM-1D)    1     0.000066      1.209952      0.000066      ok
Implementation 3 (MM-2D)    1     0.000048      1.666667      0.000048      ok
Implementation 1 (Serial)   4     0.000077      1.000000      0.000077      ok
Implementation 2 (MM-1D)    4     0.000179      0.429824      0.000717      ok
Implementation 3 (MM-2D)    4     0.000210      0.366667      0.000840      ok
Implementation 1 (Serial)   9     0.000074      1.000000      0.000074      ok
Implementation 2 (MM-1D)    9     0.000291      0.254075      0.002621      ok
Implementation 3 (MM-2D)    9     0.000354      0.209040      0.003186      ok

CSV written to: /home/pbclevidence/MPI-MM-algorithms/csvs/M12_N18_Q18.csv
SVG graph written to: /home/pbclevidence/MPI-MM-algorithms/graphs/M12_N18_Q18.svg
