Running P= 1... done
Running P= 4... done
Running P= 9... done
Running P= 16... done
Running P= 25... done

Implementation              P     Seconds       Speedup       Cost          Status
--------------------------------------------------------------------------------------
Implementation 1 (Serial)   1     72.088784     1.000000      72.088784     ok
Implementation 2 (MM-1D)    1     59.275600     1.216163      59.275600     ok
Implementation 3 (MM-2D)    1     59.194820     1.217823      59.194820     ok
Implementation 1 (Serial)   4     72.170015     1.000000      72.170015     ok
Implementation 2 (MM-1D)    4     16.475300     4.380498      65.901200     ok
Implementation 3 (MM-2D)    4     30.656270     2.354168      122.625080    ok
Implementation 1 (Serial)   9     72.057380     1.000000      72.057380     ok
Implementation 2 (MM-1D)    9     8.080110      8.917871      72.720990     ok
Implementation 3 (MM-2D)    9     34.853849     2.067415      313.684641    ok
Implementation 1 (Serial)   16    72.102916     1.000000      72.102916     ok
Implementation 2 (MM-1D)    16    4.954580      14.552781     79.273280     ok
Implementation 3 (MM-2D)    16    41.347298     1.743836      661.556768    ok
Implementation 1 (Serial)   25    72.011219     1.000000      72.011219     ok
Implementation 2 (MM-1D)    25    5.486860      13.124304     137.171500    ok
Implementation 3 (MM-2D)    25    58.870020     1.223224      1471.750500   ok

CSV written to: /home/pbclevidence/MPI-MM-algorithms/csvs/M1800_N2400_Q1200.csv
SVG graph written to: /home/pbclevidence/MPI-MM-algorithms/graphs/M1800_N2400_Q1200.svg
