Running P= 1... done
Running P= 4... done
Running P= 9... done
Running P= 16... done
Running P= 25... done

Implementation              P     Seconds       Speedup       Cost          Status
--------------------------------------------------------------------------------------
Implementation 1 (Serial)   1     0.840499      1.000000      0.840499      ok
Implementation 2 (MM-1D)    1     0.767805      1.094678      0.767805      ok
Implementation 3 (MM-2D)    1     0.763276      1.101173      0.763276      ok
Implementation 1 (Serial)   4     0.840499      1.000000      0.840499      ok
Implementation 2 (MM-1D)    4     0.241214      3.484454      0.964856      ok
Implementation 3 (MM-2D)    4     0.214443      3.919452      0.857772      ok
Implementation 1 (Serial)   9     0.840499      1.000000      0.840499      ok
Implementation 2 (MM-1D)    9     0.214913      3.910880      1.934217      ok
Implementation 3 (MM-2D)    9     0.130367      6.447176      1.173303      ok
Implementation 1 (Serial)   16    0.840499      1.000000      0.840499      ok
Implementation 2 (MM-1D)    16    0.169192      4.967723      2.707072      ok
Implementation 3 (MM-2D)    16    0.089320      9.409975      1.429120      ok
Implementation 1 (Serial)   25    0.840499      1.000000      0.840499      ok
Implementation 2 (MM-1D)    25    0.211001      3.983389      5.275025      ok
Implementation 3 (MM-2D)    25    0.119381      7.040475      2.984525      ok

CSV written to: /home/pbclevidence/MPI-MM-algorithms/csvs/M600_N1800_Q600.csv
SVG graph written to: /home/pbclevidence/MPI-MM-algorithms/graphs/M600_N1800_Q600.svg
