Running P= 1... done
Running P= 4... done
Running P= 9... done
Running P= 16... done
Running P= 25... done

Implementation              P     Seconds       Speedup       VsSerial      Cost          Status
----------------------------------------------------------------------------------------------------
Implementation 1 (Serial)   1     3.319705      1.000000      1.000000      3.319705      ok
Implementation 2 (MM-1D)    1     3.045090      1.000000      1.090183      3.045090      ok
Implementation 3 (MM-2D)    1     3.029621      1.000000      1.095749      3.029621      ok
Implementation 1 (Serial)   4     3.319705      1.000000      1.000000      3.319705      ok
Implementation 2 (MM-1D)    4     0.901763      3.376819      3.681350      3.607052      ok
Implementation 3 (MM-2D)    4     0.823011      3.681143      4.033610      3.292044      ok
Implementation 1 (Serial)   9     3.319705      1.000000      1.000000      3.319705      ok
Implementation 2 (MM-1D)    9     0.766604      3.972181      4.330404      6.899436      ok
Implementation 3 (MM-2D)    9     0.433260      6.992616      7.662154      3.899340      ok
Implementation 1 (Serial)   16    3.319705      1.000000      1.000000      3.319705      ok
Implementation 2 (MM-1D)    16    0.521314      5.841182      6.367957      8.341024      ok
Implementation 3 (MM-2D)    16    0.291124      10.406634     11.403062     4.657984      ok
Implementation 1 (Serial)   25    3.319705      1.000000      1.000000      3.319705      ok
Implementation 2 (MM-1D)    25    0.741186      4.108402      4.478909      18.529650     ok
Implementation 3 (MM-2D)    25    0.338668      8.945696      9.802240      8.466700      ok

CSV written to: /home/pbclevidence/MPI-MM-algorithms/csvs/M2400_N1800_Q600.csv
SVG graph written to: /home/pbclevidence/MPI-MM-algorithms/graphs/M2400_N1800_Q600.svg
