Running P= 1... done
Running P= 4... done
Running P= 9... done
Running P= 16... done
Running P= 25... done

Implementation              P     Seconds       Speedup       Cost          Status
--------------------------------------------------------------------------------------
Implementation 1 (Serial)   1     6.504751      1.000000      6.504751      ok
Implementation 2 (MM-1D)    1     5.196730      1.251701      5.196730      ok
Implementation 3 (MM-2D)    1     5.107883      1.273473      5.107883      ok
Implementation 1 (Serial)   4     6.532969      1.000000      6.532969      ok
Implementation 2 (MM-1D)    4     1.382410      4.725783      5.529640      ok
Implementation 3 (MM-2D)    4     3.993880      1.635745      15.975520     ok
Implementation 1 (Serial)   9     6.411898      1.000000      6.411898      ok
Implementation 2 (MM-1D)    9     0.950260      6.747520      8.552340      ok
Implementation 3 (MM-2D)    9     4.355010      1.472304      39.195090     ok
Implementation 1 (Serial)   16    6.430049      1.000000      6.430049      ok
Implementation 2 (MM-1D)    16    0.613889      10.474286     9.822224      ok
Implementation 3 (MM-2D)    16    5.102773      1.260109      81.644368     ok
Implementation 1 (Serial)   25    6.510290      1.000000      6.510290      ok
Implementation 2 (MM-1D)    25    0.687772      9.465768      17.194300     ok
Implementation 3 (MM-2D)    25    5.666893      1.148829      141.672325    ok

CSV written to: /home/pbclevidence/MPI-MM-algorithms/csvs/M600_N1800_Q600.csv
SVG graph written to: /home/pbclevidence/MPI-MM-algorithms/graphs/M600_N1800_Q600.svg
