/var/spool/slurm/slurmd/job17895/slurm_script: line 11: module: command not found
Running P= 1... done
Running P= 1... done
Running P= 1... done
Running P= 1... done
Running P= 1... done
Running P= 1... done
Running P= 1... done
Running P= 1... done
Running P= 1... done
Running P= 4... done
Running P= 4... done
Running P= 4... done
Running P= 4... done
Running P= 4... done
Running P= 4... done
Running P= 4... done
Running P= 4... done
Running P= 4... done
Running P= 9... done

Implementation              P     Seconds       Speedup       Cost          Status
--------------------------------------------------------------------------------------
Implementation 1 (Serial)   1     0.000019      1.000000      0.000019      ok
Implementation 2 (MM-1D)    1     0.000023      0.824653      0.000023      ok
Implementation 3 (MM-2D)    1     0.000014      1.357143      0.000014      ok
Implementation 1 (Serial)   4     0.000015      1.000000      0.000015      ok
Implementation 2 (MM-1D)    4     0.000172      0.087151      0.000688      ok
Implementation 3 (MM-2D)    4     0.000173      0.086705      0.000692      ok
Implementation 1 (Serial)   9     0.000017      1.000000      0.000017      ok
Implementation 2 (MM-1D)    9     0.000267      0.063560      0.002407      ok
Implementation 3 (MM-2D)    9     0.000301      0.056478      0.002709      ok

CSV written to: /home/pbclevidence/MPI-MM-algorithms/csvs/M6_N12_Q12.csv
SVG graph written to: /home/pbclevidence/MPI-MM-algorithms/graphs/M6_N12_Q12.svg
Running P= 9... done

Implementation              P     Seconds       Speedup       Cost          Status
--------------------------------------------------------------------------------------
Implementation 1 (Serial)   1     0.000019      1.000000      0.000019      ok
Implementation 2 (MM-1D)    1     0.000026      0.733141      0.000026      ok
Implementation 3 (MM-2D)    1     0.000014      1.357143      0.000014      ok
Implementation 1 (Serial)   4     0.000016      1.000000      0.000016      ok
Implementation 2 (MM-1D)    4     0.000182      0.087963      0.000728      ok
Implementation 3 (MM-2D)    4     0.000176      0.090909      0.000704      ok
Implementation 1 (Serial)   9     0.000017      1.000000      0.000017      ok
Implementation 2 (MM-1D)    9     0.000258      0.065897      0.002322      ok
Implementation 3 (MM-2D)    9     0.000291      0.058419      0.002619      ok

CSV written to: /home/pbclevidence/MPI-MM-algorithms/csvs/M6_N12_Q12.csv
SVG graph written to: /home/pbclevidence/MPI-MM-algorithms/graphs/M6_N12_Q12.svg
Running P= 9... done
Running P= 9... done
Running P= 9... done

Implementation              P     Seconds       Speedup       Cost          Status
--------------------------------------------------------------------------------------
Implementation 1 (Serial)   1     0.000019      1.000000      0.000019      ok
Implementation 2 (MM-1D)    1     0.000026      0.728897      0.000026      ok
Implementation 3 (MM-2D)    1     0.000019      1.000000      0.000019      ok
Implementation 1 (Serial)   4     0.000017      1.000000      0.000017      ok
Implementation 2 (MM-1D)    4     0.000177      0.096076      0.000708      ok
Implementation 3 (MM-2D)    4     0.000178      0.095506      0.000712      ok
Implementation 1 (Serial)   9     0.000019      1.000000      0.000019      ok
Implementation 2 (MM-1D)    9     0.000261      0.072685      0.002353      ok
Implementation 3 (MM-2D)    9     0.000294      0.064626      0.002646      ok

CSV written to: /home/pbclevidence/MPI-MM-algorithms/csvs/M6_N12_Q12.csv
SVG graph written to: /home/pbclevidence/MPI-MM-algorithms/graphs/M6_N12_Q12.svg

Implementation              P     Seconds       Speedup       Cost          Status
--------------------------------------------------------------------------------------
Implementation 1 (Serial)   1     0.000019      1.000000      0.000019      ok
Implementation 2 (MM-1D)    1     0.000027      0.710889      0.000027      ok
Implementation 3 (MM-2D)    1     0.000018      1.055556      0.000018      ok
Implementation 1 (Serial)   4     0.000017      1.000000      0.000017      ok
Implementation 2 (MM-1D)    4     0.000167      0.101642      0.000669      ok
Implementation 3 (MM-2D)    4     0.000168      0.101190      0.000672      ok
Implementation 1 (Serial)   9     0.000017      1.000000      0.000017      ok
Implementation 2 (MM-1D)    9     0.000268      0.063391      0.002414      ok
Implementation 3 (MM-2D)    9     0.000289      0.058824      0.002601      ok

CSV written to: /home/pbclevidence/MPI-MM-algorithms/csvs/M6_N12_Q12.csv
SVG graph written to: /home/pbclevidence/MPI-MM-algorithms/graphs/M6_N12_Q12.svg

Implementation              P     Seconds       Speedup       Cost          Status
--------------------------------------------------------------------------------------
Implementation 1 (Serial)   1     0.000019      1.000000      0.000019      ok
Implementation 2 (MM-1D)    1     0.000025      0.748583      0.000025      ok
Implementation 3 (MM-2D)    1     0.000014      1.357143      0.000014      ok
Implementation 1 (Serial)   4     0.000019      1.000000      0.000019      ok
Implementation 2 (MM-1D)    4     0.000159      0.119776      0.000635      ok
Implementation 3 (MM-2D)    4     0.000169      0.112426      0.000676      ok
Implementation 1 (Serial)   9     0.000018      1.000000      0.000018      ok
Implementation 2 (MM-1D)    9     0.000273      0.065990      0.002455      ok
Implementation 3 (MM-2D)    9     0.000289      0.062284      0.002601      ok

CSV written to: /home/pbclevidence/MPI-MM-algorithms/csvs/M6_N12_Q12.csv
SVG graph written to: /home/pbclevidence/MPI-MM-algorithms/graphs/M6_N12_Q12.svg
Running P= 9... done

Implementation              P     Seconds       Speedup       Cost          Status
--------------------------------------------------------------------------------------
Implementation 1 (Serial)   1     0.000019      1.000000      0.000019      ok
Implementation 2 (MM-1D)    1     0.000026      0.739090      0.000026      ok
Implementation 3 (MM-2D)    1     0.000014      1.357143      0.000014      ok
Implementation 1 (Serial)   4     0.000017      1.000000      0.000017      ok
Implementation 2 (MM-1D)    4     0.000170      0.100261      0.000678      ok
Implementation 3 (MM-2D)    4     0.000168      0.101190      0.000672      ok
Implementation 1 (Serial)   9     0.000017      1.000000      0.000017      ok
Implementation 2 (MM-1D)    9     0.000286      0.059534      0.002570      ok
Implementation 3 (MM-2D)    9     0.000287      0.059233      0.002583      ok

CSV written to: /home/pbclevidence/MPI-MM-algorithms/csvs/M6_N12_Q12.csv
SVG graph written to: /home/pbclevidence/MPI-MM-algorithms/graphs/M6_N12_Q12.svg
Running P= 9... done

Implementation              P     Seconds       Speedup       Cost          Status
--------------------------------------------------------------------------------------
Implementation 1 (Serial)   1     0.000019      1.000000      0.000019      ok
Implementation 2 (MM-1D)    1     0.000019      0.983045      0.000019      ok
Implementation 3 (MM-2D)    1     0.000016      1.187500      0.000016      ok
Implementation 1 (Serial)   4     0.000017      1.000000      0.000017      ok
Implementation 2 (MM-1D)    4     0.000148      0.114733      0.000593      ok
Implementation 3 (MM-2D)    4     0.000162      0.104938      0.000648      ok
Implementation 1 (Serial)   9     0.000017      1.000000      0.000017      ok
Implementation 2 (MM-1D)    9     0.000266      0.063899      0.002394      ok
Implementation 3 (MM-2D)    9     0.000294      0.057823      0.002646      ok

CSV written to: /home/pbclevidence/MPI-MM-algorithms/csvs/M6_N12_Q12.csv
SVG graph written to: /home/pbclevidence/MPI-MM-algorithms/graphs/M6_N12_Q12.svg
Running P= 9... done

Implementation              P     Seconds       Speedup       Cost          Status
--------------------------------------------------------------------------------------
Implementation 1 (Serial)   1     0.000019      1.000000      0.000019      ok
Implementation 2 (MM-1D)    1     0.000019      0.975475      0.000019      ok
Implementation 3 (MM-2D)    1     0.000015      1.266667      0.000015      ok
Implementation 1 (Serial)   4     0.000017      1.000000      0.000017      ok
Implementation 2 (MM-1D)    4     0.000176      0.096800      0.000702      ok
Implementation 3 (MM-2D)    4     0.000165      0.103030      0.000660      ok
Implementation 1 (Serial)   9     0.000017      1.000000      0.000017      ok
Implementation 2 (MM-1D)    9     0.000270      0.062983      0.002429      ok
Implementation 3 (MM-2D)    9     0.000300      0.056667      0.002700      ok

CSV written to: /home/pbclevidence/MPI-MM-algorithms/csvs/M6_N12_Q12.csv
SVG graph written to: /home/pbclevidence/MPI-MM-algorithms/graphs/M6_N12_Q12.svg
Running P= 9... done

Implementation              P     Seconds       Speedup       Cost          Status
--------------------------------------------------------------------------------------
Implementation 1 (Serial)   1     0.000019      1.000000      0.000019      ok
Implementation 2 (MM-1D)    1     0.000020      0.939971      0.000020      ok
Implementation 3 (MM-2D)    1     0.000014      1.357143      0.000014      ok
Implementation 1 (Serial)   4     0.000017      1.000000      0.000017      ok
Implementation 2 (MM-1D)    4     0.000166      0.102154      0.000666      ok
Implementation 3 (MM-2D)    4     0.000148      0.114865      0.000592      ok
Implementation 1 (Serial)   9     0.000018      1.000000      0.000018      ok
Implementation 2 (MM-1D)    9     0.000274      0.065772      0.002463      ok
Implementation 3 (MM-2D)    9     0.000287      0.062718      0.002583      ok

CSV written to: /home/pbclevidence/MPI-MM-algorithms/csvs/M6_N12_Q12.csv
SVG graph written to: /home/pbclevidence/MPI-MM-algorithms/graphs/M6_N12_Q12.svg
