Running P= 1... done
Running P= 4... done
Running P= 9... done
Running P= 16... done
Running P= 25... done

Implementation              P     Seconds       Speedup       Cost          Status
--------------------------------------------------------------------------------------
Implementation 1 (Serial)   1     19.252316     1.000000      19.252316     ok
Implementation 2 (MM-1D)    1     18.650800     1.032251      18.650800     ok
Implementation 3 (MM-2D)    1     18.661086     1.031683      18.661086     ok
Implementation 1 (Serial)   4     19.252316     1.000000      19.252316     ok
Implementation 2 (MM-1D)    4     4.982520      3.863972      19.930080     ok
Implementation 3 (MM-2D)    4     4.636133      4.152667      18.544532     ok
Implementation 1 (Serial)   9     19.252316     1.000000      19.252316     ok
Implementation 2 (MM-1D)    9     2.587350      7.440940      23.286150     ok
Implementation 3 (MM-2D)    9     2.449526      7.859609      22.045734     ok
Implementation 1 (Serial)   16    19.252316     1.000000      19.252316     ok
Implementation 2 (MM-1D)    16    1.775320      10.844420     28.405120     ok
Implementation 3 (MM-2D)    16    1.658785      11.606276     26.540560     ok
Implementation 1 (Serial)   25    19.252316     1.000000      19.252316     ok
Implementation 2 (MM-1D)    25    2.334120      8.248212      58.353000     ok
Implementation 3 (MM-2D)    25    1.454329      13.237937     36.358225     ok

CSV written to: /home/pbclevidence/MPI-MM-algorithms/csvs/M1200_N2400_Q3000.csv
SVG graph written to: /home/pbclevidence/MPI-MM-algorithms/graphs/M1200_N2400_Q3000.svg
