Running P= 1... done
Running P= 4... done
Running P= 9... done
Running P= 16... done
Running P= 25... done

Implementation              P     Seconds       Speedup       Cost          Status
--------------------------------------------------------------------------------------
Implementation 1 (Serial)   1     8.458367      1.000000      8.458367      ok
Implementation 2 (MM-1D)    1     6.603110      1.280967      6.603110      ok
Implementation 3 (MM-2D)    1     6.540370      1.293255      6.540370      ok
Implementation 1 (Serial)   4     8.458367      1.000000      8.458367      ok
Implementation 2 (MM-1D)    4     3.051120      2.772217      12.204480     ok
Implementation 3 (MM-2D)    4     1.712181      4.940113      6.848724      ok
Implementation 1 (Serial)   9     8.458367      1.000000      8.458367      ok
Implementation 2 (MM-1D)    9     1.625430      5.203772      14.628870     ok
Implementation 3 (MM-2D)    9     0.919480      9.199077      8.275320      ok
Implementation 1 (Serial)   16    8.458367      1.000000      8.458367      ok
Implementation 2 (MM-1D)    16    1.072320      7.887913      17.157120     ok
Implementation 3 (MM-2D)    16    0.583228      14.502676     9.331648      ok
Implementation 1 (Serial)   25    8.458367      1.000000      8.458367      ok
Implementation 2 (MM-1D)    25    1.790180      4.724870      44.754500     ok
Implementation 3 (MM-2D)    25    0.672040      12.586106     16.801000     ok

CSV written to: /home/pbclevidence/MPI-MM-algorithms/csvs/M3000_N3000_Q600.csv
SVG graph written to: /home/pbclevidence/MPI-MM-algorithms/graphs/M3000_N3000_Q600.svg
