Running P= 1... done
Running P= 4... done
Running P= 9... done
Running P= 16... done
Running P= 25... done

Implementation              P     Seconds       Speedup       Cost          Status
--------------------------------------------------------------------------------------
Implementation 1 (Serial)   1     4.242198      1.000000      4.242198      ok
Implementation 2 (MM-1D)    1     3.317500      1.278733      3.317500      ok
Implementation 3 (MM-2D)    1     3.340764      1.269829      3.340764      ok
Implementation 1 (Serial)   4     4.241251      1.000000      4.241251      ok
Implementation 2 (MM-1D)    4     0.884383      4.795717      3.537532      ok
Implementation 3 (MM-2D)    4     2.544700      1.666700      10.178800     ok
Implementation 1 (Serial)   9     4.294176      1.000000      4.294176      ok
Implementation 2 (MM-1D)    9     0.637213      6.738996      5.734917      ok
Implementation 3 (MM-2D)    9     2.841070      1.511464      25.569630     ok
Implementation 1 (Serial)   16    4.240119      1.000000      4.240119      ok
Implementation 2 (MM-1D)    16    0.429853      9.864114      6.877648      ok
Implementation 3 (MM-2D)    16    3.395431      1.248772      54.326896     ok
Implementation 1 (Serial)   25    4.241454      1.000000      4.241454      ok
Implementation 2 (MM-1D)    25    0.458244      9.255886      11.456100     ok
Implementation 3 (MM-2D)    25    2.979702      1.423449      74.492550     ok

CSV written to: /home/pbclevidence/MPI-MM-algorithms/csvs/M600_N600_Q1200.csv
SVG graph written to: /home/pbclevidence/MPI-MM-algorithms/graphs/M600_N600_Q1200.svg
