Running P= 1... done
Running P= 4... done
Running P= 9... done
Running P= 16... done
Running P= 25... done

Implementation              P     Seconds       Speedup       Cost          Status
--------------------------------------------------------------------------------------
Implementation 1 (Serial)   1     60.506425     1.000000      60.506425     ok
Implementation 2 (MM-1D)    1     57.773500     1.047304      57.773500     ok
Implementation 3 (MM-2D)    1     57.763524     1.047485      57.763524     ok
Implementation 1 (Serial)   4     60.506425     1.000000      60.506425     ok
Implementation 2 (MM-1D)    4     15.366700     3.937503      61.466800     ok
Implementation 3 (MM-2D)    4     15.264365     3.963901      61.057460     ok
Implementation 1 (Serial)   9     60.506425     1.000000      60.506425     ok
Implementation 2 (MM-1D)    9     7.703490      7.854417      69.331410     ok
Implementation 3 (MM-2D)    9     7.653352      7.905872      68.880168     ok
Implementation 1 (Serial)   16    60.506425     1.000000      60.506425     ok
Implementation 2 (MM-1D)    16    4.938480      12.252034     79.015680     ok
Implementation 3 (MM-2D)    16    5.081757      11.906595     81.308112     ok
Implementation 1 (Serial)   25    60.506425     1.000000      60.506425     ok
Implementation 2 (MM-1D)    25    6.560030      9.223498      164.000750    ok
Implementation 3 (MM-2D)    25    4.753201      12.729616     118.830025    ok

CSV written to: /home/pbclevidence/MPI-MM-algorithms/csvs/M3000_N3000_Q3000.csv
SVG graph written to: /home/pbclevidence/MPI-MM-algorithms/graphs/M3000_N3000_Q3000.svg
