Running P= 1... done
Running P= 4... done
Running P= 9... done
Running P= 16... done
Running P= 25... done

Implementation              P     Seconds       Speedup       Cost          Status
--------------------------------------------------------------------------------------
Implementation 1 (Serial)   1     3.377945      1.000000      3.377945      ok
Implementation 2 (MM-1D)    1     3.005610      1.123880      3.005610      ok
Implementation 3 (MM-2D)    1     3.015758      1.120098      3.015758      ok
Implementation 1 (Serial)   4     3.377945      1.000000      3.377945      ok
Implementation 2 (MM-1D)    4     1.158290      2.916321      4.633160      ok
Implementation 3 (MM-2D)    4     0.827600      4.081616      3.310400      ok
Implementation 1 (Serial)   9     3.377945      1.000000      3.377945      ok
Implementation 2 (MM-1D)    9     0.805000      4.196205      7.245000      ok
Implementation 3 (MM-2D)    9     0.437635      7.718635      3.938715      ok
Implementation 1 (Serial)   16    3.377945      1.000000      3.377945      ok
Implementation 2 (MM-1D)    16    0.537424      6.285438      8.598784      ok
Implementation 3 (MM-2D)    16    0.261290      12.927954     4.180640      ok
Implementation 1 (Serial)   25    3.377945      1.000000      3.377945      ok
Implementation 2 (MM-1D)    25    0.656403      5.146145      16.410075     ok
Implementation 3 (MM-2D)    25    0.319158      10.583927     7.978950      ok

CSV written to: /home/pbclevidence/MPI-MM-algorithms/csvs/M1800_N1200_Q1200.csv
SVG graph written to: /home/pbclevidence/MPI-MM-algorithms/graphs/M1800_N1200_Q1200.svg
