Running P= 1... done
Running P= 4... done
Running P= 9... done
Running P= 16... done
Running P= 25... done

Implementation              P     Seconds       Speedup       Cost          Status
--------------------------------------------------------------------------------------
Implementation 1 (Serial)   1     18.385771     1.000000      18.385771     ok
Implementation 2 (MM-1D)    1     18.273400     1.006149      18.273400     ok
Implementation 3 (MM-2D)    1     18.175421     1.011573      18.175421     ok
Implementation 1 (Serial)   4     18.385771     1.000000      18.385771     ok
Implementation 2 (MM-1D)    4     5.573250      3.298932      22.293000     ok
Implementation 3 (MM-2D)    4     2.155603      8.529294      8.622412      ok
Implementation 1 (Serial)   9     18.385771     1.000000      18.385771     ok
Implementation 2 (MM-1D)    9     2.773110      6.630019      24.957990     ok
Implementation 3 (MM-2D)    9     1.171592      15.692981     10.544328     ok
Implementation 1 (Serial)   16    18.385771     1.000000      18.385771     ok
Implementation 2 (MM-1D)    16    2.187330      8.405577      34.997280     ok
Implementation 3 (MM-2D)    16    1.114922      16.490634     17.838752     ok
Implementation 1 (Serial)   25    18.385771     1.000000      18.385771     ok
Implementation 2 (MM-1D)    25    2.140430      8.589756      53.510750     ok
Implementation 3 (MM-2D)    25    0.857189      21.448912     21.429725     ok

CSV written to: /home/pbclevidence/MPI-MM-algorithms/csvs/M2400_N2400_Q1200.csv
SVG graph written to: /home/pbclevidence/MPI-MM-algorithms/graphs/M2400_N2400_Q1200.svg
