Running P= 1... done
Running P= 4... done
Running P= 9... done
Running P= 16... done
Running P= 25... done

Implementation              P     Seconds       Speedup       Cost          Status
--------------------------------------------------------------------------------------
Implementation 1 (Serial)   1     36.301210     1.000000      36.301210     ok
Implementation 2 (MM-1D)    1     34.904400     1.040018      34.904400     ok
Implementation 3 (MM-2D)    1     34.774281     1.043910      34.774281     ok
Implementation 1 (Serial)   4     36.301210     1.000000      36.301210     ok
Implementation 2 (MM-1D)    4     9.272370      3.914987      37.089480     ok
Implementation 3 (MM-2D)    4     9.109550      3.984962      36.438200     ok
Implementation 1 (Serial)   9     36.301210     1.000000      36.301210     ok
Implementation 2 (MM-1D)    9     4.732480      7.670653      42.592320     ok
Implementation 3 (MM-2D)    9     4.610889      7.872931      41.498001     ok
Implementation 1 (Serial)   16    36.301210     1.000000      36.301210     ok
Implementation 2 (MM-1D)    16    3.122390      11.626097     49.958240     ok
Implementation 3 (MM-2D)    16    3.107572      11.681535     49.721152     ok
Implementation 1 (Serial)   25    36.301210     1.000000      36.301210     ok
Implementation 2 (MM-1D)    25    4.401430      8.247595      110.035750    ok
Implementation 3 (MM-2D)    25    2.891150      12.555976     72.278750     ok

CSV written to: /home/pbclevidence/MPI-MM-algorithms/csvs/M1800_N3000_Q3000.csv
SVG graph written to: /home/pbclevidence/MPI-MM-algorithms/graphs/M1800_N3000_Q3000.svg
