Running P= 1... done
Running P= 4... done
Running P= 9... done
Running P= 16... done
Running P= 25... done

Implementation              P     Seconds       Speedup       Cost          Status
--------------------------------------------------------------------------------------
Implementation 1 (Serial)   1     46.183479     1.000000      46.183479     ok
Implementation 2 (MM-1D)    1     45.886100     1.006481      45.886100     ok
Implementation 3 (MM-2D)    1     45.653576     1.011607      45.653576     ok
Implementation 1 (Serial)   4     46.183479     1.000000      46.183479     ok
Implementation 2 (MM-1D)    4     12.391500     3.727029      49.566000     ok
Implementation 3 (MM-2D)    4     6.453721      7.156101      25.814884     ok
Implementation 1 (Serial)   9     46.183479     1.000000      46.183479     ok
Implementation 2 (MM-1D)    9     6.292850      7.339040      56.635650     ok
Implementation 3 (MM-2D)    9     3.683307      12.538591     33.149763     ok
Implementation 1 (Serial)   16    46.183479     1.000000      46.183479     ok
Implementation 2 (MM-1D)    16    4.319100      10.692848     69.105600     ok
Implementation 3 (MM-2D)    16    2.199861      20.993817     35.197776     ok
Implementation 1 (Serial)   25    46.183479     1.000000      46.183479     ok
Implementation 2 (MM-1D)    25    4.761630      9.699090      119.040750    ok
Implementation 3 (MM-2D)    25    2.312757      19.969015     57.818925     ok

CSV written to: /home/pbclevidence/MPI-MM-algorithms/csvs/M2400_N2400_Q2400.csv
SVG graph written to: /home/pbclevidence/MPI-MM-algorithms/graphs/M2400_N2400_Q2400.svg
