Running P= 1... done
Running P= 4... done
Running P= 9... done
Running P= 16... done
Running P= 25... done

Implementation              P     Seconds       Speedup       Cost          Status
--------------------------------------------------------------------------------------
Implementation 1 (Serial)   1     6.768769      1.000000      6.768769      ok
Implementation 2 (MM-1D)    1     5.295720      1.278158      5.295720      ok
Implementation 3 (MM-2D)    1     5.277532      1.282563      5.277532      ok
Implementation 1 (Serial)   4     6.768769      1.000000      6.768769      ok
Implementation 2 (MM-1D)    4     2.446560      2.766647      9.786240      ok
Implementation 3 (MM-2D)    4     1.378100      4.911668      5.512400      ok
Implementation 1 (Serial)   9     6.768769      1.000000      6.768769      ok
Implementation 2 (MM-1D)    9     1.312340      5.157786      11.811060     ok
Implementation 3 (MM-2D)    9     0.735498      9.202974      6.619482      ok
Implementation 1 (Serial)   16    6.768769      1.000000      6.768769      ok
Implementation 2 (MM-1D)    16    0.891440      7.593073      14.263040     ok
Implementation 3 (MM-2D)    16    0.454790      14.883285     7.276640      ok
Implementation 1 (Serial)   25    6.768769      1.000000      6.768769      ok
Implementation 2 (MM-1D)    25    1.364280      4.961422      34.107000     ok
Implementation 3 (MM-2D)    25    0.538168      12.577427     13.454200     ok

CSV written to: /home/pbclevidence/MPI-MM-algorithms/csvs/M2400_N3000_Q600.csv
SVG graph written to: /home/pbclevidence/MPI-MM-algorithms/graphs/M2400_N3000_Q600.svg
