/var/spool/slurm/slurmd/job17906/slurm_script: line 11: module: command not found
Running P= 1... done
Running P= 1... done
Running P= 1... done
Running P= 1... done
Running P= 1... done
Running P= 1... done
Running P= 1... done
Running P= 1... done
Running P= 1... done
Running P= 4... done
Running P= 4... done
Running P= 4... done
Running P= 4... done
Running P= 4... done
Running P= 4... done
Running P= 4... done
Running P= 4... done
Running P= 4... done
Running P= 9... done

Implementation              P     Seconds       Speedup       Cost          Status
--------------------------------------------------------------------------------------
Implementation 1 (Serial)   1     0.000010      1.000000      0.000010      ok
Implementation 2 (MM-1D)    1     0.000018      0.553645      0.000018      ok
Implementation 3 (MM-2D)    1     0.000011      0.909091      0.000011      ok
Implementation 1 (Serial)   4     0.000008      1.000000      0.000008      ok
Implementation 2 (MM-1D)    4     0.000146      0.054744      0.000585      ok
Implementation 3 (MM-2D)    4     0.000143      0.055944      0.000572      ok
Implementation 1 (Serial)   9     0.000008      1.000000      0.000008      ok
Implementation 2 (MM-1D)    9     0.000240      0.033340      0.002160      ok
Implementation 3 (MM-2D)    9     0.000214      0.037383      0.001926      ok

CSV written to: /home/pbclevidence/MPI-MM-algorithms/csvs/M12_N6_Q6.csv
SVG graph written to: /home/pbclevidence/MPI-MM-algorithms/graphs/M12_N6_Q6.svg
Running P= 9... done

Implementation              P     Seconds       Speedup       Cost          Status
--------------------------------------------------------------------------------------
Implementation 1 (Serial)   1     0.000010      1.000000      0.000010      ok
Implementation 2 (MM-1D)    1     0.000014      0.695609      0.000014      ok
Implementation 3 (MM-2D)    1     0.000010      1.000000      0.000010      ok
Implementation 1 (Serial)   4     0.000009      1.000000      0.000009      ok
Implementation 2 (MM-1D)    4     0.000138      0.065064      0.000553      ok
Implementation 3 (MM-2D)    4     0.000153      0.058824      0.000612      ok
Implementation 1 (Serial)   9     0.000009      1.000000      0.000009      ok
Implementation 2 (MM-1D)    9     0.000254      0.035406      0.002288      ok
Implementation 3 (MM-2D)    9     0.000244      0.036885      0.002196      ok

CSV written to: /home/pbclevidence/MPI-MM-algorithms/csvs/M12_N6_Q6.csv
SVG graph written to: /home/pbclevidence/MPI-MM-algorithms/graphs/M12_N6_Q6.svg
Running P= 9... done

Implementation              P     Seconds       Speedup       Cost          Status
--------------------------------------------------------------------------------------
Implementation 1 (Serial)   1     0.000010      1.000000      0.000010      ok
Implementation 2 (MM-1D)    1     0.000015      0.675648      0.000015      ok
Implementation 3 (MM-2D)    1     0.000011      0.909091      0.000011      ok
Implementation 1 (Serial)   4     0.000009      1.000000      0.000009      ok
Implementation 2 (MM-1D)    4     0.000156      0.057678      0.000624      ok
Implementation 3 (MM-2D)    4     0.000150      0.060000      0.000600      ok
Implementation 1 (Serial)   9     0.000009      1.000000      0.000009      ok
Implementation 2 (MM-1D)    9     0.000252      0.035782      0.002264      ok
Implementation 3 (MM-2D)    9     0.000229      0.039301      0.002061      ok

CSV written to: /home/pbclevidence/MPI-MM-algorithms/csvs/M12_N6_Q6.csv
SVG graph written to: /home/pbclevidence/MPI-MM-algorithms/graphs/M12_N6_Q6.svg
Running P= 9... done

Implementation              P     Seconds       Speedup       Cost          Status
--------------------------------------------------------------------------------------
Implementation 1 (Serial)   1     0.000010      1.000000      0.000010      ok
Implementation 2 (MM-1D)    1     0.000018      0.570776      0.000018      ok
Implementation 3 (MM-2D)    1     0.000011      0.909091      0.000011      ok
Implementation 1 (Serial)   4     0.000008      1.000000      0.000008      ok
Implementation 2 (MM-1D)    4     0.000154      0.051845      0.000617      ok
Implementation 3 (MM-2D)    4     0.000155      0.051613      0.000620      ok
Implementation 1 (Serial)   9     0.000009      1.000000      0.000009      ok
Implementation 2 (MM-1D)    9     0.000250      0.036004      0.002250      ok
Implementation 3 (MM-2D)    9     0.000220      0.040909      0.001980      ok

CSV written to: /home/pbclevidence/MPI-MM-algorithms/csvs/M12_N6_Q6.csv
SVG graph written to: /home/pbclevidence/MPI-MM-algorithms/graphs/M12_N6_Q6.svg
Running P= 9... done
Running P= 9... done

Implementation              P     Seconds       Speedup       Cost          Status
--------------------------------------------------------------------------------------
Implementation 1 (Serial)   1     0.000010      1.000000      0.000010      ok
Implementation 2 (MM-1D)    1     0.000015      0.687942      0.000015      ok
Implementation 3 (MM-2D)    1     0.000009      1.111111      0.000009      ok
Implementation 1 (Serial)   4     0.000008      1.000000      0.000008      ok
Implementation 2 (MM-1D)    4     0.000163      0.049036      0.000653      ok
Implementation 3 (MM-2D)    4     0.000159      0.050314      0.000636      ok
Implementation 1 (Serial)   9     0.000009      1.000000      0.000009      ok
Implementation 2 (MM-1D)    9     0.000254      0.035473      0.002283      ok
Implementation 3 (MM-2D)    9     0.000236      0.038136      0.002124      ok

CSV written to: /home/pbclevidence/MPI-MM-algorithms/csvs/M12_N6_Q6.csv
SVG graph written to: /home/pbclevidence/MPI-MM-algorithms/graphs/M12_N6_Q6.svg

Implementation              P     Seconds       Speedup       Cost          Status
--------------------------------------------------------------------------------------
Implementation 1 (Serial)   1     0.000010      1.000000      0.000010      ok
Implementation 2 (MM-1D)    1     0.000018      0.570714      0.000018      ok
Implementation 3 (MM-2D)    1     0.000011      0.909091      0.000011      ok
Implementation 1 (Serial)   4     0.000008      1.000000      0.000008      ok
Implementation 2 (MM-1D)    4     0.000151      0.052993      0.000604      ok
Implementation 3 (MM-2D)    4     0.000156      0.051282      0.000624      ok
Implementation 1 (Serial)   9     0.000009      1.000000      0.000009      ok
Implementation 2 (MM-1D)    9     0.000246      0.036524      0.002218      ok
Implementation 3 (MM-2D)    9     0.000231      0.038961      0.002079      ok

CSV written to: /home/pbclevidence/MPI-MM-algorithms/csvs/M12_N6_Q6.csv
SVG graph written to: /home/pbclevidence/MPI-MM-algorithms/graphs/M12_N6_Q6.svg
Running P= 9... done

Implementation              P     Seconds       Speedup       Cost          Status
--------------------------------------------------------------------------------------
Implementation 1 (Serial)   1     0.000010      1.000000      0.000010      ok
Implementation 2 (MM-1D)    1     0.000014      0.713735      0.000014      ok
Implementation 3 (MM-2D)    1     0.000010      1.000000      0.000010      ok
Implementation 1 (Serial)   4     0.000009      1.000000      0.000009      ok
Implementation 2 (MM-1D)    4     0.000158      0.056788      0.000634      ok
Implementation 3 (MM-2D)    4     0.000156      0.057692      0.000624      ok
Implementation 1 (Serial)   9     0.000009      1.000000      0.000009      ok
Implementation 2 (MM-1D)    9     0.000251      0.035915      0.002255      ok
Implementation 3 (MM-2D)    9     0.000213      0.042254      0.001917      ok

CSV written to: /home/pbclevidence/MPI-MM-algorithms/csvs/M12_N6_Q6.csv
SVG graph written to: /home/pbclevidence/MPI-MM-algorithms/graphs/M12_N6_Q6.svg
Running P= 9... done

Implementation              P     Seconds       Speedup       Cost          Status
--------------------------------------------------------------------------------------
Implementation 1 (Serial)   1     0.000010      1.000000      0.000010      ok
Implementation 2 (MM-1D)    1     0.000015      0.681742      0.000015      ok
Implementation 3 (MM-2D)    1     0.000011      0.909091      0.000011      ok
Implementation 1 (Serial)   4     0.000009      1.000000      0.000009      ok
Implementation 2 (MM-1D)    4     0.000144      0.062579      0.000575      ok
Implementation 3 (MM-2D)    4     0.000146      0.061644      0.000584      ok
Implementation 1 (Serial)   9     0.000009      1.000000      0.000009      ok
Implementation 2 (MM-1D)    9     0.000241      0.037317      0.002171      ok
Implementation 3 (MM-2D)    9     0.000234      0.038462      0.002106      ok

CSV written to: /home/pbclevidence/MPI-MM-algorithms/csvs/M12_N6_Q6.csv
SVG graph written to: /home/pbclevidence/MPI-MM-algorithms/graphs/M12_N6_Q6.svg
Running P= 9... done

Implementation              P     Seconds       Speedup       Cost          Status
--------------------------------------------------------------------------------------
Implementation 1 (Serial)   1     0.000010      1.000000      0.000010      ok
Implementation 2 (MM-1D)    1     0.000015      0.648004      0.000015      ok
Implementation 3 (MM-2D)    1     0.000010      1.000000      0.000010      ok
Implementation 1 (Serial)   4     0.000009      1.000000      0.000009      ok
Implementation 2 (MM-1D)    4     0.000155      0.058011      0.000621      ok
Implementation 3 (MM-2D)    4     0.000149      0.060403      0.000596      ok
Implementation 1 (Serial)   9     0.000008      1.000000      0.000008      ok
Implementation 2 (MM-1D)    9     0.000259      0.030921      0.002329      ok
Implementation 3 (MM-2D)    9     0.000236      0.033898      0.002124      ok

CSV written to: /home/pbclevidence/MPI-MM-algorithms/csvs/M12_N6_Q6.csv
SVG graph written to: /home/pbclevidence/MPI-MM-algorithms/graphs/M12_N6_Q6.svg
