Running P= 1... done
Running P= 4... done
Running P= 9... done
Running P= 16... done
Running P= 25... done

Implementation              P     Seconds       Speedup       Cost          Status
--------------------------------------------------------------------------------------
Implementation 1 (Serial)   1     5.741977      1.000000      5.741977      ok
Implementation 2 (MM-1D)    1     5.014700      1.145029      5.014700      ok
Implementation 3 (MM-2D)    1     4.883088      1.175891      4.883088      ok
Implementation 1 (Serial)   4     5.741977      1.000000      5.741977      ok
Implementation 2 (MM-1D)    4     2.003740      2.865630      8.014960      ok
Implementation 3 (MM-2D)    4     1.344193      4.271691      5.376772      ok
Implementation 1 (Serial)   9     5.741977      1.000000      5.741977      ok
Implementation 2 (MM-1D)    9     1.340260      4.284226      12.062340     ok
Implementation 3 (MM-2D)    9     0.714244      8.039237      6.428196      ok
Implementation 1 (Serial)   16    5.741977      1.000000      5.741977      ok
Implementation 2 (MM-1D)    16    0.863101      6.652729      13.809616     ok
Implementation 3 (MM-2D)    16    0.435127      13.196094     6.962032      ok
Implementation 1 (Serial)   25    5.741977      1.000000      5.741977      ok
Implementation 2 (MM-1D)    25    0.974118      5.894539      24.352950     ok
Implementation 3 (MM-2D)    25    0.519363      11.055807     12.984075     ok

CSV written to: /home/pbclevidence/MPI-MM-algorithms/csvs/M3000_N600_Q2400.csv
SVG graph written to: /home/pbclevidence/MPI-MM-algorithms/graphs/M3000_N600_Q2400.svg
