Running P= 1... done
Running P= 4... done
Running P= 9... done
Running P= 16... done
Running P= 25... done

Implementation              P     Seconds       Speedup       Cost          Status
--------------------------------------------------------------------------------------
Implementation 1 (Serial)   1     12.729550     1.000000      12.729550     ok
Implementation 2 (MM-1D)    1     9.917130      1.283592      9.917130      ok
Implementation 3 (MM-2D)    1     9.852946      1.291954      9.852946      ok
Implementation 1 (Serial)   4     12.641097     1.000000      12.641097     ok
Implementation 2 (MM-1D)    4     2.682640      4.712185      10.730560     ok
Implementation 3 (MM-2D)    4     7.561799      1.671705      30.247196     ok
Implementation 1 (Serial)   9     12.729797     1.000000      12.729797     ok
Implementation 2 (MM-1D)    9     1.863350      6.831673      16.770150     ok
Implementation 3 (MM-2D)    9     8.436851      1.508833      75.931659     ok
Implementation 1 (Serial)   16    12.652198     1.000000      12.652198     ok
Implementation 2 (MM-1D)    16    1.187530      10.654213     19.000480     ok
Implementation 3 (MM-2D)    16    10.083925     1.254690      161.342800    ok
Implementation 1 (Serial)   25    12.638994     1.000000      12.638994     ok
Implementation 2 (MM-1D)    25    1.241310      10.181980     31.032750     ok
Implementation 3 (MM-2D)    25    13.352519     0.946563      333.812975    ok

CSV written to: /home/pbclevidence/MPI-MM-algorithms/csvs/M1800_N600_Q1200.csv
SVG graph written to: /home/pbclevidence/MPI-MM-algorithms/graphs/M1800_N600_Q1200.svg
