Running P= 1... done
Running P= 4... done
Running P= 9... done
Running P= 16... done
Running P= 25... done

Implementation              P     Seconds       Speedup       Cost          Status
--------------------------------------------------------------------------------------
Implementation 1 (Serial)   1     32.317234     1.000000      32.317234     ok
Implementation 2 (MM-1D)    1     25.618300     1.261490      25.618300     ok
Implementation 3 (MM-2D)    1     25.438209     1.270421      25.438209     ok
Implementation 1 (Serial)   4     32.380154     1.000000      32.380154     ok
Implementation 2 (MM-1D)    4     6.966450      4.648014      27.865800     ok
Implementation 3 (MM-2D)    4     19.616419     1.650666      78.465676     ok
Implementation 1 (Serial)   9     32.232010     1.000000      32.232010     ok
Implementation 2 (MM-1D)    9     4.436780      7.264730      39.931020     ok
Implementation 3 (MM-2D)    9     21.523691     1.497513      193.713219    ok
Implementation 1 (Serial)   16    32.172931     1.000000      32.172931     ok
Implementation 2 (MM-1D)    16    2.820970      11.404918     45.135520     ok
Implementation 3 (MM-2D)    16    25.502472     1.261561      408.039552    ok
Implementation 1 (Serial)   25    32.455527     1.000000      32.455527     ok
Implementation 2 (MM-1D)    25    3.157550      10.278706     78.938750     ok
Implementation 3 (MM-2D)    25    35.070605     0.925434      876.765125    ok

CSV written to: /home/pbclevidence/MPI-MM-algorithms/csvs/M3000_N1800_Q600.csv
SVG graph written to: /home/pbclevidence/MPI-MM-algorithms/graphs/M3000_N1800_Q600.svg
