Running P= 1... done
Running P= 4... done
Running P= 9... done
Running P= 16... done
Running P= 25... done

Implementation              P     Seconds       Speedup       Cost          Status
--------------------------------------------------------------------------------------
Implementation 1 (Serial)   1     11.598372     1.000000      11.598372     ok
Implementation 2 (MM-1D)    1     11.091800     1.045671      11.091800     ok
Implementation 3 (MM-2D)    1     11.156627     1.039595      11.156627     ok
Implementation 1 (Serial)   4     11.598372     1.000000      11.598372     ok
Implementation 2 (MM-1D)    4     3.355380      3.456649      13.421520     ok
Implementation 3 (MM-2D)    4     1.783736      6.502292      7.134944      ok
Implementation 1 (Serial)   9     11.598372     1.000000      11.598372     ok
Implementation 2 (MM-1D)    9     1.692120      6.854344      15.229080     ok
Implementation 3 (MM-2D)    9     0.991800      11.694265     8.926200      ok
Implementation 1 (Serial)   16    11.598372     1.000000      11.598372     ok
Implementation 2 (MM-1D)    16    1.132250      10.243649     18.116000     ok
Implementation 3 (MM-2D)    16    0.623815      18.592647     9.981040      ok
Implementation 1 (Serial)   25    11.598372     1.000000      11.598372     ok
Implementation 2 (MM-1D)    25    1.389250      8.348657      34.731250     ok
Implementation 3 (MM-2D)    25    0.721734      16.070148     18.043350     ok

CSV written to: /home/pbclevidence/MPI-MM-algorithms/csvs/M1800_N1800_Q1800.csv
SVG graph written to: /home/pbclevidence/MPI-MM-algorithms/graphs/M1800_N1800_Q1800.svg
