Running P= 1... done
Running P= 4... done
Running P= 9... done
Running P= 16... done
Running P= 25... done

Implementation              P     Seconds       Speedup       Cost          Status
--------------------------------------------------------------------------------------
Implementation 1 (Serial)   1     3.359418      1.000000      3.359418      ok
Implementation 2 (MM-1D)    1     2.662770      1.261625      2.662770      ok
Implementation 3 (MM-2D)    1     2.646598      1.269334      2.646598      ok
Implementation 1 (Serial)   4     3.359418      1.000000      3.359418      ok
Implementation 2 (MM-1D)    4     1.236170      2.717602      4.944680      ok
Implementation 3 (MM-2D)    4     0.691968      4.854875      2.767872      ok
Implementation 1 (Serial)   9     3.359418      1.000000      3.359418      ok
Implementation 2 (MM-1D)    9     0.701411      4.789514      6.312699      ok
Implementation 3 (MM-2D)    9     0.373972      8.983074      3.365748      ok
Implementation 1 (Serial)   16    3.359418      1.000000      3.359418      ok
Implementation 2 (MM-1D)    16    0.526787      6.377185      8.428592      ok
Implementation 3 (MM-2D)    16    0.238391      14.092050     3.814256      ok
Implementation 1 (Serial)   25    3.359418      1.000000      3.359418      ok
Implementation 2 (MM-1D)    25    0.671343      5.004026      16.783575     ok
Implementation 3 (MM-2D)    25    0.304584      11.029529     7.614600      ok

CSV written to: /home/pbclevidence/MPI-MM-algorithms/csvs/M1200_N3000_Q600.csv
SVG graph written to: /home/pbclevidence/MPI-MM-algorithms/graphs/M1200_N3000_Q600.svg
