/var/spool/slurm/slurmd/job18416/slurm_script: line 11: module: command not found
Running P= 1... done
Running P= 1... done
Running P= 1... done
Running P= 1... done
Running P= 4... done

Implementation              P     Seconds       Speedup       Cost          Status
--------------------------------------------------------------------------------------
Implementation 1 (Serial)   1     0.000047      1.000000      0.000047      ok
Implementation 2 (MM-1D)    1     0.000084      0.559204      0.000084      ok
Implementation 3 (MM-2D)    1     0.000047      1.000000      0.000047      ok
Implementation 1 (Serial)   4     0.000047      1.000000      0.000047      ok
Implementation 2 (MM-1D)    4     0.000204      0.230684      0.000815      ok
Implementation 3 (MM-2D)    4     0.000229      0.205240      0.000916      ok

CSV written to: /home/pbclevidence/MPI-MM-algorithms/csvs/M24_N12_Q12.csv
SVG graph written to: /home/pbclevidence/MPI-MM-algorithms/graphs/M24_N12_Q12.svg
Running P= 4... done
Running P= 4... done

Implementation              P     Seconds       Speedup       Cost          Status
--------------------------------------------------------------------------------------
Implementation 1 (Serial)   1     0.000047      1.000000      0.000047      ok
Implementation 2 (MM-1D)    1     0.000089      0.526877      0.000089      ok
Implementation 3 (MM-2D)    1     0.000042      1.119048      0.000042      ok
Implementation 1 (Serial)   4     0.000049      1.000000      0.000049      ok
Implementation 2 (MM-1D)    4     0.000178      0.275632      0.000711      ok
Implementation 3 (MM-2D)    4     0.000228      0.214912      0.000912      ok

CSV written to: /home/pbclevidence/MPI-MM-algorithms/csvs/M24_N12_Q12.csv
SVG graph written to: /home/pbclevidence/MPI-MM-algorithms/graphs/M24_N12_Q12.svg

Implementation              P     Seconds       Speedup       Cost          Status
--------------------------------------------------------------------------------------
Implementation 1 (Serial)   1     0.000048      1.000000      0.000048      ok
Implementation 2 (MM-1D)    1     0.000063      0.766081      0.000063      ok
Implementation 3 (MM-2D)    1     0.000038      1.263158      0.000038      ok
Implementation 1 (Serial)   4     0.000049      1.000000      0.000049      ok
Implementation 2 (MM-1D)    4     0.000228      0.214826      0.000912      ok
Implementation 3 (MM-2D)    4     0.000282      0.173759      0.001128      ok

CSV written to: /home/pbclevidence/MPI-MM-algorithms/csvs/M24_N12_Q12.csv
SVG graph written to: /home/pbclevidence/MPI-MM-algorithms/graphs/M24_N12_Q12.svg
Running P= 4... done

Implementation              P     Seconds       Speedup       Cost          Status
--------------------------------------------------------------------------------------
Implementation 1 (Serial)   1     0.000050      1.000000      0.000050      ok
Implementation 2 (MM-1D)    1     0.000072      0.698732      0.000072      ok
Implementation 3 (MM-2D)    1     0.000045      1.111111      0.000045      ok
Implementation 1 (Serial)   4     0.000050      1.000000      0.000050      ok
Implementation 2 (MM-1D)    4     0.000260      0.192593      0.001038      ok
Implementation 3 (MM-2D)    4     0.000214      0.233645      0.000856      ok

CSV written to: /home/pbclevidence/MPI-MM-algorithms/csvs/M24_N12_Q12.csv
SVG graph written to: /home/pbclevidence/MPI-MM-algorithms/graphs/M24_N12_Q12.svg
