Running P= 1... done
Running P= 4... done
Running P= 9... done
Running P= 16... done
Running P= 25... done

Implementation              P     Seconds       Speedup       Cost          Status
--------------------------------------------------------------------------------------
Implementation 1 (Serial)   1     24.126958     1.000000      24.126958     ok
Implementation 2 (MM-1D)    1     19.311800     1.249338      19.311800     ok
Implementation 3 (MM-2D)    1     19.483625     1.238320      19.483625     ok
Implementation 1 (Serial)   4     24.150930     1.000000      24.150930     ok
Implementation 2 (MM-1D)    4     6.297040      3.835283      25.188160     ok
Implementation 3 (MM-2D)    4     13.100751     1.843477      52.403004     ok
Implementation 1 (Serial)   9     24.015983     1.000000      24.015983     ok
Implementation 2 (MM-1D)    9     3.241380      7.409185      29.172420     ok
Implementation 3 (MM-2D)    9     14.432872     1.663978      129.895848    ok
Implementation 1 (Serial)   16    24.018156     1.000000      24.018156     ok
Implementation 2 (MM-1D)    16    2.130620      11.272848     34.089920     ok
Implementation 3 (MM-2D)    16    17.324598     1.386362      277.193568    ok
Implementation 1 (Serial)   25    24.027318     1.000000      24.027318     ok
Implementation 2 (MM-1D)    25    2.245970      10.697969     56.149250     ok
Implementation 3 (MM-2D)    25    18.603353     1.291558      465.083825    ok

CSV written to: /home/pbclevidence/MPI-MM-algorithms/csvs/M1200_N3000_Q600.csv
SVG graph written to: /home/pbclevidence/MPI-MM-algorithms/graphs/M1200_N3000_Q600.svg
