/var/spool/slurm/slurmd/job17939/slurm_script: line 11: module: command not found
Running P= 1... done
Running P= 1... done
Running P= 1... done
Running P= 1... done
Running P= 1... done
Running P= 1... done
Running P= 1... done
Running P= 1... done
Running P= 1... done
Running P= 4... done
Running P= 4... done
Running P= 4... done
Running P= 4... done
Running P= 4... done
Running P= 4... done
Running P= 4... done
Running P= 4... done
Running P= 4... done
Running P= 9... done

Implementation              P     Seconds       Speedup       Cost          Status
--------------------------------------------------------------------------------------
Implementation 1 (Serial)   1     0.000036      1.000000      0.000036      ok
Implementation 2 (MM-1D)    1     0.000041      0.879996      0.000041      ok
Implementation 3 (MM-2D)    1     0.000028      1.285714      0.000028      ok
Implementation 1 (Serial)   4     0.000027      1.000000      0.000027      ok
Implementation 2 (MM-1D)    4     0.000178      0.151807      0.000711      ok
Implementation 3 (MM-2D)    4     0.000172      0.156977      0.000688      ok
Implementation 1 (Serial)   9     0.000035      1.000000      0.000035      ok
Implementation 2 (MM-1D)    9     0.000271      0.129243      0.002437      ok
Implementation 3 (MM-2D)    9     0.000298      0.117450      0.002682      ok

CSV written to: /home/pbclevidence/MPI-MM-algorithms/csvs/M24_N6_Q12.csv
SVG graph written to: /home/pbclevidence/MPI-MM-algorithms/graphs/M24_N6_Q12.svg
Running P= 9... done

Implementation              P     Seconds       Speedup       Cost          Status
--------------------------------------------------------------------------------------
Implementation 1 (Serial)   1     0.000036      1.000000      0.000036      ok
Implementation 2 (MM-1D)    1     0.000029      1.234305      0.000029      ok
Implementation 3 (MM-2D)    1     0.000021      1.714286      0.000021      ok
Implementation 1 (Serial)   4     0.000033      1.000000      0.000033      ok
Implementation 2 (MM-1D)    4     0.000157      0.209912      0.000629      ok
Implementation 3 (MM-2D)    4     0.000175      0.188571      0.000700      ok
Implementation 1 (Serial)   9     0.000035      1.000000      0.000035      ok
Implementation 2 (MM-1D)    9     0.000255      0.137328      0.002294      ok
Implementation 3 (MM-2D)    9     0.000300      0.116667      0.002700      ok

CSV written to: /home/pbclevidence/MPI-MM-algorithms/csvs/M24_N6_Q12.csv
SVG graph written to: /home/pbclevidence/MPI-MM-algorithms/graphs/M24_N6_Q12.svg
Running P= 9... done

Implementation              P     Seconds       Speedup       Cost          Status
--------------------------------------------------------------------------------------
Implementation 1 (Serial)   1     0.000036      1.000000      0.000036      ok
Implementation 2 (MM-1D)    1     0.000033      1.083978      0.000033      ok
Implementation 3 (MM-2D)    1     0.000028      1.285714      0.000028      ok
Implementation 1 (Serial)   4     0.000030      1.000000      0.000030      ok
Implementation 2 (MM-1D)    4     0.000169      0.177226      0.000677      ok
Implementation 3 (MM-2D)    4     0.000170      0.176471      0.000680      ok
Implementation 1 (Serial)   9     0.000029      1.000000      0.000029      ok
Implementation 2 (MM-1D)    9     0.000260      0.111659      0.002337      ok
Implementation 3 (MM-2D)    9     0.000279      0.103943      0.002511      ok

CSV written to: /home/pbclevidence/MPI-MM-algorithms/csvs/M24_N6_Q12.csv
SVG graph written to: /home/pbclevidence/MPI-MM-algorithms/graphs/M24_N6_Q12.svg
Running P= 9... done
Running P= 9... done
Running P= 9... done

Implementation              P     Seconds       Speedup       Cost          Status
--------------------------------------------------------------------------------------
Implementation 1 (Serial)   1     0.000050      1.000000      0.000050      ok
Implementation 2 (MM-1D)    1     0.000033      1.523944      0.000033      ok
Implementation 3 (MM-2D)    1     0.000021      2.380952      0.000021      ok
Implementation 1 (Serial)   4     0.000031      1.000000      0.000031      ok
Implementation 2 (MM-1D)    4     0.000152      0.203752      0.000609      ok
Implementation 3 (MM-2D)    4     0.000173      0.179191      0.000692      ok
Implementation 1 (Serial)   9     0.000035      1.000000      0.000035      ok
Implementation 2 (MM-1D)    9     0.000247      0.141632      0.002224      ok
Implementation 3 (MM-2D)    9     0.000293      0.119454      0.002637      ok

CSV written to: /home/pbclevidence/MPI-MM-algorithms/csvs/M24_N6_Q12.csv
SVG graph written to: /home/pbclevidence/MPI-MM-algorithms/graphs/M24_N6_Q12.svg

Implementation              P     Seconds       Speedup       Cost          Status
--------------------------------------------------------------------------------------
Implementation 1 (Serial)   1     0.000036      1.000000      0.000036      ok
Implementation 2 (MM-1D)    1     0.000041      0.884649      0.000041      ok
Implementation 3 (MM-2D)    1     0.000023      1.565217      0.000023      ok
Implementation 1 (Serial)   4     0.000034      1.000000      0.000034      ok
Implementation 2 (MM-1D)    4     0.000158      0.214877      0.000633      ok
Implementation 3 (MM-2D)    4     0.000174      0.195402      0.000696      ok
Implementation 1 (Serial)   9     0.000035      1.000000      0.000035      ok
Implementation 2 (MM-1D)    9     0.000263      0.132882      0.002371      ok
Implementation 3 (MM-2D)    9     0.000298      0.117450      0.002682      ok

CSV written to: /home/pbclevidence/MPI-MM-algorithms/csvs/M24_N6_Q12.csv
SVG graph written to: /home/pbclevidence/MPI-MM-algorithms/graphs/M24_N6_Q12.svg

Implementation              P     Seconds       Speedup       Cost          Status
--------------------------------------------------------------------------------------
Implementation 1 (Serial)   1     0.000036      1.000000      0.000036      ok
Implementation 2 (MM-1D)    1     0.000038      0.953307      0.000038      ok
Implementation 3 (MM-2D)    1     0.000027      1.333333      0.000027      ok
Implementation 1 (Serial)   4     0.000031      1.000000      0.000031      ok
Implementation 2 (MM-1D)    4     0.000155      0.199887      0.000620      ok
Implementation 3 (MM-2D)    4     0.000177      0.175141      0.000708      ok
Implementation 1 (Serial)   9     0.000035      1.000000      0.000035      ok
Implementation 2 (MM-1D)    9     0.000268      0.130650      0.002411      ok
Implementation 3 (MM-2D)    9     0.000285      0.122807      0.002565      ok

CSV written to: /home/pbclevidence/MPI-MM-algorithms/csvs/M24_N6_Q12.csv
SVG graph written to: /home/pbclevidence/MPI-MM-algorithms/graphs/M24_N6_Q12.svg
Running P= 9... done
Running P= 9... done
Running P= 9... done

Implementation              P     Seconds       Speedup       Cost          Status
--------------------------------------------------------------------------------------
Implementation 1 (Serial)   1     0.000036      1.000000      0.000036      ok
Implementation 2 (MM-1D)    1     0.000039      0.932246      0.000039      ok
Implementation 3 (MM-2D)    1     0.000020      1.800000      0.000020      ok
Implementation 1 (Serial)   4     0.000034      1.000000      0.000034      ok
Implementation 2 (MM-1D)    4     0.000168      0.202505      0.000672      ok
Implementation 3 (MM-2D)    4     0.000180      0.188889      0.000720      ok
Implementation 1 (Serial)   9     0.000033      1.000000      0.000033      ok
Implementation 2 (MM-1D)    9     0.000262      0.125982      0.002357      ok
Implementation 3 (MM-2D)    9     0.000282      0.117021      0.002538      ok

CSV written to: /home/pbclevidence/MPI-MM-algorithms/csvs/M24_N6_Q12.csv
SVG graph written to: /home/pbclevidence/MPI-MM-algorithms/graphs/M24_N6_Q12.svg

Implementation              P     Seconds       Speedup       Cost          Status
--------------------------------------------------------------------------------------
Implementation 1 (Serial)   1     0.000050      1.000000      0.000050      ok
Implementation 2 (MM-1D)    1     0.000041      1.231864      0.000041      ok
Implementation 3 (MM-2D)    1     0.000027      1.851852      0.000027      ok
Implementation 1 (Serial)   4     0.000032      1.000000      0.000032      ok
Implementation 2 (MM-1D)    4     0.000162      0.198109      0.000646      ok
Implementation 3 (MM-2D)    4     0.000184      0.173913      0.000736      ok
Implementation 1 (Serial)   9     0.000031      1.000000      0.000031      ok
Implementation 2 (MM-1D)    9     0.000249      0.124263      0.002245      ok
Implementation 3 (MM-2D)    9     0.000275      0.112727      0.002475      ok

CSV written to: /home/pbclevidence/MPI-MM-algorithms/csvs/M24_N6_Q12.csv
SVG graph written to: /home/pbclevidence/MPI-MM-algorithms/graphs/M24_N6_Q12.svg

Implementation              P     Seconds       Speedup       Cost          Status
--------------------------------------------------------------------------------------
Implementation 1 (Serial)   1     0.000036      1.000000      0.000036      ok
Implementation 2 (MM-1D)    1     0.000041      0.871977      0.000041      ok
Implementation 3 (MM-2D)    1     0.000026      1.384615      0.000026      ok
Implementation 1 (Serial)   4     0.000033      1.000000      0.000033      ok
Implementation 2 (MM-1D)    4     0.000165      0.200209      0.000659      ok
Implementation 3 (MM-2D)    4     0.000183      0.180328      0.000732      ok
Implementation 1 (Serial)   9     0.000034      1.000000      0.000034      ok
Implementation 2 (MM-1D)    9     0.000261      0.130158      0.002351      ok
Implementation 3 (MM-2D)    9     0.000293      0.116041      0.002637      ok

CSV written to: /home/pbclevidence/MPI-MM-algorithms/csvs/M24_N6_Q12.csv
SVG graph written to: /home/pbclevidence/MPI-MM-algorithms/graphs/M24_N6_Q12.svg
