Running P= 1... done
Running P= 4... done
Running P= 9... done
Running P= 16... done
Running P= 25... done

Implementation              P     Seconds       Speedup       Cost          Status
--------------------------------------------------------------------------------------
Implementation 1 (Serial)   1     3.946147      1.000000      3.946147      ok
Implementation 2 (MM-1D)    1     3.771850      1.046210      3.771850      ok
Implementation 3 (MM-2D)    1     3.716329      1.061840      3.716329      ok
Implementation 1 (Serial)   4     3.946147      1.000000      3.946147      ok
Implementation 2 (MM-1D)    4     1.905700      2.070707      7.622800      ok
Implementation 3 (MM-2D)    4     0.898192      4.393434      3.592768      ok
Implementation 1 (Serial)   9     3.946147      1.000000      3.946147      ok
Implementation 2 (MM-1D)    9     0.999652      3.947521      8.996868      ok
Implementation 3 (MM-2D)    9     0.521779      7.562870      4.696011      ok
Implementation 1 (Serial)   16    3.946147      1.000000      3.946147      ok
Implementation 2 (MM-1D)    16    0.670016      5.889631      10.720256     ok
Implementation 3 (MM-2D)    16    0.316123      12.482948     5.057968      ok
Implementation 1 (Serial)   25    3.946147      1.000000      3.946147      ok
Implementation 2 (MM-1D)    25    0.767167      5.143791      19.179175     ok
Implementation 3 (MM-2D)    25    0.349081      11.304388     8.727025      ok

CSV written to: /home/pbclevidence/MPI-MM-algorithms/csvs/M1800_N600_Q3000.csv
SVG graph written to: /home/pbclevidence/MPI-MM-algorithms/graphs/M1800_N600_Q3000.svg
