Running P= 1... done
Running P= 4... done
Running P= 9... done
Running P= 16... done
Running P= 25... done

Implementation              P     Seconds       Speedup       Cost          Status
--------------------------------------------------------------------------------------
Implementation 1 (Serial)   1     2.383829      1.000000      2.383829      ok
Implementation 2 (MM-1D)    1     2.279460      1.045787      2.279460      ok
Implementation 3 (MM-2D)    1     2.245896      1.061416      2.245896      ok
Implementation 1 (Serial)   4     2.383829      1.000000      2.383829      ok
Implementation 2 (MM-1D)    4     0.702040      3.395574      2.808160      ok
Implementation 3 (MM-2D)    4     0.551700      4.320879      2.206800      ok
Implementation 1 (Serial)   9     2.383829      1.000000      2.383829      ok
Implementation 2 (MM-1D)    9     0.602434      3.956996      5.421906      ok
Implementation 3 (MM-2D)    9     0.320053      7.448232      2.880477      ok
Implementation 1 (Serial)   16    2.383829      1.000000      2.383829      ok
Implementation 2 (MM-1D)    16    0.410495      5.807206      6.567920      ok
Implementation 3 (MM-2D)    16    0.204152      11.676736     3.266432      ok
Implementation 1 (Serial)   25    2.383829      1.000000      2.383829      ok
Implementation 2 (MM-1D)    25    0.459181      5.191480      11.479525     ok
Implementation 3 (MM-2D)    25    0.239240      9.964174      5.981000      ok

CSV written to: /home/pbclevidence/MPI-MM-algorithms/csvs/M1800_N600_Q1800.csv
SVG graph written to: /home/pbclevidence/MPI-MM-algorithms/graphs/M1800_N600_Q1800.svg
