Running P= 1... done
Running P= 4... done
Running P= 9... done
Running P= 16... done
Running P= 25... done

Implementation              P     Seconds       Speedup       Cost          Status
--------------------------------------------------------------------------------------
Implementation 1 (Serial)   1     66.807662     1.000000      66.807662     ok
Implementation 2 (MM-1D)    1     54.623300     1.223062      54.623300     ok
Implementation 3 (MM-2D)    1     54.162481     1.233468      54.162481     ok
Implementation 1 (Serial)   4     66.950525     1.000000      66.950525     ok
Implementation 2 (MM-1D)    4     14.730300     4.545089      58.921200     ok
Implementation 3 (MM-2D)    4     31.191112     2.146462      124.764448    ok
Implementation 1 (Serial)   9     67.153869     1.000000      67.153869     ok
Implementation 2 (MM-1D)    9     7.409710      9.062955      66.687390     ok
Implementation 3 (MM-2D)    9     34.517914     1.945479      310.661226    ok
Implementation 1 (Serial)   16    66.864921     1.000000      66.864921     ok
Implementation 2 (MM-1D)    16    4.601880      14.529914     73.630080     ok
Implementation 3 (MM-2D)    16    43.503570     1.536998      696.057120    ok
Implementation 1 (Serial)   25    66.649660     1.000000      66.649660     ok
Implementation 2 (MM-1D)    25    5.493150      12.133231     137.328750    ok
Implementation 3 (MM-2D)    25    60.338043     1.104604      1508.451075   ok

CSV written to: /home/pbclevidence/MPI-MM-algorithms/csvs/M1200_N2400_Q1800.csv
SVG graph written to: /home/pbclevidence/MPI-MM-algorithms/graphs/M1200_N2400_Q1800.svg
