Running P= 1... done
Running P= 4... done
Running P= 9... done
Running P= 16... done
Running P= 25... done

Implementation              P     Seconds       Speedup       Cost          Status
--------------------------------------------------------------------------------------
Implementation 1 (Serial)   1     121.721070    1.000000      121.721070    ok
Implementation 2 (MM-1D)    1     98.570100     1.234868      98.570100     ok
Implementation 3 (MM-2D)    1     98.102177     1.240758      98.102177     ok
Implementation 1 (Serial)   4     121.234423    1.000000      121.234423    ok
Implementation 2 (MM-1D)    4     26.819400     4.520400      107.277600    ok
Implementation 3 (MM-2D)    4     58.491036     2.072701      233.964144    ok
Implementation 1 (Serial)   9     121.555502    1.000000      121.555502    ok
Implementation 2 (MM-1D)    9     13.372700     9.089825      120.354300    ok
Implementation 3 (MM-2D)    9     64.848624     1.874450      583.637616    ok
Implementation 1 (Serial)   16    121.588682    1.000000      121.588682    ok
Implementation 2 (MM-1D)    16    8.239090      14.757538     131.825440    ok
Implementation 3 (MM-2D)    16    80.299706     1.514186      1284.795296   ok
Implementation 1 (Serial)   25    121.523949    1.000000      121.523949    ok
Implementation 2 (MM-1D)    25    8.763650      13.866819     219.091250    ok
Implementation 3 (MM-2D)    25    109.331717    1.111516      2733.292925   ok

CSV written to: /home/pbclevidence/MPI-MM-algorithms/csvs/M3000_N1800_Q1800.csv
SVG graph written to: /home/pbclevidence/MPI-MM-algorithms/graphs/M3000_N1800_Q1800.svg
