Running P= 1... done
Running P= 4... done
Running P= 9... done
Running P= 16... done
Running P= 25... done

Implementation              P     Seconds       Speedup       VsSerial      Cost          Status
----------------------------------------------------------------------------------------------------
Implementation 1 (Serial)   1     2.044816      1.000000      1.000000      2.044816      ok
Implementation 2 (MM-1D)    1     1.542910      1.000000      1.325298      1.542910      ok
Implementation 3 (MM-2D)    1     1.676402      1.000000      1.219765      1.676402      ok
Implementation 1 (Serial)   4     2.044816      1.000000      1.000000      2.044816      ok
Implementation 2 (MM-1D)    4     0.822201      1.876561      2.487003      3.288804      ok
Implementation 3 (MM-2D)    4     0.417768      4.012758      4.894621      1.671072      ok
Implementation 1 (Serial)   9     2.044816      1.000000      1.000000      2.044816      ok
Implementation 2 (MM-1D)    9     0.456827      3.377449      4.476128      4.111443      ok
Implementation 3 (MM-2D)    9     0.229817      7.294508      8.897584      2.068353      ok
Implementation 1 (Serial)   16    2.044816      1.000000      1.000000      2.044816      ok
Implementation 2 (MM-1D)    16    0.337084      4.577227      6.066191      5.393344      ok
Implementation 3 (MM-2D)    16    0.148044      11.323674     13.812218     2.368704      ok
Implementation 1 (Serial)   25    2.044816      1.000000      1.000000      2.044816      ok
Implementation 2 (MM-1D)    25    0.439435      3.511122      4.653284      10.985875     ok
Implementation 3 (MM-2D)    25    0.190014      8.822518      10.761397     4.750350      ok

CSV written to: /home/pbclevidence/MPI-MM-algorithms/csvs/M600_N1800_Q1200.csv
SVG graph written to: /home/pbclevidence/MPI-MM-algorithms/graphs/M600_N1800_Q1200.svg
