Running P= 1... done
Running P= 4... done
Running P= 9... done
Running P= 16... done
Running P= 25... done

Implementation              P     Seconds       Speedup       Cost          Status
--------------------------------------------------------------------------------------
Implementation 1 (Serial)   1     233.163874    1.000000      233.163874    ok
Implementation 2 (MM-1D)    1     139.530000    1.671066      139.530000    ok
Implementation 3 (MM-2D)    1     169.461724    1.375909      169.461724    ok
Implementation 1 (Serial)   4     218.133266    1.000000      218.133266    ok
Implementation 2 (MM-1D)    4     21.454100     10.167440     85.816400     ok
Implementation 3 (MM-2D)    4     106.475721    2.048667      425.902884    ok
Implementation 1 (Serial)   9     218.021702    1.000000      218.021702    ok
Implementation 2 (MM-1D)    9     10.628500     20.512932     95.656500     ok
Implementation 3 (MM-2D)    9     111.652811    1.952675      1004.875299   ok
Implementation 1 (Serial)   16    188.150333    1.000000      188.150333    ok
Implementation 2 (MM-1D)    16    6.595550      28.526860     105.528800    ok
Implementation 3 (MM-2D)    16    125.030524    1.504835      2000.488384   ok
Implementation 1 (Serial)   25    188.000168    1.000000      188.000168    ok
Implementation 2 (MM-1D)    25    7.252860      25.920832     181.321500    ok
Implementation 3 (MM-2D)    25    128.654974    1.461274      3216.374350   ok

CSV written to: /home/pbclevidence/MPI-MM-algorithms/csvs/M1800_N2400_Q1800.csv
SVG graph written to: /home/pbclevidence/MPI-MM-algorithms/graphs/M1800_N2400_Q1800.svg
