/var/spool/slurm/slurmd/job18404/slurm_script: line 11: module: command not found
Running P= 1... done
Running P= 1... done
Running P= 1... done
Running P= 1... done
Running P= 4... done

Implementation              P     Seconds       Speedup       Cost          Status
--------------------------------------------------------------------------------------
Implementation 1 (Serial)   1     0.000051      1.000000      0.000051      ok
Implementation 2 (MM-1D)    1     0.000088      0.580727      0.000088      ok
Implementation 3 (MM-2D)    1     0.000049      1.040816      0.000049      ok
Implementation 1 (Serial)   4     0.000043      1.000000      0.000043      ok
Implementation 2 (MM-1D)    4     0.000214      0.201371      0.000854      ok
Implementation 3 (MM-2D)    4     0.000270      0.159259      0.001080      ok

CSV written to: /home/pbclevidence/MPI-MM-algorithms/csvs/M18_N18_Q12.csv
SVG graph written to: /home/pbclevidence/MPI-MM-algorithms/graphs/M18_N18_Q12.svg
Running P= 4... done
Running P= 4... done

Implementation              P     Seconds       Speedup       Cost          Status
--------------------------------------------------------------------------------------
Implementation 1 (Serial)   1     0.000053      1.000000      0.000053      ok
Implementation 2 (MM-1D)    1     0.000064      0.822482      0.000064      ok
Implementation 3 (MM-2D)    1     0.000040      1.325000      0.000040      ok
Implementation 1 (Serial)   4     0.000045      1.000000      0.000045      ok
Implementation 2 (MM-1D)    4     0.000189      0.237671      0.000757      ok
Implementation 3 (MM-2D)    4     0.000206      0.218447      0.000824      ok

CSV written to: /home/pbclevidence/MPI-MM-algorithms/csvs/M18_N18_Q12.csv
SVG graph written to: /home/pbclevidence/MPI-MM-algorithms/graphs/M18_N18_Q12.svg

Implementation              P     Seconds       Speedup       Cost          Status
--------------------------------------------------------------------------------------
Implementation 1 (Serial)   1     0.000053      1.000000      0.000053      ok
Implementation 2 (MM-1D)    1     0.000061      0.875352      0.000061      ok
Implementation 3 (MM-2D)    1     0.000049      1.081633      0.000049      ok
Implementation 1 (Serial)   4     0.000047      1.000000      0.000047      ok
Implementation 2 (MM-1D)    4     0.000200      0.234668      0.000801      ok
Implementation 3 (MM-2D)    4     0.000257      0.182879      0.001028      ok

CSV written to: /home/pbclevidence/MPI-MM-algorithms/csvs/M18_N18_Q12.csv
SVG graph written to: /home/pbclevidence/MPI-MM-algorithms/graphs/M18_N18_Q12.svg
Running P= 4... done

Implementation              P     Seconds       Speedup       Cost          Status
--------------------------------------------------------------------------------------
Implementation 1 (Serial)   1     0.000053      1.000000      0.000053      ok
Implementation 2 (MM-1D)    1     0.000079      0.668440      0.000079      ok
Implementation 3 (MM-2D)    1     0.000051      1.039216      0.000051      ok
Implementation 1 (Serial)   4     0.000045      1.000000      0.000045      ok
Implementation 2 (MM-1D)    4     0.000204      0.220540      0.000816      ok
Implementation 3 (MM-2D)    4     0.000212      0.212264      0.000848      ok

CSV written to: /home/pbclevidence/MPI-MM-algorithms/csvs/M18_N18_Q12.csv
SVG graph written to: /home/pbclevidence/MPI-MM-algorithms/graphs/M18_N18_Q12.svg
