Running P= 1... done
Running P= 4... done
Running P= 9... done
Running P= 16... done
Running P= 25... done

Implementation              P     Seconds       Speedup       Cost          Status
--------------------------------------------------------------------------------------
Implementation 1 (Serial)   1     3.329693      1.000000      3.329693      ok
Implementation 2 (MM-1D)    1     3.050220      1.091624      3.050220      ok
Implementation 3 (MM-2D)    1     3.039575      1.095447      3.039575      ok
Implementation 1 (Serial)   4     3.329693      1.000000      3.329693      ok
Implementation 2 (MM-1D)    4     0.908552      3.664835      3.634208      ok
Implementation 3 (MM-2D)    4     0.819456      4.063297      3.277824      ok
Implementation 1 (Serial)   9     3.329693      1.000000      3.329693      ok
Implementation 2 (MM-1D)    9     0.776187      4.289808      6.985683      ok
Implementation 3 (MM-2D)    9     0.449072      7.414608      4.041648      ok
Implementation 1 (Serial)   16    3.329693      1.000000      3.329693      ok
Implementation 2 (MM-1D)    16    0.500071      6.658441      8.001136      ok
Implementation 3 (MM-2D)    16    0.263729      12.625434     4.219664      ok
Implementation 1 (Serial)   25    3.329693      1.000000      3.329693      ok
Implementation 2 (MM-1D)    25    0.630777      5.278717      15.769425     ok
Implementation 3 (MM-2D)    25    0.359559      9.260491      8.988975      ok

CSV written to: /home/pbclevidence/MPI-MM-algorithms/csvs/M2400_N1800_Q600.csv
SVG graph written to: /home/pbclevidence/MPI-MM-algorithms/graphs/M2400_N1800_Q600.svg
