Running P= 1... done
Running P= 4... done
Running P= 9... done
Running P= 16... done
Running P= 25... done

Implementation              P     Seconds       Speedup       Cost          Status
--------------------------------------------------------------------------------------
Implementation 1 (Serial)   1     1.130528      1.000000      1.130528      ok
Implementation 2 (MM-1D)    1     1.124560      1.005307      1.124560      ok
Implementation 3 (MM-2D)    1     1.140521      0.991238      1.140521      ok
Implementation 1 (Serial)   4     1.130528      1.000000      1.130528      ok
Implementation 2 (MM-1D)    4     0.372737      3.033045      1.490948      ok
Implementation 3 (MM-2D)    4     0.400780      2.820819      1.603120      ok
Implementation 1 (Serial)   9     1.130528      1.000000      1.130528      ok
Implementation 2 (MM-1D)    9     0.650503      1.737929      5.854527      ok
Implementation 3 (MM-2D)    9     0.299423      3.775689      2.694807      ok
Implementation 1 (Serial)   16    1.130528      1.000000      1.130528      ok
Implementation 2 (MM-1D)    16    5.925480      0.190791      94.807680     ok
Implementation 3 (MM-2D)    16    0.258925      4.366237      4.142800      ok
Implementation 1 (Serial)   25    1.130528      1.000000      1.130528      ok
Implementation 2 (MM-1D)    25    7.330530      0.154222      183.263250    ok
Implementation 3 (MM-2D)    25    0.260251      4.343991      6.506275      ok

CSV written to: /home/pbclevidence/MPI-MM-algorithms/csvs/M1200_N600_Q1200.csv
SVG graph written to: /home/pbclevidence/MPI-MM-algorithms/graphs/M1200_N600_Q1200.svg
