/var/spool/slurm/slurmd/job18403/slurm_script: line 11: module: command not found
Running P= 1... done
Running P= 1... done
Running P= 1... done
Running P= 1... done
Running P= 4... done
Running P= 4... done
Running P= 4... done

Implementation              P     Seconds       Speedup       Cost          Status
--------------------------------------------------------------------------------------
Implementation 1 (Serial)   1     0.000033      1.000000      0.000033      ok
Implementation 2 (MM-1D)    1     0.000064      0.515224      0.000064      ok
Implementation 3 (MM-2D)    1     0.000036      0.916667      0.000036      ok
Implementation 1 (Serial)   4     0.000027      1.000000      0.000027      ok
Implementation 2 (MM-1D)    4     0.000164      0.164157      0.000658      ok
Implementation 3 (MM-2D)    4     0.000184      0.146739      0.000736      ok

CSV written to: /home/pbclevidence/MPI-MM-algorithms/csvs/M18_N18_Q6.csv
SVG graph written to: /home/pbclevidence/MPI-MM-algorithms/graphs/M18_N18_Q6.svg

Implementation              P     Seconds       Speedup       Cost          Status
--------------------------------------------------------------------------------------
Implementation 1 (Serial)   1     0.000027      1.000000      0.000027      ok
Implementation 2 (MM-1D)    1     0.000042      0.644232      0.000042      ok
Implementation 3 (MM-2D)    1     0.000034      0.794118      0.000034      ok
Implementation 1 (Serial)   4     0.000027      1.000000      0.000027      ok
Implementation 2 (MM-1D)    4     0.000173      0.156168      0.000692      ok
Implementation 3 (MM-2D)    4     0.000213      0.126761      0.000852      ok

CSV written to: /home/pbclevidence/MPI-MM-algorithms/csvs/M18_N18_Q6.csv
SVG graph written to: /home/pbclevidence/MPI-MM-algorithms/graphs/M18_N18_Q6.svg

Implementation              P     Seconds       Speedup       Cost          Status
--------------------------------------------------------------------------------------
Implementation 1 (Serial)   1     0.000027      1.000000      0.000027      ok
Implementation 2 (MM-1D)    1     0.000044      0.617698      0.000044      ok
Implementation 3 (MM-2D)    1     0.000035      0.771429      0.000035      ok
Implementation 1 (Serial)   4     0.000024      1.000000      0.000024      ok
Implementation 2 (MM-1D)    4     0.000196      0.122443      0.000784      ok
Implementation 3 (MM-2D)    4     0.000200      0.120000      0.000800      ok

CSV written to: /home/pbclevidence/MPI-MM-algorithms/csvs/M18_N18_Q6.csv
SVG graph written to: /home/pbclevidence/MPI-MM-algorithms/graphs/M18_N18_Q6.svg
Running P= 4... done

Implementation              P     Seconds       Speedup       Cost          Status
--------------------------------------------------------------------------------------
Implementation 1 (Serial)   1     0.000027      1.000000      0.000027      ok
Implementation 2 (MM-1D)    1     0.000048      0.559758      0.000048      ok
Implementation 3 (MM-2D)    1     0.000034      0.794118      0.000034      ok
Implementation 1 (Serial)   4     0.000027      1.000000      0.000027      ok
Implementation 2 (MM-1D)    4     0.000185      0.145589      0.000742      ok
Implementation 3 (MM-2D)    4     0.000235      0.114894      0.000940      ok

CSV written to: /home/pbclevidence/MPI-MM-algorithms/csvs/M18_N18_Q6.csv
SVG graph written to: /home/pbclevidence/MPI-MM-algorithms/graphs/M18_N18_Q6.svg
