Running P= 1... done
Running P= 4... done
Running P= 9... done
Running P= 16... done
Running P= 25... done

Implementation              P     Seconds       Speedup       VsSerial      Cost          Status
----------------------------------------------------------------------------------------------------
Implementation 1 (Serial)   1     4.596574      1.000000      1.000000      4.596574      ok
Implementation 2 (MM-1D)    1     4.007000      1.000000      1.147136      4.007000      ok
Implementation 3 (MM-2D)    1     3.914022      1.000000      1.174386      3.914022      ok
Implementation 1 (Serial)   4     4.596574      1.000000      1.000000      4.596574      ok
Implementation 2 (MM-1D)    4     1.550130      2.584944      2.965283      6.200520      ok
Implementation 3 (MM-2D)    4     1.062338      3.684347      4.326847      4.249352      ok
Implementation 1 (Serial)   9     4.596574      1.000000      1.000000      4.596574      ok
Implementation 2 (MM-1D)    9     1.065890      3.759300      4.312428      9.593010      ok
Implementation 3 (MM-2D)    9     0.553411      7.072541      8.305896      4.980699      ok
Implementation 1 (Serial)   16    4.596574      1.000000      1.000000      4.596574      ok
Implementation 2 (MM-1D)    16    0.697133      5.747827      6.593540      11.154128     ok
Implementation 3 (MM-2D)    16    0.356094      10.991542     12.908316     5.697504      ok
Implementation 1 (Serial)   25    4.596574      1.000000      1.000000      4.596574      ok
Implementation 2 (MM-1D)    25    0.765036      5.237662      6.008311      19.125900     ok
Implementation 3 (MM-2D)    25    0.422710      9.259355      10.874060     10.567750     ok

CSV written to: /home/pbclevidence/MPI-MM-algorithms/csvs/M2400_N600_Q2400.csv
SVG graph written to: /home/pbclevidence/MPI-MM-algorithms/graphs/M2400_N600_Q2400.svg
