Running P= 1... done
Running P= 4... done
Running P= 9... done
Running P= 16... done
Running P= 25... done

Implementation              P     Seconds       Speedup       Cost          Status
--------------------------------------------------------------------------------------
Implementation 1 (Serial)   1     2.408230      1.000000      2.408230      ok
Implementation 2 (MM-1D)    1     1.918200      1.255463      1.918200      ok
Implementation 3 (MM-2D)    1     1.837136      1.310861      1.837136      ok
Implementation 1 (Serial)   4     2.278770      1.000000      2.278770      ok
Implementation 2 (MM-1D)    4     0.533937      4.267863      2.135748      ok
Implementation 3 (MM-2D)    4     1.455512      1.565614      5.822048      ok
Implementation 1 (Serial)   9     2.373325      1.000000      2.373325      ok
Implementation 2 (MM-1D)    9     0.285132      8.323601      2.566188      ok
Implementation 3 (MM-2D)    9     1.501143      1.581012      13.510287     ok
Implementation 1 (Serial)   16    2.377320      1.000000      2.377320      ok
Implementation 2 (MM-1D)    16    0.273065      8.706059      4.369040      ok
Implementation 3 (MM-2D)    16    1.245891      1.908128      19.934256     ok
Implementation 1 (Serial)   25    2.330657      1.000000      2.330657      ok
Implementation 2 (MM-1D)    25    0.231963      10.047538     5.799075      ok
Implementation 3 (MM-2D)    25    1.512456      1.540975      37.811400     ok

CSV written to: /home/pbclevidence/MPI-MM-algorithms/csvs/M600_N600_Q600.csv
SVG graph written to: /home/pbclevidence/MPI-MM-algorithms/graphs/M600_N600_Q600.svg
