Running P= 1... done
Running P= 4... done
Running P= 9... done
Running P= 16... done
Running P= 25... done

Implementation              P     Seconds       Speedup       Cost          Status
--------------------------------------------------------------------------------------
Implementation 1 (Serial)   1     163.726753    1.000000      163.726753    ok
Implementation 2 (MM-1D)    1     132.866000    1.232270      132.866000    ok
Implementation 3 (MM-2D)    1     132.107077    1.239349      132.107077    ok
Implementation 1 (Serial)   4     163.601655    1.000000      163.601655    ok
Implementation 2 (MM-1D)    4     35.637900     4.590665      142.551600    ok
Implementation 3 (MM-2D)    4     77.531126     2.110142      310.124504    ok
Implementation 1 (Serial)   9     163.731826    1.000000      163.731826    ok
Implementation 2 (MM-1D)    9     17.640300     9.281692      158.762700    ok
Implementation 3 (MM-2D)    9     85.692532     1.910690      771.232788    ok
Implementation 1 (Serial)   16    163.503693    1.000000      163.503693    ok
Implementation 2 (MM-1D)    16    10.788200     15.155790     172.611200    ok
Implementation 3 (MM-2D)    16    108.103679    1.512471      1729.658864   ok
Implementation 1 (Serial)   25    172.110626    1.000000      172.110626    ok
Implementation 2 (MM-1D)    25    12.709900     13.541462     317.747500    ok
Implementation 3 (MM-2D)    25    166.016092    1.036711      4150.402300   ok

CSV written to: /home/pbclevidence/MPI-MM-algorithms/csvs/M3000_N2400_Q1800.csv
SVG graph written to: /home/pbclevidence/MPI-MM-algorithms/graphs/M3000_N2400_Q1800.svg
