Running P= 1... done
Running P= 4... done
Running P= 9... done
Running P= 16... done
Running P= 25... done

Implementation              P     Seconds       Speedup       Cost          Status
--------------------------------------------------------------------------------------
Implementation 1 (Serial)   1     96.691338     1.000000      96.691338     ok
Implementation 2 (MM-1D)    1     78.764900     1.227594      78.764900     ok
Implementation 3 (MM-2D)    1     77.945744     1.240495      77.945744     ok
Implementation 1 (Serial)   4     96.704344     1.000000      96.704344     ok
Implementation 2 (MM-1D)    4     21.986200     4.398411      87.944800     ok
Implementation 3 (MM-2D)    4     40.339942     2.397236      161.359768    ok
Implementation 1 (Serial)   9     96.682822     1.000000      96.682822     ok
Implementation 2 (MM-1D)    9     10.734100     9.007073      96.606900     ok
Implementation 3 (MM-2D)    9     46.161418     2.094451      415.452762    ok
Implementation 1 (Serial)   16    96.703676     1.000000      96.703676     ok
Implementation 2 (MM-1D)    16    6.498920      14.879961     103.982720    ok
Implementation 3 (MM-2D)    16    53.200546     1.817720      851.208736    ok
Implementation 1 (Serial)   25    96.339054     1.000000      96.339054     ok
Implementation 2 (MM-1D)    25    6.765100      14.240596     169.127500    ok
Implementation 3 (MM-2D)    25    81.254140     1.185651      2031.353500   ok

CSV written to: /home/pbclevidence/MPI-MM-algorithms/csvs/M2400_N1200_Q2400.csv
SVG graph written to: /home/pbclevidence/MPI-MM-algorithms/graphs/M2400_N1200_Q2400.svg
