Running P= 1... done
Running P= 4... done
Running P= 9... done
Running P= 16... done
Running P= 25... done

Implementation              P     Seconds       Speedup       Cost          Status
--------------------------------------------------------------------------------------
Implementation 1 (Serial)   1     5.115174      1.000000      5.115174      ok
Implementation 2 (MM-1D)    1     4.873300      1.049632      4.873300      ok
Implementation 3 (MM-2D)    1     4.667028      1.096024      4.667028      ok
Implementation 1 (Serial)   4     5.115174      1.000000      5.115174      ok
Implementation 2 (MM-1D)    4     2.559170      1.998763      10.236680     ok
Implementation 3 (MM-2D)    4     1.429743      3.577688      5.718972      ok
Implementation 1 (Serial)   9     5.115174      1.000000      5.115174      ok
Implementation 2 (MM-1D)    9     1.454070      3.517832      13.086630     ok
Implementation 3 (MM-2D)    9     0.791502      6.462617      7.123518      ok
Implementation 1 (Serial)   16    5.115174      1.000000      5.115174      ok
Implementation 2 (MM-1D)    16    1.167270      4.382169      18.676320     ok
Implementation 3 (MM-2D)    16    0.471334      10.852546     7.541344      ok
Implementation 1 (Serial)   25    5.115174      1.000000      5.115174      ok
Implementation 2 (MM-1D)    25    1.281180      3.992549      32.029500     ok
Implementation 3 (MM-2D)    25    0.506476      10.099539     12.661900     ok

CSV written to: /home/pbclevidence/MPI-MM-algorithms/csvs/M1800_N1200_Q1800.csv
SVG graph written to: /home/pbclevidence/MPI-MM-algorithms/graphs/M1800_N1200_Q1800.svg
