Running P= 1... done
Running P= 4... done
Running P= 9... done
Running P= 16... done
Running P= 25... done

Implementation              P     Seconds       Speedup       VsSerial      Cost          Status
----------------------------------------------------------------------------------------------------
Implementation 1 (Serial)   1     3.865806      1.000000      1.000000      3.865806      ok
Implementation 2 (MM-1D)    1     3.717020      1.000000      1.040028      3.717020      ok
Implementation 3 (MM-2D)    1     3.745443      1.000000      1.032136      3.745443      ok
Implementation 1 (Serial)   4     3.865806      1.000000      1.000000      3.865806      ok
Implementation 2 (MM-1D)    4     1.162650      3.197024      3.324995      4.650600      ok
Implementation 3 (MM-2D)    4     0.600846      6.233616      6.433938      2.403384      ok
Implementation 1 (Serial)   9     3.865806      1.000000      1.000000      3.865806      ok
Implementation 2 (MM-1D)    9     0.628219      5.916758      6.153596      5.653971      ok
Implementation 3 (MM-2D)    9     0.346762      10.801192     11.148298     3.120858      ok
Implementation 1 (Serial)   16    3.865806      1.000000      1.000000      3.865806      ok
Implementation 2 (MM-1D)    16    0.473624      7.848040      8.162184      7.577984      ok
Implementation 3 (MM-2D)    16    0.223719      16.741730     17.279739     3.579504      ok
Implementation 1 (Serial)   25    3.865806      1.000000      1.000000      3.865806      ok
Implementation 2 (MM-1D)    25    0.614410      6.049739      6.291900      15.360250     ok
Implementation 3 (MM-2D)    25    0.286509      13.072689     13.492791     7.162725      ok

CSV written to: /home/pbclevidence/MPI-MM-algorithms/csvs/M600_N1800_Q1800.csv
SVG graph written to: /home/pbclevidence/MPI-MM-algorithms/graphs/M600_N1800_Q1800.svg
