=== mpirun path ===
/apps/openmpi3/bin/mpirun
=== mpirun -np 4 test ===
cn21
cn21
cn21
cn21
=== starting benchmark ===
Running P= 1... done
Running P= 4... done
Running P= 9... done

Implementation              P     Seconds       Speedup       Cost          Status
--------------------------------------------------------------------------------------
Implementation 1 (Serial)   1     8.708915      1.000000      8.708915      ok
Implementation 2 (MM-1D)    1     16.501300     0.527771      16.501300     ok
Implementation 3 (MM-2D)    1     12.430943     0.700584      12.430943     ok
Implementation 1 (Serial)   4     8.925502      1.000000      8.925502      ok
Implementation 2 (MM-1D)    4     2.482700      3.595079      9.930800      ok
Implementation 3 (MM-2D)    4     5.721025      1.560123      22.884100     ok
Implementation 1 (Serial)   9     8.552503      1.000000      8.552503      ok
Implementation 2 (MM-1D)    9     1.355740      6.308365      12.201660     ok
Implementation 3 (MM-2D)    9     7.307846      1.170318      65.770614     ok

CSV written to: /home/pbclevidence/MPI-MM-algorithms/csvs/M1200_N600_Q1200.csv
SVG graph written to: /home/pbclevidence/MPI-MM-algorithms/graphs/M1200_N600_Q1200.svg
