Running P= 1... done
Running P= 4... done
Running P= 9... done
Running P= 16... done
Running P= 25... done

Implementation              P     Seconds       Speedup       Cost          Status
--------------------------------------------------------------------------------------
Implementation 1 (Serial)   1     24.051446     1.000000      24.051446     ok
Implementation 2 (MM-1D)    1     54.283100     0.443074      54.283100     ok
Implementation 3 (MM-2D)    1     36.360102     0.661479      36.360102     ok
Implementation 1 (Serial)   4     24.051446     1.000000      24.051446     ok
Implementation 2 (MM-1D)    4     6.488630      3.706706      25.954520     ok
Implementation 3 (MM-2D)    4     2.731061      8.806631      10.924244     ok
Implementation 1 (Serial)   9     24.051446     1.000000      24.051446     ok
Implementation 2 (MM-1D)    9     3.232240      7.441108      29.090160     ok
Implementation 3 (MM-2D)    9     1.692202      14.213106     15.229818     ok
Implementation 1 (Serial)   16    24.051446     1.000000      24.051446     ok
Implementation 2 (MM-1D)    16    2.705540      8.889703      43.288640     ok
Implementation 3 (MM-2D)    16    1.487863      16.165095     23.805808     ok
Implementation 1 (Serial)   25    24.051446     1.000000      24.051446     ok
Implementation 2 (MM-1D)    25    2.458690      9.782220      61.467250     ok
Implementation 3 (MM-2D)    25    1.153217      20.855959     28.830425     ok

CSV written to: /home/pbclevidence/MPI-MM-algorithms/csvs/M1800_N1800_Q2400.csv
SVG graph written to: /home/pbclevidence/MPI-MM-algorithms/graphs/M1800_N1800_Q2400.svg
