Running P= 1... done
Running P= 4... done
Running P= 9... done
Running P= 16... done
Running P= 25... done

Implementation              P     Seconds       Speedup       Cost          Status
--------------------------------------------------------------------------------------
Implementation 1 (Serial)   1     2.207910      1.000000      2.207910      ok
Implementation 2 (MM-1D)    1     2.003480      1.102037      2.003480      ok
Implementation 3 (MM-2D)    1     1.998396      1.104841      1.998396      ok
Implementation 1 (Serial)   4     2.207910      1.000000      2.207910      ok
Implementation 2 (MM-1D)    4     0.796066      2.773526      3.184264      ok
Implementation 3 (MM-2D)    4     0.553364      3.989978      2.213456      ok
Implementation 1 (Serial)   9     2.207910      1.000000      2.207910      ok
Implementation 2 (MM-1D)    9     0.550254      4.012529      4.952286      ok
Implementation 3 (MM-2D)    9     0.292009      7.561103      2.628081      ok
Implementation 1 (Serial)   16    2.207910      1.000000      2.207910      ok
Implementation 2 (MM-1D)    16    0.379306      5.820920      6.068896      ok
Implementation 3 (MM-2D)    16    0.180359      12.241751     2.885744      ok
Implementation 1 (Serial)   25    2.207910      1.000000      2.207910      ok
Implementation 2 (MM-1D)    25    0.475574      4.642621      11.889350     ok
Implementation 3 (MM-2D)    25    0.221116      9.985302      5.527900      ok

CSV written to: /home/pbclevidence/MPI-MM-algorithms/csvs/M1200_N1200_Q1200.csv
SVG graph written to: /home/pbclevidence/MPI-MM-algorithms/graphs/M1200_N1200_Q1200.svg
