Running P= 1... done
Running P= 4... done
Running P= 9... done
Running P= 16... done
Running P= 25... done

Implementation              P     Seconds       Speedup       Cost          Status
--------------------------------------------------------------------------------------
Implementation 1 (Serial)   1     68.716708     1.000000      68.716708     ok
Implementation 2 (MM-1D)    1     56.391400     1.218567      56.391400     ok
Implementation 3 (MM-2D)    1     56.270190     1.221192      56.270190     ok
Implementation 1 (Serial)   4     68.583001     1.000000      68.583001     ok
Implementation 2 (MM-1D)    4     15.005500     4.570524      60.022000     ok
Implementation 3 (MM-2D)    4     33.152350     2.068722      132.609400    ok
Implementation 1 (Serial)   9     68.990066     1.000000      68.990066     ok
Implementation 2 (MM-1D)    9     7.688900      8.972683      69.200100     ok
Implementation 3 (MM-2D)    9     35.512445     1.942701      319.612005    ok
Implementation 1 (Serial)   16    68.844305     1.000000      68.844305     ok
Implementation 2 (MM-1D)    16    4.872330      14.129647     77.957280     ok
Implementation 3 (MM-2D)    16    44.402626     1.550456      710.442016    ok
Implementation 1 (Serial)   25    68.806038     1.000000      68.806038     ok
Implementation 2 (MM-1D)    25    5.489280      12.534620     137.232000    ok
Implementation 3 (MM-2D)    25    62.337793     1.103761      1558.444825   ok

CSV written to: /home/pbclevidence/MPI-MM-algorithms/csvs/M600_N3000_Q3000.csv
SVG graph written to: /home/pbclevidence/MPI-MM-algorithms/graphs/M600_N3000_Q3000.svg
