Running P= 1... done
Running P= 4... done
Running P= 9... done
Running P= 16... done
Running P= 25... done

Implementation              P     Seconds       Speedup       Cost          Status
--------------------------------------------------------------------------------------
Implementation 1 (Serial)   1     2.522743      1.000000      2.522743      ok
Implementation 2 (MM-1D)    1     2.271120      1.110792      2.271120      ok
Implementation 3 (MM-2D)    1     2.263064      1.114747      2.263064      ok
Implementation 1 (Serial)   4     2.522743      1.000000      2.522743      ok
Implementation 2 (MM-1D)    4     0.672600      3.750733      2.690400      ok
Implementation 3 (MM-2D)    4     0.628108      4.016416      2.512432      ok
Implementation 1 (Serial)   9     2.522743      1.000000      2.522743      ok
Implementation 2 (MM-1D)    9     0.592347      4.258894      5.331123      ok
Implementation 3 (MM-2D)    9     0.339533      7.430038      3.055797      ok
Implementation 1 (Serial)   16    2.522743      1.000000      2.522743      ok
Implementation 2 (MM-1D)    16    0.402354      6.269959      6.437664      ok
Implementation 3 (MM-2D)    16    0.233185      10.818633     3.730960      ok
Implementation 1 (Serial)   25    2.522743      1.000000      2.522743      ok
Implementation 2 (MM-1D)    25    0.489960      5.148875      12.249000     ok
Implementation 3 (MM-2D)    25    0.274496      9.190455      6.862400      ok

CSV written to: /home/pbclevidence/MPI-MM-algorithms/csvs/M1800_N1800_Q600.csv
SVG graph written to: /home/pbclevidence/MPI-MM-algorithms/graphs/M1800_N1800_Q600.svg
