Running P= 1... done
Running P= 4... done
Running P= 9... done
Running P= 16... done
Running P= 25... done

Implementation              P     Seconds       Speedup       Cost          Status
--------------------------------------------------------------------------------------
Implementation 1 (Serial)   1     3.252626      1.000000      3.252626      ok
Implementation 2 (MM-1D)    1     3.082300      1.055259      3.082300      ok
Implementation 3 (MM-2D)    1     3.011655      1.080013      3.011655      ok
Implementation 1 (Serial)   4     3.252626      1.000000      3.252626      ok
Implementation 2 (MM-1D)    4     1.550550      2.097724      6.202200      ok
Implementation 3 (MM-2D)    4     0.798270      4.074594      3.193080      ok
Implementation 1 (Serial)   9     3.252626      1.000000      3.252626      ok
Implementation 2 (MM-1D)    9     0.806879      4.031120      7.261911      ok
Implementation 3 (MM-2D)    9     0.421762      7.711994      3.795858      ok
Implementation 1 (Serial)   16    3.252626      1.000000      3.252626      ok
Implementation 2 (MM-1D)    16    0.544923      5.968964      8.718768      ok
Implementation 3 (MM-2D)    16    0.252517      12.880820     4.040272      ok
Implementation 1 (Serial)   25    3.252626      1.000000      3.252626      ok
Implementation 2 (MM-1D)    25    0.631104      5.153867      15.777600     ok
Implementation 3 (MM-2D)    25    0.279996      11.616687     6.999900      ok

CSV written to: /home/pbclevidence/MPI-MM-algorithms/csvs/M1200_N1200_Q1800.csv
SVG graph written to: /home/pbclevidence/MPI-MM-algorithms/graphs/M1200_N1200_Q1800.svg
