/var/spool/slurm/slurmd/job18383/slurm_script: line 11: module: command not found
Running P= 1... done
Running P= 1... done
Running P= 1... done
Running P= 1... done
Running P= 4... done

Implementation              P     Seconds       Speedup       Cost          Status
--------------------------------------------------------------------------------------
Implementation 1 (Serial)   1     0.000013      1.000000      0.000013      ok
Implementation 2 (MM-1D)    1     0.000028      0.459211      0.000028      ok
Implementation 3 (MM-2D)    1     0.000021      0.619048      0.000021      ok
Implementation 1 (Serial)   4     0.000013      1.000000      0.000013      ok
Implementation 2 (MM-1D)    4     0.000179      0.072499      0.000717      ok
Implementation 3 (MM-2D)    4     0.000181      0.071823      0.000724      ok

CSV written to: /home/pbclevidence/MPI-MM-algorithms/csvs/M12_N12_Q6.csv
SVG graph written to: /home/pbclevidence/MPI-MM-algorithms/graphs/M12_N12_Q6.svg
Running P= 4... done

Implementation              P     Seconds       Speedup       Cost          Status
--------------------------------------------------------------------------------------
Implementation 1 (Serial)   1     0.000013      1.000000      0.000013      ok
Implementation 2 (MM-1D)    1     0.000022      0.598339      0.000022      ok
Implementation 3 (MM-2D)    1     0.000019      0.684211      0.000019      ok
Implementation 1 (Serial)   4     0.000017      1.000000      0.000017      ok
Implementation 2 (MM-1D)    4     0.000204      0.083412      0.000815      ok
Implementation 3 (MM-2D)    4     0.000179      0.094972      0.000716      ok

CSV written to: /home/pbclevidence/MPI-MM-algorithms/csvs/M12_N12_Q6.csv
SVG graph written to: /home/pbclevidence/MPI-MM-algorithms/graphs/M12_N12_Q6.svg
Running P= 4... done

Implementation              P     Seconds       Speedup       Cost          Status
--------------------------------------------------------------------------------------
Implementation 1 (Serial)   1     0.000013      1.000000      0.000013      ok
Implementation 2 (MM-1D)    1     0.000030      0.429867      0.000030      ok
Implementation 3 (MM-2D)    1     0.000020      0.650000      0.000020      ok
Implementation 1 (Serial)   4     0.000013      1.000000      0.000013      ok
Implementation 2 (MM-1D)    4     0.000159      0.081786      0.000636      ok
Implementation 3 (MM-2D)    4     0.000186      0.069892      0.000744      ok

CSV written to: /home/pbclevidence/MPI-MM-algorithms/csvs/M12_N12_Q6.csv
SVG graph written to: /home/pbclevidence/MPI-MM-algorithms/graphs/M12_N12_Q6.svg
Running P= 4... done

Implementation              P     Seconds       Speedup       Cost          Status
--------------------------------------------------------------------------------------
Implementation 1 (Serial)   1     0.000013      1.000000      0.000013      ok
Implementation 2 (MM-1D)    1     0.000034      0.380386      0.000034      ok
Implementation 3 (MM-2D)    1     0.000018      0.722222      0.000018      ok
Implementation 1 (Serial)   4     0.000011      1.000000      0.000011      ok
Implementation 2 (MM-1D)    4     0.000231      0.047653      0.000923      ok
Implementation 3 (MM-2D)    4     0.000195      0.056410      0.000780      ok

CSV written to: /home/pbclevidence/MPI-MM-algorithms/csvs/M12_N12_Q6.csv
SVG graph written to: /home/pbclevidence/MPI-MM-algorithms/graphs/M12_N12_Q6.svg
