/var/spool/slurm/slurmd/job17949/slurm_script: line 11: module: command not found
Running P= 1... done
Running P= 1... done
Running P= 1... done
Running P= 1... done
Running P= 1... done
Running P= 1... done
Running P= 1... done
Running P= 1... done
Running P= 1... done
Running P= 4... done
Running P= 4... done
Running P= 4... done
Running P= 4... done
Running P= 4... done
Running P= 4... done
Running P= 4... done
Running P= 4... done
Running P= 4... done
Running P= 9... done

Implementation              P     Seconds       Speedup       Cost          Status
--------------------------------------------------------------------------------------
Implementation 1 (Serial)   1     0.000212      1.000000      0.000212      ok
Implementation 2 (MM-1D)    1     0.000152      1.398887      0.000152      ok
Implementation 3 (MM-2D)    1     0.000129      1.643411      0.000129      ok
Implementation 1 (Serial)   4     0.000180      1.000000      0.000180      ok
Implementation 2 (MM-1D)    4     0.000212      0.847302      0.000850      ok
Implementation 3 (MM-2D)    4     0.000257      0.700389      0.001028      ok
Implementation 1 (Serial)   9     0.000195      1.000000      0.000195      ok
Implementation 2 (MM-1D)    9     0.000309      0.631332      0.002780      ok
Implementation 3 (MM-2D)    9     0.000394      0.494924      0.003546      ok

CSV written to: /home/pbclevidence/MPI-MM-algorithms/csvs/M24_N18_Q24.csv
SVG graph written to: /home/pbclevidence/MPI-MM-algorithms/graphs/M24_N18_Q24.svg
Running P= 9... done

Implementation              P     Seconds       Speedup       Cost          Status
--------------------------------------------------------------------------------------
Implementation 1 (Serial)   1     0.000212      1.000000      0.000212      ok
Implementation 2 (MM-1D)    1     0.000152      1.393105      0.000152      ok
Implementation 3 (MM-2D)    1     0.000127      1.669291      0.000127      ok
Implementation 1 (Serial)   4     0.000212      1.000000      0.000212      ok
Implementation 2 (MM-1D)    4     0.000205      1.035257      0.000819      ok
Implementation 3 (MM-2D)    4     0.000245      0.865306      0.000980      ok
Implementation 1 (Serial)   9     0.000206      1.000000      0.000206      ok
Implementation 2 (MM-1D)    9     0.000306      0.672556      0.002757      ok
Implementation 3 (MM-2D)    9     0.000371      0.555256      0.003339      ok

CSV written to: /home/pbclevidence/MPI-MM-algorithms/csvs/M24_N18_Q24.csv
SVG graph written to: /home/pbclevidence/MPI-MM-algorithms/graphs/M24_N18_Q24.svg
Running P= 9... done

Implementation              P     Seconds       Speedup       Cost          Status
--------------------------------------------------------------------------------------
Implementation 1 (Serial)   1     0.000212      1.000000      0.000212      ok
Implementation 2 (MM-1D)    1     0.000153      1.382125      0.000153      ok
Implementation 3 (MM-2D)    1     0.000125      1.696000      0.000125      ok
Implementation 1 (Serial)   4     0.000181      1.000000      0.000181      ok
Implementation 2 (MM-1D)    4     0.000213      0.849422      0.000852      ok
Implementation 3 (MM-2D)    4     0.000241      0.751037      0.000964      ok
Implementation 1 (Serial)   9     0.000180      1.000000      0.000180      ok
Implementation 2 (MM-1D)    9     0.000315      0.571833      0.002833      ok
Implementation 3 (MM-2D)    9     0.000392      0.459184      0.003528      ok

CSV written to: /home/pbclevidence/MPI-MM-algorithms/csvs/M24_N18_Q24.csv
SVG graph written to: /home/pbclevidence/MPI-MM-algorithms/graphs/M24_N18_Q24.svg
Running P= 9... done

Implementation              P     Seconds       Speedup       Cost          Status
--------------------------------------------------------------------------------------
Implementation 1 (Serial)   1     0.000212      1.000000      0.000212      ok
Implementation 2 (MM-1D)    1     0.000150      1.416081      0.000150      ok
Implementation 3 (MM-2D)    1     0.000119      1.781513      0.000119      ok
Implementation 1 (Serial)   4     0.000212      1.000000      0.000212      ok
Implementation 2 (MM-1D)    4     0.000203      1.044433      0.000812      ok
Implementation 3 (MM-2D)    4     0.000250      0.848000      0.001000      ok
Implementation 1 (Serial)   9     0.000212      1.000000      0.000212      ok
Implementation 2 (MM-1D)    9     0.000318      0.666166      0.002864      ok
Implementation 3 (MM-2D)    9     0.000409      0.518337      0.003681      ok

CSV written to: /home/pbclevidence/MPI-MM-algorithms/csvs/M24_N18_Q24.csv
SVG graph written to: /home/pbclevidence/MPI-MM-algorithms/graphs/M24_N18_Q24.svg
Running P= 9... done

Implementation              P     Seconds       Speedup       Cost          Status
--------------------------------------------------------------------------------------
Implementation 1 (Serial)   1     0.000212      1.000000      0.000212      ok
Implementation 2 (MM-1D)    1     0.000151      1.401597      0.000151      ok
Implementation 3 (MM-2D)    1     0.000118      1.796610      0.000118      ok
Implementation 1 (Serial)   4     0.000212      1.000000      0.000212      ok
Implementation 2 (MM-1D)    4     0.000212      1.002265      0.000846      ok
Implementation 3 (MM-2D)    4     0.000253      0.837945      0.001012      ok
Implementation 1 (Serial)   9     0.000195      1.000000      0.000195      ok
Implementation 2 (MM-1D)    9     0.000324      0.601299      0.002919      ok
Implementation 3 (MM-2D)    9     0.000397      0.491184      0.003573      ok

CSV written to: /home/pbclevidence/MPI-MM-algorithms/csvs/M24_N18_Q24.csv
SVG graph written to: /home/pbclevidence/MPI-MM-algorithms/graphs/M24_N18_Q24.svg
Running P= 9... done

Implementation              P     Seconds       Speedup       Cost          Status
--------------------------------------------------------------------------------------
Implementation 1 (Serial)   1     0.000212      1.000000      0.000212      ok
Implementation 2 (MM-1D)    1     0.000151      1.408086      0.000151      ok
Implementation 3 (MM-2D)    1     0.000127      1.669291      0.000127      ok
Implementation 1 (Serial)   4     0.000187      1.000000      0.000187      ok
Implementation 2 (MM-1D)    4     0.000214      0.871925      0.000858      ok
Implementation 3 (MM-2D)    4     0.000258      0.724806      0.001032      ok
Implementation 1 (Serial)   9     0.000195      1.000000      0.000195      ok
Implementation 2 (MM-1D)    9     0.000324      0.601555      0.002917      ok
Implementation 3 (MM-2D)    9     0.000393      0.496183      0.003537      ok

CSV written to: /home/pbclevidence/MPI-MM-algorithms/csvs/M24_N18_Q24.csv
SVG graph written to: /home/pbclevidence/MPI-MM-algorithms/graphs/M24_N18_Q24.svg
Running P= 9... done
Running P= 9... done

Implementation              P     Seconds       Speedup       Cost          Status
--------------------------------------------------------------------------------------
Implementation 1 (Serial)   1     0.000212      1.000000      0.000212      ok
Implementation 2 (MM-1D)    1     0.000111      1.903582      0.000111      ok
Implementation 3 (MM-2D)    1     0.000128      1.656250      0.000128      ok
Implementation 1 (Serial)   4     0.000212      1.000000      0.000212      ok
Implementation 2 (MM-1D)    4     0.000223      0.952077      0.000891      ok
Implementation 3 (MM-2D)    4     0.000255      0.831373      0.001020      ok
Implementation 1 (Serial)   9     0.000203      1.000000      0.000203      ok
Implementation 2 (MM-1D)    9     0.000310      0.654168      0.002793      ok
Implementation 3 (MM-2D)    9     0.000395      0.513924      0.003555      ok

CSV written to: /home/pbclevidence/MPI-MM-algorithms/csvs/M24_N18_Q24.csv
SVG graph written to: /home/pbclevidence/MPI-MM-algorithms/graphs/M24_N18_Q24.svg

Implementation              P     Seconds       Speedup       Cost          Status
--------------------------------------------------------------------------------------
Implementation 1 (Serial)   1     0.000212      1.000000      0.000212      ok
Implementation 2 (MM-1D)    1     0.000149      1.425315      0.000149      ok
Implementation 3 (MM-2D)    1     0.000128      1.656250      0.000128      ok
Implementation 1 (Serial)   4     0.000180      1.000000      0.000180      ok
Implementation 2 (MM-1D)    4     0.000200      0.898876      0.000801      ok
Implementation 3 (MM-2D)    4     0.000247      0.728745      0.000988      ok
Implementation 1 (Serial)   9     0.000211      1.000000      0.000211      ok
Implementation 2 (MM-1D)    9     0.000327      0.645870      0.002940      ok
Implementation 3 (MM-2D)    9     0.000398      0.530151      0.003582      ok

CSV written to: /home/pbclevidence/MPI-MM-algorithms/csvs/M24_N18_Q24.csv
SVG graph written to: /home/pbclevidence/MPI-MM-algorithms/graphs/M24_N18_Q24.svg
Running P= 9... done

Implementation              P     Seconds       Speedup       Cost          Status
--------------------------------------------------------------------------------------
Implementation 1 (Serial)   1     0.000212      1.000000      0.000212      ok
Implementation 2 (MM-1D)    1     0.000131      1.616162      0.000131      ok
Implementation 3 (MM-2D)    1     0.000127      1.669291      0.000127      ok
Implementation 1 (Serial)   4     0.000207      1.000000      0.000207      ok
Implementation 2 (MM-1D)    4     0.000224      0.925769      0.000894      ok
Implementation 3 (MM-2D)    4     0.000268      0.772388      0.001072      ok
Implementation 1 (Serial)   9     0.000211      1.000000      0.000211      ok
Implementation 2 (MM-1D)    9     0.000305      0.690775      0.002749      ok
Implementation 3 (MM-2D)    9     0.000405      0.520988      0.003645      ok

CSV written to: /home/pbclevidence/MPI-MM-algorithms/csvs/M24_N18_Q24.csv
SVG graph written to: /home/pbclevidence/MPI-MM-algorithms/graphs/M24_N18_Q24.svg
