Running P= 1... done
Running P= 4... done
Running P= 9... done
Running P= 16... done
Running P= 25... done

Implementation              P     Seconds       Speedup       VsSerial      Cost          Status
----------------------------------------------------------------------------------------------------
Implementation 1 (Serial)   1     10.785626     1.000000      1.000000      10.785626     ok
Implementation 2 (MM-1D)    1     10.851100     1.000000      0.993966      10.851100     ok
Implementation 3 (MM-2D)    1     10.935152     1.000000      0.986326      10.935152     ok
Implementation 1 (Serial)   4     10.785626     1.000000      1.000000      10.785626     ok
Implementation 2 (MM-1D)    4     2.955070      3.672028      3.649872      11.820280     ok
Implementation 3 (MM-2D)    4     1.483631      7.370534      7.269750      5.934524      ok
Implementation 1 (Serial)   9     10.785626     1.000000      1.000000      10.785626     ok
Implementation 2 (MM-1D)    9     1.527680      7.102993      7.060134      13.749120     ok
Implementation 3 (MM-2D)    9     0.942263      11.605202     11.446513     8.480367      ok
Implementation 1 (Serial)   16    10.785626     1.000000      1.000000      10.785626     ok
Implementation 2 (MM-1D)    16    1.095000      9.909680      9.849887      17.520000     ok
Implementation 3 (MM-2D)    16    0.514263      21.263735     20.972977     8.228208      ok
Implementation 1 (Serial)   25    10.785626     1.000000      1.000000      10.785626     ok
Implementation 2 (MM-1D)    25    1.542540      7.034566      6.992121      38.563500     ok
Implementation 3 (MM-2D)    25    0.653357      16.736871     16.508013     16.333925     ok

CSV written to: /home/pbclevidence/MPI-MM-algorithms/csvs/M600_N2400_Q2400.csv
SVG graph written to: /home/pbclevidence/MPI-MM-algorithms/graphs/M600_N2400_Q2400.svg
