Running P= 1... done
Running P= 4... done
Running P= 9... done
Running P= 16... done
Running P= 25... done

Implementation              P     Seconds       Speedup       VsSerial      Cost          Status
----------------------------------------------------------------------------------------------------
Implementation 1 (Serial)   1     0.811633      1.000000      1.000000      0.811633      ok
Implementation 2 (MM-1D)    1     0.763989      1.000000      1.062362      0.763989      ok
Implementation 3 (MM-2D)    1     0.743599      1.000000      1.091493      0.743599      ok
Implementation 1 (Serial)   4     0.811633      1.000000      1.000000      0.811633      ok
Implementation 2 (MM-1D)    4     0.250547      3.049284      3.239444      1.002188      ok
Implementation 3 (MM-2D)    4     0.194462      3.823878      4.173736      0.777848      ok
Implementation 1 (Serial)   9     0.811633      1.000000      1.000000      0.811633      ok
Implementation 2 (MM-1D)    9     0.226689      3.370208      3.580381      2.040201      ok
Implementation 3 (MM-2D)    9     0.122135      6.088337      6.645376      1.099215      ok
Implementation 1 (Serial)   16    0.811633      1.000000      1.000000      0.811633      ok
Implementation 2 (MM-1D)    16    0.169755      4.500539      4.781202      2.716080      ok
Implementation 3 (MM-2D)    16    0.094894      7.836101      8.553049      1.518304      ok
Implementation 1 (Serial)   25    0.811633      1.000000      1.000000      0.811633      ok
Implementation 2 (MM-1D)    25    0.187855      4.066908      4.320529      4.696375      ok
Implementation 3 (MM-2D)    25    0.084002      8.852158      9.662068      2.100050      ok

CSV written to: /home/pbclevidence/MPI-MM-algorithms/csvs/M600_N600_Q1800.csv
SVG graph written to: /home/pbclevidence/MPI-MM-algorithms/graphs/M600_N600_Q1800.svg
