Running P= 1... done
Running P= 4... done
Running P= 9... done
Running P= 16... done
Running P= 25... done

Implementation              P     Seconds       Speedup       VsSerial      Cost          Status
----------------------------------------------------------------------------------------------------
Implementation 1 (Serial)   1     3.307177      1.000000      1.000000      3.307177      ok
Implementation 2 (MM-1D)    1     3.031660      1.000000      1.090880      3.031660      ok
Implementation 3 (MM-2D)    1     3.016104      1.000000      1.096506      3.016104      ok
Implementation 1 (Serial)   4     3.307177      1.000000      1.000000      3.307177      ok
Implementation 2 (MM-1D)    4     1.191210      2.545026      2.776317      4.764840      ok
Implementation 3 (MM-2D)    4     0.824292      3.659024      4.012143      3.297168      ok
Implementation 1 (Serial)   9     3.307177      1.000000      1.000000      3.307177      ok
Implementation 2 (MM-1D)    9     0.807552      3.754136      4.095312      7.267968      ok
Implementation 3 (MM-2D)    9     0.432057      6.980801      7.654492      3.888513      ok
Implementation 1 (Serial)   16    3.307177      1.000000      1.000000      3.307177      ok
Implementation 2 (MM-1D)    16    0.525448      5.769667      6.294014      8.407168      ok
Implementation 3 (MM-2D)    16    0.257098      11.731340     12.863488     4.113568      ok
Implementation 1 (Serial)   25    3.307177      1.000000      1.000000      3.307177      ok
Implementation 2 (MM-1D)    25    0.666756      4.546881      4.960101      16.668900     ok
Implementation 3 (MM-2D)    25    0.324633      9.290811      10.187433     8.115825      ok

CSV written to: /home/pbclevidence/MPI-MM-algorithms/csvs/M1800_N1200_Q1200.csv
SVG graph written to: /home/pbclevidence/MPI-MM-algorithms/graphs/M1800_N1200_Q1200.svg
