Running P= 1... done
Running P= 4... done
Running P= 9... done
Running P= 16... done
Running P= 25... done

Implementation              P     Seconds       Speedup       Cost          Status
--------------------------------------------------------------------------------------
Implementation 1 (Serial)   1     17.075262     1.000000      17.075262     ok
Implementation 2 (MM-1D)    1     13.315600     1.282350      13.315600     ok
Implementation 3 (MM-2D)    1     13.021958     1.311267      13.021958     ok
Implementation 1 (Serial)   4     17.085748     1.000000      17.085748     ok
Implementation 2 (MM-1D)    4     5.020090      3.403474      20.080360     ok
Implementation 3 (MM-2D)    4     10.485400     1.629480      41.941600     ok
Implementation 1 (Serial)   9     16.954987     1.000000      16.954987     ok
Implementation 2 (MM-1D)    9     2.613650      6.487092      23.522850     ok
Implementation 3 (MM-2D)    9     11.562852     1.466333      104.065668    ok
Implementation 1 (Serial)   16    17.086998     1.000000      17.086998     ok
Implementation 2 (MM-1D)    16    1.646130      10.380102     26.338080     ok
Implementation 3 (MM-2D)    16    13.605212     1.255916      217.683392    ok
Implementation 1 (Serial)   25    17.229433     1.000000      17.229433     ok
Implementation 2 (MM-1D)    25    1.873280      9.197468      46.832000     ok
Implementation 3 (MM-2D)    25    20.716237     0.831687      517.905925    ok

CSV written to: /home/pbclevidence/MPI-MM-algorithms/csvs/M1200_N1200_Q1200.csv
SVG graph written to: /home/pbclevidence/MPI-MM-algorithms/graphs/M1200_N1200_Q1200.svg
