Running P= 1... done
Running P= 4... done
Running P= 9... done
Running P= 16... done
Running P= 25... done

Implementation              P     Seconds       Speedup       VsSerial      Cost          Status
----------------------------------------------------------------------------------------------------
Implementation 1 (Serial)   1     3.290571      1.000000      1.000000      3.290571      ok
Implementation 2 (MM-1D)    1     3.307570      1.000000      0.994861      3.307570      ok
Implementation 3 (MM-2D)    1     3.329543      1.000000      0.988295      3.329543      ok
Implementation 1 (Serial)   4     3.290571      1.000000      1.000000      3.290571      ok
Implementation 2 (MM-1D)    4     1.432180      2.309465      2.297596      5.728720      ok
Implementation 3 (MM-2D)    4     1.052299      3.164066      3.127030      4.209196      ok
Implementation 1 (Serial)   9     3.290571      1.000000      1.000000      3.290571      ok
Implementation 2 (MM-1D)    9     21.435300     0.154305      0.153512      192.917700    ok
Implementation 3 (MM-2D)    9     0.800693      4.158327      4.109654      7.206237      ok
Implementation 1 (Serial)   16    3.290571      1.000000      1.000000      3.290571      ok
Implementation 2 (MM-1D)    16    21.564100     0.153383      0.152595      345.025600    ok
Implementation 3 (MM-2D)    16    0.639392      5.207358      5.146406      10.230272     ok
Implementation 1 (Serial)   25    3.290571      1.000000      1.000000      3.290571      ok
Implementation 2 (MM-1D)    25    22.690700     0.145768      0.145018      567.267500    ok
Implementation 3 (MM-2D)    25    0.734820      4.531100      4.478064      18.370500     ok

CSV written to: /home/pbclevidence/MPI-MM-algorithms/csvs/M2400_N600_Q1800.csv
SVG graph written to: /home/pbclevidence/MPI-MM-algorithms/graphs/M2400_N600_Q1800.svg
