/var/spool/slurm/slurmd/job17928/slurm_script: line 11: module: command not found
Running P= 1... done
Running P= 1... done
Running P= 1... done
Running P= 1... done
Running P= 1... done
Running P= 1... done
Running P= 1... done
Running P= 1... done
Running P= 1... done
Running P= 4... done
Running P= 4... done
Running P= 4... done
Running P= 4... done
Running P= 4... done
Running P= 4... done
Running P= 4... done
Running P= 4... done
Running P= 4... done
Running P= 9... done
Running P= 9... done

Implementation              P     Seconds       Speedup       Cost          Status
--------------------------------------------------------------------------------------
Implementation 1 (Serial)   1     0.000082      1.000000      0.000082      ok
Implementation 2 (MM-1D)    1     0.000070      1.177868      0.000070      ok
Implementation 3 (MM-2D)    1     0.000046      1.782609      0.000046      ok
Implementation 1 (Serial)   4     0.000075      1.000000      0.000075      ok
Implementation 2 (MM-1D)    4     0.000188      0.399721      0.000751      ok
Implementation 3 (MM-2D)    4     0.000194      0.386598      0.000776      ok
Implementation 1 (Serial)   9     0.000076      1.000000      0.000076      ok
Implementation 2 (MM-1D)    9     0.000292      0.260074      0.002630      ok
Implementation 3 (MM-2D)    9     0.000353      0.215297      0.003177      ok

CSV written to: /home/pbclevidence/MPI-MM-algorithms/csvs/M18_N12_Q18.csv
SVG graph written to: /home/pbclevidence/MPI-MM-algorithms/graphs/M18_N12_Q18.svg

Implementation              P     Seconds       Speedup       Cost          Status
--------------------------------------------------------------------------------------
Implementation 1 (Serial)   1     0.000082      1.000000      0.000082      ok
Implementation 2 (MM-1D)    1     0.000070      1.167760      0.000070      ok
Implementation 3 (MM-2D)    1     0.000053      1.547170      0.000053      ok
Implementation 1 (Serial)   4     0.000075      1.000000      0.000075      ok
Implementation 2 (MM-1D)    4     0.000193      0.388032      0.000773      ok
Implementation 3 (MM-2D)    4     0.000201      0.373134      0.000804      ok
Implementation 1 (Serial)   9     0.000073      1.000000      0.000073      ok
Implementation 2 (MM-1D)    9     0.000302      0.241430      0.002721      ok
Implementation 3 (MM-2D)    9     0.000353      0.206799      0.003177      ok

CSV written to: /home/pbclevidence/MPI-MM-algorithms/csvs/M18_N12_Q18.csv
SVG graph written to: /home/pbclevidence/MPI-MM-algorithms/graphs/M18_N12_Q18.svg
Running P= 9... done

Implementation              P     Seconds       Speedup       Cost          Status
--------------------------------------------------------------------------------------
Implementation 1 (Serial)   1     0.000082      1.000000      0.000082      ok
Implementation 2 (MM-1D)    1     0.000068      1.200807      0.000068      ok
Implementation 3 (MM-2D)    1     0.000052      1.576923      0.000052      ok
Implementation 1 (Serial)   4     0.000075      1.000000      0.000075      ok
Implementation 2 (MM-1D)    4     0.000199      0.377531      0.000795      ok
Implementation 3 (MM-2D)    4     0.000200      0.375000      0.000800      ok
Implementation 1 (Serial)   9     0.000072      1.000000      0.000072      ok
Implementation 2 (MM-1D)    9     0.000295      0.244381      0.002652      ok
Implementation 3 (MM-2D)    9     0.000349      0.206304      0.003141      ok

CSV written to: /home/pbclevidence/MPI-MM-algorithms/csvs/M18_N12_Q18.csv
SVG graph written to: /home/pbclevidence/MPI-MM-algorithms/graphs/M18_N12_Q18.svg
Running P= 9... done

Implementation              P     Seconds       Speedup       Cost          Status
--------------------------------------------------------------------------------------
Implementation 1 (Serial)   1     0.000082      1.000000      0.000082      ok
Implementation 2 (MM-1D)    1     0.000067      1.221889      0.000067      ok
Implementation 3 (MM-2D)    1     0.000047      1.744681      0.000047      ok
Implementation 1 (Serial)   4     0.000070      1.000000      0.000070      ok
Implementation 2 (MM-1D)    4     0.000207      0.338598      0.000827      ok
Implementation 3 (MM-2D)    4     0.000193      0.362694      0.000772      ok
Implementation 1 (Serial)   9     0.000076      1.000000      0.000076      ok
Implementation 2 (MM-1D)    9     0.000286      0.265591      0.002575      ok
Implementation 3 (MM-2D)    9     0.000351      0.216524      0.003159      ok

CSV written to: /home/pbclevidence/MPI-MM-algorithms/csvs/M18_N12_Q18.csv
SVG graph written to: /home/pbclevidence/MPI-MM-algorithms/graphs/M18_N12_Q18.svg
Running P= 9... done
Running P= 9... done
Running P= 9... done
Running P= 9... done

Implementation              P     Seconds       Speedup       Cost          Status
--------------------------------------------------------------------------------------
Implementation 1 (Serial)   1     0.000082      1.000000      0.000082      ok
Implementation 2 (MM-1D)    1     0.000071      1.152581      0.000071      ok
Implementation 3 (MM-2D)    1     0.000046      1.782609      0.000046      ok
Implementation 1 (Serial)   4     0.000075      1.000000      0.000075      ok
Implementation 2 (MM-1D)    4     0.000185      0.406381      0.000738      ok
Implementation 3 (MM-2D)    4     0.000208      0.360577      0.000832      ok
Implementation 1 (Serial)   9     0.000079      1.000000      0.000079      ok
Implementation 2 (MM-1D)    9     0.000299      0.264513      0.002688      ok
Implementation 3 (MM-2D)    9     0.000331      0.238671      0.002979      ok

CSV written to: /home/pbclevidence/MPI-MM-algorithms/csvs/M18_N12_Q18.csv
SVG graph written to: /home/pbclevidence/MPI-MM-algorithms/graphs/M18_N12_Q18.svg

Implementation              P     Seconds       Speedup       Cost          Status
--------------------------------------------------------------------------------------
Implementation 1 (Serial)   1     0.000082      1.000000      0.000082      ok
Implementation 2 (MM-1D)    1     0.000059      1.390528      0.000059      ok
Implementation 3 (MM-2D)    1     0.000052      1.576923      0.000052      ok
Implementation 1 (Serial)   4     0.000072      1.000000      0.000072      ok
Implementation 2 (MM-1D)    4     0.000189      0.381398      0.000755      ok
Implementation 3 (MM-2D)    4     0.000202      0.356436      0.000808      ok
Implementation 1 (Serial)   9     0.000075      1.000000      0.000075      ok
Implementation 2 (MM-1D)    9     0.000309      0.242423      0.002784      ok
Implementation 3 (MM-2D)    9     0.000362      0.207182      0.003258      ok

CSV written to: /home/pbclevidence/MPI-MM-algorithms/csvs/M18_N12_Q18.csv
SVG graph written to: /home/pbclevidence/MPI-MM-algorithms/graphs/M18_N12_Q18.svg
Running P= 9... done

Implementation              P     Seconds       Speedup       Cost          Status
--------------------------------------------------------------------------------------
Implementation 1 (Serial)   1     0.000082      1.000000      0.000082      ok
Implementation 2 (MM-1D)    1     0.000070      1.164994      0.000070      ok
Implementation 3 (MM-2D)    1     0.000053      1.547170      0.000053      ok
Implementation 1 (Serial)   4     0.000073      1.000000      0.000073      ok
Implementation 2 (MM-1D)    4     0.000206      0.355145      0.000822      ok
Implementation 3 (MM-2D)    4     0.000209      0.349282      0.000836      ok
Implementation 1 (Serial)   9     0.000082      1.000000      0.000082      ok
Implementation 2 (MM-1D)    9     0.000288      0.285027      0.002589      ok
Implementation 3 (MM-2D)    9     0.000353      0.232295      0.003177      ok

CSV written to: /home/pbclevidence/MPI-MM-algorithms/csvs/M18_N12_Q18.csv
SVG graph written to: /home/pbclevidence/MPI-MM-algorithms/graphs/M18_N12_Q18.svg

Implementation              P     Seconds       Speedup       Cost          Status
--------------------------------------------------------------------------------------
Implementation 1 (Serial)   1     0.000082      1.000000      0.000082      ok
Implementation 2 (MM-1D)    1     0.000068      1.205774      0.000068      ok
Implementation 3 (MM-2D)    1     0.000055      1.490909      0.000055      ok
Implementation 1 (Serial)   4     0.000070      1.000000      0.000070      ok
Implementation 2 (MM-1D)    4     0.000174      0.401602      0.000697      ok
Implementation 3 (MM-2D)    4     0.000196      0.357143      0.000784      ok
Implementation 1 (Serial)   9     0.000067      1.000000      0.000067      ok
Implementation 2 (MM-1D)    9     0.000302      0.221706      0.002720      ok
Implementation 3 (MM-2D)    9     0.000359      0.186630      0.003231      ok

CSV written to: /home/pbclevidence/MPI-MM-algorithms/csvs/M18_N12_Q18.csv
SVG graph written to: /home/pbclevidence/MPI-MM-algorithms/graphs/M18_N12_Q18.svg

Implementation              P     Seconds       Speedup       Cost          Status
--------------------------------------------------------------------------------------
Implementation 1 (Serial)   1     0.000082      1.000000      0.000082      ok
Implementation 2 (MM-1D)    1     0.000053      1.552060      0.000053      ok
Implementation 3 (MM-2D)    1     0.000055      1.490909      0.000055      ok
Implementation 1 (Serial)   4     0.000075      1.000000      0.000075      ok
Implementation 2 (MM-1D)    4     0.000174      0.431630      0.000695      ok
Implementation 3 (MM-2D)    4     0.000199      0.376884      0.000796      ok
Implementation 1 (Serial)   9     0.000082      1.000000      0.000082      ok
Implementation 2 (MM-1D)    9     0.000288      0.284872      0.002591      ok
Implementation 3 (MM-2D)    9     0.000368      0.222826      0.003312      ok

CSV written to: /home/pbclevidence/MPI-MM-algorithms/csvs/M18_N12_Q18.csv
SVG graph written to: /home/pbclevidence/MPI-MM-algorithms/graphs/M18_N12_Q18.svg
