Running P= 1... done
Running P= 4... done
Running P= 9... done
Running P= 16... done
Running P= 25... done

Implementation              P     Seconds       Speedup       Cost          Status
--------------------------------------------------------------------------------------
Implementation 1 (Serial)   1     2.208465      1.000000      2.208465      ok
Implementation 2 (MM-1D)    1     2.024010      1.091133      2.024010      ok
Implementation 3 (MM-2D)    1     2.016718      1.095079      2.016718      ok
Implementation 1 (Serial)   4     2.208465      1.000000      2.208465      ok
Implementation 2 (MM-1D)    4     0.777920      2.838936      3.111680      ok
Implementation 3 (MM-2D)    4     0.558397      3.955009      2.233588      ok
Implementation 1 (Serial)   9     2.208465      1.000000      2.208465      ok
Implementation 2 (MM-1D)    9     0.553045      3.993283      4.977405      ok
Implementation 3 (MM-2D)    9     0.298663      7.394505      2.687967      ok
Implementation 1 (Serial)   16    2.208465      1.000000      2.208465      ok
Implementation 2 (MM-1D)    16    0.371808      5.939800      5.948928      ok
Implementation 3 (MM-2D)    16    0.185550      11.902264     2.968800      ok
Implementation 1 (Serial)   25    2.208465      1.000000      2.208465      ok
Implementation 2 (MM-1D)    25    0.434265      5.085524      10.856625     ok
Implementation 3 (MM-2D)    25    0.233622      9.453155      5.840550      ok

CSV written to: /home/pbclevidence/MPI-MM-algorithms/csvs/M1200_N1200_Q1200.csv
SVG graph written to: /home/pbclevidence/MPI-MM-algorithms/graphs/M1200_N1200_Q1200.svg
