/var/spool/slurm/slurmd/job17940/slurm_script: line 11: module: command not found
Running P= 1... done
Running P= 1... done
Running P= 1... done
Running P= 1... done
Running P= 1... done
Running P= 1... done
Running P= 1... done
Running P= 1... done
Running P= 1... done
Running P= 4... done
Running P= 4... done
Running P= 4... done
Running P= 4... done
Running P= 4... done
Running P= 4... done
Running P= 4... done
Running P= 4... done
Running P= 4... done
Running P= 9... done

Implementation              P     Seconds       Speedup       Cost          Status
--------------------------------------------------------------------------------------
Implementation 1 (Serial)   1     0.000053      1.000000      0.000053      ok
Implementation 2 (MM-1D)    1     0.000044      1.215368      0.000044      ok
Implementation 3 (MM-2D)    1     0.000040      1.325000      0.000040      ok
Implementation 1 (Serial)   4     0.000053      1.000000      0.000053      ok
Implementation 2 (MM-1D)    4     0.000183      0.289170      0.000733      ok
Implementation 3 (MM-2D)    4     0.000178      0.297753      0.000712      ok
Implementation 1 (Serial)   9     0.000053      1.000000      0.000053      ok
Implementation 2 (MM-1D)    9     0.000279      0.190127      0.002509      ok
Implementation 3 (MM-2D)    9     0.000334      0.158683      0.003006      ok

CSV written to: /home/pbclevidence/MPI-MM-algorithms/csvs/M24_N6_Q18.csv
SVG graph written to: /home/pbclevidence/MPI-MM-algorithms/graphs/M24_N6_Q18.svg
Running P= 9... done

Implementation              P     Seconds       Speedup       Cost          Status
--------------------------------------------------------------------------------------
Implementation 1 (Serial)   1     0.000053      1.000000      0.000053      ok
Implementation 2 (MM-1D)    1     0.000045      1.185812      0.000045      ok
Implementation 3 (MM-2D)    1     0.000039      1.358974      0.000039      ok
Implementation 1 (Serial)   4     0.000053      1.000000      0.000053      ok
Implementation 2 (MM-1D)    4     0.000172      0.308788      0.000687      ok
Implementation 3 (MM-2D)    4     0.000184      0.288043      0.000736      ok
Implementation 1 (Serial)   9     0.000047      1.000000      0.000047      ok
Implementation 2 (MM-1D)    9     0.000268      0.175098      0.002416      ok
Implementation 3 (MM-2D)    9     0.000338      0.139053      0.003042      ok

CSV written to: /home/pbclevidence/MPI-MM-algorithms/csvs/M24_N6_Q18.csv
SVG graph written to: /home/pbclevidence/MPI-MM-algorithms/graphs/M24_N6_Q18.svg
Running P= 9... done

Implementation              P     Seconds       Speedup       Cost          Status
--------------------------------------------------------------------------------------
Implementation 1 (Serial)   1     0.000053      1.000000      0.000053      ok
Implementation 2 (MM-1D)    1     0.000055      0.961029      0.000055      ok
Implementation 3 (MM-2D)    1     0.000036      1.472222      0.000036      ok
Implementation 1 (Serial)   4     0.000048      1.000000      0.000048      ok
Implementation 2 (MM-1D)    4     0.000188      0.255373      0.000752      ok
Implementation 3 (MM-2D)    4     0.000194      0.247423      0.000776      ok
Implementation 1 (Serial)   9     0.000050      1.000000      0.000050      ok
Implementation 2 (MM-1D)    9     0.000274      0.182731      0.002463      ok
Implementation 3 (MM-2D)    9     0.000325      0.153846      0.002925      ok

CSV written to: /home/pbclevidence/MPI-MM-algorithms/csvs/M24_N6_Q18.csv
SVG graph written to: /home/pbclevidence/MPI-MM-algorithms/graphs/M24_N6_Q18.svg
Running P= 9... done
Running P= 9... done

Implementation              P     Seconds       Speedup       Cost          Status
--------------------------------------------------------------------------------------
Implementation 1 (Serial)   1     0.000075      1.000000      0.000075      ok
Implementation 2 (MM-1D)    1     0.000057      1.323428      0.000057      ok
Implementation 3 (MM-2D)    1     0.000031      2.419355      0.000031      ok
Implementation 1 (Serial)   4     0.000045      1.000000      0.000045      ok
Implementation 2 (MM-1D)    4     0.000174      0.258001      0.000698      ok
Implementation 3 (MM-2D)    4     0.000176      0.255682      0.000704      ok
Implementation 1 (Serial)   9     0.000051      1.000000      0.000051      ok
Implementation 2 (MM-1D)    9     0.000280      0.182209      0.002519      ok
Implementation 3 (MM-2D)    9     0.000334      0.152695      0.003006      ok

CSV written to: /home/pbclevidence/MPI-MM-algorithms/csvs/M24_N6_Q18.csv
SVG graph written to: /home/pbclevidence/MPI-MM-algorithms/graphs/M24_N6_Q18.svg

Implementation              P     Seconds       Speedup       Cost          Status
--------------------------------------------------------------------------------------
Implementation 1 (Serial)   1     0.000053      1.000000      0.000053      ok
Implementation 2 (MM-1D)    1     0.000044      1.205556      0.000044      ok
Implementation 3 (MM-2D)    1     0.000029      1.827586      0.000029      ok
Implementation 1 (Serial)   4     0.000049      1.000000      0.000049      ok
Implementation 2 (MM-1D)    4     0.000189      0.259124      0.000756      ok
Implementation 3 (MM-2D)    4     0.000186      0.263441      0.000744      ok
Implementation 1 (Serial)   9     0.000047      1.000000      0.000047      ok
Implementation 2 (MM-1D)    9     0.000289      0.162835      0.002598      ok
Implementation 3 (MM-2D)    9     0.000320      0.146875      0.002880      ok

CSV written to: /home/pbclevidence/MPI-MM-algorithms/csvs/M24_N6_Q18.csv
SVG graph written to: /home/pbclevidence/MPI-MM-algorithms/graphs/M24_N6_Q18.svg
Running P= 9... done
Running P= 9... done

Implementation              P     Seconds       Speedup       Cost          Status
--------------------------------------------------------------------------------------
Implementation 1 (Serial)   1     0.000053      1.000000      0.000053      ok
Implementation 2 (MM-1D)    1     0.000053      0.994241      0.000053      ok
Implementation 3 (MM-2D)    1     0.000040      1.325000      0.000040      ok
Implementation 1 (Serial)   4     0.000045      1.000000      0.000045      ok
Implementation 2 (MM-1D)    4     0.000172      0.261785      0.000688      ok
Implementation 3 (MM-2D)    4     0.000182      0.247253      0.000728      ok
Implementation 1 (Serial)   9     0.000053      1.000000      0.000053      ok
Implementation 2 (MM-1D)    9     0.000271      0.195426      0.002441      ok
Implementation 3 (MM-2D)    9     0.000331      0.160121      0.002979      ok

CSV written to: /home/pbclevidence/MPI-MM-algorithms/csvs/M24_N6_Q18.csv
SVG graph written to: /home/pbclevidence/MPI-MM-algorithms/graphs/M24_N6_Q18.svg

Implementation              P     Seconds       Speedup       Cost          Status
--------------------------------------------------------------------------------------
Implementation 1 (Serial)   1     0.000053      1.000000      0.000053      ok
Implementation 2 (MM-1D)    1     0.000039      1.363432      0.000039      ok
Implementation 3 (MM-2D)    1     0.000041      1.292683      0.000041      ok
Implementation 1 (Serial)   4     0.000050      1.000000      0.000050      ok
Implementation 2 (MM-1D)    4     0.000175      0.285868      0.000700      ok
Implementation 3 (MM-2D)    4     0.000189      0.264550      0.000756      ok
Implementation 1 (Serial)   9     0.000043      1.000000      0.000043      ok
Implementation 2 (MM-1D)    9     0.000285      0.150992      0.002563      ok
Implementation 3 (MM-2D)    9     0.000329      0.130699      0.002961      ok

CSV written to: /home/pbclevidence/MPI-MM-algorithms/csvs/M24_N6_Q18.csv
SVG graph written to: /home/pbclevidence/MPI-MM-algorithms/graphs/M24_N6_Q18.svg
Running P= 9... done

Implementation              P     Seconds       Speedup       Cost          Status
--------------------------------------------------------------------------------------
Implementation 1 (Serial)   1     0.000060      1.000000      0.000060      ok
Implementation 2 (MM-1D)    1     0.000054      1.104842      0.000054      ok
Implementation 3 (MM-2D)    1     0.000035      1.714286      0.000035      ok
Implementation 1 (Serial)   4     0.000051      1.000000      0.000051      ok
Implementation 2 (MM-1D)    4     0.000176      0.289071      0.000706      ok
Implementation 3 (MM-2D)    4     0.000193      0.264249      0.000772      ok
Implementation 1 (Serial)   9     0.000051      1.000000      0.000051      ok
Implementation 2 (MM-1D)    9     0.000267      0.191098      0.002402      ok
Implementation 3 (MM-2D)    9     0.000334      0.152695      0.003006      ok

CSV written to: /home/pbclevidence/MPI-MM-algorithms/csvs/M24_N6_Q18.csv
SVG graph written to: /home/pbclevidence/MPI-MM-algorithms/graphs/M24_N6_Q18.svg
Running P= 9... done

Implementation              P     Seconds       Speedup       Cost          Status
--------------------------------------------------------------------------------------
Implementation 1 (Serial)   1     0.000063      1.000000      0.000063      ok
Implementation 2 (MM-1D)    1     0.000056      1.124486      0.000056      ok
Implementation 3 (MM-2D)    1     0.000039      1.615385      0.000039      ok
Implementation 1 (Serial)   4     0.000045      1.000000      0.000045      ok
Implementation 2 (MM-1D)    4     0.000177      0.253614      0.000710      ok
Implementation 3 (MM-2D)    4     0.000181      0.248619      0.000724      ok
Implementation 1 (Serial)   9     0.000047      1.000000      0.000047      ok
Implementation 2 (MM-1D)    9     0.000280      0.168098      0.002516      ok
Implementation 3 (MM-2D)    9     0.000320      0.146875      0.002880      ok

CSV written to: /home/pbclevidence/MPI-MM-algorithms/csvs/M24_N6_Q18.csv
SVG graph written to: /home/pbclevidence/MPI-MM-algorithms/graphs/M24_N6_Q18.svg
