Running P= 1... done
Running P= 4... done
Running P= 9... done
Running P= 16... done
Running P= 25... done

Implementation              P     Seconds       Speedup       VsSerial      Cost          Status
----------------------------------------------------------------------------------------------------
Implementation 1 (Serial)   1     20.722367     1.000000      1.000000      20.722367     ok
Implementation 2 (MM-1D)    1     20.536200     1.000000      1.009065      20.536200     ok
Implementation 3 (MM-2D)    1     20.525437     1.000000      1.009594      20.525437     ok
Implementation 1 (Serial)   4     20.722367     1.000000      1.000000      20.722367     ok
Implementation 2 (MM-1D)    4     5.485480      3.743738      3.777676      21.941920     ok
Implementation 3 (MM-2D)    4     3.653934      5.617353      5.671248      14.615736     ok
Implementation 1 (Serial)   9     20.722367     1.000000      1.000000      20.722367     ok
Implementation 2 (MM-1D)    9     2.899430      7.082840      7.147049      26.094870     ok
Implementation 3 (MM-2D)    9     1.898489      10.811460     10.915189     17.086401     ok
Implementation 1 (Serial)   16    20.722367     1.000000      1.000000      20.722367     ok
Implementation 2 (MM-1D)    16    2.014000      10.196723     10.289159     32.224000     ok
Implementation 3 (MM-2D)    16    1.163335      17.643617     17.812897     18.613360     ok
Implementation 1 (Serial)   25    20.722367     1.000000      1.000000      20.722367     ok
Implementation 2 (MM-1D)    25    2.457430      8.356779      8.432536      61.435750     ok
Implementation 3 (MM-2D)    25    1.244678      16.490560     16.648777     31.116950     ok

CSV written to: /home/pbclevidence/MPI-MM-algorithms/csvs/M600_N3000_Q3600.csv
SVG graph written to: /home/pbclevidence/MPI-MM-algorithms/graphs/M600_N3000_Q3600.svg
