Running P= 1... done
Running P= 4... done
Running P= 9... done
Running P= 16... done
Running P= 25... done

Implementation              P     Seconds       Speedup       Cost          Status
--------------------------------------------------------------------------------------
Implementation 1 (Serial)   1     42.772911     1.000000      42.772911     ok
Implementation 2 (MM-1D)    1     3.030010      14.116426     3.030010      ok
Implementation 3 (MM-2D)    1     2.263342      18.898121     2.263342      ok
Implementation 1 (Serial)   4     42.772911     1.000000      42.772911     ok
Implementation 2 (MM-1D)    4     0.627243      68.191930     2.508972      ok
Implementation 3 (MM-2D)    4     0.603293      70.899067     2.413172      ok
Implementation 1 (Serial)   9     42.772911     1.000000      42.772911     ok
Implementation 2 (MM-1D)    9     0.548932      77.920236     4.940388      ok
Implementation 3 (MM-2D)    9     0.309370      138.258108    2.784330      ok
Implementation 1 (Serial)   16    42.772911     1.000000      42.772911     ok
Implementation 2 (MM-1D)    16    0.460886      92.805837     7.374176      ok
Implementation 3 (MM-2D)    16    0.262435      162.984781    4.198960      ok
Implementation 1 (Serial)   25    42.772911     1.000000      42.772911     ok
Implementation 2 (MM-1D)    25    0.424827      100.683127    10.620675     ok
Implementation 3 (MM-2D)    25    0.197762      216.284782    4.944050      ok

CSV written to: /home/pbclevidence/MPI-MM-algorithms/csvs/M2400_N600_Q1200.csv
SVG graph written to: /home/pbclevidence/MPI-MM-algorithms/graphs/M2400_N600_Q1200.svg
