/var/spool/slurm/slurmd/job17905/slurm_script: line 11: module: command not found
Running P= 1... done
Running P= 1... done
Running P= 1... done
Running P= 1... done
Running P= 1... done
Running P= 1... done
Running P= 1... done
Running P= 1... done
Running P= 1... done
Running P= 4... done
Running P= 4... done
Running P= 4... done
Running P= 4... done
Running P= 4... done
Running P= 4... done
Running P= 4... done
Running P= 4... done
Running P= 4... done
Running P= 9... done

Implementation              P     Seconds       Speedup       Cost          Status
--------------------------------------------------------------------------------------
Implementation 1 (Serial)   1     0.000102      1.000000      0.000102      ok
Implementation 2 (MM-1D)    1     0.000052      1.962894      0.000052      ok
Implementation 3 (MM-2D)    1     0.000052      1.961538      0.000052      ok
Implementation 1 (Serial)   4     0.000058      1.000000      0.000058      ok
Implementation 2 (MM-1D)    4     0.000188      0.308217      0.000753      ok
Implementation 3 (MM-2D)    4     0.000225      0.257778      0.000900      ok
Implementation 1 (Serial)   9     0.000070      1.000000      0.000070      ok
Implementation 2 (MM-1D)    9     0.000286      0.244565      0.002576      ok
Implementation 3 (MM-2D)    9     0.000385      0.181818      0.003465      ok

CSV written to: /home/pbclevidence/MPI-MM-algorithms/csvs/M6_N24_Q24.csv
SVG graph written to: /home/pbclevidence/MPI-MM-algorithms/graphs/M6_N24_Q24.svg
Running P= 9... done

Implementation              P     Seconds       Speedup       Cost          Status
--------------------------------------------------------------------------------------
Implementation 1 (Serial)   1     0.000104      1.000000      0.000104      ok
Implementation 2 (MM-1D)    1     0.000062      1.685928      0.000062      ok
Implementation 3 (MM-2D)    1     0.000050      2.080000      0.000050      ok
Implementation 1 (Serial)   4     0.000069      1.000000      0.000069      ok
Implementation 2 (MM-1D)    4     0.000197      0.350970      0.000786      ok
Implementation 3 (MM-2D)    4     0.000203      0.339901      0.000812      ok
Implementation 1 (Serial)   9     0.000070      1.000000      0.000070      ok
Implementation 2 (MM-1D)    9     0.000289      0.242599      0.002597      ok
Implementation 3 (MM-2D)    9     0.000375      0.186667      0.003375      ok

CSV written to: /home/pbclevidence/MPI-MM-algorithms/csvs/M6_N24_Q24.csv
SVG graph written to: /home/pbclevidence/MPI-MM-algorithms/graphs/M6_N24_Q24.svg
Running P= 9... done
Running P= 9... done
Running P= 9... done

Implementation              P     Seconds       Speedup       Cost          Status
--------------------------------------------------------------------------------------
Implementation 1 (Serial)   1     0.000101      1.000000      0.000101      ok
Implementation 2 (MM-1D)    1     0.000054      1.880102      0.000054      ok
Implementation 3 (MM-2D)    1     0.000054      1.870370      0.000054      ok
Implementation 1 (Serial)   4     0.000067      1.000000      0.000067      ok
Implementation 2 (MM-1D)    4     0.000178      0.375925      0.000713      ok
Implementation 3 (MM-2D)    4     0.000212      0.316038      0.000848      ok
Implementation 1 (Serial)   9     0.000065      1.000000      0.000065      ok
Implementation 2 (MM-1D)    9     0.000285      0.227859      0.002567      ok
Implementation 3 (MM-2D)    9     0.000365      0.178082      0.003285      ok

CSV written to: /home/pbclevidence/MPI-MM-algorithms/csvs/M6_N24_Q24.csv
SVG graph written to: /home/pbclevidence/MPI-MM-algorithms/graphs/M6_N24_Q24.svg

Implementation              P     Seconds       Speedup       Cost          Status
--------------------------------------------------------------------------------------
Implementation 1 (Serial)   1     0.000102      1.000000      0.000102      ok
Implementation 2 (MM-1D)    1     0.000066      1.536543      0.000066      ok
Implementation 3 (MM-2D)    1     0.000039      2.615385      0.000039      ok
Implementation 1 (Serial)   4     0.000067      1.000000      0.000067      ok
Implementation 2 (MM-1D)    4     0.000188      0.356880      0.000751      ok
Implementation 3 (MM-2D)    4     0.000209      0.320574      0.000836      ok
Implementation 1 (Serial)   9     0.000065      1.000000      0.000065      ok
Implementation 2 (MM-1D)    9     0.000287      0.226146      0.002587      ok
Implementation 3 (MM-2D)    9     0.000354      0.183616      0.003186      ok

CSV written to: /home/pbclevidence/MPI-MM-algorithms/csvs/M6_N24_Q24.csv
SVG graph written to: /home/pbclevidence/MPI-MM-algorithms/graphs/M6_N24_Q24.svg

Implementation              P     Seconds       Speedup       Cost          Status
--------------------------------------------------------------------------------------
Implementation 1 (Serial)   1     0.000102      1.000000      0.000102      ok
Implementation 2 (MM-1D)    1     0.000051      1.994638      0.000051      ok
Implementation 3 (MM-2D)    1     0.000053      1.924528      0.000053      ok
Implementation 1 (Serial)   4     0.000063      1.000000      0.000063      ok
Implementation 2 (MM-1D)    4     0.000187      0.337738      0.000746      ok
Implementation 3 (MM-2D)    4     0.000219      0.287671      0.000876      ok
Implementation 1 (Serial)   9     0.000062      1.000000      0.000062      ok
Implementation 2 (MM-1D)    9     0.000289      0.214202      0.002605      ok
Implementation 3 (MM-2D)    9     0.000362      0.171271      0.003258      ok

CSV written to: /home/pbclevidence/MPI-MM-algorithms/csvs/M6_N24_Q24.csv
SVG graph written to: /home/pbclevidence/MPI-MM-algorithms/graphs/M6_N24_Q24.svg
Running P= 9... done

Implementation              P     Seconds       Speedup       Cost          Status
--------------------------------------------------------------------------------------
Implementation 1 (Serial)   1     0.000102      1.000000      0.000102      ok
Implementation 2 (MM-1D)    1     0.000067      1.527753      0.000067      ok
Implementation 3 (MM-2D)    1     0.000053      1.924528      0.000053      ok
Implementation 1 (Serial)   4     0.000062      1.000000      0.000062      ok
Implementation 2 (MM-1D)    4     0.000194      0.320276      0.000774      ok
Implementation 3 (MM-2D)    4     0.000208      0.298077      0.000832      ok
Implementation 1 (Serial)   9     0.000068      1.000000      0.000068      ok
Implementation 2 (MM-1D)    9     0.000303      0.224234      0.002729      ok
Implementation 3 (MM-2D)    9     0.000359      0.189415      0.003231      ok

CSV written to: /home/pbclevidence/MPI-MM-algorithms/csvs/M6_N24_Q24.csv
SVG graph written to: /home/pbclevidence/MPI-MM-algorithms/graphs/M6_N24_Q24.svg
Running P= 9... done

Implementation              P     Seconds       Speedup       Cost          Status
--------------------------------------------------------------------------------------
Implementation 1 (Serial)   1     0.000071      1.000000      0.000071      ok
Implementation 2 (MM-1D)    1     0.000057      1.252927      0.000057      ok
Implementation 3 (MM-2D)    1     0.000040      1.775000      0.000040      ok
Implementation 1 (Serial)   4     0.000063      1.000000      0.000063      ok
Implementation 2 (MM-1D)    4     0.000185      0.341401      0.000738      ok
Implementation 3 (MM-2D)    4     0.000212      0.297170      0.000848      ok
Implementation 1 (Serial)   9     0.000070      1.000000      0.000070      ok
Implementation 2 (MM-1D)    9     0.000290      0.241659      0.002607      ok
Implementation 3 (MM-2D)    9     0.000358      0.195531      0.003222      ok

CSV written to: /home/pbclevidence/MPI-MM-algorithms/csvs/M6_N24_Q24.csv
SVG graph written to: /home/pbclevidence/MPI-MM-algorithms/graphs/M6_N24_Q24.svg
Running P= 9... done

Implementation              P     Seconds       Speedup       Cost          Status
--------------------------------------------------------------------------------------
Implementation 1 (Serial)   1     0.000102      1.000000      0.000102      ok
Implementation 2 (MM-1D)    1     0.000056      1.830549      0.000056      ok
Implementation 3 (MM-2D)    1     0.000042      2.428571      0.000042      ok
Implementation 1 (Serial)   4     0.000068      1.000000      0.000068      ok
Implementation 2 (MM-1D)    4     0.000188      0.361902      0.000752      ok
Implementation 3 (MM-2D)    4     0.000203      0.334975      0.000812      ok
Implementation 1 (Serial)   9     0.000063      1.000000      0.000063      ok
Implementation 2 (MM-1D)    9     0.000278      0.226549      0.002503      ok
Implementation 3 (MM-2D)    9     0.000362      0.174033      0.003258      ok

CSV written to: /home/pbclevidence/MPI-MM-algorithms/csvs/M6_N24_Q24.csv
SVG graph written to: /home/pbclevidence/MPI-MM-algorithms/graphs/M6_N24_Q24.svg
Running P= 9... done

Implementation              P     Seconds       Speedup       Cost          Status
--------------------------------------------------------------------------------------
Implementation 1 (Serial)   1     0.000102      1.000000      0.000102      ok
Implementation 2 (MM-1D)    1     0.000047      2.156872      0.000047      ok
Implementation 3 (MM-2D)    1     0.000050      2.040000      0.000050      ok
Implementation 1 (Serial)   4     0.000058      1.000000      0.000058      ok
Implementation 2 (MM-1D)    4     0.000188      0.308366      0.000752      ok
Implementation 3 (MM-2D)    4     0.000211      0.274882      0.000844      ok
Implementation 1 (Serial)   9     0.000070      1.000000      0.000070      ok
Implementation 2 (MM-1D)    9     0.000283      0.247345      0.002547      ok
Implementation 3 (MM-2D)    9     0.000373      0.187668      0.003357      ok

CSV written to: /home/pbclevidence/MPI-MM-algorithms/csvs/M6_N24_Q24.csv
SVG graph written to: /home/pbclevidence/MPI-MM-algorithms/graphs/M6_N24_Q24.svg
