Running P= 1... done
Running P= 4... done
Running P= 9... done
Running P= 16... done
Running P= 25... done

Implementation              P     Seconds       Speedup       VsSerial      Cost          Status
----------------------------------------------------------------------------------------------------
Implementation 1 (Serial)   1     36.315126     1.000000      1.000000      36.315126     ok
Implementation 2 (MM-1D)    1     34.846000     1.000000      1.042161      34.846000     ok
Implementation 3 (MM-2D)    1     34.913404     1.000000      1.040149      34.913404     ok
Implementation 1 (Serial)   4     36.315126     1.000000      1.000000      36.315126     ok
Implementation 2 (MM-1D)    4     9.303920      3.745303      3.903207      37.215680     ok
Implementation 3 (MM-2D)    4     9.120136      3.828167      3.981862      36.480544     ok
Implementation 1 (Serial)   9     36.315126     1.000000      1.000000      36.315126     ok
Implementation 2 (MM-1D)    9     4.752860      7.331586      7.640689      42.775740     ok
Implementation 3 (MM-2D)    9     4.578377      7.625716      7.931878      41.205393     ok
Implementation 1 (Serial)   16    36.315126     1.000000      1.000000      36.315126     ok
Implementation 2 (MM-1D)    16    3.126020      11.147082     11.617049     50.016320     ok
Implementation 3 (MM-2D)    16    3.057447      11.419136     11.877598     48.919152     ok
Implementation 1 (Serial)   25    36.315126     1.000000      1.000000      36.315126     ok
Implementation 2 (MM-1D)    25    4.118840      8.460149      8.816833      102.971000    ok
Implementation 3 (MM-2D)    25    2.731156      12.783380     13.296614     68.278900     ok

CSV written to: /home/pbclevidence/MPI-MM-algorithms/csvs/M1800_N3000_Q3000.csv
SVG graph written to: /home/pbclevidence/MPI-MM-algorithms/graphs/M1800_N3000_Q3000.svg
