Running P= 1... done
Running P= 4... done
Running P= 9... done
Running P= 16... done
Running P= 25... done

Implementation              P     Seconds       Speedup       Cost          Status
--------------------------------------------------------------------------------------
Implementation 1 (Serial)   1     19.336620     1.000000      19.336620     ok
Implementation 2 (MM-1D)    1     15.312600     1.262791      15.312600     ok
Implementation 3 (MM-2D)    1     15.245895     1.268316      15.245895     ok
Implementation 1 (Serial)   4     19.304177     1.000000      19.304177     ok
Implementation 2 (MM-1D)    4     4.222030      4.572250      16.888120     ok
Implementation 3 (MM-2D)    4     11.867083     1.626699      47.468332     ok
Implementation 1 (Serial)   9     19.568508     1.000000      19.568508     ok
Implementation 2 (MM-1D)    9     2.691040      7.271727      24.219360     ok
Implementation 3 (MM-2D)    9     12.899642     1.516981      116.096778    ok
Implementation 1 (Serial)   16    19.505443     1.000000      19.505443     ok
Implementation 2 (MM-1D)    16    1.711670      11.395563     27.386720     ok
Implementation 3 (MM-2D)    16    15.318229     1.273348      245.091664    ok
Implementation 1 (Serial)   25    19.543872     1.000000      19.543872     ok
Implementation 2 (MM-1D)    25    1.861430      10.499386     46.535750     ok
Implementation 3 (MM-2D)    25    20.615862     0.948002      515.396550    ok

CSV written to: /home/pbclevidence/MPI-MM-algorithms/csvs/M1800_N1800_Q600.csv
SVG graph written to: /home/pbclevidence/MPI-MM-algorithms/graphs/M1800_N1800_Q600.svg
