Running P= 1... done
Running P= 4... done
Running P= 9... done
Running P= 16... done
Running P= 25... done

Implementation              P     Seconds       Speedup       Cost          Status
--------------------------------------------------------------------------------------
Implementation 1 (Serial)   1     248.312661    1.000000      248.312661    ok
Implementation 2 (MM-1D)    1     203.012000    1.223143      203.012000    ok
Implementation 3 (MM-2D)    1     202.680199    1.225145      202.680199    ok
Implementation 1 (Serial)   4     248.088853    1.000000      248.088853    ok
Implementation 2 (MM-1D)    4     54.123900     4.583721      216.495600    ok
Implementation 3 (MM-2D)    4     102.369189    2.423472      409.476756    ok
Implementation 1 (Serial)   9     248.179993    1.000000      248.179993    ok
Implementation 2 (MM-1D)    9     26.227500     9.462587      236.047500    ok
Implementation 3 (MM-2D)    9     127.826518    1.941538      1150.438662   ok
Implementation 1 (Serial)   16    248.326178    1.000000      248.326178    ok
Implementation 2 (MM-1D)    16    15.916700     15.601612     254.667200    ok
Implementation 3 (MM-2D)    16    135.179892    1.837005      2162.878272   ok
Implementation 1 (Serial)   25    248.147589    1.000000      248.147589    ok
Implementation 2 (MM-1D)    25    17.922000     13.845976     448.050000    ok
Implementation 3 (MM-2D)    25    240.455373    1.031990      6011.384325   ok

CSV written to: /home/pbclevidence/MPI-MM-algorithms/csvs/M2400_N3000_Q2400.csv
SVG graph written to: /home/pbclevidence/MPI-MM-algorithms/graphs/M2400_N3000_Q2400.svg
