Running P= 1... done
Running P= 4... done
Running P= 9... done
Running P= 16... done
Running P= 25... done

Implementation              P     Seconds       Speedup       Cost          Status
--------------------------------------------------------------------------------------
Implementation 1 (Serial)   1     48.185464     1.000000      48.185464     ok
Implementation 2 (MM-1D)    1     46.574900     1.034580      46.574900     ok
Implementation 3 (MM-2D)    1     46.429664     1.037816      46.429664     ok
Implementation 1 (Serial)   4     48.185464     1.000000      48.185464     ok
Implementation 2 (MM-1D)    4     12.258700     3.930716      49.034800     ok
Implementation 3 (MM-2D)    4     11.603234     4.152762      46.412936     ok
Implementation 1 (Serial)   9     48.185464     1.000000      48.185464     ok
Implementation 2 (MM-1D)    9     6.189330      7.785247      55.703970     ok
Implementation 3 (MM-2D)    9     6.011761      8.015200      54.105849     ok
Implementation 1 (Serial)   16    48.185464     1.000000      48.185464     ok
Implementation 2 (MM-1D)    16    4.010650      12.014378     64.170400     ok
Implementation 3 (MM-2D)    16    4.126566      11.676892     66.025056     ok
Implementation 1 (Serial)   25    48.185464     1.000000      48.185464     ok
Implementation 2 (MM-1D)    25    5.332590      9.036034      133.314750    ok
Implementation 3 (MM-2D)    25    3.513869      13.712937     87.846725     ok

CSV written to: /home/pbclevidence/MPI-MM-algorithms/csvs/M3000_N2400_Q3000.csv
SVG graph written to: /home/pbclevidence/MPI-MM-algorithms/graphs/M3000_N2400_Q3000.svg
