/var/spool/slurm/slurmd/job17914/slurm_script: line 11: module: command not found
Running P= 1... done
Running P= 1... done
Running P= 1... done
Running P= 1... done
Running P= 1... done
Running P= 1... done
Running P= 1... done
Running P= 1... done
Running P= 1... done
Running P= 4... done
Running P= 4... done
Running P= 4... done
Running P= 4... done
Running P= 4... done
Running P= 4... done
Running P= 4... done
Running P= 4... done
Running P= 4... done
Running P= 9... done

Implementation              P     Seconds       Speedup       Cost          Status
--------------------------------------------------------------------------------------
Implementation 1 (Serial)   1     0.000026      1.000000      0.000026      ok
Implementation 2 (MM-1D)    1     0.000034      0.766116      0.000034      ok
Implementation 3 (MM-2D)    1     0.000022      1.181818      0.000022      ok
Implementation 1 (Serial)   4     0.000024      1.000000      0.000024      ok
Implementation 2 (MM-1D)    4     0.000165      0.145385      0.000660      ok
Implementation 3 (MM-2D)    4     0.000174      0.137931      0.000696      ok
Implementation 1 (Serial)   9     0.000027      1.000000      0.000027      ok
Implementation 2 (MM-1D)    9     0.000273      0.098924      0.002456      ok
Implementation 3 (MM-2D)    9     0.000335      0.080597      0.003015      ok

CSV written to: /home/pbclevidence/MPI-MM-algorithms/csvs/M12_N18_Q6.csv
SVG graph written to: /home/pbclevidence/MPI-MM-algorithms/graphs/M12_N18_Q6.svg
Running P= 9... done

Implementation              P     Seconds       Speedup       Cost          Status
--------------------------------------------------------------------------------------
Implementation 1 (Serial)   1     0.000027      1.000000      0.000027      ok
Implementation 2 (MM-1D)    1     0.000033      0.815890      0.000033      ok
Implementation 3 (MM-2D)    1     0.000019      1.421053      0.000019      ok
Implementation 1 (Serial)   4     0.000025      1.000000      0.000025      ok
Implementation 2 (MM-1D)    4     0.000173      0.144235      0.000693      ok
Implementation 3 (MM-2D)    4     0.000176      0.142045      0.000704      ok
Implementation 1 (Serial)   9     0.000026      1.000000      0.000026      ok
Implementation 2 (MM-1D)    9     0.000261      0.099759      0.002346      ok
Implementation 3 (MM-2D)    9     0.000341      0.076246      0.003069      ok

CSV written to: /home/pbclevidence/MPI-MM-algorithms/csvs/M12_N18_Q6.csv
SVG graph written to: /home/pbclevidence/MPI-MM-algorithms/graphs/M12_N18_Q6.svg
Running P= 9... done

Implementation              P     Seconds       Speedup       Cost          Status
--------------------------------------------------------------------------------------
Implementation 1 (Serial)   1     0.000027      1.000000      0.000027      ok
Implementation 2 (MM-1D)    1     0.000033      0.826616      0.000033      ok
Implementation 3 (MM-2D)    1     0.000020      1.350000      0.000020      ok
Implementation 1 (Serial)   4     0.000022      1.000000      0.000022      ok
Implementation 2 (MM-1D)    4     0.000164      0.133995      0.000657      ok
Implementation 3 (MM-2D)    4     0.000160      0.137500      0.000640      ok
Implementation 1 (Serial)   9     0.000023      1.000000      0.000023      ok
Implementation 2 (MM-1D)    9     0.000282      0.081679      0.002534      ok
Implementation 3 (MM-2D)    9     0.000348      0.066092      0.003132      ok

CSV written to: /home/pbclevidence/MPI-MM-algorithms/csvs/M12_N18_Q6.csv
SVG graph written to: /home/pbclevidence/MPI-MM-algorithms/graphs/M12_N18_Q6.svg
Running P= 9... done

Implementation              P     Seconds       Speedup       Cost          Status
--------------------------------------------------------------------------------------
Implementation 1 (Serial)   1     0.000027      1.000000      0.000027      ok
Implementation 2 (MM-1D)    1     0.000033      0.808269      0.000033      ok
Implementation 3 (MM-2D)    1     0.000016      1.687500      0.000016      ok
Implementation 1 (Serial)   4     0.000025      1.000000      0.000025      ok
Implementation 2 (MM-1D)    4     0.000166      0.150308      0.000665      ok
Implementation 3 (MM-2D)    4     0.000176      0.142045      0.000704      ok
Implementation 1 (Serial)   9     0.000027      1.000000      0.000027      ok
Implementation 2 (MM-1D)    9     0.000281      0.096251      0.002525      ok
Implementation 3 (MM-2D)    9     0.000325      0.083077      0.002925      ok

CSV written to: /home/pbclevidence/MPI-MM-algorithms/csvs/M12_N18_Q6.csv
SVG graph written to: /home/pbclevidence/MPI-MM-algorithms/graphs/M12_N18_Q6.svg
Running P= 9... done

Implementation              P     Seconds       Speedup       Cost          Status
--------------------------------------------------------------------------------------
Implementation 1 (Serial)   1     0.000027      1.000000      0.000027      ok
Implementation 2 (MM-1D)    1     0.000026      1.044835      0.000026      ok
Implementation 3 (MM-2D)    1     0.000016      1.687500      0.000016      ok
Implementation 1 (Serial)   4     0.000023      1.000000      0.000023      ok
Implementation 2 (MM-1D)    4     0.000182      0.126531      0.000727      ok
Implementation 3 (MM-2D)    4     0.000172      0.133721      0.000688      ok
Implementation 1 (Serial)   9     0.000024      1.000000      0.000024      ok
Implementation 2 (MM-1D)    9     0.000271      0.088572      0.002439      ok
Implementation 3 (MM-2D)    9     0.000332      0.072289      0.002988      ok

CSV written to: /home/pbclevidence/MPI-MM-algorithms/csvs/M12_N18_Q6.csv
SVG graph written to: /home/pbclevidence/MPI-MM-algorithms/graphs/M12_N18_Q6.svg
Running P= 9... done

Implementation              P     Seconds       Speedup       Cost          Status
--------------------------------------------------------------------------------------
Implementation 1 (Serial)   1     0.000027      1.000000      0.000027      ok
Implementation 2 (MM-1D)    1     0.000034      0.783563      0.000034      ok
Implementation 3 (MM-2D)    1     0.000021      1.285714      0.000021      ok
Implementation 1 (Serial)   4     0.000023      1.000000      0.000023      ok
Implementation 2 (MM-1D)    4     0.000172      0.134110      0.000686      ok
Implementation 3 (MM-2D)    4     0.000176      0.130682      0.000704      ok
Implementation 1 (Serial)   9     0.000027      1.000000      0.000027      ok
Implementation 2 (MM-1D)    9     0.000269      0.100285      0.002423      ok
Implementation 3 (MM-2D)    9     0.000320      0.084375      0.002880      ok

CSV written to: /home/pbclevidence/MPI-MM-algorithms/csvs/M12_N18_Q6.csv
SVG graph written to: /home/pbclevidence/MPI-MM-algorithms/graphs/M12_N18_Q6.svg
Running P= 9... done

Implementation              P     Seconds       Speedup       Cost          Status
--------------------------------------------------------------------------------------
Implementation 1 (Serial)   1     0.000027      1.000000      0.000027      ok
Implementation 2 (MM-1D)    1     0.000033      0.806876      0.000033      ok
Implementation 3 (MM-2D)    1     0.000020      1.350000      0.000020      ok
Implementation 1 (Serial)   4     0.000027      1.000000      0.000027      ok
Implementation 2 (MM-1D)    4     0.000169      0.159578      0.000677      ok
Implementation 3 (MM-2D)    4     0.000184      0.146739      0.000736      ok
Implementation 1 (Serial)   9     0.000027      1.000000      0.000027      ok
Implementation 2 (MM-1D)    9     0.000267      0.101209      0.002401      ok
Implementation 3 (MM-2D)    9     0.000329      0.082067      0.002961      ok

CSV written to: /home/pbclevidence/MPI-MM-algorithms/csvs/M12_N18_Q6.csv
SVG graph written to: /home/pbclevidence/MPI-MM-algorithms/graphs/M12_N18_Q6.svg
Running P= 9... done

Implementation              P     Seconds       Speedup       Cost          Status
--------------------------------------------------------------------------------------
Implementation 1 (Serial)   1     0.000027      1.000000      0.000027      ok
Implementation 2 (MM-1D)    1     0.000029      0.943505      0.000029      ok
Implementation 3 (MM-2D)    1     0.000020      1.350000      0.000020      ok
Implementation 1 (Serial)   4     0.000024      1.000000      0.000024      ok
Implementation 2 (MM-1D)    4     0.000169      0.141845      0.000677      ok
Implementation 3 (MM-2D)    4     0.000178      0.134831      0.000712      ok
Implementation 1 (Serial)   9     0.000024      1.000000      0.000024      ok
Implementation 2 (MM-1D)    9     0.000265      0.090663      0.002382      ok
Implementation 3 (MM-2D)    9     0.000315      0.076190      0.002835      ok

CSV written to: /home/pbclevidence/MPI-MM-algorithms/csvs/M12_N18_Q6.csv
SVG graph written to: /home/pbclevidence/MPI-MM-algorithms/graphs/M12_N18_Q6.svg
Running P= 9... done

Implementation              P     Seconds       Speedup       Cost          Status
--------------------------------------------------------------------------------------
Implementation 1 (Serial)   1     0.000028      1.000000      0.000028      ok
Implementation 2 (MM-1D)    1     0.000034      0.812737      0.000034      ok
Implementation 3 (MM-2D)    1     0.000020      1.400000      0.000020      ok
Implementation 1 (Serial)   4     0.000024      1.000000      0.000024      ok
Implementation 2 (MM-1D)    4     0.000160      0.150428      0.000638      ok
Implementation 3 (MM-2D)    4     0.000184      0.130435      0.000736      ok
Implementation 1 (Serial)   9     0.000027      1.000000      0.000027      ok
Implementation 2 (MM-1D)    9     0.000260      0.103738      0.002342      ok
Implementation 3 (MM-2D)    9     0.000347      0.077810      0.003123      ok

CSV written to: /home/pbclevidence/MPI-MM-algorithms/csvs/M12_N18_Q6.csv
SVG graph written to: /home/pbclevidence/MPI-MM-algorithms/graphs/M12_N18_Q6.svg
