/var/spool/slurm/slurmd/job18401/slurm_script: line 11: module: command not found
Running P= 1... done
Running P= 1... done
Running P= 1... done
Running P= 1... done
Running P= 4... done

Implementation              P     Seconds       Speedup       Cost          Status
--------------------------------------------------------------------------------------
Implementation 1 (Serial)   1     0.000055      1.000000      0.000055      ok
Implementation 2 (MM-1D)    1     0.000077      0.711353      0.000077      ok
Implementation 3 (MM-2D)    1     0.000068      0.808824      0.000068      ok
Implementation 1 (Serial)   4     0.000055      1.000000      0.000055      ok
Implementation 2 (MM-1D)    4     0.000223      0.246635      0.000892      ok
Implementation 3 (MM-2D)    4     0.000214      0.257009      0.000856      ok

CSV written to: /home/pbclevidence/MPI-MM-algorithms/csvs/M18_N12_Q18.csv
SVG graph written to: /home/pbclevidence/MPI-MM-algorithms/graphs/M18_N12_Q18.svg
Running P= 4... done
Running P= 4... done
Running P= 4... done

Implementation              P     Seconds       Speedup       Cost          Status
--------------------------------------------------------------------------------------
Implementation 1 (Serial)   1     0.000053      1.000000      0.000053      ok
Implementation 2 (MM-1D)    1     0.000061      0.872733      0.000061      ok
Implementation 3 (MM-2D)    1     0.000049      1.081633      0.000049      ok
Implementation 1 (Serial)   4     0.000055      1.000000      0.000055      ok
Implementation 2 (MM-1D)    4     0.000236      0.232723      0.000945      ok
Implementation 3 (MM-2D)    4     0.000232      0.237069      0.000928      ok

CSV written to: /home/pbclevidence/MPI-MM-algorithms/csvs/M18_N12_Q18.csv
SVG graph written to: /home/pbclevidence/MPI-MM-algorithms/graphs/M18_N12_Q18.svg

Implementation              P     Seconds       Speedup       Cost          Status
--------------------------------------------------------------------------------------
Implementation 1 (Serial)   1     0.000075      1.000000      0.000075      ok
Implementation 2 (MM-1D)    1     0.000068      1.110292      0.000068      ok
Implementation 3 (MM-2D)    1     0.000047      1.595745      0.000047      ok
Implementation 1 (Serial)   4     0.000055      1.000000      0.000055      ok
Implementation 2 (MM-1D)    4     0.000208      0.263837      0.000834      ok
Implementation 3 (MM-2D)    4     0.000257      0.214008      0.001028      ok

CSV written to: /home/pbclevidence/MPI-MM-algorithms/csvs/M18_N12_Q18.csv
SVG graph written to: /home/pbclevidence/MPI-MM-algorithms/graphs/M18_N12_Q18.svg

Implementation              P     Seconds       Speedup       Cost          Status
--------------------------------------------------------------------------------------
Implementation 1 (Serial)   1     0.000055      1.000000      0.000055      ok
Implementation 2 (MM-1D)    1     0.000075      0.736458      0.000075      ok
Implementation 3 (MM-2D)    1     0.000046      1.195652      0.000046      ok
Implementation 1 (Serial)   4     0.000052      1.000000      0.000052      ok
Implementation 2 (MM-1D)    4     0.000225      0.230711      0.000902      ok
Implementation 3 (MM-2D)    4     0.000244      0.213115      0.000976      ok

CSV written to: /home/pbclevidence/MPI-MM-algorithms/csvs/M18_N12_Q18.csv
SVG graph written to: /home/pbclevidence/MPI-MM-algorithms/graphs/M18_N12_Q18.svg
