Running P= 1... done
Running P= 4... done
Running P= 9... done
Running P= 16... done
Running P= 25... done

Implementation              P     Seconds       Speedup       Cost          Status
--------------------------------------------------------------------------------------
Implementation 1 (Serial)   1     246.684429    1.000000      246.684429    ok
Implementation 2 (MM-1D)    1     249.749000    0.987729      249.749000    ok
Implementation 3 (MM-2D)    1     250.299193    0.985558      250.299193    ok
Implementation 1 (Serial)   4     246.684429    1.000000      246.684429    ok
Implementation 2 (MM-1D)    4     128.107000    1.925612      512.428000    ok
Implementation 3 (MM-2D)    4     8.965134      27.515978     35.860536     ok
Implementation 1 (Serial)   9     246.684429    1.000000      246.684429    ok
Implementation 2 (MM-1D)    9     141.886000    1.738610      1276.974000   ok
Implementation 3 (MM-2D)    9     6.399302      38.548646     57.593718     ok
Implementation 1 (Serial)   16    246.684429    1.000000      246.684429    ok
Implementation 2 (MM-1D)    16    125.433000    1.966663      2006.928000   ok
Implementation 3 (MM-2D)    16    4.445483      55.491030     71.127728     ok
Implementation 1 (Serial)   25    246.684429    1.000000      246.684429    ok
Implementation 2 (MM-1D)    25    115.995000    2.126682      2899.875000   ok
Implementation 3 (MM-2D)    25    4.397973      56.090483     109.949325    ok

CSV written to: /home/pbclevidence/MPI-MM-algorithms/csvs/M3000_N2400_Q1800.csv
SVG graph written to: /home/pbclevidence/MPI-MM-algorithms/graphs/M3000_N2400_Q1800.svg
