/var/spool/slurm/slurmd/job17952/slurm_script: line 11: module: command not found
Running P= 1... done
Running P= 1... done
Running P= 1... done
Running P= 1... done
Running P= 1... done
Running P= 1... done
Running P= 1... done
Running P= 1... done
Running P= 1... done
Running P= 4... done
Running P= 4... done
Running P= 4... done
Running P= 4... done
Running P= 4... done
Running P= 4... done
Running P= 4... done
Running P= 4... done
Running P= 4... done
Running P= 9... done

Implementation              P     Seconds       Speedup       Cost          Status
--------------------------------------------------------------------------------------
Implementation 1 (Serial)   1     0.000213      1.000000      0.000213      ok
Implementation 2 (MM-1D)    1     0.000156      1.368174      0.000156      ok
Implementation 3 (MM-2D)    1     0.000100      2.130000      0.000100      ok
Implementation 1 (Serial)   4     0.000173      1.000000      0.000173      ok
Implementation 2 (MM-1D)    4     0.000208      0.832603      0.000831      ok
Implementation 3 (MM-2D)    4     0.000283      0.611307      0.001132      ok
Implementation 1 (Serial)   9     0.000185      1.000000      0.000185      ok
Implementation 2 (MM-1D)    9     0.000310      0.597588      0.002786      ok
Implementation 3 (MM-2D)    9     0.000415      0.445783      0.003735      ok

CSV written to: /home/pbclevidence/MPI-MM-algorithms/csvs/M24_N24_Q18.csv
SVG graph written to: /home/pbclevidence/MPI-MM-algorithms/graphs/M24_N24_Q18.svg
Running P= 9... done

Implementation              P     Seconds       Speedup       Cost          Status
--------------------------------------------------------------------------------------
Implementation 1 (Serial)   1     0.000248      1.000000      0.000248      ok
Implementation 2 (MM-1D)    1     0.000157      1.580604      0.000157      ok
Implementation 3 (MM-2D)    1     0.000097      2.556701      0.000097      ok
Implementation 1 (Serial)   4     0.000161      1.000000      0.000161      ok
Implementation 2 (MM-1D)    4     0.000214      0.752428      0.000856      ok
Implementation 3 (MM-2D)    4     0.000252      0.638889      0.001008      ok
Implementation 1 (Serial)   9     0.000179      1.000000      0.000179      ok
Implementation 2 (MM-1D)    9     0.000319      0.560896      0.002872      ok
Implementation 3 (MM-2D)    9     0.000396      0.452020      0.003564      ok

CSV written to: /home/pbclevidence/MPI-MM-algorithms/csvs/M24_N24_Q18.csv
SVG graph written to: /home/pbclevidence/MPI-MM-algorithms/graphs/M24_N24_Q18.svg
Running P= 9... done

Implementation              P     Seconds       Speedup       Cost          Status
--------------------------------------------------------------------------------------
Implementation 1 (Serial)   1     0.000210      1.000000      0.000210      ok
Implementation 2 (MM-1D)    1     0.000110      1.902312      0.000110      ok
Implementation 3 (MM-2D)    1     0.000137      1.532847      0.000137      ok
Implementation 1 (Serial)   4     0.000186      1.000000      0.000186      ok
Implementation 2 (MM-1D)    4     0.000207      0.898113      0.000828      ok
Implementation 3 (MM-2D)    4     0.000250      0.744000      0.001000      ok
Implementation 1 (Serial)   9     0.000201      1.000000      0.000201      ok
Implementation 2 (MM-1D)    9     0.000339      0.593652      0.003047      ok
Implementation 3 (MM-2D)    9     0.000399      0.503759      0.003591      ok

CSV written to: /home/pbclevidence/MPI-MM-algorithms/csvs/M24_N24_Q18.csv
SVG graph written to: /home/pbclevidence/MPI-MM-algorithms/graphs/M24_N24_Q18.svg
Running P= 9... done

Implementation              P     Seconds       Speedup       Cost          Status
--------------------------------------------------------------------------------------
Implementation 1 (Serial)   1     0.000210      1.000000      0.000210      ok
Implementation 2 (MM-1D)    1     0.000140      1.501996      0.000140      ok
Implementation 3 (MM-2D)    1     0.000136      1.544118      0.000136      ok
Implementation 1 (Serial)   4     0.000161      1.000000      0.000161      ok
Implementation 2 (MM-1D)    4     0.000202      0.798065      0.000807      ok
Implementation 3 (MM-2D)    4     0.000249      0.646586      0.000996      ok
Implementation 1 (Serial)   9     0.000193      1.000000      0.000193      ok
Implementation 2 (MM-1D)    9     0.000309      0.624155      0.002783      ok
Implementation 3 (MM-2D)    9     0.000393      0.491094      0.003537      ok

CSV written to: /home/pbclevidence/MPI-MM-algorithms/csvs/M24_N24_Q18.csv
SVG graph written to: /home/pbclevidence/MPI-MM-algorithms/graphs/M24_N24_Q18.svg
Running P= 9... done

Implementation              P     Seconds       Speedup       Cost          Status
--------------------------------------------------------------------------------------
Implementation 1 (Serial)   1     0.000220      1.000000      0.000220      ok
Implementation 2 (MM-1D)    1     0.000156      1.410058      0.000156      ok
Implementation 3 (MM-2D)    1     0.000117      1.880342      0.000117      ok
Implementation 1 (Serial)   4     0.000201      1.000000      0.000201      ok
Implementation 2 (MM-1D)    4     0.000205      0.979876      0.000821      ok
Implementation 3 (MM-2D)    4     0.000263      0.764259      0.001052      ok
Implementation 1 (Serial)   9     0.000209      1.000000      0.000209      ok
Implementation 2 (MM-1D)    9     0.000307      0.680133      0.002766      ok
Implementation 3 (MM-2D)    9     0.000390      0.535897      0.003510      ok

CSV written to: /home/pbclevidence/MPI-MM-algorithms/csvs/M24_N24_Q18.csv
SVG graph written to: /home/pbclevidence/MPI-MM-algorithms/graphs/M24_N24_Q18.svg
Running P= 9... done

Implementation              P     Seconds       Speedup       Cost          Status
--------------------------------------------------------------------------------------
Implementation 1 (Serial)   1     0.000214      1.000000      0.000214      ok
Implementation 2 (MM-1D)    1     0.000152      1.409898      0.000152      ok
Implementation 3 (MM-2D)    1     0.000120      1.783333      0.000120      ok
Implementation 1 (Serial)   4     0.000193      1.000000      0.000193      ok
Implementation 2 (MM-1D)    4     0.000216      0.894599      0.000863      ok
Implementation 3 (MM-2D)    4     0.000251      0.768924      0.001004      ok
Implementation 1 (Serial)   9     0.000193      1.000000      0.000193      ok
Implementation 2 (MM-1D)    9     0.000298      0.648580      0.002678      ok
Implementation 3 (MM-2D)    9     0.000401      0.481297      0.003609      ok

CSV written to: /home/pbclevidence/MPI-MM-algorithms/csvs/M24_N24_Q18.csv
SVG graph written to: /home/pbclevidence/MPI-MM-algorithms/graphs/M24_N24_Q18.svg
Running P= 9... done

Implementation              P     Seconds       Speedup       Cost          Status
--------------------------------------------------------------------------------------
Implementation 1 (Serial)   1     0.000210      1.000000      0.000210      ok
Implementation 2 (MM-1D)    1     0.000108      1.941101      0.000108      ok
Implementation 3 (MM-2D)    1     0.000135      1.555556      0.000135      ok
Implementation 1 (Serial)   4     0.000201      1.000000      0.000201      ok
Implementation 2 (MM-1D)    4     0.000208      0.967784      0.000831      ok
Implementation 3 (MM-2D)    4     0.000250      0.804000      0.001000      ok
Implementation 1 (Serial)   9     0.000209      1.000000      0.000209      ok
Implementation 2 (MM-1D)    9     0.000308      0.678957      0.002770      ok
Implementation 3 (MM-2D)    9     0.000389      0.537275      0.003501      ok

CSV written to: /home/pbclevidence/MPI-MM-algorithms/csvs/M24_N24_Q18.csv
SVG graph written to: /home/pbclevidence/MPI-MM-algorithms/graphs/M24_N24_Q18.svg
Running P= 9... done

Implementation              P     Seconds       Speedup       Cost          Status
--------------------------------------------------------------------------------------
Implementation 1 (Serial)   1     0.000209      1.000000      0.000209      ok
Implementation 2 (MM-1D)    1     0.000152      1.377765      0.000152      ok
Implementation 3 (MM-2D)    1     0.000097      2.154639      0.000097      ok
Implementation 1 (Serial)   4     0.000201      1.000000      0.000201      ok
Implementation 2 (MM-1D)    4     0.000209      0.960174      0.000837      ok
Implementation 3 (MM-2D)    4     0.000254      0.791339      0.001016      ok
Implementation 1 (Serial)   9     0.000193      1.000000      0.000193      ok
Implementation 2 (MM-1D)    9     0.000304      0.635826      0.002732      ok
Implementation 3 (MM-2D)    9     0.000408      0.473039      0.003672      ok

CSV written to: /home/pbclevidence/MPI-MM-algorithms/csvs/M24_N24_Q18.csv
SVG graph written to: /home/pbclevidence/MPI-MM-algorithms/graphs/M24_N24_Q18.svg
Running P= 9... done

Implementation              P     Seconds       Speedup       Cost          Status
--------------------------------------------------------------------------------------
Implementation 1 (Serial)   1     0.000210      1.000000      0.000210      ok
Implementation 2 (MM-1D)    1     0.000122      1.715784      0.000122      ok
Implementation 3 (MM-2D)    1     0.000101      2.079208      0.000101      ok
Implementation 1 (Serial)   4     0.000193      1.000000      0.000193      ok
Implementation 2 (MM-1D)    4     0.000223      0.863894      0.000894      ok
Implementation 3 (MM-2D)    4     0.000275      0.701818      0.001100      ok
Implementation 1 (Serial)   9     0.000180      1.000000      0.000180      ok
Implementation 2 (MM-1D)    9     0.000313      0.574628      0.002819      ok
Implementation 3 (MM-2D)    9     0.000398      0.452261      0.003582      ok

CSV written to: /home/pbclevidence/MPI-MM-algorithms/csvs/M24_N24_Q18.csv
SVG graph written to: /home/pbclevidence/MPI-MM-algorithms/graphs/M24_N24_Q18.svg
