=== mpirun path ===
/apps/openmpi3/bin/mpirun
=== mpirun -np 4 test ===
cn16
cn16
cn16
cn16
=== starting benchmark ===
Running P= 1... done
Running P= 4... done
Running P= 9... done

Implementation              P     Seconds       Speedup       Cost          Status
--------------------------------------------------------------------------------------
Implementation 1 (Serial)   1     8.426294      1.000000      8.426294      ok
Implementation 2 (MM-1D)    1     6.657210      1.265740      6.657210      ok
Implementation 3 (MM-2D)    1     6.517124      1.292947      6.517124      ok
Implementation 1 (Serial)   4     8.404397      1.000000      8.404397      ok
Implementation 2 (MM-1D)    4     2.373870      3.540378      9.495480      ok
Implementation 3 (MM-2D)    4     5.163380      1.627693      20.653520     ok
Implementation 1 (Serial)   9     8.416074      1.000000      8.416074      ok
Implementation 2 (MM-1D)    9     1.271390      6.619585      11.442510     ok
Implementation 3 (MM-2D)    9     5.831558      1.443195      52.484022     ok

CSV written to: /home/pbclevidence/MPI-MM-algorithms/csvs/M600_N1200_Q1200.csv
SVG graph written to: /home/pbclevidence/MPI-MM-algorithms/graphs/M600_N1200_Q1200.svg
