Running P= 1... done
Running P= 4... done
Running P= 9... done
Running P= 16... done
Running P= 25... done

Implementation              P     Seconds       Speedup       Cost          Status
--------------------------------------------------------------------------------------
Implementation 1 (Serial)   1     164.233479    1.000000      164.233479    ok
Implementation 2 (MM-1D)    1     133.455000    1.230628      133.455000    ok
Implementation 3 (MM-2D)    1     133.335455    1.231731      133.335455    ok
Implementation 1 (Serial)   4     164.334643    1.000000      164.334643    ok
Implementation 2 (MM-1D)    4     35.294600     4.656085      141.178400    ok
Implementation 3 (MM-2D)    4     76.872176     2.137765      307.488704    ok
Implementation 1 (Serial)   9     164.278065    1.000000      164.278065    ok
Implementation 2 (MM-1D)    9     17.693500     9.284656      159.241500    ok
Implementation 3 (MM-2D)    9     84.400220     1.946417      759.601980    ok
Implementation 1 (Serial)   16    164.377706    1.000000      164.377706    ok
Implementation 2 (MM-1D)    16    10.646100     15.440181     170.337600    ok
Implementation 3 (MM-2D)    16    105.037091    1.564949      1680.593456   ok
Implementation 1 (Serial)   25    164.339196    1.000000      164.339196    ok
Implementation 2 (MM-1D)    25    11.838800     13.881407     295.970000    ok
Implementation 3 (MM-2D)    25    142.992538    1.149285      3574.813450   ok

CSV written to: /home/pbclevidence/MPI-MM-algorithms/csvs/M2400_N1800_Q3000.csv
SVG graph written to: /home/pbclevidence/MPI-MM-algorithms/graphs/M2400_N1800_Q3000.svg
