Running P= 1... done
Running P= 4... done
Running P= 9... done
Running P= 16... done
Running P= 25... done

Implementation              P     Seconds       Speedup       Cost          Status
--------------------------------------------------------------------------------------
Implementation 1 (Serial)   1     13.172726     1.000000      13.172726     ok
Implementation 2 (MM-1D)    1     13.202500     0.997745      13.202500     ok
Implementation 3 (MM-2D)    1     13.172085     1.000049      13.172085     ok
Implementation 1 (Serial)   4     13.172726     1.000000      13.172726     ok
Implementation 2 (MM-1D)    4     3.624150      3.634708      14.496600     ok
Implementation 3 (MM-2D)    4     1.371127      9.607225      5.484508      ok
Implementation 1 (Serial)   9     13.172726     1.000000      13.172726     ok
Implementation 2 (MM-1D)    9     1.891430      6.964427      17.022870     ok
Implementation 3 (MM-2D)    9     0.734085      17.944415     6.606765      ok
Implementation 1 (Serial)   16    13.172726     1.000000      13.172726     ok
Implementation 2 (MM-1D)    16    1.251350      10.526812     20.021600     ok
Implementation 3 (MM-2D)    16    0.505095      26.079700     8.081520      ok
Implementation 1 (Serial)   25    13.172726     1.000000      13.172726     ok
Implementation 2 (MM-1D)    25    1.515450      8.692287      37.886250     ok
Implementation 3 (MM-2D)    25    0.629774      20.916592     15.744350     ok

CSV written to: /home/pbclevidence/MPI-MM-algorithms/csvs/M1200_N3000_Q1200.csv
SVG graph written to: /home/pbclevidence/MPI-MM-algorithms/graphs/M1200_N3000_Q1200.svg
