/var/spool/slurm/slurmd/job18400/slurm_script: line 11: module: command not found
Running P= 1... done
Running P= 1... done
Running P= 1... done
Running P= 1... done
Running P= 4... done

Implementation              P     Seconds       Speedup       Cost          Status
--------------------------------------------------------------------------------------
Implementation 1 (Serial)   1     0.000037      1.000000      0.000037      ok
Implementation 2 (MM-1D)    1     0.000058      0.641268      0.000058      ok
Implementation 3 (MM-2D)    1     0.000061      0.606557      0.000061      ok
Implementation 1 (Serial)   4     0.000038      1.000000      0.000038      ok
Implementation 2 (MM-1D)    4     0.000187      0.202772      0.000750      ok
Implementation 3 (MM-2D)    4     0.000180      0.211111      0.000720      ok

CSV written to: /home/pbclevidence/MPI-MM-algorithms/csvs/M18_N12_Q12.csv
SVG graph written to: /home/pbclevidence/MPI-MM-algorithms/graphs/M18_N12_Q12.svg
Running P= 4... done
Running P= 4... done

Implementation              P     Seconds       Speedup       Cost          Status
--------------------------------------------------------------------------------------
Implementation 1 (Serial)   1     0.000038      1.000000      0.000038      ok
Implementation 2 (MM-1D)    1     0.000056      0.680888      0.000056      ok
Implementation 3 (MM-2D)    1     0.000047      0.808511      0.000047      ok
Implementation 1 (Serial)   4     0.000038      1.000000      0.000038      ok
Implementation 2 (MM-1D)    4     0.000199      0.191142      0.000795      ok
Implementation 3 (MM-2D)    4     0.000197      0.192893      0.000788      ok

CSV written to: /home/pbclevidence/MPI-MM-algorithms/csvs/M18_N12_Q12.csv
SVG graph written to: /home/pbclevidence/MPI-MM-algorithms/graphs/M18_N12_Q12.svg
Running P= 4... done

Implementation              P     Seconds       Speedup       Cost          Status
--------------------------------------------------------------------------------------
Implementation 1 (Serial)   1     0.000037      1.000000      0.000037      ok
Implementation 2 (MM-1D)    1     0.000062      0.600682      0.000062      ok
Implementation 3 (MM-2D)    1     0.000042      0.880952      0.000042      ok
Implementation 1 (Serial)   4     0.000037      1.000000      0.000037      ok
Implementation 2 (MM-1D)    4     0.000191      0.193816      0.000764      ok
Implementation 3 (MM-2D)    4     0.000230      0.160870      0.000920      ok

CSV written to: /home/pbclevidence/MPI-MM-algorithms/csvs/M18_N12_Q12.csv
SVG graph written to: /home/pbclevidence/MPI-MM-algorithms/graphs/M18_N12_Q12.svg

Implementation              P     Seconds       Speedup       Cost          Status
--------------------------------------------------------------------------------------
Implementation 1 (Serial)   1     0.000036      1.000000      0.000036      ok
Implementation 2 (MM-1D)    1     0.000056      0.642607      0.000056      ok
Implementation 3 (MM-2D)    1     0.000036      1.000000      0.000036      ok
Implementation 1 (Serial)   4     0.000038      1.000000      0.000038      ok
Implementation 2 (MM-1D)    4     0.000213      0.178133      0.000853      ok
Implementation 3 (MM-2D)    4     0.000180      0.211111      0.000720      ok

CSV written to: /home/pbclevidence/MPI-MM-algorithms/csvs/M18_N12_Q12.csv
SVG graph written to: /home/pbclevidence/MPI-MM-algorithms/graphs/M18_N12_Q12.svg
