Running P= 1... done
Running P= 4... done
Running P= 9... done
Running P= 16... done
Running P= 25... done

Implementation              P     Seconds       Speedup       Cost          Status
--------------------------------------------------------------------------------------
Implementation 1 (Serial)   1     13.789284     1.000000      13.789284     ok
Implementation 2 (MM-1D)    1     13.803300     0.998985      13.803300     ok
Implementation 3 (MM-2D)    1     14.425758     0.955879      14.425758     ok
Implementation 1 (Serial)   4     13.789284     1.000000      13.789284     ok
Implementation 2 (MM-1D)    4     4.219170      3.268246      16.876680     ok
Implementation 3 (MM-2D)    4     1.633657      8.440746      6.534628      ok
Implementation 1 (Serial)   9     13.789284     1.000000      13.789284     ok
Implementation 2 (MM-1D)    9     2.114800      6.520373      19.033200     ok
Implementation 3 (MM-2D)    9     0.859068      16.051446     7.731612      ok
Implementation 1 (Serial)   16    13.789284     1.000000      13.789284     ok
Implementation 2 (MM-1D)    16    1.340340      10.287900     21.445440     ok
Implementation 3 (MM-2D)    16    0.558745      24.679029     8.939920      ok
Implementation 1 (Serial)   25    13.789284     1.000000      13.789284     ok
Implementation 2 (MM-1D)    25    1.546400      8.917023      38.660000     ok
Implementation 3 (MM-2D)    25    0.683776      20.166376     17.094400     ok

CSV written to: /home/pbclevidence/MPI-MM-algorithms/csvs/M1800_N2400_Q1200.csv
SVG graph written to: /home/pbclevidence/MPI-MM-algorithms/graphs/M1800_N2400_Q1200.svg
