Running P= 1... done
Running P= 4... done
Running P= 9... done
Running P= 16... done
Running P= 25... done

Implementation              P     Seconds       Speedup       Cost          Status
--------------------------------------------------------------------------------------
Implementation 1 (Serial)   1     12.607976     1.000000      12.607976     ok
Implementation 2 (MM-1D)    1     9.898250      1.273758      9.898250      ok
Implementation 3 (MM-2D)    1     9.832821      1.282234      9.832821      ok
Implementation 1 (Serial)   4     12.642820     1.000000      12.642820     ok
Implementation 2 (MM-1D)    4     2.680510      4.716573      10.722040     ok
Implementation 3 (MM-2D)    4     7.731816      1.635168      30.927264     ok
Implementation 1 (Serial)   9     12.595016     1.000000      12.595016     ok
Implementation 2 (MM-1D)    9     1.876580      6.711686      16.889220     ok
Implementation 3 (MM-2D)    9     8.536378      1.475452      76.827402     ok
Implementation 1 (Serial)   16    12.714289     1.000000      12.714289     ok
Implementation 2 (MM-1D)    16    1.187740      10.704606     19.003840     ok
Implementation 3 (MM-2D)    16    10.668041     1.191811      170.688656    ok
Implementation 1 (Serial)   25    12.627958     1.000000      12.627958     ok
Implementation 2 (MM-1D)    25    1.150250      10.978446     28.756250     ok
Implementation 3 (MM-2D)    25    14.609835     0.864346      365.245875    ok

CSV written to: /home/pbclevidence/MPI-MM-algorithms/csvs/M1200_N600_Q1800.csv
SVG graph written to: /home/pbclevidence/MPI-MM-algorithms/graphs/M1200_N600_Q1800.svg
