/var/spool/slurm/slurmd/job18380/slurm_script: line 11: module: command not found
Running P= 1... done
Running P= 1... done
Running P= 1... done
Running P= 1... done
Running P= 4... done

Implementation              P     Seconds       Speedup       Cost          Status
--------------------------------------------------------------------------------------
Implementation 1 (Serial)   1     0.000018      1.000000      0.000018      ok
Implementation 2 (MM-1D)    1     0.000020      0.893460      0.000020      ok
Implementation 3 (MM-2D)    1     0.000018      1.000000      0.000018      ok
Implementation 1 (Serial)   4     0.000014      1.000000      0.000014      ok
Implementation 2 (MM-1D)    4     0.000207      0.067510      0.000830      ok
Implementation 3 (MM-2D)    4     0.000166      0.084337      0.000664      ok

CSV written to: /home/pbclevidence/MPI-MM-algorithms/csvs/M12_N6_Q12.csv
SVG graph written to: /home/pbclevidence/MPI-MM-algorithms/graphs/M12_N6_Q12.svg
Running P= 4... done

Implementation              P     Seconds       Speedup       Cost          Status
--------------------------------------------------------------------------------------
Implementation 1 (Serial)   1     0.000018      1.000000      0.000018      ok
Implementation 2 (MM-1D)    1     0.000022      0.827971      0.000022      ok
Implementation 3 (MM-2D)    1     0.000019      0.947368      0.000019      ok
Implementation 1 (Serial)   4     0.000012      1.000000      0.000012      ok
Implementation 2 (MM-1D)    4     0.000208      0.057723      0.000832      ok
Implementation 3 (MM-2D)    4     0.000188      0.063830      0.000752      ok

CSV written to: /home/pbclevidence/MPI-MM-algorithms/csvs/M12_N6_Q12.csv
SVG graph written to: /home/pbclevidence/MPI-MM-algorithms/graphs/M12_N6_Q12.svg
Running P= 4... done

Implementation              P     Seconds       Speedup       Cost          Status
--------------------------------------------------------------------------------------
Implementation 1 (Serial)   1     0.000014      1.000000      0.000014      ok
Implementation 2 (MM-1D)    1     0.000022      0.645831      0.000022      ok
Implementation 3 (MM-2D)    1     0.000018      0.777778      0.000018      ok
Implementation 1 (Serial)   4     0.000013      1.000000      0.000013      ok
Implementation 2 (MM-1D)    4     0.000195      0.066646      0.000780      ok
Implementation 3 (MM-2D)    4     0.000156      0.083333      0.000624      ok

CSV written to: /home/pbclevidence/MPI-MM-algorithms/csvs/M12_N6_Q12.csv
SVG graph written to: /home/pbclevidence/MPI-MM-algorithms/graphs/M12_N6_Q12.svg
Running P= 4... done

Implementation              P     Seconds       Speedup       Cost          Status
--------------------------------------------------------------------------------------
Implementation 1 (Serial)   1     0.000018      1.000000      0.000018      ok
Implementation 2 (MM-1D)    1     0.000020      0.891893      0.000020      ok
Implementation 3 (MM-2D)    1     0.000017      1.058824      0.000017      ok
Implementation 1 (Serial)   4     0.000014      1.000000      0.000014      ok
Implementation 2 (MM-1D)    4     0.000178      0.078762      0.000711      ok
Implementation 3 (MM-2D)    4     0.000164      0.085366      0.000656      ok

CSV written to: /home/pbclevidence/MPI-MM-algorithms/csvs/M12_N6_Q12.csv
SVG graph written to: /home/pbclevidence/MPI-MM-algorithms/graphs/M12_N6_Q12.svg
