Running P= 1... done
Running P= 4... done
Running P= 9... done
Running P= 16... done
Running P= 25... done

Implementation              P     Seconds       Speedup       Cost          Status
--------------------------------------------------------------------------------------
Implementation 1 (Serial)   1     11.498770     1.000000      11.498770     ok
Implementation 2 (MM-1D)    1     11.229800     1.023951      11.229800     ok
Implementation 3 (MM-2D)    1     11.324932     1.015350      11.324932     ok
Implementation 1 (Serial)   4     11.498770     1.000000      11.498770     ok
Implementation 2 (MM-1D)    4     33.064900     0.347764      132.259600    ok
Implementation 3 (MM-2D)    4     1.816915      6.328733      7.267660      ok
Implementation 1 (Serial)   9     11.498770     1.000000      11.498770     ok
Implementation 2 (MM-1D)    9     1.541910      7.457485      13.877190     ok
Implementation 3 (MM-2D)    9     0.934087      12.310170     8.406783      ok
Implementation 1 (Serial)   16    11.498770     1.000000      11.498770     ok
Implementation 2 (MM-1D)    16    1.384670      8.304340      22.154720     ok
Implementation 3 (MM-2D)    16    0.755899      15.212046     12.094384     ok
Implementation 1 (Serial)   25    11.498770     1.000000      11.498770     ok
Implementation 2 (MM-1D)    25    1.346040      8.542666      33.651000     ok
Implementation 3 (MM-2D)    25    0.589463      19.507196     14.736575     ok

CSV written to: /home/pbclevidence/MPI-MM-algorithms/csvs/M600_N2400_Q2400.csv
SVG graph written to: /home/pbclevidence/MPI-MM-algorithms/graphs/M600_N2400_Q2400.svg
