Running P= 1... done
Running P= 4... done
Running P= 9... done
Running P= 16... done
Running P= 25... done

Implementation              P     Seconds       Speedup       VsSerial      Cost          Status
----------------------------------------------------------------------------------------------------
Implementation 1 (Serial)   1     92.916471     1.000000      1.000000      92.916471     ok
Implementation 2 (MM-1D)    1     86.180800     1.000000      1.078157      86.180800     ok
Implementation 3 (MM-2D)    1     86.031121     1.000000      1.080033      86.031121     ok
Implementation 1 (Serial)   4     92.916471     1.000000      1.000000      92.916471     ok
Implementation 2 (MM-1D)    4     22.705600     3.795575      4.092227      90.822400     ok
Implementation 3 (MM-2D)    4     21.221799     4.053903      4.378350      84.887196     ok
Implementation 1 (Serial)   9     92.916471     1.000000      1.000000      92.916471     ok
Implementation 2 (MM-1D)    9     11.978100     7.194864      7.757196      107.802900    ok
Implementation 3 (MM-2D)    9     10.030701     8.576781      9.263208      90.276309     ok
Implementation 1 (Serial)   16    92.916471     1.000000      1.000000      92.916471     ok
Implementation 2 (MM-1D)    16    8.047760      10.708669     11.545631     128.764160    ok
Implementation 3 (MM-2D)    16    7.025183      12.246104     13.226199     112.402928    ok
Implementation 1 (Serial)   25    92.916471     1.000000      1.000000      92.916471     ok
Implementation 2 (MM-1D)    25    10.223200     8.429924      9.088785      255.580000    ok
Implementation 3 (MM-2D)    25    6.746550      12.751869     13.772442     168.663750    ok

CSV written to: /home/pbclevidence/MPI-MM-algorithms/csvs/M2400_N3600_Q4200.csv
SVG graph written to: /home/pbclevidence/MPI-MM-algorithms/graphs/M2400_N3600_Q4200.svg
