Running P= 1... done
Running P= 4... done
Running P= 9... done
Running P= 16... done
Running P= 25... done

Implementation              P     Seconds       Speedup       Cost          Status
--------------------------------------------------------------------------------------
Implementation 1 (Serial)   1     124.305445    1.000000      124.305445    ok
Implementation 2 (MM-1D)    1     102.535000    1.212322      102.535000    ok
Implementation 3 (MM-2D)    1     103.288610    1.203477      103.288610    ok
Implementation 1 (Serial)   4     124.329738    1.000000      124.329738    ok
Implementation 2 (MM-1D)    4     27.453600     4.528723      109.814400    ok
Implementation 3 (MM-2D)    4     51.425465     2.417669      205.701860    ok
Implementation 1 (Serial)   9     124.917500    1.000000      124.917500    ok
Implementation 2 (MM-1D)    9     13.291800     9.398088      119.626200    ok
Implementation 3 (MM-2D)    9     64.193613     1.945949      577.742517    ok
Implementation 1 (Serial)   16    124.638003    1.000000      124.638003    ok
Implementation 2 (MM-1D)    16    8.450490      14.749204     135.207840    ok
Implementation 3 (MM-2D)    16    67.446911     1.847942      1079.150576   ok
Implementation 1 (Serial)   25    124.591425    1.000000      124.591425    ok
Implementation 2 (MM-1D)    25    8.875120      14.038281     221.878000    ok
Implementation 3 (MM-2D)    25    106.508024    1.169784      2662.700600   ok

CSV written to: /home/pbclevidence/MPI-MM-algorithms/csvs/M1200_N3000_Q2400.csv
SVG graph written to: /home/pbclevidence/MPI-MM-algorithms/graphs/M1200_N3000_Q2400.svg
