Running P= 1... done
Running P= 4... done
Running P= 9... done
Running P= 16... done
Running P= 25... done

Implementation              P     Seconds       Speedup       Cost          Status
--------------------------------------------------------------------------------------
Implementation 1 (Serial)   1     7.983695      1.000000      7.983695      ok
Implementation 2 (MM-1D)    1     6.510280      1.226321      6.510280      ok
Implementation 3 (MM-2D)    1     6.473159      1.233354      6.473159      ok
Implementation 1 (Serial)   4     7.983695      1.000000      7.983695      ok
Implementation 2 (MM-1D)    4     3.085530      2.587463      12.342120     ok
Implementation 3 (MM-2D)    4     1.609077      4.961661      6.436308      ok
Implementation 1 (Serial)   9     7.983695      1.000000      7.983695      ok
Implementation 2 (MM-1D)    9     1.597400      4.997931      14.376600     ok
Implementation 3 (MM-2D)    9     0.857871      9.306405      7.720839      ok
Implementation 1 (Serial)   16    7.983695      1.000000      7.983695      ok
Implementation 2 (MM-1D)    16    1.054180      7.573370      16.866880     ok
Implementation 3 (MM-2D)    16    0.494929      16.130991     7.918864      ok
Implementation 1 (Serial)   25    7.983695      1.000000      7.983695      ok
Implementation 2 (MM-1D)    25    1.398650      5.708144      34.966250     ok
Implementation 3 (MM-2D)    25    0.654797      12.192626     16.369925     ok

CSV written to: /home/pbclevidence/MPI-MM-algorithms/csvs/M2400_N1800_Q1200.csv
SVG graph written to: /home/pbclevidence/MPI-MM-algorithms/graphs/M2400_N1800_Q1200.svg
