Running P= 1... done
Running P= 4... done
Running P= 9... done
Running P= 16... done
Running P= 25... done

Implementation              P     Seconds       Speedup       Cost          Status
--------------------------------------------------------------------------------------
Implementation 1 (Serial)   1     119.953719    1.000000      119.953719    ok
Implementation 2 (MM-1D)    1     97.637400     1.228563      97.637400     ok
Implementation 3 (MM-2D)    1     97.239539     1.233590      97.239539     ok
Implementation 1 (Serial)   4     120.283422    1.000000      120.283422    ok
Implementation 2 (MM-1D)    4     27.571600     4.362584      110.286400    ok
Implementation 3 (MM-2D)    4     50.075648     2.402034      200.302592    ok
Implementation 1 (Serial)   9     120.663981    1.000000      120.663981    ok
Implementation 2 (MM-1D)    9     13.347200     9.040397      120.124800    ok
Implementation 3 (MM-2D)    9     57.297794     2.105910      515.680146    ok
Implementation 1 (Serial)   16    120.426140    1.000000      120.426140    ok
Implementation 2 (MM-1D)    16    8.124240      14.823065     129.987840    ok
Implementation 3 (MM-2D)    16    66.393384     1.813827      1062.294144   ok
Implementation 1 (Serial)   25    120.302384    1.000000      120.302384    ok
Implementation 2 (MM-1D)    25    8.547390      14.074751     213.684750    ok
Implementation 3 (MM-2D)    25    97.774432     1.230407      2444.360800   ok

CSV written to: /home/pbclevidence/MPI-MM-algorithms/csvs/M3000_N1200_Q2400.csv
SVG graph written to: /home/pbclevidence/MPI-MM-algorithms/graphs/M3000_N1200_Q2400.svg
