/var/spool/slurm/slurmd/job18399/slurm_script: line 11: module: command not found
Running P= 1... done
Running P= 1... done
Running P= 1... done
Running P= 1... done
Running P= 4... done

Implementation              P     Seconds       Speedup       Cost          Status
--------------------------------------------------------------------------------------
Implementation 1 (Serial)   1     0.000019      1.000000      0.000019      ok
Implementation 2 (MM-1D)    1     0.000040      0.469670      0.000040      ok
Implementation 3 (MM-2D)    1     0.000020      0.950000      0.000020      ok
Implementation 1 (Serial)   4     0.000019      1.000000      0.000019      ok
Implementation 2 (MM-1D)    4     0.000162      0.117235      0.000648      ok
Implementation 3 (MM-2D)    4     0.000172      0.110465      0.000688      ok

CSV written to: /home/pbclevidence/MPI-MM-algorithms/csvs/M18_N12_Q6.csv
SVG graph written to: /home/pbclevidence/MPI-MM-algorithms/graphs/M18_N12_Q6.svg
Running P= 4... done

Implementation              P     Seconds       Speedup       Cost          Status
--------------------------------------------------------------------------------------
Implementation 1 (Serial)   1     0.000019      1.000000      0.000019      ok
Implementation 2 (MM-1D)    1     0.000045      0.423945      0.000045      ok
Implementation 3 (MM-2D)    1     0.000020      0.950000      0.000020      ok
Implementation 1 (Serial)   4     0.000017      1.000000      0.000017      ok
Implementation 2 (MM-1D)    4     0.000206      0.082491      0.000824      ok
Implementation 3 (MM-2D)    4     0.000212      0.080189      0.000848      ok

CSV written to: /home/pbclevidence/MPI-MM-algorithms/csvs/M18_N12_Q6.csv
SVG graph written to: /home/pbclevidence/MPI-MM-algorithms/graphs/M18_N12_Q6.svg
Running P= 4... done
Running P= 4... done

Implementation              P     Seconds       Speedup       Cost          Status
--------------------------------------------------------------------------------------
Implementation 1 (Serial)   1     0.000017      1.000000      0.000017      ok
Implementation 2 (MM-1D)    1     0.000039      0.441506      0.000039      ok
Implementation 3 (MM-2D)    1     0.000019      0.894737      0.000019      ok
Implementation 1 (Serial)   4     0.000017      1.000000      0.000017      ok
Implementation 2 (MM-1D)    4     0.000181      0.094076      0.000723      ok
Implementation 3 (MM-2D)    4     0.000180      0.094444      0.000720      ok

CSV written to: /home/pbclevidence/MPI-MM-algorithms/csvs/M18_N12_Q6.csv
SVG graph written to: /home/pbclevidence/MPI-MM-algorithms/graphs/M18_N12_Q6.svg

Implementation              P     Seconds       Speedup       Cost          Status
--------------------------------------------------------------------------------------
Implementation 1 (Serial)   1     0.000019      1.000000      0.000019      ok
Implementation 2 (MM-1D)    1     0.000037      0.510985      0.000037      ok
Implementation 3 (MM-2D)    1     0.000019      1.000000      0.000019      ok
Implementation 1 (Serial)   4     0.000019      1.000000      0.000019      ok
Implementation 2 (MM-1D)    4     0.000177      0.107615      0.000706      ok
Implementation 3 (MM-2D)    4     0.000191      0.099476      0.000764      ok

CSV written to: /home/pbclevidence/MPI-MM-algorithms/csvs/M18_N12_Q6.csv
SVG graph written to: /home/pbclevidence/MPI-MM-algorithms/graphs/M18_N12_Q6.svg
