Running P= 1... done
Running P= 4... done
Running P= 9... done
Running P= 16... done
Running P= 25... done

Implementation              P     Seconds       Speedup       VsSerial      Cost          Status
----------------------------------------------------------------------------------------------------
Implementation 1 (Serial)   1     35.845981     1.000000      1.000000      35.845981     ok
Implementation 2 (MM-1D)    1     34.791100     1.000000      1.030320      34.791100     ok
Implementation 3 (MM-2D)    1     34.766034     1.000000      1.031063      34.766034     ok
Implementation 1 (Serial)   4     35.845981     1.000000      1.000000      35.845981     ok
Implementation 2 (MM-1D)    4     9.262560      3.756100      3.869986      37.050240     ok
Implementation 3 (MM-2D)    4     6.749770      5.150699      5.310697      26.999080     ok
Implementation 1 (Serial)   9     35.845981     1.000000      1.000000      35.845981     ok
Implementation 2 (MM-1D)    9     4.647900      7.485337      7.712296      41.831100     ok
Implementation 3 (MM-2D)    9     3.860151      9.006392      9.286160      34.741359     ok
Implementation 1 (Serial)   16    35.845981     1.000000      1.000000      35.845981     ok
Implementation 2 (MM-1D)    16    2.979390      11.677256     12.031315     47.670240     ok
Implementation 3 (MM-2D)    16    2.174799      15.985861     16.482434     34.796784     ok
Implementation 1 (Serial)   25    35.845981     1.000000      1.000000      35.845981     ok
Implementation 2 (MM-1D)    25    3.518750      9.887346      10.187135     87.968750     ok
Implementation 3 (MM-2D)    25    2.262202      15.368227     15.845615     56.555050     ok

CSV written to: /home/pbclevidence/MPI-MM-algorithms/csvs/M3000_N1800_Q3000.csv
SVG graph written to: /home/pbclevidence/MPI-MM-algorithms/graphs/M3000_N1800_Q3000.svg
