/var/spool/slurm/slurmd/job18391/slurm_script: line 11: module: command not found
Running P= 1... done
Running P= 1... done
Running P= 1... done
Running P= 1... done
Running P= 4... done

Implementation              P     Seconds       Speedup       Cost          Status
--------------------------------------------------------------------------------------
Implementation 1 (Serial)   1     0.000023      1.000000      0.000023      ok
Implementation 2 (MM-1D)    1     0.000042      0.543272      0.000042      ok
Implementation 3 (MM-2D)    1     0.000033      0.696970      0.000033      ok
Implementation 1 (Serial)   4     0.000021      1.000000      0.000021      ok
Implementation 2 (MM-1D)    4     0.000251      0.083522      0.001006      ok
Implementation 3 (MM-2D)    4     0.000198      0.106061      0.000792      ok

CSV written to: /home/pbclevidence/MPI-MM-algorithms/csvs/M12_N24_Q6.csv
SVG graph written to: /home/pbclevidence/MPI-MM-algorithms/graphs/M12_N24_Q6.svg
Running P= 4... done
Running P= 4... done

Implementation              P     Seconds       Speedup       Cost          Status
--------------------------------------------------------------------------------------
Implementation 1 (Serial)   1     0.000023      1.000000      0.000023      ok
Implementation 2 (MM-1D)    1     0.000044      0.524812      0.000044      ok
Implementation 3 (MM-2D)    1     0.000031      0.741935      0.000031      ok
Implementation 1 (Serial)   4     0.000023      1.000000      0.000023      ok
Implementation 2 (MM-1D)    4     0.000181      0.127134      0.000724      ok
Implementation 3 (MM-2D)    4     0.000211      0.109005      0.000844      ok

CSV written to: /home/pbclevidence/MPI-MM-algorithms/csvs/M12_N24_Q6.csv
SVG graph written to: /home/pbclevidence/MPI-MM-algorithms/graphs/M12_N24_Q6.svg

Implementation              P     Seconds       Speedup       Cost          Status
--------------------------------------------------------------------------------------
Implementation 1 (Serial)   1     0.000023      1.000000      0.000023      ok
Implementation 2 (MM-1D)    1     0.000040      0.569349      0.000040      ok
Implementation 3 (MM-2D)    1     0.000031      0.741935      0.000031      ok
Implementation 1 (Serial)   4     0.000024      1.000000      0.000024      ok
Implementation 2 (MM-1D)    4     0.000222      0.108016      0.000889      ok
Implementation 3 (MM-2D)    4     0.000184      0.130435      0.000736      ok

CSV written to: /home/pbclevidence/MPI-MM-algorithms/csvs/M12_N24_Q6.csv
SVG graph written to: /home/pbclevidence/MPI-MM-algorithms/graphs/M12_N24_Q6.svg
Running P= 4... done

Implementation              P     Seconds       Speedup       Cost          Status
--------------------------------------------------------------------------------------
Implementation 1 (Serial)   1     0.000023      1.000000      0.000023      ok
Implementation 2 (MM-1D)    1     0.000034      0.681177      0.000034      ok
Implementation 3 (MM-2D)    1     0.000033      0.696970      0.000033      ok
Implementation 1 (Serial)   4     0.000018      1.000000      0.000018      ok
Implementation 2 (MM-1D)    4     0.000192      0.093602      0.000769      ok
Implementation 3 (MM-2D)    4     0.000178      0.101124      0.000712      ok

CSV written to: /home/pbclevidence/MPI-MM-algorithms/csvs/M12_N24_Q6.csv
SVG graph written to: /home/pbclevidence/MPI-MM-algorithms/graphs/M12_N24_Q6.svg
