/var/spool/slurm/slurmd/job17891/slurm_script: line 11: module: command not found
Running P= 1... done
Running P= 1... done
Running P= 1... done
Running P= 1... done
Running P= 1... done
Running P= 1... done
Running P= 1... done
Running P= 1... done
Running P= 1... done
Running P= 4... done
Running P= 4... done
Running P= 4... done
Running P= 4... done
Running P= 4... done
Running P= 4... done
Running P= 4... done
Running P= 4... done
Running P= 4... done
Running P= 9... done

Implementation              P     Seconds       Speedup       Cost          Status
--------------------------------------------------------------------------------------
Implementation 1 (Serial)   1     0.000010      1.000000      0.000010      ok
Implementation 2 (MM-1D)    1     0.000017      0.597850      0.000017      ok
Implementation 3 (MM-2D)    1     0.000011      0.909091      0.000011      ok
Implementation 1 (Serial)   4     0.000007      1.000000      0.000007      ok
Implementation 2 (MM-1D)    4     0.000149      0.047031      0.000595      ok
Implementation 3 (MM-2D)    4     0.000154      0.045455      0.000616      ok
Implementation 1 (Serial)   9     0.000008      1.000000      0.000008      ok
Implementation 2 (MM-1D)    9     0.000256      0.031259      0.002303      ok
Implementation 3 (MM-2D)    9     0.000223      0.035874      0.002007      ok

CSV written to: /home/pbclevidence/MPI-MM-algorithms/csvs/M6_N6_Q12.csv
SVG graph written to: /home/pbclevidence/MPI-MM-algorithms/graphs/M6_N6_Q12.svg
Running P= 9... done

Implementation              P     Seconds       Speedup       Cost          Status
--------------------------------------------------------------------------------------
Implementation 1 (Serial)   1     0.000010      1.000000      0.000010      ok
Implementation 2 (MM-1D)    1     0.000018      0.546574      0.000018      ok
Implementation 3 (MM-2D)    1     0.000010      1.000000      0.000010      ok
Implementation 1 (Serial)   4     0.000009      1.000000      0.000009      ok
Implementation 2 (MM-1D)    4     0.000153      0.058666      0.000614      ok
Implementation 3 (MM-2D)    4     0.000160      0.056250      0.000640      ok
Implementation 1 (Serial)   9     0.000009      1.000000      0.000009      ok
Implementation 2 (MM-1D)    9     0.000257      0.034982      0.002315      ok
Implementation 3 (MM-2D)    9     0.000235      0.038298      0.002115      ok

CSV written to: /home/pbclevidence/MPI-MM-algorithms/csvs/M6_N6_Q12.csv
SVG graph written to: /home/pbclevidence/MPI-MM-algorithms/graphs/M6_N6_Q12.svg
Running P= 9... done
Running P= 9... done

Implementation              P     Seconds       Speedup       Cost          Status
--------------------------------------------------------------------------------------
Implementation 1 (Serial)   1     0.000009      1.000000      0.000009      ok
Implementation 2 (MM-1D)    1     0.000017      0.525772      0.000017      ok
Implementation 3 (MM-2D)    1     0.000011      0.818182      0.000011      ok
Implementation 1 (Serial)   4     0.000009      1.000000      0.000009      ok
Implementation 2 (MM-1D)    4     0.000150      0.060021      0.000600      ok
Implementation 3 (MM-2D)    4     0.000159      0.056604      0.000636      ok
Implementation 1 (Serial)   9     0.000009      1.000000      0.000009      ok
Implementation 2 (MM-1D)    9     0.000244      0.036939      0.002193      ok
Implementation 3 (MM-2D)    9     0.000234      0.038462      0.002106      ok

CSV written to: /home/pbclevidence/MPI-MM-algorithms/csvs/M6_N6_Q12.csv
SVG graph written to: /home/pbclevidence/MPI-MM-algorithms/graphs/M6_N6_Q12.svg

Implementation              P     Seconds       Speedup       Cost          Status
--------------------------------------------------------------------------------------
Implementation 1 (Serial)   1     0.000010      1.000000      0.000010      ok
Implementation 2 (MM-1D)    1     0.000016      0.629870      0.000016      ok
Implementation 3 (MM-2D)    1     0.000011      0.909091      0.000011      ok
Implementation 1 (Serial)   4     0.000008      1.000000      0.000008      ok
Implementation 2 (MM-1D)    4     0.000159      0.050321      0.000636      ok
Implementation 3 (MM-2D)    4     0.000160      0.050000      0.000640      ok
Implementation 1 (Serial)   9     0.000009      1.000000      0.000009      ok
Implementation 2 (MM-1D)    9     0.000246      0.036556      0.002216      ok
Implementation 3 (MM-2D)    9     0.000249      0.036145      0.002241      ok

CSV written to: /home/pbclevidence/MPI-MM-algorithms/csvs/M6_N6_Q12.csv
SVG graph written to: /home/pbclevidence/MPI-MM-algorithms/graphs/M6_N6_Q12.svg
Running P= 9... done

Implementation              P     Seconds       Speedup       Cost          Status
--------------------------------------------------------------------------------------
Implementation 1 (Serial)   1     0.000010      1.000000      0.000010      ok
Implementation 2 (MM-1D)    1     0.000017      0.575271      0.000017      ok
Implementation 3 (MM-2D)    1     0.000009      1.111111      0.000009      ok
Implementation 1 (Serial)   4     0.000009      1.000000      0.000009      ok
Implementation 2 (MM-1D)    4     0.000139      0.064525      0.000558      ok
Implementation 3 (MM-2D)    4     0.000147      0.061224      0.000588      ok
Implementation 1 (Serial)   9     0.000009      1.000000      0.000009      ok
Implementation 2 (MM-1D)    9     0.000247      0.036473      0.002221      ok
Implementation 3 (MM-2D)    9     0.000241      0.037344      0.002169      ok

CSV written to: /home/pbclevidence/MPI-MM-algorithms/csvs/M6_N6_Q12.csv
SVG graph written to: /home/pbclevidence/MPI-MM-algorithms/graphs/M6_N6_Q12.svg
Running P= 9... done

Implementation              P     Seconds       Speedup       Cost          Status
--------------------------------------------------------------------------------------
Implementation 1 (Serial)   1     0.000010      1.000000      0.000010      ok
Implementation 2 (MM-1D)    1     0.000015      0.682566      0.000015      ok
Implementation 3 (MM-2D)    1     0.000009      1.111111      0.000009      ok
Implementation 1 (Serial)   4     0.000008      1.000000      0.000008      ok
Implementation 2 (MM-1D)    4     0.000160      0.050130      0.000638      ok
Implementation 3 (MM-2D)    4     0.000166      0.048193      0.000664      ok
Implementation 1 (Serial)   9     0.000009      1.000000      0.000009      ok
Implementation 2 (MM-1D)    9     0.000245      0.036770      0.002203      ok
Implementation 3 (MM-2D)    9     0.000216      0.041667      0.001944      ok

CSV written to: /home/pbclevidence/MPI-MM-algorithms/csvs/M6_N6_Q12.csv
SVG graph written to: /home/pbclevidence/MPI-MM-algorithms/graphs/M6_N6_Q12.svg
Running P= 9... done

Implementation              P     Seconds       Speedup       Cost          Status
--------------------------------------------------------------------------------------
Implementation 1 (Serial)   1     0.000010      1.000000      0.000010      ok
Implementation 2 (MM-1D)    1     0.000017      0.593588      0.000017      ok
Implementation 3 (MM-2D)    1     0.000008      1.250000      0.000008      ok
Implementation 1 (Serial)   4     0.000008      1.000000      0.000008      ok
Implementation 2 (MM-1D)    4     0.000155      0.051543      0.000621      ok
Implementation 3 (MM-2D)    4     0.000153      0.052288      0.000612      ok
Implementation 1 (Serial)   9     0.000008      1.000000      0.000008      ok
Implementation 2 (MM-1D)    9     0.000236      0.033830      0.002128      ok
Implementation 3 (MM-2D)    9     0.000245      0.032653      0.002205      ok

CSV written to: /home/pbclevidence/MPI-MM-algorithms/csvs/M6_N6_Q12.csv
SVG graph written to: /home/pbclevidence/MPI-MM-algorithms/graphs/M6_N6_Q12.svg
Running P= 9... done

Implementation              P     Seconds       Speedup       Cost          Status
--------------------------------------------------------------------------------------
Implementation 1 (Serial)   1     0.000010      1.000000      0.000010      ok
Implementation 2 (MM-1D)    1     0.000018      0.555738      0.000018      ok
Implementation 3 (MM-2D)    1     0.000009      1.111111      0.000009      ok
Implementation 1 (Serial)   4     0.000008      1.000000      0.000008      ok
Implementation 2 (MM-1D)    4     0.000155      0.051574      0.000620      ok
Implementation 3 (MM-2D)    4     0.000154      0.051948      0.000616      ok
Implementation 1 (Serial)   9     0.000008      1.000000      0.000008      ok
Implementation 2 (MM-1D)    9     0.000263      0.030419      0.002367      ok
Implementation 3 (MM-2D)    9     0.000225      0.035556      0.002025      ok

CSV written to: /home/pbclevidence/MPI-MM-algorithms/csvs/M6_N6_Q12.csv
SVG graph written to: /home/pbclevidence/MPI-MM-algorithms/graphs/M6_N6_Q12.svg
Running P= 9... done

Implementation              P     Seconds       Speedup       Cost          Status
--------------------------------------------------------------------------------------
Implementation 1 (Serial)   1     0.000010      1.000000      0.000010      ok
Implementation 2 (MM-1D)    1     0.000013      0.784899      0.000013      ok
Implementation 3 (MM-2D)    1     0.000009      1.111111      0.000009      ok
Implementation 1 (Serial)   4     0.000008      1.000000      0.000008      ok
Implementation 2 (MM-1D)    4     0.000155      0.051517      0.000621      ok
Implementation 3 (MM-2D)    4     0.000153      0.052288      0.000612      ok
Implementation 1 (Serial)   9     0.000009      1.000000      0.000009      ok
Implementation 2 (MM-1D)    9     0.000232      0.038787      0.002088      ok
Implementation 3 (MM-2D)    9     0.000237      0.037975      0.002133      ok

CSV written to: /home/pbclevidence/MPI-MM-algorithms/csvs/M6_N6_Q12.csv
SVG graph written to: /home/pbclevidence/MPI-MM-algorithms/graphs/M6_N6_Q12.svg
