Running P= 1... done
Running P= 4... done
Running P= 9... done
Running P= 16... done
Running P= 25... done

Implementation              P     Seconds       Speedup       Cost          Status
--------------------------------------------------------------------------------------
Implementation 1 (Serial)   1     12.754907     1.000000      12.754907     ok
Implementation 2 (MM-1D)    1     9.953330      1.281471      9.953330      ok
Implementation 3 (MM-2D)    1     9.903860      1.287872      9.903860      ok
Implementation 1 (Serial)   4     12.739964     1.000000      12.739964     ok
Implementation 2 (MM-1D)    4     2.634780      4.835305      10.539120     ok
Implementation 3 (MM-2D)    4     7.944960      1.603528      31.779840     ok
Implementation 1 (Serial)   9     12.744358     1.000000      12.744358     ok
Implementation 2 (MM-1D)    9     1.790570      7.117487      16.115130     ok
Implementation 3 (MM-2D)    9     8.496284      1.499992      76.466556     ok
Implementation 1 (Serial)   16    12.763699     1.000000      12.763699     ok
Implementation 2 (MM-1D)    16    1.106040      11.539998     17.696640     ok
Implementation 3 (MM-2D)    16    10.115566     1.261788      161.849056    ok
Implementation 1 (Serial)   25    12.713751     1.000000      12.713751     ok
Implementation 2 (MM-1D)    25    1.156780      10.990639     28.919500     ok
Implementation 3 (MM-2D)    25    13.516428     0.940615      337.910700    ok

CSV written to: /home/pbclevidence/MPI-MM-algorithms/csvs/M1800_N1200_Q600.csv
SVG graph written to: /home/pbclevidence/MPI-MM-algorithms/graphs/M1800_N1200_Q600.svg
