/var/spool/slurm/slurmd/job18367/slurm_script: line 11: module: command not found
Running P= 1... done
Running P= 1... done
Running P= 1... done
Running P= 1... done
Running P= 4... done

Implementation              P     Seconds       Speedup       Cost          Status
--------------------------------------------------------------------------------------
Implementation 1 (Serial)   1     0.000007      1.000000      0.000007      ok
Implementation 2 (MM-1D)    1     0.000013      0.537407      0.000013      ok
Implementation 3 (MM-2D)    1     0.000011      0.636364      0.000011      ok
Implementation 1 (Serial)   4     0.000006      1.000000      0.000006      ok
Implementation 2 (MM-1D)    4     0.000182      0.032999      0.000727      ok
Implementation 3 (MM-2D)    4     0.000194      0.030928      0.000776      ok

CSV written to: /home/pbclevidence/MPI-MM-algorithms/csvs/M6_N12_Q6.csv
SVG graph written to: /home/pbclevidence/MPI-MM-algorithms/graphs/M6_N12_Q6.svg
Running P= 4... done
Running P= 4... done

Implementation              P     Seconds       Speedup       Cost          Status
--------------------------------------------------------------------------------------
Implementation 1 (Serial)   1     0.000009      1.000000      0.000009      ok
Implementation 2 (MM-1D)    1     0.000021      0.421682      0.000021      ok
Implementation 3 (MM-2D)    1     0.000010      0.900000      0.000010      ok
Implementation 1 (Serial)   4     0.000007      1.000000      0.000007      ok
Implementation 2 (MM-1D)    4     0.000175      0.039997      0.000700      ok
Implementation 3 (MM-2D)    4     0.000175      0.040000      0.000700      ok

CSV written to: /home/pbclevidence/MPI-MM-algorithms/csvs/M6_N12_Q6.csv
SVG graph written to: /home/pbclevidence/MPI-MM-algorithms/graphs/M6_N12_Q6.svg

Implementation              P     Seconds       Speedup       Cost          Status
--------------------------------------------------------------------------------------
Implementation 1 (Serial)   1     0.000009      1.000000      0.000009      ok
Implementation 2 (MM-1D)    1     0.000024      0.369364      0.000024      ok
Implementation 3 (MM-2D)    1     0.000008      1.125000      0.000008      ok
Implementation 1 (Serial)   4     0.000006      1.000000      0.000006      ok
Implementation 2 (MM-1D)    4     0.000154      0.039011      0.000615      ok
Implementation 3 (MM-2D)    4     0.000190      0.031579      0.000760      ok

CSV written to: /home/pbclevidence/MPI-MM-algorithms/csvs/M6_N12_Q6.csv
SVG graph written to: /home/pbclevidence/MPI-MM-algorithms/graphs/M6_N12_Q6.svg
Running P= 4... done

Implementation              P     Seconds       Speedup       Cost          Status
--------------------------------------------------------------------------------------
Implementation 1 (Serial)   1     0.000007      1.000000      0.000007      ok
Implementation 2 (MM-1D)    1     0.000021      0.338308      0.000021      ok
Implementation 3 (MM-2D)    1     0.000013      0.538462      0.000013      ok
Implementation 1 (Serial)   4     0.000007      1.000000      0.000007      ok
Implementation 2 (MM-1D)    4     0.000182      0.038553      0.000726      ok
Implementation 3 (MM-2D)    4     0.000205      0.034146      0.000820      ok

CSV written to: /home/pbclevidence/MPI-MM-algorithms/csvs/M6_N12_Q6.csv
SVG graph written to: /home/pbclevidence/MPI-MM-algorithms/graphs/M6_N12_Q6.svg
