=== mpirun path ===
/apps/openmpi3/bin/mpirun
=== mpirun -np 4 test ===
cn21
cn21
cn21
cn21
=== starting benchmark ===
Running P= 1... done
Running P= 4... done
Running P= 9... done

Implementation              P     Seconds       Speedup       Cost          Status
--------------------------------------------------------------------------------------
Implementation 1 (Serial)   1     4.535465      1.000000      4.535465      ok
Implementation 2 (MM-1D)    1     3.358790      1.350327      3.358790      ok
Implementation 3 (MM-2D)    1     8.360263      0.542503      8.360263      ok
Implementation 1 (Serial)   4     4.416765      1.000000      4.416765      ok
Implementation 2 (MM-1D)    4     0.916970      4.816695      3.667880      ok
Implementation 3 (MM-2D)    4     2.739929      1.612000      10.959716     ok
Implementation 1 (Serial)   9     4.312062      1.000000      4.312062      ok
Implementation 2 (MM-1D)    9     0.546322      7.892895      4.916898      ok
Implementation 3 (MM-2D)    9     2.875322      1.499680      25.877898     ok

CSV written to: /home/pbclevidence/MPI-MM-algorithms/csvs/M1200_N600_Q600.csv
SVG graph written to: /home/pbclevidence/MPI-MM-algorithms/graphs/M1200_N600_Q600.svg
