/var/spool/slurm/slurmd/job18382/slurm_script: line 11: module: command not found
Running P= 1... done
Running P= 1... done
Running P= 1... done
Running P= 1... done
Running P= 4... done
Running P= 4... done

Implementation              P     Seconds       Speedup       Cost          Status
--------------------------------------------------------------------------------------
Implementation 1 (Serial)   1     0.000027      1.000000      0.000027      ok
Implementation 2 (MM-1D)    1     0.000036      0.759722      0.000036      ok
Implementation 3 (MM-2D)    1     0.000029      0.931034      0.000029      ok
Implementation 1 (Serial)   4     0.000027      1.000000      0.000027      ok
Implementation 2 (MM-1D)    4     0.000178      0.151634      0.000712      ok
Implementation 3 (MM-2D)    4     0.000202      0.133663      0.000808      ok

CSV written to: /home/pbclevidence/MPI-MM-algorithms/csvs/M12_N6_Q24.csv
SVG graph written to: /home/pbclevidence/MPI-MM-algorithms/graphs/M12_N6_Q24.svg

Implementation              P     Seconds       Speedup       Cost          Status
--------------------------------------------------------------------------------------
Implementation 1 (Serial)   1     0.000026      1.000000      0.000026      ok
Implementation 2 (MM-1D)    1     0.000037      0.712048      0.000037      ok
Implementation 3 (MM-2D)    1     0.000026      1.000000      0.000026      ok
Implementation 1 (Serial)   4     0.000025      1.000000      0.000025      ok
Implementation 2 (MM-1D)    4     0.000195      0.128312      0.000779      ok
Implementation 3 (MM-2D)    4     0.000285      0.087719      0.001140      ok

CSV written to: /home/pbclevidence/MPI-MM-algorithms/csvs/M12_N6_Q24.csv
SVG graph written to: /home/pbclevidence/MPI-MM-algorithms/graphs/M12_N6_Q24.svg
Running P= 4... done

Implementation              P     Seconds       Speedup       Cost          Status
--------------------------------------------------------------------------------------
Implementation 1 (Serial)   1     0.000027      1.000000      0.000027      ok
Implementation 2 (MM-1D)    1     0.000039      0.696097      0.000039      ok
Implementation 3 (MM-2D)    1     0.000032      0.843750      0.000032      ok
Implementation 1 (Serial)   4     0.000026      1.000000      0.000026      ok
Implementation 2 (MM-1D)    4     0.000196      0.132357      0.000786      ok
Implementation 3 (MM-2D)    4     0.000211      0.123223      0.000844      ok

CSV written to: /home/pbclevidence/MPI-MM-algorithms/csvs/M12_N6_Q24.csv
SVG graph written to: /home/pbclevidence/MPI-MM-algorithms/graphs/M12_N6_Q24.svg
Running P= 4... done

Implementation              P     Seconds       Speedup       Cost          Status
--------------------------------------------------------------------------------------
Implementation 1 (Serial)   1     0.000027      1.000000      0.000027      ok
Implementation 2 (MM-1D)    1     0.000044      0.613307      0.000044      ok
Implementation 3 (MM-2D)    1     0.000025      1.080000      0.000025      ok
Implementation 1 (Serial)   4     0.000025      1.000000      0.000025      ok
Implementation 2 (MM-1D)    4     0.000185      0.134842      0.000742      ok
Implementation 3 (MM-2D)    4     0.000188      0.132979      0.000752      ok

CSV written to: /home/pbclevidence/MPI-MM-algorithms/csvs/M12_N6_Q24.csv
SVG graph written to: /home/pbclevidence/MPI-MM-algorithms/graphs/M12_N6_Q24.svg
