/var/spool/slurm/slurmd/job18326/slurm_script: line 11: module: command not found
expected either zero or three positional arguments: m n q
expected either zero or three positional arguments: m n q
expected either zero or three positional arguments: m n q
expected either zero or three positional arguments: m n q
Usage: /home/pbclevidence/MPI-MM-algorithms/bin/group_assignment [m n q] [--p=1,4,9] [--csv=path] [--svg=path] [--no-csv] [--no-svg]
Examples:
  /home/pbclevidence/MPI-MM-algorithms/bin/group_assignment
  /home/pbclevidence/MPI-MM-algorithms/bin/group_assignment 512 512 512 --p=1,4,9,16
Usage: /home/pbclevidence/MPI-MM-algorithms/bin/group_assignment [m n q] [--p=1,4,9] [--csv=path] [--svg=path] [--no-csv] [--no-svg]
Examples:
  /home/pbclevidence/MPI-MM-algorithms/bin/group_assignment
  /home/pbclevidence/MPI-MM-algorithms/bin/group_assignment 512 512 512 --p=1,4,9,16
Usage: /home/pbclevidence/MPI-MM-algorithms/bin/group_assignment [m n q] [--p=1,4,9] [--csv=path] [--svg=path] [--no-csv] [--no-svg]
Examples:
  /home/pbclevidence/MPI-MM-algorithms/bin/group_assignment
  /home/pbclevidence/MPI-MM-algorithms/bin/group_assignment 512 512 512 --p=1,4,9,16
Usage: /home/pbclevidence/MPI-MM-algorithms/bin/group_assignment [m n q] [--p=1,4,9] [--csv=path] [--svg=path] [--no-csv] [--no-svg]
Examples:
  /home/pbclevidence/MPI-MM-algorithms/bin/group_assignment
  /home/pbclevidence/MPI-MM-algorithms/bin/group_assignment 512 512 512 --p=1,4,9,16
srun: error: cn03: tasks 0-3: Exited with exit code 1
