Running P= 1... done
Running P= 4... done
Running P= 9... done
Running P= 16... done
Running P= 25... done

Implementation              P     Seconds       Speedup       VsSerial      Cost          Status
----------------------------------------------------------------------------------------------------
Implementation 1 (Serial)   1     3.976695      1.000000      1.000000      3.976695      ok
Implementation 2 (MM-1D)    1     3.772350      1.000000      1.054169      3.772350      ok
Implementation 3 (MM-2D)    1     3.746373      1.000000      1.061479      3.746373      ok
Implementation 1 (Serial)   4     3.976695      1.000000      1.000000      3.976695      ok
Implementation 2 (MM-1D)    4     1.944810      1.939701      2.044773      7.779240      ok
Implementation 3 (MM-2D)    4     0.899290      4.165923      4.422038      3.597160      ok
Implementation 1 (Serial)   9     3.976695      1.000000      1.000000      3.976695      ok
Implementation 2 (MM-1D)    9     1.021270      3.693783      3.893872      9.191430      ok
Implementation 3 (MM-2D)    9     0.496649      7.543301      8.007053      4.469841      ok
Implementation 1 (Serial)   16    3.976695      1.000000      1.000000      3.976695      ok
Implementation 2 (MM-1D)    16    0.673116      5.604309      5.907890      10.769856     ok
Implementation 3 (MM-2D)    16    0.320181      11.700797     12.420147     5.122896      ok
Implementation 1 (Serial)   25    3.976695      1.000000      1.000000      3.976695      ok
Implementation 2 (MM-1D)    25    0.716584      5.264351      5.549517      17.914600     ok
Implementation 3 (MM-2D)    25    0.332762      11.258416     11.950568     8.319050      ok

CSV written to: /home/pbclevidence/MPI-MM-algorithms/csvs/M1800_N600_Q3000.csv
SVG graph written to: /home/pbclevidence/MPI-MM-algorithms/graphs/M1800_N600_Q3000.svg
