Running P= 1... done
Running P= 4... done
Running P= 9... done
Running P= 16... done
Running P= 25... done

Implementation              P     Seconds       Speedup       Cost          Status
--------------------------------------------------------------------------------------
Implementation 1 (Serial)   1     42.442377     1.000000      42.442377     ok
Implementation 2 (MM-1D)    1     33.196300     1.278527      33.196300     ok
Implementation 3 (MM-2D)    1     32.491315     1.306268      32.491315     ok
Implementation 1 (Serial)   4     42.812775     1.000000      42.812775     ok
Implementation 2 (MM-1D)    4     11.547400     3.707568      46.189600     ok
Implementation 3 (MM-2D)    4     25.677641     1.667317      102.710564    ok
Implementation 1 (Serial)   9     42.166583     1.000000      42.166583     ok
Implementation 2 (MM-1D)    9     6.078700      6.936776      54.708300     ok
Implementation 3 (MM-2D)    9     28.887791     1.459668      259.990119    ok
Implementation 1 (Serial)   16    42.086729     1.000000      42.086729     ok
Implementation 2 (MM-1D)    16    3.736760      11.262893     59.788160     ok
Implementation 3 (MM-2D)    16    33.555869     1.254229      536.893904    ok
Implementation 1 (Serial)   25    42.040102     1.000000      42.040102     ok
Implementation 2 (MM-1D)    25    4.077960      10.309101     101.949000    ok
Implementation 3 (MM-2D)    25    48.181994     0.872527      1204.549850   ok

CSV written to: /home/pbclevidence/MPI-MM-algorithms/csvs/M3000_N1200_Q1200.csv
SVG graph written to: /home/pbclevidence/MPI-MM-algorithms/graphs/M3000_N1200_Q1200.svg
