Running P= 1... done
Running P= 4... done
Running P= 9... done
Running P= 16... done
Running P= 25... done

Implementation              P     Seconds       Speedup       Cost          Status
--------------------------------------------------------------------------------------
Implementation 1 (Serial)   1     57.328496     1.000000      57.328496     ok
Implementation 2 (MM-1D)    1     57.742500     0.992830      57.742500     ok
Implementation 3 (MM-2D)    1     58.178564     0.985389      58.178564     ok
Implementation 1 (Serial)   4     57.328496     1.000000      57.328496     ok
Implementation 2 (MM-1D)    4     27.102700     2.115232      108.410800    ok
Implementation 3 (MM-2D)    4     1.579868      36.286890     6.319472      ok
Implementation 1 (Serial)   9     57.328496     1.000000      57.328496     ok
Implementation 2 (MM-1D)    9     27.783000     2.063438      250.047000    ok
Implementation 3 (MM-2D)    9     1.435406      39.938872     12.918654     ok
Implementation 1 (Serial)   16    57.328496     1.000000      57.328496     ok
Implementation 2 (MM-1D)    16    25.382000     2.258628      406.112000    ok
Implementation 3 (MM-2D)    16    1.144890      50.073366     18.318240     ok
Implementation 1 (Serial)   25    57.328496     1.000000      57.328496     ok
Implementation 2 (MM-1D)    25    25.557500     2.243118      638.937500    ok
Implementation 3 (MM-2D)    25    1.096786      52.269537     27.419650     ok

CSV written to: /home/pbclevidence/MPI-MM-algorithms/csvs/M600_N1800_Q2400.csv
SVG graph written to: /home/pbclevidence/MPI-MM-algorithms/graphs/M600_N1800_Q2400.svg
