Running P= 1... done
Running P= 4... done
Running P= 9... done
Running P= 16... done
Running P= 25... done

Implementation              P     Seconds       Speedup       VsSerial      Cost          Status
----------------------------------------------------------------------------------------------------
Implementation 1 (Serial)   1     34.961771     1.000000      1.000000      34.961771     ok
Implementation 2 (MM-1D)    1     34.513400     1.000000      1.012991      34.513400     ok
Implementation 3 (MM-2D)    1     34.582733     1.000000      1.010960      34.582733     ok
Implementation 1 (Serial)   4     34.961771     1.000000      1.000000      34.961771     ok
Implementation 2 (MM-1D)    4     9.075040      3.803113      3.852520      36.300160     ok
Implementation 3 (MM-2D)    4     6.319235      5.472614      5.532595      25.276940     ok
Implementation 1 (Serial)   9     34.961771     1.000000      1.000000      34.961771     ok
Implementation 2 (MM-1D)    9     4.810500      7.174597      7.267804      43.294500     ok
Implementation 3 (MM-2D)    9     3.013184      11.477139     11.602933     27.118656     ok
Implementation 1 (Serial)   16    34.961771     1.000000      1.000000      34.961771     ok
Implementation 2 (MM-1D)    16    3.366000      10.253535     10.386741     53.856000     ok
Implementation 3 (MM-2D)    16    2.119835      16.313880     16.492685     33.917360     ok
Implementation 1 (Serial)   25    34.961771     1.000000      1.000000      34.961771     ok
Implementation 2 (MM-1D)    25    3.980240      8.671186      8.783835      99.506000     ok
Implementation 3 (MM-2D)    25    2.194381      15.759676     15.932407     54.859525     ok

CSV written to: /home/pbclevidence/MPI-MM-algorithms/csvs/M600_N4200_Q4200.csv
SVG graph written to: /home/pbclevidence/MPI-MM-algorithms/graphs/M600_N4200_Q4200.svg
