Running P= 1... done
Running P= 4... done
Running P= 9... done
Running P= 16... done
Running P= 25... done

Implementation              P     Seconds       Speedup       Cost          Status
--------------------------------------------------------------------------------------
Implementation 1 (Serial)   1     6.379460      1.000000      6.379460      ok
Implementation 2 (MM-1D)    1     5.117390      1.246624      5.117390      ok
Implementation 3 (MM-2D)    1     5.090612      1.253181      5.090612      ok
Implementation 1 (Serial)   4     6.514276      1.000000      6.514276      ok
Implementation 2 (MM-1D)    4     1.357930      4.797210      5.431720      ok
Implementation 3 (MM-2D)    4     3.862671      1.686469      15.450684     ok
Implementation 1 (Serial)   9     36.398569     1.000000      36.398569     ok
Implementation 2 (MM-1D)    9     0.731500      49.758809     6.583500      ok
Implementation 3 (MM-2D)    9     4.184107      8.699244      37.656963     ok
Implementation 1 (Serial)   16    36.522402     1.000000      36.522402     ok
Implementation 2 (MM-1D)    16    0.563252      64.842028     9.012032      ok
Implementation 3 (MM-2D)    16    4.774818      7.648962      76.397088     ok
Implementation 1 (Serial)   25    36.530648     1.000000      36.530648     ok
Implementation 2 (MM-1D)    25    0.594110      61.488021     14.852750     ok
Implementation 3 (MM-2D)    25    6.633140      5.507293      165.828500    ok

CSV written to: /home/pbclevidence/MPI-MM-algorithms/csvs/M1800_N600_Q600.csv
SVG graph written to: /home/pbclevidence/MPI-MM-algorithms/graphs/M1800_N600_Q600.svg
