Running P= 1... done
Running P= 4... done
Running P= 9... done
Running P= 16... done
Running P= 25... done

Implementation              P     Seconds       Speedup       Cost          Status
--------------------------------------------------------------------------------------
Implementation 1 (Serial)   1     23.973498     1.000000      23.973498     ok
Implementation 2 (MM-1D)    1     23.257000     1.030808      23.257000     ok
Implementation 3 (MM-2D)    1     23.148266     1.035650      23.148266     ok
Implementation 1 (Serial)   4     23.973498     1.000000      23.973498     ok
Implementation 2 (MM-1D)    4     6.390680      3.751322      25.562720     ok
Implementation 3 (MM-2D)    4     3.769760      6.359423      15.079040     ok
Implementation 1 (Serial)   9     23.973498     1.000000      23.973498     ok
Implementation 2 (MM-1D)    9     3.249130      7.378436      29.242170     ok
Implementation 3 (MM-2D)    9     2.028509      11.818285     18.256581     ok
Implementation 1 (Serial)   16    23.973498     1.000000      23.973498     ok
Implementation 2 (MM-1D)    16    2.768880      8.658193      44.302080     ok
Implementation 3 (MM-2D)    16    1.900277      12.615791     30.404432     ok
Implementation 1 (Serial)   25    23.973498     1.000000      23.973498     ok
Implementation 2 (MM-1D)    25    2.338700      10.250779     58.467500     ok
Implementation 3 (MM-2D)    25    1.206997      19.862102     30.174925     ok

CSV written to: /home/pbclevidence/MPI-MM-algorithms/csvs/M3000_N1200_Q3000.csv
SVG graph written to: /home/pbclevidence/MPI-MM-algorithms/graphs/M3000_N1200_Q3000.svg
