Running P= 1... done
Running P= 4... done
Running P= 9... done
Running P= 16... done
Running P= 25... done

Implementation              P     Seconds       Speedup       Cost          Status
--------------------------------------------------------------------------------------
Implementation 1 (Serial)   1     33.029790     1.000000      33.029790     ok
Implementation 2 (MM-1D)    1     33.147700     0.996443      33.147700     ok
Implementation 3 (MM-2D)    1     33.052066     0.999326      33.052066     ok
Implementation 1 (Serial)   4     33.029790     1.000000      33.029790     ok
Implementation 2 (MM-1D)    4     8.972650      3.681163      35.890600     ok
Implementation 3 (MM-2D)    4     3.451237      9.570421      13.804948     ok
Implementation 1 (Serial)   9     33.029790     1.000000      33.029790     ok
Implementation 2 (MM-1D)    9     4.430900      7.454420      39.878100     ok
Implementation 3 (MM-2D)    9     1.916991      17.230018     17.252919     ok
Implementation 1 (Serial)   16    33.029790     1.000000      33.029790     ok
Implementation 2 (MM-1D)    16    2.747820      12.020362     43.965120     ok
Implementation 3 (MM-2D)    16    1.234709      26.751073     19.755344     ok
Implementation 1 (Serial)   25    33.029790     1.000000      33.029790     ok
Implementation 2 (MM-1D)    25    3.377100      9.780519      84.427500     ok
Implementation 3 (MM-2D)    25    1.349436      24.476737     33.735900     ok

CSV written to: /home/pbclevidence/MPI-MM-algorithms/csvs/M3000_N3000_Q1200.csv
SVG graph written to: /home/pbclevidence/MPI-MM-algorithms/graphs/M3000_N3000_Q1200.svg
