Running P= 1... done
Running P= 4... done
Running P= 9... done
Running P= 16... done
Running P= 25... done

Implementation              P     Seconds       Speedup       Cost          Status
--------------------------------------------------------------------------------------
Implementation 1 (Serial)   1     3.222650      1.000000      3.222650      ok
Implementation 2 (MM-1D)    1     3.033030      1.062518      3.033030      ok
Implementation 3 (MM-2D)    1     2.987100      1.078856      2.987100      ok
Implementation 1 (Serial)   4     3.222650      1.000000      3.222650      ok
Implementation 2 (MM-1D)    4     0.919762      3.503787      3.679048      ok
Implementation 3 (MM-2D)    4     0.736563      4.375254      2.946252      ok
Implementation 1 (Serial)   9     3.222650      1.000000      3.222650      ok
Implementation 2 (MM-1D)    9     0.788372      4.087728      7.095348      ok
Implementation 3 (MM-2D)    9     0.421694      7.642153      3.795246      ok
Implementation 1 (Serial)   16    3.222650      1.000000      3.222650      ok
Implementation 2 (MM-1D)    16    0.517206      6.230883      8.275296      ok
Implementation 3 (MM-2D)    16    0.258692      12.457478     4.139072      ok
Implementation 1 (Serial)   25    3.222650      1.000000      3.222650      ok
Implementation 2 (MM-1D)    25    0.608818      5.293290      15.220450     ok
Implementation 3 (MM-2D)    25    0.282524      11.406642     7.063100      ok

CSV written to: /home/pbclevidence/MPI-MM-algorithms/csvs/M2400_N600_Q1800.csv
SVG graph written to: /home/pbclevidence/MPI-MM-algorithms/graphs/M2400_N600_Q1800.svg
