Running P= 1... done
Running P= 4... done
Running P= 9... done
Running P= 16... done
Running P= 25... done

Implementation              P     Seconds       Speedup       Cost          Status
--------------------------------------------------------------------------------------
Implementation 1 (Serial)   1     6.574358      1.000000      6.574358      ok
Implementation 2 (MM-1D)    1     6.657120      0.987568      6.657120      ok
Implementation 3 (MM-2D)    1     6.607272      0.995019      6.607272      ok
Implementation 1 (Serial)   4     6.574358      1.000000      6.574358      ok
Implementation 2 (MM-1D)    4     1.843280      3.566663      7.373120      ok
Implementation 3 (MM-2D)    4     0.705695      9.316146      2.822780      ok
Implementation 1 (Serial)   9     6.574358      1.000000      6.574358      ok
Implementation 2 (MM-1D)    9     0.983137      6.687123      8.848233      ok
Implementation 3 (MM-2D)    9     0.407436      16.135928     3.666924      ok
Implementation 1 (Serial)   16    6.574358      1.000000      6.574358      ok
Implementation 2 (MM-1D)    16    0.712570      9.226263      11.401120     ok
Implementation 3 (MM-2D)    16    0.318618      20.633982     5.097888      ok
Implementation 1 (Serial)   25    6.574358      1.000000      6.574358      ok
Implementation 2 (MM-1D)    25    0.775112      8.481817      19.377800     ok
Implementation 3 (MM-2D)    25    0.323691      20.310599     8.092275      ok

CSV written to: /home/pbclevidence/MPI-MM-algorithms/csvs/M600_N3000_Q1200.csv
SVG graph written to: /home/pbclevidence/MPI-MM-algorithms/graphs/M600_N3000_Q1200.svg
