Running P= 1... done
Running P= 4... done
Running P= 9... done
Running P= 16... done
Running P= 25... done

Implementation              P     Seconds       Speedup       Cost          Status
--------------------------------------------------------------------------------------
Implementation 1 (Serial)   1     24.410040     1.000000      24.410040     ok
Implementation 2 (MM-1D)    1     48.770100     0.500512      48.770100     ok
Implementation 3 (MM-2D)    1     48.602649     0.502237      48.602649     ok
Implementation 1 (Serial)   4     24.496215     1.000000      24.496215     ok
Implementation 2 (MM-1D)    4     21.161300     1.157595      84.645200     ok
Implementation 3 (MM-2D)    4     12.034895     2.035432      48.139580     ok
Implementation 1 (Serial)   9     24.399128     1.000000      24.399128     ok
Implementation 2 (MM-1D)    9     21.445700     1.137717      193.011300    ok
Implementation 3 (MM-2D)    9     13.309398     1.833226      119.784582    ok
Implementation 1 (Serial)   16    24.502363     1.000000      24.502363     ok
Implementation 2 (MM-1D)    16    19.128800     1.280915      306.060800    ok
Implementation 3 (MM-2D)    16    16.539501     1.481445      264.632016    ok
Implementation 1 (Serial)   25    24.491015     1.000000      24.491015     ok
Implementation 2 (MM-1D)    25    16.064100     1.524581      401.602500    ok
Implementation 3 (MM-2D)    25    22.323868     1.097078      558.096700    ok

CSV written to: /home/pbclevidence/MPI-MM-algorithms/csvs/M600_N1800_Q1800.csv
SVG graph written to: /home/pbclevidence/MPI-MM-algorithms/graphs/M600_N1800_Q1800.svg
