Running P= 1... done
Running P= 4... done
Running P= 9... done
Running P= 16... done
Running P= 25... done

Implementation              P     Seconds       Speedup       Cost          Status
--------------------------------------------------------------------------------------
Implementation 1 (Serial)   1     4.640879      1.000000      4.640879      ok
Implementation 2 (MM-1D)    1     3.967750      1.169650      3.967750      ok
Implementation 3 (MM-2D)    1     3.975559      1.167353      3.975559      ok
Implementation 1 (Serial)   4     4.640879      1.000000      4.640879      ok
Implementation 2 (MM-1D)    4     1.545330      3.003164      6.181320      ok
Implementation 3 (MM-2D)    4     1.090881      4.254249      4.363524      ok
Implementation 1 (Serial)   9     4.640879      1.000000      4.640879      ok
Implementation 2 (MM-1D)    9     1.089760      4.258625      9.807840      ok
Implementation 3 (MM-2D)    9     0.580601      7.993233      5.225409      ok
Implementation 1 (Serial)   16    4.640879      1.000000      4.640879      ok
Implementation 2 (MM-1D)    16    0.704419      6.588237      11.270704     ok
Implementation 3 (MM-2D)    16    0.349024      13.296733     5.584384      ok
Implementation 1 (Serial)   25    4.640879      1.000000      4.640879      ok
Implementation 2 (MM-1D)    25    0.839324      5.529306      20.983100     ok
Implementation 3 (MM-2D)    25    0.431173      10.763380     10.779325     ok

CSV written to: /home/pbclevidence/MPI-MM-algorithms/csvs/M2400_N600_Q2400.csv
SVG graph written to: /home/pbclevidence/MPI-MM-algorithms/graphs/M2400_N600_Q2400.svg
