/var/spool/slurm/slurmd/job18379/slurm_script: line 11: module: command not found
Running P= 1... done
Running P= 1... done
Running P= 1... done
Running P= 1... done
Running P= 4... done

Implementation              P     Seconds       Speedup       Cost          Status
--------------------------------------------------------------------------------------
Implementation 1 (Serial)   1     0.000007      1.000000      0.000007      ok
Implementation 2 (MM-1D)    1     0.000019      0.373866      0.000019      ok
Implementation 3 (MM-2D)    1     0.000009      0.777778      0.000009      ok
Implementation 1 (Serial)   4     0.000007      1.000000      0.000007      ok
Implementation 2 (MM-1D)    4     0.000167      0.041906      0.000668      ok
Implementation 3 (MM-2D)    4     0.000165      0.042424      0.000660      ok

CSV written to: /home/pbclevidence/MPI-MM-algorithms/csvs/M12_N6_Q6.csv
SVG graph written to: /home/pbclevidence/MPI-MM-algorithms/graphs/M12_N6_Q6.svg
Running P= 4... done
Running P= 4... done
Running P= 4... done

Implementation              P     Seconds       Speedup       Cost          Status
--------------------------------------------------------------------------------------
Implementation 1 (Serial)   1     0.000007      1.000000      0.000007      ok
Implementation 2 (MM-1D)    1     0.000018      0.388093      0.000018      ok
Implementation 3 (MM-2D)    1     0.000011      0.636364      0.000011      ok
Implementation 1 (Serial)   4     0.000007      1.000000      0.000007      ok
Implementation 2 (MM-1D)    4     0.000151      0.046217      0.000606      ok
Implementation 3 (MM-2D)    4     0.000173      0.040462      0.000692      ok

CSV written to: /home/pbclevidence/MPI-MM-algorithms/csvs/M12_N6_Q6.csv
SVG graph written to: /home/pbclevidence/MPI-MM-algorithms/graphs/M12_N6_Q6.svg

Implementation              P     Seconds       Speedup       Cost          Status
--------------------------------------------------------------------------------------
Implementation 1 (Serial)   1     0.000007      1.000000      0.000007      ok
Implementation 2 (MM-1D)    1     0.000023      0.299164      0.000023      ok
Implementation 3 (MM-2D)    1     0.000011      0.636364      0.000011      ok
Implementation 1 (Serial)   4     0.000007      1.000000      0.000007      ok
Implementation 2 (MM-1D)    4     0.000179      0.039002      0.000718      ok
Implementation 3 (MM-2D)    4     0.000170      0.041176      0.000680      ok

CSV written to: /home/pbclevidence/MPI-MM-algorithms/csvs/M12_N6_Q6.csv
SVG graph written to: /home/pbclevidence/MPI-MM-algorithms/graphs/M12_N6_Q6.svg

Implementation              P     Seconds       Speedup       Cost          Status
--------------------------------------------------------------------------------------
Implementation 1 (Serial)   1     0.000007      1.000000      0.000007      ok
Implementation 2 (MM-1D)    1     0.000016      0.433434      0.000016      ok
Implementation 3 (MM-2D)    1     0.000010      0.700000      0.000010      ok
Implementation 1 (Serial)   4     0.000007      1.000000      0.000007      ok
Implementation 2 (MM-1D)    4     0.000160      0.043621      0.000642      ok
Implementation 3 (MM-2D)    4     0.000159      0.044025      0.000636      ok

CSV written to: /home/pbclevidence/MPI-MM-algorithms/csvs/M12_N6_Q6.csv
SVG graph written to: /home/pbclevidence/MPI-MM-algorithms/graphs/M12_N6_Q6.svg
