Running P= 1... done
Running P= 4... done
Running P= 9... done
Running P= 16... done
Running P= 25... done

Implementation              P     Seconds       Speedup       VsSerial      Cost          Status
----------------------------------------------------------------------------------------------------
Implementation 1 (Serial)   1     3.897671      1.000000      1.000000      3.897671      ok
Implementation 2 (MM-1D)    1     3.516860      1.000000      1.108282      3.516860      ok
Implementation 3 (MM-2D)    1     3.464750      1.000000      1.124950      3.464750      ok
Implementation 1 (Serial)   4     3.897671      1.000000      1.000000      3.897671      ok
Implementation 2 (MM-1D)    4     0.961377      3.658149      4.054259      3.845508      ok
Implementation 3 (MM-2D)    4     0.914061      3.790502      4.264126      3.656244      ok
Implementation 1 (Serial)   9     3.897671      1.000000      1.000000      3.897671      ok
Implementation 2 (MM-1D)    9     0.868230      4.050609      4.489215      7.814070      ok
Implementation 3 (MM-2D)    9     0.483546      7.165296      8.060600      4.351914      ok
Implementation 1 (Serial)   16    3.897671      1.000000      1.000000      3.897671      ok
Implementation 2 (MM-1D)    16    0.588814      5.972786      6.619528      9.421024      ok
Implementation 3 (MM-2D)    16    0.294853      11.750771     13.219031     4.717648      ok
Implementation 1 (Serial)   25    3.897671      1.000000      1.000000      3.897671      ok
Implementation 2 (MM-1D)    25    0.650661      5.405057      5.990325      16.266525     ok
Implementation 3 (MM-2D)    25    0.317193      10.923160     12.288011     7.929825      ok

CSV written to: /home/pbclevidence/MPI-MM-algorithms/csvs/M4200_N600_Q1200.csv
SVG graph written to: /home/pbclevidence/MPI-MM-algorithms/graphs/M4200_N600_Q1200.svg
