Running P= 1... done
Running P= 4... done
Running P= 9... done
Running P= 16... done
Running P= 25... done

Implementation              P     Seconds       Speedup       Cost          Status
--------------------------------------------------------------------------------------
Implementation 1 (Serial)   1     8.519597      1.000000      8.519597      ok
Implementation 2 (MM-1D)    1     6.645470      1.282016      6.645470      ok
Implementation 3 (MM-2D)    1     6.498271      1.311056      6.498271      ok
Implementation 1 (Serial)   4     8.420119      1.000000      8.420119      ok
Implementation 2 (MM-1D)    4     2.332930      3.609246      9.331720      ok
Implementation 3 (MM-2D)    4     5.186502      1.623468      20.746008     ok
Implementation 1 (Serial)   9     38.444204     1.000000      38.444204     ok
Implementation 2 (MM-1D)    9     1.278200      30.076830     11.503800     ok
Implementation 3 (MM-2D)    9     5.890408      6.526577      53.013672     ok
Implementation 1 (Serial)   16    8.428937      1.000000      8.428937      ok
Implementation 2 (MM-1D)    16    0.846624      9.955939      13.545984     ok
Implementation 3 (MM-2D)    16    6.722035      1.253926      107.552560    ok
Implementation 1 (Serial)   25    8.475073      1.000000      8.475073      ok
Implementation 2 (MM-1D)    25    0.840194      10.087043     21.004850     ok
Implementation 3 (MM-2D)    25    9.435703      0.898192      235.892575    ok

CSV written to: /home/pbclevidence/MPI-MM-algorithms/csvs/M600_N600_Q2400.csv
SVG graph written to: /home/pbclevidence/MPI-MM-algorithms/graphs/M600_N600_Q2400.svg
