Running P= 1... done
Running P= 4... done
Running P= 9... done
Running P= 16... done
Running P= 25... done

Implementation              P     Seconds       Speedup       Cost          Status
--------------------------------------------------------------------------------------
Implementation 1 (Serial)   1     0.559870      1.000000      0.559870      ok
Implementation 2 (MM-1D)    1     0.509366      1.099151      0.509366      ok
Implementation 3 (MM-2D)    1     0.504080      1.110677      0.504080      ok
Implementation 1 (Serial)   4     0.559870      1.000000      0.559870      ok
Implementation 2 (MM-1D)    4     0.154286      3.628780      0.617144      ok
Implementation 3 (MM-2D)    4     0.141848      3.946971      0.567392      ok
Implementation 1 (Serial)   9     0.559870      1.000000      0.559870      ok
Implementation 2 (MM-1D)    9     0.147085      3.806438      1.323765      ok
Implementation 3 (MM-2D)    9     0.089149      6.280160      0.802341      ok
Implementation 1 (Serial)   16    0.559870      1.000000      0.559870      ok
Implementation 2 (MM-1D)    16    0.124863      4.483874      1.997808      ok
Implementation 3 (MM-2D)    16    0.080376      6.965637      1.286016      ok
Implementation 1 (Serial)   25    0.559870      1.000000      0.559870      ok
Implementation 2 (MM-1D)    25    0.142194      3.937367      3.554850      ok
Implementation 3 (MM-2D)    25    0.065408      8.559656      1.635200      ok

CSV written to: /home/pbclevidence/MPI-MM-algorithms/csvs/M600_N600_Q1200.csv
SVG graph written to: /home/pbclevidence/MPI-MM-algorithms/graphs/M600_N600_Q1200.svg
