Running P= 1... done
Running P= 4... done
Running P= 9... done
Running P= 16... done
Running P= 25... done

Implementation              P     Seconds       Speedup       Cost          Status
--------------------------------------------------------------------------------------
Implementation 1 (Serial)   1     19.093410     1.000000      19.093410     ok
Implementation 2 (MM-1D)    1     14.844000     1.286271      14.844000     ok
Implementation 3 (MM-2D)    1     14.738109     1.295513      14.738109     ok
Implementation 1 (Serial)   4     18.933015     1.000000      18.933015     ok
Implementation 2 (MM-1D)    4     4.079830      4.640638      16.319320     ok
Implementation 3 (MM-2D)    4     11.686476     1.620079      46.745904     ok
Implementation 1 (Serial)   9     18.940526     1.000000      18.940526     ok
Implementation 2 (MM-1D)    9     2.801610      6.760586      25.214490     ok
Implementation 3 (MM-2D)    9     12.719107     1.489140      114.471963    ok
Implementation 1 (Serial)   16    18.912330     1.000000      18.912330     ok
Implementation 2 (MM-1D)    16    1.727140      10.950085     27.634240     ok
Implementation 3 (MM-2D)    16    15.987080     1.182976      255.793280    ok
Implementation 1 (Serial)   25    18.993901     1.000000      18.993901     ok
Implementation 2 (MM-1D)    25    1.708580      11.116776     42.714500     ok
Implementation 3 (MM-2D)    25    21.988031     0.863829      549.700775    ok

CSV written to: /home/pbclevidence/MPI-MM-algorithms/csvs/M1800_N600_Q1800.csv
SVG graph written to: /home/pbclevidence/MPI-MM-algorithms/graphs/M1800_N600_Q1800.svg
