Running P= 1... done
Running P= 4... done
Running P= 9... done
Running P= 16... done
Running P= 25... done

Implementation              P     Seconds       Speedup       Cost          Status
--------------------------------------------------------------------------------------
Implementation 1 (Serial)   1     8.422965      1.000000      8.422965      ok
Implementation 2 (MM-1D)    1     6.550960      1.285760      6.550960      ok
Implementation 3 (MM-2D)    1     6.607937      1.274674      6.607937      ok
Implementation 1 (Serial)   4     8.415496      1.000000      8.415496      ok
Implementation 2 (MM-1D)    4     2.372540      3.547041      9.490160      ok
Implementation 3 (MM-2D)    4     5.202448      1.617603      20.809792     ok
Implementation 1 (Serial)   9     8.431392      1.000000      8.431392      ok
Implementation 2 (MM-1D)    9     1.274590      6.614984      11.471310     ok
Implementation 3 (MM-2D)    9     5.832032      1.445704      52.488288     ok
Implementation 1 (Serial)   16    8.415350      1.000000      8.415350      ok
Implementation 2 (MM-1D)    16    0.819074      10.274224     13.105184     ok
Implementation 3 (MM-2D)    16    6.755547      1.245695      108.088752    ok
Implementation 1 (Serial)   25    8.572077      1.000000      8.572077      ok
Implementation 2 (MM-1D)    25    0.833510      10.284312     20.837750     ok
Implementation 3 (MM-2D)    25    7.742216      1.107186      193.555400    ok

CSV written to: /home/pbclevidence/MPI-MM-algorithms/csvs/M600_N1200_Q1200.csv
SVG graph written to: /home/pbclevidence/MPI-MM-algorithms/graphs/M600_N1200_Q1200.svg
