Running P= 1... done
Running P= 4... done
Running P= 9... done
Running P= 16... done
Running P= 25... done

Implementation              P     Seconds       Speedup       Cost          Status
--------------------------------------------------------------------------------------
Implementation 1 (Serial)   1     21.540729     1.000000      21.540729     ok
Implementation 2 (MM-1D)    1     20.947400     1.028325      20.947400     ok
Implementation 3 (MM-2D)    1     20.890851     1.031108      20.890851     ok
Implementation 1 (Serial)   4     21.540729     1.000000      21.540729     ok
Implementation 2 (MM-1D)    4     5.590730      3.852937      22.362920     ok
Implementation 3 (MM-2D)    4     3.968165      5.428385      15.872660     ok
Implementation 1 (Serial)   9     21.540729     1.000000      21.540729     ok
Implementation 2 (MM-1D)    9     2.838650      7.588371      25.547850     ok
Implementation 3 (MM-2D)    9     2.213790      9.730249      19.924110     ok
Implementation 1 (Serial)   16    21.540729     1.000000      21.540729     ok
Implementation 2 (MM-1D)    16    1.882420      11.443105     30.118720     ok
Implementation 3 (MM-2D)    16    1.520921      14.162951     24.334736     ok
Implementation 1 (Serial)   25    21.540729     1.000000      21.540729     ok
Implementation 2 (MM-1D)    25    2.265830      9.506772      56.645750     ok
Implementation 3 (MM-2D)    25    1.438368      14.975812     35.959200     ok

CSV written to: /home/pbclevidence/MPI-MM-algorithms/csvs/M1800_N1800_Q3000.csv
SVG graph written to: /home/pbclevidence/MPI-MM-algorithms/graphs/M1800_N1800_Q3000.svg
