Running P= 1... done
Running P= 4... done
Running P= 9... done
Running P= 16... done
Running P= 25... done

Implementation              P     Seconds       Speedup       Cost          Status
--------------------------------------------------------------------------------------
Implementation 1 (Serial)   1     45.357873     1.000000      45.357873     ok
Implementation 2 (MM-1D)    1     10.963100     4.137322      10.963100     ok
Implementation 3 (MM-2D)    1     10.928583     4.150389      10.928583     ok
Implementation 1 (Serial)   4     45.357873     1.000000      45.357873     ok
Implementation 2 (MM-1D)    4     2.977100      15.235589     11.908400     ok
Implementation 3 (MM-2D)    4     1.672547      27.119042     6.690188      ok
Implementation 1 (Serial)   9     45.357873     1.000000      45.357873     ok
Implementation 2 (MM-1D)    9     1.562580      29.027553     14.063220     ok
Implementation 3 (MM-2D)    9     31.029858     1.461749      279.268722    ok
Implementation 1 (Serial)   16    45.357873     1.000000      45.357873     ok
Implementation 2 (MM-1D)    16    1.067180      42.502552     17.074880     ok
Implementation 3 (MM-2D)    16    0.740017      61.293015     11.840272     ok
Implementation 1 (Serial)   25    45.357873     1.000000      45.357873     ok
Implementation 2 (MM-1D)    25    1.476790      30.713827     36.919750     ok
Implementation 3 (MM-2D)    25    0.709919      63.891617     17.747975     ok

CSV written to: /home/pbclevidence/MPI-MM-algorithms/csvs/M1200_N2400_Q1800.csv
SVG graph written to: /home/pbclevidence/MPI-MM-algorithms/graphs/M1200_N2400_Q1800.svg
