/var/spool/slurm/slurmd/job18386/slurm_script: line 11: module: command not found
Running P= 1... done
Running P= 1... done
Running P= 1... done
Running P= 1... done
Running P= 4... done

Implementation              P     Seconds       Speedup       Cost          Status
--------------------------------------------------------------------------------------
Implementation 1 (Serial)   1     0.000050      1.000000      0.000050      ok
Implementation 2 (MM-1D)    1     0.000068      0.738424      0.000068      ok
Implementation 3 (MM-2D)    1     0.000051      0.980392      0.000051      ok
Implementation 1 (Serial)   4     0.000049      1.000000      0.000049      ok
Implementation 2 (MM-1D)    4     0.000191      0.256432      0.000764      ok
Implementation 3 (MM-2D)    4     0.000224      0.218750      0.000896      ok

CSV written to: /home/pbclevidence/MPI-MM-algorithms/csvs/M12_N12_Q24.csv
SVG graph written to: /home/pbclevidence/MPI-MM-algorithms/graphs/M12_N12_Q24.svg
Running P= 4... done

Implementation              P     Seconds       Speedup       Cost          Status
--------------------------------------------------------------------------------------
Implementation 1 (Serial)   1     0.000047      1.000000      0.000047      ok
Implementation 2 (MM-1D)    1     0.000096      0.489979      0.000096      ok
Implementation 3 (MM-2D)    1     0.000045      1.044444      0.000045      ok
Implementation 1 (Serial)   4     0.000040      1.000000      0.000040      ok
Implementation 2 (MM-1D)    4     0.000192      0.208228      0.000768      ok
Implementation 3 (MM-2D)    4     0.000245      0.163265      0.000980      ok

CSV written to: /home/pbclevidence/MPI-MM-algorithms/csvs/M12_N12_Q24.csv
SVG graph written to: /home/pbclevidence/MPI-MM-algorithms/graphs/M12_N12_Q24.svg
Running P= 4... done

Implementation              P     Seconds       Speedup       Cost          Status
--------------------------------------------------------------------------------------
Implementation 1 (Serial)   1     0.000048      1.000000      0.000048      ok
Implementation 2 (MM-1D)    1     0.000048      0.998945      0.000048      ok
Implementation 3 (MM-2D)    1     0.000049      0.979592      0.000049      ok
Implementation 1 (Serial)   4     0.000047      1.000000      0.000047      ok
Implementation 2 (MM-1D)    4     0.000180      0.261425      0.000719      ok
Implementation 3 (MM-2D)    4     0.000219      0.214612      0.000876      ok

CSV written to: /home/pbclevidence/MPI-MM-algorithms/csvs/M12_N12_Q24.csv
SVG graph written to: /home/pbclevidence/MPI-MM-algorithms/graphs/M12_N12_Q24.svg
Running P= 4... done

Implementation              P     Seconds       Speedup       Cost          Status
--------------------------------------------------------------------------------------
Implementation 1 (Serial)   1     0.000049      1.000000      0.000049      ok
Implementation 2 (MM-1D)    1     0.000071      0.689017      0.000071      ok
Implementation 3 (MM-2D)    1     0.000053      0.924528      0.000053      ok
Implementation 1 (Serial)   4     0.000045      1.000000      0.000045      ok
Implementation 2 (MM-1D)    4     0.000221      0.203482      0.000885      ok
Implementation 3 (MM-2D)    4     0.000203      0.221675      0.000812      ok

CSV written to: /home/pbclevidence/MPI-MM-algorithms/csvs/M12_N12_Q24.csv
SVG graph written to: /home/pbclevidence/MPI-MM-algorithms/graphs/M12_N12_Q24.svg
