Running P= 1... done
Running P= 4... done
Running P= 9... done
Running P= 16... done
Running P= 25... done

Implementation              P     Seconds       Speedup       Cost          Status
--------------------------------------------------------------------------------------
Implementation 1 (Serial)   1     70.002408     1.000000      70.002408     ok
Implementation 2 (MM-1D)    1     72.929400     0.959865      72.929400     ok
Implementation 3 (MM-2D)    1     71.838895     0.974436      71.838895     ok
Implementation 1 (Serial)   4     70.002408     1.000000      70.002408     ok
Implementation 2 (MM-1D)    4     18.592500     3.765089      74.370000     ok
Implementation 3 (MM-2D)    4     12.652174     5.532836      50.608696     ok
Implementation 1 (Serial)   9     70.002408     1.000000      70.002408     ok
Implementation 2 (MM-1D)    9     9.009120      7.770172      81.082080     ok
Implementation 3 (MM-2D)    9     6.611156      10.588528     59.500404     ok
Implementation 1 (Serial)   16    70.002408     1.000000      70.002408     ok
Implementation 2 (MM-1D)    16    7.255570      9.648092      116.089120    ok
Implementation 3 (MM-2D)    16    4.662641      15.013467     74.602256     ok
Implementation 1 (Serial)   25    70.002408     1.000000      70.002408     ok
Implementation 2 (MM-1D)    25    6.726130      10.407531     168.153250    ok
Implementation 3 (MM-2D)    25    4.113999      17.015660     102.849975    ok

CSV written to: /home/pbclevidence/MPI-MM-algorithms/csvs/M3000_N3000_Q2400.csv
SVG graph written to: /home/pbclevidence/MPI-MM-algorithms/graphs/M3000_N3000_Q2400.svg
