/var/spool/slurm/slurmd/job17926/slurm_script: line 11: module: command not found
Running P= 1... done
Running P= 1... done
Running P= 1... done
Running P= 1... done
Running P= 1... done
Running P= 1... done
Running P= 1... done
Running P= 1... done
Running P= 1... done
Running P= 4... done
Running P= 4... done
Running P= 4... done
Running P= 4... done
Running P= 4... done
Running P= 4... done
Running P= 4... done
Running P= 4... done
Running P= 4... done
Running P= 9... done

Implementation              P     Seconds       Speedup       Cost          Status
--------------------------------------------------------------------------------------
Implementation 1 (Serial)   1     0.000035      1.000000      0.000035      ok
Implementation 2 (MM-1D)    1     0.000033      1.051158      0.000033      ok
Implementation 3 (MM-2D)    1     0.000022      1.590909      0.000022      ok
Implementation 1 (Serial)   4     0.000024      1.000000      0.000024      ok
Implementation 2 (MM-1D)    4     0.000159      0.151168      0.000635      ok
Implementation 3 (MM-2D)    4     0.000178      0.134831      0.000712      ok
Implementation 1 (Serial)   9     0.000023      1.000000      0.000023      ok
Implementation 2 (MM-1D)    9     0.000265      0.086832      0.002384      ok
Implementation 3 (MM-2D)    9     0.000314      0.073248      0.002826      ok

CSV written to: /home/pbclevidence/MPI-MM-algorithms/csvs/M18_N12_Q6.csv
SVG graph written to: /home/pbclevidence/MPI-MM-algorithms/graphs/M18_N12_Q6.svg
Running P= 9... done

Implementation              P     Seconds       Speedup       Cost          Status
--------------------------------------------------------------------------------------
Implementation 1 (Serial)   1     0.000028      1.000000      0.000028      ok
Implementation 2 (MM-1D)    1     0.000032      0.867469      0.000032      ok
Implementation 3 (MM-2D)    1     0.000022      1.272727      0.000022      ok
Implementation 1 (Serial)   4     0.000026      1.000000      0.000026      ok
Implementation 2 (MM-1D)    4     0.000166      0.156995      0.000662      ok
Implementation 3 (MM-2D)    4     0.000176      0.147727      0.000704      ok
Implementation 1 (Serial)   9     0.000028      1.000000      0.000028      ok
Implementation 2 (MM-1D)    9     0.000265      0.105581      0.002387      ok
Implementation 3 (MM-2D)    9     0.000303      0.092409      0.002727      ok

CSV written to: /home/pbclevidence/MPI-MM-algorithms/csvs/M18_N12_Q6.csv
SVG graph written to: /home/pbclevidence/MPI-MM-algorithms/graphs/M18_N12_Q6.svg
Running P= 9... done

Implementation              P     Seconds       Speedup       Cost          Status
--------------------------------------------------------------------------------------
Implementation 1 (Serial)   1     0.000028      1.000000      0.000028      ok
Implementation 2 (MM-1D)    1     0.000033      0.849527      0.000033      ok
Implementation 3 (MM-2D)    1     0.000019      1.473684      0.000019      ok
Implementation 1 (Serial)   4     0.000023      1.000000      0.000023      ok
Implementation 2 (MM-1D)    4     0.000155      0.148263      0.000621      ok
Implementation 3 (MM-2D)    4     0.000168      0.136905      0.000672      ok
Implementation 1 (Serial)   9     0.000028      1.000000      0.000028      ok
Implementation 2 (MM-1D)    9     0.000274      0.102046      0.002469      ok
Implementation 3 (MM-2D)    9     0.000307      0.091205      0.002763      ok

CSV written to: /home/pbclevidence/MPI-MM-algorithms/csvs/M18_N12_Q6.csv
SVG graph written to: /home/pbclevidence/MPI-MM-algorithms/graphs/M18_N12_Q6.svg
Running P= 9... done
Running P= 9... done

Implementation              P     Seconds       Speedup       Cost          Status
--------------------------------------------------------------------------------------
Implementation 1 (Serial)   1     0.000028      1.000000      0.000028      ok
Implementation 2 (MM-1D)    1     0.000030      0.947280      0.000030      ok
Implementation 3 (MM-2D)    1     0.000020      1.400000      0.000020      ok
Implementation 1 (Serial)   4     0.000026      1.000000      0.000026      ok
Implementation 2 (MM-1D)    4     0.000155      0.167336      0.000622      ok
Implementation 3 (MM-2D)    4     0.000175      0.148571      0.000700      ok
Implementation 1 (Serial)   9     0.000028      1.000000      0.000028      ok
Implementation 2 (MM-1D)    9     0.000270      0.103859      0.002426      ok
Implementation 3 (MM-2D)    9     0.000325      0.086154      0.002925      ok

CSV written to: /home/pbclevidence/MPI-MM-algorithms/csvs/M18_N12_Q6.csv
SVG graph written to: /home/pbclevidence/MPI-MM-algorithms/graphs/M18_N12_Q6.svg

Implementation              P     Seconds       Speedup       Cost          Status
--------------------------------------------------------------------------------------
Implementation 1 (Serial)   1     0.000028      1.000000      0.000028      ok
Implementation 2 (MM-1D)    1     0.000032      0.872706      0.000032      ok
Implementation 3 (MM-2D)    1     0.000021      1.333333      0.000021      ok
Implementation 1 (Serial)   4     0.000027      1.000000      0.000027      ok
Implementation 2 (MM-1D)    4     0.000163      0.165546      0.000652      ok
Implementation 3 (MM-2D)    4     0.000164      0.164634      0.000656      ok
Implementation 1 (Serial)   9     0.000027      1.000000      0.000027      ok
Implementation 2 (MM-1D)    9     0.000263      0.102476      0.002371      ok
Implementation 3 (MM-2D)    9     0.000330      0.081818      0.002970      ok

CSV written to: /home/pbclevidence/MPI-MM-algorithms/csvs/M18_N12_Q6.csv
SVG graph written to: /home/pbclevidence/MPI-MM-algorithms/graphs/M18_N12_Q6.svg
Running P= 9... done

Implementation              P     Seconds       Speedup       Cost          Status
--------------------------------------------------------------------------------------
Implementation 1 (Serial)   1     0.000028      1.000000      0.000028      ok
Implementation 2 (MM-1D)    1     0.000031      0.900629      0.000031      ok
Implementation 3 (MM-2D)    1     0.000020      1.400000      0.000020      ok
Implementation 1 (Serial)   4     0.000026      1.000000      0.000026      ok
Implementation 2 (MM-1D)    4     0.000167      0.155702      0.000668      ok
Implementation 3 (MM-2D)    4     0.000167      0.155689      0.000668      ok
Implementation 1 (Serial)   9     0.000026      1.000000      0.000026      ok
Implementation 2 (MM-1D)    9     0.000257      0.101059      0.002315      ok
Implementation 3 (MM-2D)    9     0.000321      0.080997      0.002889      ok

CSV written to: /home/pbclevidence/MPI-MM-algorithms/csvs/M18_N12_Q6.csv
SVG graph written to: /home/pbclevidence/MPI-MM-algorithms/graphs/M18_N12_Q6.svg
Running P= 9... done

Implementation              P     Seconds       Speedup       Cost          Status
--------------------------------------------------------------------------------------
Implementation 1 (Serial)   1     0.000028      1.000000      0.000028      ok
Implementation 2 (MM-1D)    1     0.000033      0.848089      0.000033      ok
Implementation 3 (MM-2D)    1     0.000017      1.647059      0.000017      ok
Implementation 1 (Serial)   4     0.000027      1.000000      0.000027      ok
Implementation 2 (MM-1D)    4     0.000169      0.160173      0.000674      ok
Implementation 3 (MM-2D)    4     0.000160      0.168750      0.000640      ok
Implementation 1 (Serial)   9     0.000025      1.000000      0.000025      ok
Implementation 2 (MM-1D)    9     0.000266      0.093937      0.002395      ok
Implementation 3 (MM-2D)    9     0.000306      0.081699      0.002754      ok

CSV written to: /home/pbclevidence/MPI-MM-algorithms/csvs/M18_N12_Q6.csv
SVG graph written to: /home/pbclevidence/MPI-MM-algorithms/graphs/M18_N12_Q6.svg
Running P= 9... done

Implementation              P     Seconds       Speedup       Cost          Status
--------------------------------------------------------------------------------------
Implementation 1 (Serial)   1     0.000028      1.000000      0.000028      ok
Implementation 2 (MM-1D)    1     0.000034      0.827957      0.000034      ok
Implementation 3 (MM-2D)    1     0.000018      1.555556      0.000018      ok
Implementation 1 (Serial)   4     0.000024      1.000000      0.000024      ok
Implementation 2 (MM-1D)    4     0.000154      0.155375      0.000618      ok
Implementation 3 (MM-2D)    4     0.000170      0.141176      0.000680      ok
Implementation 1 (Serial)   9     0.000027      1.000000      0.000027      ok
Implementation 2 (MM-1D)    9     0.000281      0.096153      0.002527      ok
Implementation 3 (MM-2D)    9     0.000305      0.088525      0.002745      ok

CSV written to: /home/pbclevidence/MPI-MM-algorithms/csvs/M18_N12_Q6.csv
SVG graph written to: /home/pbclevidence/MPI-MM-algorithms/graphs/M18_N12_Q6.svg
Running P= 9... done

Implementation              P     Seconds       Speedup       Cost          Status
--------------------------------------------------------------------------------------
Implementation 1 (Serial)   1     0.000028      1.000000      0.000028      ok
Implementation 2 (MM-1D)    1     0.000033      0.851693      0.000033      ok
Implementation 3 (MM-2D)    1     0.000021      1.333333      0.000021      ok
Implementation 1 (Serial)   4     0.000025      1.000000      0.000025      ok
Implementation 2 (MM-1D)    4     0.000169      0.147985      0.000676      ok
Implementation 3 (MM-2D)    4     0.000173      0.144509      0.000692      ok
Implementation 1 (Serial)   9     0.000026      1.000000      0.000026      ok
Implementation 2 (MM-1D)    9     0.000279      0.093189      0.002511      ok
Implementation 3 (MM-2D)    9     0.000322      0.080745      0.002898      ok

CSV written to: /home/pbclevidence/MPI-MM-algorithms/csvs/M18_N12_Q6.csv
SVG graph written to: /home/pbclevidence/MPI-MM-algorithms/graphs/M18_N12_Q6.svg
