Running P= 1... done
Running P= 4... done
Running P= 9... done
Running P= 16... done
Running P= 25... done

Implementation              P     Seconds       Speedup       Cost          Status
--------------------------------------------------------------------------------------
Implementation 1 (Serial)   1     274.087145    1.000000      274.087145    ok
Implementation 2 (MM-1D)    1     224.237000    1.222310      224.237000    ok
Implementation 3 (MM-2D)    1     224.564431    1.220528      224.564431    ok
Implementation 1 (Serial)   4     274.199468    1.000000      274.199468    ok
Implementation 2 (MM-1D)    4     58.325300     4.701210      233.301200    ok
Implementation 3 (MM-2D)    4     130.347304    2.103607      521.389216    ok
Implementation 1 (Serial)   9     274.044402    1.000000      274.044402    ok
Implementation 2 (MM-1D)    9     29.334100     9.342179      264.006900    ok
Implementation 3 (MM-2D)    9     140.487605    1.950666      1264.388445   ok
Implementation 1 (Serial)   16    274.147220    1.000000      274.147220    ok
Implementation 2 (MM-1D)    16    17.951200     15.271805     287.219200    ok
Implementation 3 (MM-2D)    16    176.661778    1.551820      2826.588448   ok
Implementation 1 (Serial)   25    310.571889    1.000000      310.571889    ok
Implementation 2 (MM-1D)    25    21.841200     14.219543     546.030000    ok
Implementation 3 (MM-2D)    25    282.426959    1.099654      7060.673975   ok

CSV written to: /home/pbclevidence/MPI-MM-algorithms/csvs/M2400_N3000_Q3000.csv
SVG graph written to: /home/pbclevidence/MPI-MM-algorithms/graphs/M2400_N3000_Q3000.svg
