Running P= 1... done
Running P= 4... done
Running P= 9... done
Running P= 16... done
Running P= 25... done

Implementation              P     Seconds       Speedup       Cost          Status
--------------------------------------------------------------------------------------
Implementation 1 (Serial)   1     1.083283      1.000000      1.083283      ok
Implementation 2 (MM-1D)    1     1.028350      1.053419      1.028350      ok
Implementation 3 (MM-2D)    1     1.006924      1.075834      1.006924      ok
Implementation 1 (Serial)   4     1.083283      1.000000      1.083283      ok
Implementation 2 (MM-1D)    4     0.292212      3.707182      1.168848      ok
Implementation 3 (MM-2D)    4     0.253716      4.269668      1.014864      ok
Implementation 1 (Serial)   9     1.083283      1.000000      1.083283      ok
Implementation 2 (MM-1D)    9     0.172620      6.275536      1.553580      ok
Implementation 3 (MM-2D)    9     0.152150      7.119836      1.369350      ok
Implementation 1 (Serial)   16    1.083283      1.000000      1.083283      ok
Implementation 2 (MM-1D)    16    0.158179      6.848463      2.530864      ok
Implementation 3 (MM-2D)    16    0.108831      9.953809      1.741296      ok
Implementation 1 (Serial)   25    1.083283      1.000000      1.083283      ok
Implementation 2 (MM-1D)    25    0.182985      5.920064      4.574625      ok
Implementation 3 (MM-2D)    25    0.101574      10.664963     2.539350      ok

CSV written to: /home/pbclevidence/MPI-MM-algorithms/csvs/M2400_N600_Q600.csv
SVG graph written to: /home/pbclevidence/MPI-MM-algorithms/graphs/M2400_N600_Q600.svg
