/var/spool/slurm/slurmd/job17927/slurm_script: line 11: module: command not found
Running P= 1... done
Running P= 1... done
Running P= 1... done
Running P= 1... done
Running P= 1... done
Running P= 1... done
Running P= 1... done
Running P= 1... done
Running P= 1... done
Running P= 4... done
Running P= 4... done
Running P= 4... done
Running P= 4... done
Running P= 4... done
Running P= 4... done
Running P= 4... done
Running P= 4... done
Running P= 4... done
Running P= 9... done

Implementation              P     Seconds       Speedup       Cost          Status
--------------------------------------------------------------------------------------
Implementation 1 (Serial)   1     0.000073      1.000000      0.000073      ok
Implementation 2 (MM-1D)    1     0.000053      1.365775      0.000053      ok
Implementation 3 (MM-2D)    1     0.000037      1.972973      0.000037      ok
Implementation 1 (Serial)   4     0.000045      1.000000      0.000045      ok
Implementation 2 (MM-1D)    4     0.000186      0.242419      0.000743      ok
Implementation 3 (MM-2D)    4     0.000190      0.236842      0.000760      ok
Implementation 1 (Serial)   9     0.000051      1.000000      0.000051      ok
Implementation 2 (MM-1D)    9     0.000272      0.187204      0.002452      ok
Implementation 3 (MM-2D)    9     0.000354      0.144068      0.003186      ok

CSV written to: /home/pbclevidence/MPI-MM-algorithms/csvs/M18_N12_Q12.csv
SVG graph written to: /home/pbclevidence/MPI-MM-algorithms/graphs/M18_N12_Q12.svg
Running P= 9... done

Implementation              P     Seconds       Speedup       Cost          Status
--------------------------------------------------------------------------------------
Implementation 1 (Serial)   1     0.000056      1.000000      0.000056      ok
Implementation 2 (MM-1D)    1     0.000053      1.051087      0.000053      ok
Implementation 3 (MM-2D)    1     0.000038      1.473684      0.000038      ok
Implementation 1 (Serial)   4     0.000047      1.000000      0.000047      ok
Implementation 2 (MM-1D)    4     0.000169      0.277942      0.000676      ok
Implementation 3 (MM-2D)    4     0.000181      0.259669      0.000724      ok
Implementation 1 (Serial)   9     0.000049      1.000000      0.000049      ok
Implementation 2 (MM-1D)    9     0.000284      0.172738      0.002553      ok
Implementation 3 (MM-2D)    9     0.000347      0.141210      0.003123      ok

CSV written to: /home/pbclevidence/MPI-MM-algorithms/csvs/M18_N12_Q12.csv
SVG graph written to: /home/pbclevidence/MPI-MM-algorithms/graphs/M18_N12_Q12.svg
Running P= 9... done

Implementation              P     Seconds       Speedup       Cost          Status
--------------------------------------------------------------------------------------
Implementation 1 (Serial)   1     0.000055      1.000000      0.000055      ok
Implementation 2 (MM-1D)    1     0.000051      1.077523      0.000051      ok
Implementation 3 (MM-2D)    1     0.000039      1.410256      0.000039      ok
Implementation 1 (Serial)   4     0.000053      1.000000      0.000053      ok
Implementation 2 (MM-1D)    4     0.000187      0.283432      0.000748      ok
Implementation 3 (MM-2D)    4     0.000178      0.297753      0.000712      ok
Implementation 1 (Serial)   9     0.000051      1.000000      0.000051      ok
Implementation 2 (MM-1D)    9     0.000298      0.170954      0.002685      ok
Implementation 3 (MM-2D)    9     0.000324      0.157407      0.002916      ok

CSV written to: /home/pbclevidence/MPI-MM-algorithms/csvs/M18_N12_Q12.csv
SVG graph written to: /home/pbclevidence/MPI-MM-algorithms/graphs/M18_N12_Q12.svg
Running P= 9... done

Implementation              P     Seconds       Speedup       Cost          Status
--------------------------------------------------------------------------------------
Implementation 1 (Serial)   1     0.000055      1.000000      0.000055      ok
Implementation 2 (MM-1D)    1     0.000051      1.069174      0.000051      ok
Implementation 3 (MM-2D)    1     0.000037      1.486486      0.000037      ok
Implementation 1 (Serial)   4     0.000051      1.000000      0.000051      ok
Implementation 2 (MM-1D)    4     0.000186      0.273629      0.000746      ok
Implementation 3 (MM-2D)    4     0.000181      0.281768      0.000724      ok
Implementation 1 (Serial)   9     0.000053      1.000000      0.000053      ok
Implementation 2 (MM-1D)    9     0.000282      0.187687      0.002541      ok
Implementation 3 (MM-2D)    9     0.000355      0.149296      0.003195      ok

CSV written to: /home/pbclevidence/MPI-MM-algorithms/csvs/M18_N12_Q12.csv
SVG graph written to: /home/pbclevidence/MPI-MM-algorithms/graphs/M18_N12_Q12.svg
Running P= 9... done

Implementation              P     Seconds       Speedup       Cost          Status
--------------------------------------------------------------------------------------
Implementation 1 (Serial)   1     0.000055      1.000000      0.000055      ok
Implementation 2 (MM-1D)    1     0.000052      1.061352      0.000052      ok
Implementation 3 (MM-2D)    1     0.000034      1.617647      0.000034      ok
Implementation 1 (Serial)   4     0.000049      1.000000      0.000049      ok
Implementation 2 (MM-1D)    4     0.000182      0.269629      0.000727      ok
Implementation 3 (MM-2D)    4     0.000181      0.270718      0.000724      ok
Implementation 1 (Serial)   9     0.000047      1.000000      0.000047      ok
Implementation 2 (MM-1D)    9     0.000290      0.161896      0.002613      ok
Implementation 3 (MM-2D)    9     0.000344      0.136628      0.003096      ok

CSV written to: /home/pbclevidence/MPI-MM-algorithms/csvs/M18_N12_Q12.csv
SVG graph written to: /home/pbclevidence/MPI-MM-algorithms/graphs/M18_N12_Q12.svg
Running P= 9... done

Implementation              P     Seconds       Speedup       Cost          Status
--------------------------------------------------------------------------------------
Implementation 1 (Serial)   1     0.000055      1.000000      0.000055      ok
Implementation 2 (MM-1D)    1     0.000053      1.044478      0.000053      ok
Implementation 3 (MM-2D)    1     0.000038      1.447368      0.000038      ok
Implementation 1 (Serial)   4     0.000050      1.000000      0.000050      ok
Implementation 2 (MM-1D)    4     0.000184      0.271611      0.000736      ok
Implementation 3 (MM-2D)    4     0.000180      0.277778      0.000720      ok
Implementation 1 (Serial)   9     0.000051      1.000000      0.000051      ok
Implementation 2 (MM-1D)    9     0.000301      0.169672      0.002705      ok
Implementation 3 (MM-2D)    9     0.000322      0.158385      0.002898      ok

CSV written to: /home/pbclevidence/MPI-MM-algorithms/csvs/M18_N12_Q12.csv
SVG graph written to: /home/pbclevidence/MPI-MM-algorithms/graphs/M18_N12_Q12.svg
Running P= 9... done
Running P= 9... done

Implementation              P     Seconds       Speedup       Cost          Status
--------------------------------------------------------------------------------------
Implementation 1 (Serial)   1     0.000056      1.000000      0.000056      ok
Implementation 2 (MM-1D)    1     0.000053      1.051197      0.000053      ok
Implementation 3 (MM-2D)    1     0.000032      1.750000      0.000032      ok
Implementation 1 (Serial)   4     0.000051      1.000000      0.000051      ok
Implementation 2 (MM-1D)    4     0.000187      0.272506      0.000749      ok
Implementation 3 (MM-2D)    4     0.000182      0.280220      0.000728      ok
Implementation 1 (Serial)   9     0.000055      1.000000      0.000055      ok
Implementation 2 (MM-1D)    9     0.000281      0.195506      0.002532      ok
Implementation 3 (MM-2D)    9     0.000339      0.162242      0.003051      ok

CSV written to: /home/pbclevidence/MPI-MM-algorithms/csvs/M18_N12_Q12.csv
SVG graph written to: /home/pbclevidence/MPI-MM-algorithms/graphs/M18_N12_Q12.svg

Implementation              P     Seconds       Speedup       Cost          Status
--------------------------------------------------------------------------------------
Implementation 1 (Serial)   1     0.000055      1.000000      0.000055      ok
Implementation 2 (MM-1D)    1     0.000051      1.073234      0.000051      ok
Implementation 3 (MM-2D)    1     0.000035      1.571429      0.000035      ok
Implementation 1 (Serial)   4     0.000047      1.000000      0.000047      ok
Implementation 2 (MM-1D)    4     0.000172      0.273005      0.000689      ok
Implementation 3 (MM-2D)    4     0.000185      0.254054      0.000740      ok
Implementation 1 (Serial)   9     0.000055      1.000000      0.000055      ok
Implementation 2 (MM-1D)    9     0.000303      0.181458      0.002728      ok
Implementation 3 (MM-2D)    9     0.000343      0.160350      0.003087      ok

CSV written to: /home/pbclevidence/MPI-MM-algorithms/csvs/M18_N12_Q12.csv
SVG graph written to: /home/pbclevidence/MPI-MM-algorithms/graphs/M18_N12_Q12.svg
Running P= 9... done

Implementation              P     Seconds       Speedup       Cost          Status
--------------------------------------------------------------------------------------
Implementation 1 (Serial)   1     0.000055      1.000000      0.000055      ok
Implementation 2 (MM-1D)    1     0.000053      1.035267      0.000053      ok
Implementation 3 (MM-2D)    1     0.000031      1.774194      0.000031      ok
Implementation 1 (Serial)   4     0.000049      1.000000      0.000049      ok
Implementation 2 (MM-1D)    4     0.000175      0.280699      0.000698      ok
Implementation 3 (MM-2D)    4     0.000184      0.266304      0.000736      ok
Implementation 1 (Serial)   9     0.000053      1.000000      0.000053      ok
Implementation 2 (MM-1D)    9     0.000290      0.182764      0.002610      ok
Implementation 3 (MM-2D)    9     0.000325      0.163077      0.002925      ok

CSV written to: /home/pbclevidence/MPI-MM-algorithms/csvs/M18_N12_Q12.csv
SVG graph written to: /home/pbclevidence/MPI-MM-algorithms/graphs/M18_N12_Q12.svg
