/var/spool/slurm/slurmd/job18415/slurm_script: line 11: module: command not found
Running P= 1... done
Running P= 1... done
Running P= 1... done
Running P= 1... done
Running P= 4... done

Implementation              P     Seconds       Speedup       Cost          Status
--------------------------------------------------------------------------------------
Implementation 1 (Serial)   1     0.000025      1.000000      0.000025      ok
Implementation 2 (MM-1D)    1     0.000046      0.546811      0.000046      ok
Implementation 3 (MM-2D)    1     0.000042      0.595238      0.000042      ok
Implementation 1 (Serial)   4     0.000022      1.000000      0.000022      ok
Implementation 2 (MM-1D)    4     0.000188      0.117152      0.000751      ok
Implementation 3 (MM-2D)    4     0.000206      0.106796      0.000824      ok

CSV written to: /home/pbclevidence/MPI-MM-algorithms/csvs/M24_N12_Q6.csv
SVG graph written to: /home/pbclevidence/MPI-MM-algorithms/graphs/M24_N12_Q6.svg
Running P= 4... done
Running P= 4... done

Implementation              P     Seconds       Speedup       Cost          Status
--------------------------------------------------------------------------------------
Implementation 1 (Serial)   1     0.000025      1.000000      0.000025      ok
Implementation 2 (MM-1D)    1     0.000049      0.515360      0.000049      ok
Implementation 3 (MM-2D)    1     0.000026      0.961538      0.000026      ok
Implementation 1 (Serial)   4     0.000025      1.000000      0.000025      ok
Implementation 2 (MM-1D)    4     0.000196      0.127727      0.000783      ok
Implementation 3 (MM-2D)    4     0.000208      0.120192      0.000832      ok

CSV written to: /home/pbclevidence/MPI-MM-algorithms/csvs/M24_N12_Q6.csv
SVG graph written to: /home/pbclevidence/MPI-MM-algorithms/graphs/M24_N12_Q6.svg

Implementation              P     Seconds       Speedup       Cost          Status
--------------------------------------------------------------------------------------
Implementation 1 (Serial)   1     0.000025      1.000000      0.000025      ok
Implementation 2 (MM-1D)    1     0.000048      0.521944      0.000048      ok
Implementation 3 (MM-2D)    1     0.000027      0.925926      0.000027      ok
Implementation 1 (Serial)   4     0.000025      1.000000      0.000025      ok
Implementation 2 (MM-1D)    4     0.000186      0.134598      0.000743      ok
Implementation 3 (MM-2D)    4     0.000233      0.107296      0.000932      ok

CSV written to: /home/pbclevidence/MPI-MM-algorithms/csvs/M24_N12_Q6.csv
SVG graph written to: /home/pbclevidence/MPI-MM-algorithms/graphs/M24_N12_Q6.svg
Running P= 4... done

Implementation              P     Seconds       Speedup       Cost          Status
--------------------------------------------------------------------------------------
Implementation 1 (Serial)   1     0.000026      1.000000      0.000026      ok
Implementation 2 (MM-1D)    1     0.000048      0.539777      0.000048      ok
Implementation 3 (MM-2D)    1     0.000031      0.838710      0.000031      ok
Implementation 1 (Serial)   4     0.000025      1.000000      0.000025      ok
Implementation 2 (MM-1D)    4     0.000192      0.130450      0.000767      ok
Implementation 3 (MM-2D)    4     0.000204      0.122549      0.000816      ok

CSV written to: /home/pbclevidence/MPI-MM-algorithms/csvs/M24_N12_Q6.csv
SVG graph written to: /home/pbclevidence/MPI-MM-algorithms/graphs/M24_N12_Q6.svg
