Running P= 1... done
Running P= 4... done
Running P= 9... done
Running P= 16... done
Running P= 25... done

Implementation              P     Seconds       Speedup       Cost          Status
--------------------------------------------------------------------------------------
Implementation 1 (Serial)   1     421.911942    1.000000      421.911942    ok
Implementation 2 (MM-1D)    1     347.125000    1.215447      347.125000    ok
Implementation 3 (MM-2D)    1     346.999442    1.215887      346.999442    ok
Implementation 1 (Serial)   4     416.324474    1.000000      416.324474    ok
Implementation 2 (MM-1D)    4     73.883300     5.634893      295.533200    ok
Implementation 3 (MM-2D)    4     177.044864    2.351520      708.179456    ok
Implementation 1 (Serial)   9     356.138156    1.000000      356.138156    ok
Implementation 2 (MM-1D)    9     51.482900     6.917601      463.346100    ok
Implementation 3 (MM-2D)    9     194.368486    1.832283      1749.316374   ok
Implementation 1 (Serial)   16    416.006949    1.000000      416.006949    ok
Implementation 2 (MM-1D)    16    13.561700     30.675133     216.987200    ok
Implementation 3 (MM-2D)    16    252.634258    1.646677      4042.148128   ok
Implementation 1 (Serial)   25    416.439053    1.000000      416.439053    ok
Implementation 2 (MM-1D)    25    44.431900     9.372524      1110.797500   ok
Implementation 3 (MM-2D)    25    363.224875    1.146505      9080.621875   ok

CSV written to: /home/pbclevidence/MPI-MM-algorithms/csvs/M1800_N3000_Q3000.csv
SVG graph written to: /home/pbclevidence/MPI-MM-algorithms/graphs/M1800_N3000_Q3000.svg
