/var/spool/slurm/slurmd/job17953/slurm_script: line 11: module: command not found
Running P= 1... done
Running P= 1... done
Running P= 1... done
Running P= 1... done
Running P= 1... done
Running P= 1... done
Running P= 1... done
Running P= 1... done
Running P= 1... done
Running P= 4... done
Running P= 4... done
Running P= 4... done
Running P= 4... done
Running P= 4... done
Running P= 4... done
Running P= 4... done
Running P= 4... done
Running P= 4... done
Running P= 9... done

Implementation              P     Seconds       Speedup       Cost          Status
--------------------------------------------------------------------------------------
Implementation 1 (Serial)   1     0.000279      1.000000      0.000279      ok
Implementation 2 (MM-1D)    1     0.000153      1.820590      0.000153      ok
Implementation 3 (MM-2D)    1     0.000176      1.585227      0.000176      ok
Implementation 1 (Serial)   4     0.000256      1.000000      0.000256      ok
Implementation 2 (MM-1D)    4     0.000225      1.136006      0.000901      ok
Implementation 3 (MM-2D)    4     0.000289      0.885813      0.001156      ok
Implementation 1 (Serial)   9     0.000267      1.000000      0.000267      ok
Implementation 2 (MM-1D)    9     0.000312      0.855240      0.002810      ok
Implementation 3 (MM-2D)    9     0.000418      0.638756      0.003762      ok

CSV written to: /home/pbclevidence/MPI-MM-algorithms/csvs/M24_N24_Q24.csv
SVG graph written to: /home/pbclevidence/MPI-MM-algorithms/graphs/M24_N24_Q24.svg
Running P= 9... done

Implementation              P     Seconds       Speedup       Cost          Status
--------------------------------------------------------------------------------------
Implementation 1 (Serial)   1     0.000295      1.000000      0.000295      ok
Implementation 2 (MM-1D)    1     0.000144      2.051460      0.000144      ok
Implementation 3 (MM-2D)    1     0.000130      2.269231      0.000130      ok
Implementation 1 (Serial)   4     0.000247      1.000000      0.000247      ok
Implementation 2 (MM-1D)    4     0.000236      1.044711      0.000946      ok
Implementation 3 (MM-2D)    4     0.000286      0.863636      0.001144      ok
Implementation 1 (Serial)   9     0.000247      1.000000      0.000247      ok
Implementation 2 (MM-1D)    9     0.000316      0.781168      0.002846      ok
Implementation 3 (MM-2D)    9     0.000409      0.603912      0.003681      ok

CSV written to: /home/pbclevidence/MPI-MM-algorithms/csvs/M24_N24_Q24.csv
SVG graph written to: /home/pbclevidence/MPI-MM-algorithms/graphs/M24_N24_Q24.svg
Running P= 9... done

Implementation              P     Seconds       Speedup       Cost          Status
--------------------------------------------------------------------------------------
Implementation 1 (Serial)   1     0.000280      1.000000      0.000280      ok
Implementation 2 (MM-1D)    1     0.000197      1.422641      0.000197      ok
Implementation 3 (MM-2D)    1     0.000165      1.696970      0.000165      ok
Implementation 1 (Serial)   4     0.000247      1.000000      0.000247      ok
Implementation 2 (MM-1D)    4     0.000209      1.184107      0.000834      ok
Implementation 3 (MM-2D)    4     0.000277      0.891697      0.001108      ok
Implementation 1 (Serial)   9     0.000257      1.000000      0.000257      ok
Implementation 2 (MM-1D)    9     0.000315      0.815304      0.002837      ok
Implementation 3 (MM-2D)    9     0.000419      0.613365      0.003771      ok

CSV written to: /home/pbclevidence/MPI-MM-algorithms/csvs/M24_N24_Q24.csv
SVG graph written to: /home/pbclevidence/MPI-MM-algorithms/graphs/M24_N24_Q24.svg
Running P= 9... done

Implementation              P     Seconds       Speedup       Cost          Status
--------------------------------------------------------------------------------------
Implementation 1 (Serial)   1     0.000280      1.000000      0.000280      ok
Implementation 2 (MM-1D)    1     0.000197      1.422865      0.000197      ok
Implementation 3 (MM-2D)    1     0.000147      1.904762      0.000147      ok
Implementation 1 (Serial)   4     0.000273      1.000000      0.000273      ok
Implementation 2 (MM-1D)    4     0.000223      1.225545      0.000891      ok
Implementation 3 (MM-2D)    4     0.000273      1.000000      0.001092      ok
Implementation 1 (Serial)   9     0.000279      1.000000      0.000279      ok
Implementation 2 (MM-1D)    9     0.000322      0.866374      0.002898      ok
Implementation 3 (MM-2D)    9     0.000417      0.669065      0.003753      ok

CSV written to: /home/pbclevidence/MPI-MM-algorithms/csvs/M24_N24_Q24.csv
SVG graph written to: /home/pbclevidence/MPI-MM-algorithms/graphs/M24_N24_Q24.svg
Running P= 9... done
Running P= 9... done
Running P= 9... done

Implementation              P     Seconds       Speedup       Cost          Status
--------------------------------------------------------------------------------------
Implementation 1 (Serial)   1     0.000283      1.000000      0.000283      ok
Implementation 2 (MM-1D)    1     0.000179      1.576760      0.000179      ok
Implementation 3 (MM-2D)    1     0.000127      2.228346      0.000127      ok
Implementation 1 (Serial)   4     0.000278      1.000000      0.000278      ok
Implementation 2 (MM-1D)    4     0.000221      1.259600      0.000883      ok
Implementation 3 (MM-2D)    4     0.000277      1.003610      0.001108      ok
Implementation 1 (Serial)   9     0.000229      1.000000      0.000229      ok
Implementation 2 (MM-1D)    9     0.000320      0.714868      0.002883      ok
Implementation 3 (MM-2D)    9     0.000419      0.546539      0.003771      ok

CSV written to: /home/pbclevidence/MPI-MM-algorithms/csvs/M24_N24_Q24.csv
SVG graph written to: /home/pbclevidence/MPI-MM-algorithms/graphs/M24_N24_Q24.svg

Implementation              P     Seconds       Speedup       Cost          Status
--------------------------------------------------------------------------------------
Implementation 1 (Serial)   1     0.000288      1.000000      0.000288      ok
Implementation 2 (MM-1D)    1     0.000190      1.516684      0.000190      ok
Implementation 3 (MM-2D)    1     0.000145      1.986207      0.000145      ok
Implementation 1 (Serial)   4     0.000238      1.000000      0.000238      ok
Implementation 2 (MM-1D)    4     0.000231      1.030522      0.000924      ok
Implementation 3 (MM-2D)    4     0.000295      0.806780      0.001180      ok
Implementation 1 (Serial)   9     0.000242      1.000000      0.000242      ok
Implementation 2 (MM-1D)    9     0.000322      0.751187      0.002899      ok
Implementation 3 (MM-2D)    9     0.000432      0.560185      0.003888      ok

CSV written to: /home/pbclevidence/MPI-MM-algorithms/csvs/M24_N24_Q24.csv
SVG graph written to: /home/pbclevidence/MPI-MM-algorithms/graphs/M24_N24_Q24.svg

Implementation              P     Seconds       Speedup       Cost          Status
--------------------------------------------------------------------------------------
Implementation 1 (Serial)   1     0.000279      1.000000      0.000279      ok
Implementation 2 (MM-1D)    1     0.000195      1.427351      0.000195      ok
Implementation 3 (MM-2D)    1     0.000146      1.910959      0.000146      ok
Implementation 1 (Serial)   4     0.000239      1.000000      0.000239      ok
Implementation 2 (MM-1D)    4     0.000239      0.999118      0.000957      ok
Implementation 3 (MM-2D)    4     0.000282      0.847518      0.001128      ok
Implementation 1 (Serial)   9     0.000238      1.000000      0.000238      ok
Implementation 2 (MM-1D)    9     0.000310      0.767588      0.002791      ok
Implementation 3 (MM-2D)    9     0.000424      0.561321      0.003816      ok

CSV written to: /home/pbclevidence/MPI-MM-algorithms/csvs/M24_N24_Q24.csv
SVG graph written to: /home/pbclevidence/MPI-MM-algorithms/graphs/M24_N24_Q24.svg
Running P= 9... done

Implementation              P     Seconds       Speedup       Cost          Status
--------------------------------------------------------------------------------------
Implementation 1 (Serial)   1     0.000279      1.000000      0.000279      ok
Implementation 2 (MM-1D)    1     0.000198      1.406144      0.000198      ok
Implementation 3 (MM-2D)    1     0.000172      1.622093      0.000172      ok
Implementation 1 (Serial)   4     0.000279      1.000000      0.000279      ok
Implementation 2 (MM-1D)    4     0.000238      1.172668      0.000952      ok
Implementation 3 (MM-2D)    4     0.000282      0.989362      0.001128      ok
Implementation 1 (Serial)   9     0.000279      1.000000      0.000279      ok
Implementation 2 (MM-1D)    9     0.000316      0.882311      0.002846      ok
Implementation 3 (MM-2D)    9     0.000420      0.664286      0.003780      ok

CSV written to: /home/pbclevidence/MPI-MM-algorithms/csvs/M24_N24_Q24.csv
SVG graph written to: /home/pbclevidence/MPI-MM-algorithms/graphs/M24_N24_Q24.svg
Running P= 9... done

Implementation              P     Seconds       Speedup       Cost          Status
--------------------------------------------------------------------------------------
Implementation 1 (Serial)   1     0.000287      1.000000      0.000287      ok
Implementation 2 (MM-1D)    1     0.000178      1.609213      0.000178      ok
Implementation 3 (MM-2D)    1     0.000173      1.658960      0.000173      ok
Implementation 1 (Serial)   4     0.000266      1.000000      0.000266      ok
Implementation 2 (MM-1D)    4     0.000228      1.169056      0.000910      ok
Implementation 3 (MM-2D)    4     0.000281      0.946619      0.001124      ok
Implementation 1 (Serial)   9     0.000279      1.000000      0.000279      ok
Implementation 2 (MM-1D)    9     0.000307      0.909556      0.002761      ok
Implementation 3 (MM-2D)    9     0.000401      0.695761      0.003609      ok

CSV written to: /home/pbclevidence/MPI-MM-algorithms/csvs/M24_N24_Q24.csv
SVG graph written to: /home/pbclevidence/MPI-MM-algorithms/graphs/M24_N24_Q24.svg
