Running P= 1... done
Running P= 4... done
Running P= 9... done
Running P= 16... done
Running P= 25... done

Implementation              P     Seconds       Speedup       Cost          Status
--------------------------------------------------------------------------------------
Implementation 1 (Serial)   1     1.667898      1.000000      1.667898      ok
Implementation 2 (MM-1D)    1     1.527030      1.092250      1.527030      ok
Implementation 3 (MM-2D)    1     1.509971      1.104589      1.509971      ok
Implementation 1 (Serial)   4     1.667898      1.000000      1.667898      ok
Implementation 2 (MM-1D)    4     0.428541      3.892038      1.714164      ok
Implementation 3 (MM-2D)    4     0.421925      3.953067      1.687700      ok
Implementation 1 (Serial)   9     1.667898      1.000000      1.667898      ok
Implementation 2 (MM-1D)    9     0.378105      4.411203      3.402945      ok
Implementation 3 (MM-2D)    9     0.212767      7.839082      1.914903      ok
Implementation 1 (Serial)   16    1.667898      1.000000      1.667898      ok
Implementation 2 (MM-1D)    16    0.276071      6.041555      4.417136      ok
Implementation 3 (MM-2D)    16    0.156998      10.623689     2.511968      ok
Implementation 1 (Serial)   25    1.667898      1.000000      1.667898      ok
Implementation 2 (MM-1D)    25    0.308341      5.409264      7.708525      ok
Implementation 3 (MM-2D)    25    0.165453      10.080796     4.136325      ok

CSV written to: /home/pbclevidence/MPI-MM-algorithms/csvs/M1800_N1200_Q600.csv
SVG graph written to: /home/pbclevidence/MPI-MM-algorithms/graphs/M1800_N1200_Q600.svg
