Running P= 1... done
Running P= 4... done
Running P= 9... done
Running P= 16... done
Running P= 25... done

Implementation              P     Seconds       Speedup       Cost          Status
--------------------------------------------------------------------------------------
Implementation 1 (Serial)   1     1.579840      1.000000      1.579840      ok
Implementation 2 (MM-1D)    1     1.582510      0.998313      1.582510      ok
Implementation 3 (MM-2D)    1     1.497793      1.054779      1.497793      ok
Implementation 1 (Serial)   4     1.579840      1.000000      1.579840      ok
Implementation 2 (MM-1D)    4     0.796882      1.982527      3.187528      ok
Implementation 3 (MM-2D)    4     0.409770      3.855431      1.639080      ok
Implementation 1 (Serial)   9     1.579840      1.000000      1.579840      ok
Implementation 2 (MM-1D)    9     0.423167      3.733372      3.808503      ok
Implementation 3 (MM-2D)    9     0.225421      7.008398      2.028789      ok
Implementation 1 (Serial)   16    1.579840      1.000000      1.579840      ok
Implementation 2 (MM-1D)    16    0.326787      4.834464      5.228592      ok
Implementation 3 (MM-2D)    16    0.169519      9.319545      2.712304      ok
Implementation 1 (Serial)   25    1.579840      1.000000      1.579840      ok
Implementation 2 (MM-1D)    25    0.388055      4.071175      9.701375      ok
Implementation 3 (MM-2D)    25    0.172560      9.155308      4.314000      ok

CSV written to: /home/pbclevidence/MPI-MM-algorithms/csvs/M600_N1200_Q1800.csv
SVG graph written to: /home/pbclevidence/MPI-MM-algorithms/graphs/M600_N1200_Q1800.svg
