/var/spool/slurm/slurmd/job17907/slurm_script: line 11: module: command not found
Running P= 1... done
Running P= 1... done
Running P= 1... done
Running P= 1... done
Running P= 1... done
Running P= 1... done
Running P= 1... done
Running P= 1... done
Running P= 1... done
Running P= 4... done
Running P= 4... done
Running P= 4... done
Running P= 4... done
Running P= 4... done
Running P= 4... done
Running P= 4... done
Running P= 4... done
Running P= 4... done
Running P= 9... done

Implementation              P     Seconds       Speedup       Cost          Status
--------------------------------------------------------------------------------------
Implementation 1 (Serial)   1     0.000024      1.000000      0.000024      ok
Implementation 2 (MM-1D)    1     0.000021      1.144410      0.000021      ok
Implementation 3 (MM-2D)    1     0.000013      1.846154      0.000013      ok
Implementation 1 (Serial)   4     0.000016      1.000000      0.000016      ok
Implementation 2 (MM-1D)    4     0.000156      0.102268      0.000626      ok
Implementation 3 (MM-2D)    4     0.000165      0.096970      0.000660      ok
Implementation 1 (Serial)   9     0.000017      1.000000      0.000017      ok
Implementation 2 (MM-1D)    9     0.000265      0.064222      0.002382      ok
Implementation 3 (MM-2D)    9     0.000255      0.066667      0.002295      ok

CSV written to: /home/pbclevidence/MPI-MM-algorithms/csvs/M12_N6_Q12.csv
SVG graph written to: /home/pbclevidence/MPI-MM-algorithms/graphs/M12_N6_Q12.svg
Running P= 9... done

Implementation              P     Seconds       Speedup       Cost          Status
--------------------------------------------------------------------------------------
Implementation 1 (Serial)   1     0.000026      1.000000      0.000026      ok
Implementation 2 (MM-1D)    1     0.000026      0.998330      0.000026      ok
Implementation 3 (MM-2D)    1     0.000015      1.733333      0.000015      ok
Implementation 1 (Serial)   4     0.000017      1.000000      0.000017      ok
Implementation 2 (MM-1D)    4     0.000167      0.101854      0.000668      ok
Implementation 3 (MM-2D)    4     0.000159      0.106918      0.000636      ok
Implementation 1 (Serial)   9     0.000018      1.000000      0.000018      ok
Implementation 2 (MM-1D)    9     0.000254      0.070902      0.002285      ok
Implementation 3 (MM-2D)    9     0.000232      0.077586      0.002088      ok

CSV written to: /home/pbclevidence/MPI-MM-algorithms/csvs/M12_N6_Q12.csv
SVG graph written to: /home/pbclevidence/MPI-MM-algorithms/graphs/M12_N6_Q12.svg
Running P= 9... done
Running P= 9... done

Implementation              P     Seconds       Speedup       Cost          Status
--------------------------------------------------------------------------------------
Implementation 1 (Serial)   1     0.000026      1.000000      0.000026      ok
Implementation 2 (MM-1D)    1     0.000021      1.245306      0.000021      ok
Implementation 3 (MM-2D)    1     0.000012      2.166667      0.000012      ok
Implementation 1 (Serial)   4     0.000017      1.000000      0.000017      ok
Implementation 2 (MM-1D)    4     0.000163      0.104588      0.000650      ok
Implementation 3 (MM-2D)    4     0.000166      0.102410      0.000664      ok
Implementation 1 (Serial)   9     0.000017      1.000000      0.000017      ok
Implementation 2 (MM-1D)    9     0.000249      0.068341      0.002239      ok
Implementation 3 (MM-2D)    9     0.000247      0.068826      0.002223      ok

CSV written to: /home/pbclevidence/MPI-MM-algorithms/csvs/M12_N6_Q12.csv
SVG graph written to: /home/pbclevidence/MPI-MM-algorithms/graphs/M12_N6_Q12.svg
Running P= 9... done

Implementation              P     Seconds       Speedup       Cost          Status
--------------------------------------------------------------------------------------
Implementation 1 (Serial)   1     0.000026      1.000000      0.000026      ok
Implementation 2 (MM-1D)    1     0.000027      0.971846      0.000027      ok
Implementation 3 (MM-2D)    1     0.000016      1.625000      0.000016      ok
Implementation 1 (Serial)   4     0.000016      1.000000      0.000016      ok
Implementation 2 (MM-1D)    4     0.000160      0.100040      0.000640      ok
Implementation 3 (MM-2D)    4     0.000160      0.100000      0.000640      ok
Implementation 1 (Serial)   9     0.000016      1.000000      0.000016      ok
Implementation 2 (MM-1D)    9     0.000265      0.060322      0.002387      ok
Implementation 3 (MM-2D)    9     0.000249      0.064257      0.002241      ok

CSV written to: /home/pbclevidence/MPI-MM-algorithms/csvs/M12_N6_Q12.csv
SVG graph written to: /home/pbclevidence/MPI-MM-algorithms/graphs/M12_N6_Q12.svg

Implementation              P     Seconds       Speedup       Cost          Status
--------------------------------------------------------------------------------------
Implementation 1 (Serial)   1     0.000018      1.000000      0.000018      ok
Implementation 2 (MM-1D)    1     0.000026      0.682848      0.000026      ok
Implementation 3 (MM-2D)    1     0.000012      1.500000      0.000012      ok
Implementation 1 (Serial)   4     0.000016      1.000000      0.000016      ok
Implementation 2 (MM-1D)    4     0.000165      0.097132      0.000659      ok
Implementation 3 (MM-2D)    4     0.000167      0.095808      0.000668      ok
Implementation 1 (Serial)   9     0.000017      1.000000      0.000017      ok
Implementation 2 (MM-1D)    9     0.000254      0.066881      0.002288      ok
Implementation 3 (MM-2D)    9     0.000253      0.067194      0.002277      ok

CSV written to: /home/pbclevidence/MPI-MM-algorithms/csvs/M12_N6_Q12.csv
SVG graph written to: /home/pbclevidence/MPI-MM-algorithms/graphs/M12_N6_Q12.svg
Running P= 9... done
Running P= 9... done

Implementation              P     Seconds       Speedup       Cost          Status
--------------------------------------------------------------------------------------
Implementation 1 (Serial)   1     0.000018      1.000000      0.000018      ok
Implementation 2 (MM-1D)    1     0.000019      0.929023      0.000019      ok
Implementation 3 (MM-2D)    1     0.000017      1.058824      0.000017      ok
Implementation 1 (Serial)   4     0.000018      1.000000      0.000018      ok
Implementation 2 (MM-1D)    4     0.000158      0.113571      0.000634      ok
Implementation 3 (MM-2D)    4     0.000168      0.107143      0.000672      ok
Implementation 1 (Serial)   9     0.000018      1.000000      0.000018      ok
Implementation 2 (MM-1D)    9     0.000248      0.072453      0.002236      ok
Implementation 3 (MM-2D)    9     0.000236      0.076271      0.002124      ok

CSV written to: /home/pbclevidence/MPI-MM-algorithms/csvs/M12_N6_Q12.csv
SVG graph written to: /home/pbclevidence/MPI-MM-algorithms/graphs/M12_N6_Q12.svg
Running P= 9... done

Implementation              P     Seconds       Speedup       Cost          Status
--------------------------------------------------------------------------------------
Implementation 1 (Serial)   1     0.000027      1.000000      0.000027      ok
Implementation 2 (MM-1D)    1     0.000025      1.096816      0.000025      ok
Implementation 3 (MM-2D)    1     0.000014      1.928571      0.000014      ok
Implementation 1 (Serial)   4     0.000016      1.000000      0.000016      ok
Implementation 2 (MM-1D)    4     0.000167      0.095970      0.000667      ok
Implementation 3 (MM-2D)    4     0.000163      0.098160      0.000652      ok
Implementation 1 (Serial)   9     0.000018      1.000000      0.000018      ok
Implementation 2 (MM-1D)    9     0.000253      0.071218      0.002275      ok
Implementation 3 (MM-2D)    9     0.000237      0.075949      0.002133      ok

CSV written to: /home/pbclevidence/MPI-MM-algorithms/csvs/M12_N6_Q12.csv
SVG graph written to: /home/pbclevidence/MPI-MM-algorithms/graphs/M12_N6_Q12.svg

Implementation              P     Seconds       Speedup       Cost          Status
--------------------------------------------------------------------------------------
Implementation 1 (Serial)   1     0.000027      1.000000      0.000027      ok
Implementation 2 (MM-1D)    1     0.000028      0.971940      0.000028      ok
Implementation 3 (MM-2D)    1     0.000012      2.250000      0.000012      ok
Implementation 1 (Serial)   4     0.000016      1.000000      0.000016      ok
Implementation 2 (MM-1D)    4     0.000157      0.101612      0.000630      ok
Implementation 3 (MM-2D)    4     0.000158      0.101266      0.000632      ok
Implementation 1 (Serial)   9     0.000018      1.000000      0.000018      ok
Implementation 2 (MM-1D)    9     0.000265      0.067850      0.002388      ok
Implementation 3 (MM-2D)    9     0.000249      0.072289      0.002241      ok

CSV written to: /home/pbclevidence/MPI-MM-algorithms/csvs/M12_N6_Q12.csv
SVG graph written to: /home/pbclevidence/MPI-MM-algorithms/graphs/M12_N6_Q12.svg
Running P= 9... done

Implementation              P     Seconds       Speedup       Cost          Status
--------------------------------------------------------------------------------------
Implementation 1 (Serial)   1     0.000026      1.000000      0.000026      ok
Implementation 2 (MM-1D)    1     0.000028      0.916642      0.000028      ok
Implementation 3 (MM-2D)    1     0.000016      1.625000      0.000016      ok
Implementation 1 (Serial)   4     0.000017      1.000000      0.000017      ok
Implementation 2 (MM-1D)    4     0.000171      0.099673      0.000682      ok
Implementation 3 (MM-2D)    4     0.000160      0.106250      0.000640      ok
Implementation 1 (Serial)   9     0.000016      1.000000      0.000016      ok
Implementation 2 (MM-1D)    9     0.000255      0.062745      0.002295      ok
Implementation 3 (MM-2D)    9     0.000234      0.068376      0.002106      ok

CSV written to: /home/pbclevidence/MPI-MM-algorithms/csvs/M12_N6_Q12.csv
SVG graph written to: /home/pbclevidence/MPI-MM-algorithms/graphs/M12_N6_Q12.svg
