Running P= 1... done
Running P= 4... done
Running P= 9... done
Running P= 16... done
Running P= 25... done

Implementation              P     Seconds       Speedup       VsSerial      Cost          Status
----------------------------------------------------------------------------------------------------
Implementation 1 (Serial)   1     116.951746    1.000000      1.000000      116.951746    ok
Implementation 2 (MM-1D)    1     115.396000    1.000000      1.013482      115.396000    ok
Implementation 3 (MM-2D)    1     115.235126    1.000000      1.014897      115.235126    ok
Implementation 1 (Serial)   4     116.951746    1.000000      1.000000      116.951746    ok
Implementation 2 (MM-1D)    4     30.352500     3.801861      3.853117      121.410000    ok
Implementation 3 (MM-2D)    4     20.313134     5.672937      5.757445      81.252536     ok
Implementation 1 (Serial)   9     116.951746    1.000000      1.000000      116.951746    ok
Implementation 2 (MM-1D)    9     14.729900     7.834133      7.939752      132.569100    ok
Implementation 3 (MM-2D)    9     10.227950     11.266688     11.434525     92.051550     ok
Implementation 1 (Serial)   16    116.951746    1.000000      1.000000      116.951746    ok
Implementation 2 (MM-1D)    16    9.439940      12.224230     12.389035     151.039040    ok
Implementation 3 (MM-2D)    16    6.114101      18.847436     19.128200     97.825616     ok
Implementation 1 (Serial)   25    116.951746    1.000000      1.000000      116.951746    ok
Implementation 2 (MM-1D)    25    10.644100     10.841311     10.987472     266.102500    ok
Implementation 3 (MM-2D)    25    6.852358      16.816857     17.067372     171.308950    ok

CSV written to: /home/pbclevidence/MPI-MM-algorithms/csvs/M2400_N4200_Q3600.csv
SVG graph written to: /home/pbclevidence/MPI-MM-algorithms/graphs/M2400_N4200_Q3600.svg
