/var/spool/slurm/slurmd/job17918/slurm_script: line 11: module: command not found
Running P= 1... done
Running P= 1... done
Running P= 1... done
Running P= 1... done
Running P= 1... done
Running P= 1... done
Running P= 1... done
Running P= 1... done
Running P= 1... done
Running P= 4... done
Running P= 4... done
Running P= 4... done
Running P= 4... done
Running P= 4... done
Running P= 4... done
Running P= 4... done
Running P= 4... done
Running P= 4... done
Running P= 9... done

Implementation              P     Seconds       Speedup       Cost          Status
--------------------------------------------------------------------------------------
Implementation 1 (Serial)   1     0.000036      1.000000      0.000036      ok
Implementation 2 (MM-1D)    1     0.000040      0.901253      0.000040      ok
Implementation 3 (MM-2D)    1     0.000023      1.565217      0.000023      ok
Implementation 1 (Serial)   4     0.000032      1.000000      0.000032      ok
Implementation 2 (MM-1D)    4     0.000180      0.177550      0.000721      ok
Implementation 3 (MM-2D)    4     0.000188      0.170213      0.000752      ok
Implementation 1 (Serial)   9     0.000036      1.000000      0.000036      ok
Implementation 2 (MM-1D)    9     0.000266      0.135424      0.002392      ok
Implementation 3 (MM-2D)    9     0.000331      0.108761      0.002979      ok

CSV written to: /home/pbclevidence/MPI-MM-algorithms/csvs/M12_N24_Q6.csv
SVG graph written to: /home/pbclevidence/MPI-MM-algorithms/graphs/M12_N24_Q6.svg
Running P= 9... done

Implementation              P     Seconds       Speedup       Cost          Status
--------------------------------------------------------------------------------------
Implementation 1 (Serial)   1     0.000044      1.000000      0.000044      ok
Implementation 2 (MM-1D)    1     0.000033      1.325237      0.000033      ok
Implementation 3 (MM-2D)    1     0.000030      1.466667      0.000030      ok
Implementation 1 (Serial)   4     0.000034      1.000000      0.000034      ok
Implementation 2 (MM-1D)    4     0.000176      0.193497      0.000703      ok
Implementation 3 (MM-2D)    4     0.000203      0.167488      0.000812      ok
Implementation 1 (Serial)   9     0.000034      1.000000      0.000034      ok
Implementation 2 (MM-1D)    9     0.000261      0.130138      0.002351      ok
Implementation 3 (MM-2D)    9     0.000343      0.099125      0.003087      ok

CSV written to: /home/pbclevidence/MPI-MM-algorithms/csvs/M12_N24_Q6.csv
SVG graph written to: /home/pbclevidence/MPI-MM-algorithms/graphs/M12_N24_Q6.svg
Running P= 9... done
Running P= 9... done

Implementation              P     Seconds       Speedup       Cost          Status
--------------------------------------------------------------------------------------
Implementation 1 (Serial)   1     0.000036      1.000000      0.000036      ok
Implementation 2 (MM-1D)    1     0.000041      0.883436      0.000041      ok
Implementation 3 (MM-2D)    1     0.000022      1.636364      0.000022      ok
Implementation 1 (Serial)   4     0.000032      1.000000      0.000032      ok
Implementation 2 (MM-1D)    4     0.000179      0.178436      0.000717      ok
Implementation 3 (MM-2D)    4     0.000189      0.169312      0.000756      ok
Implementation 1 (Serial)   9     0.000036      1.000000      0.000036      ok
Implementation 2 (MM-1D)    9     0.000269      0.133909      0.002420      ok
Implementation 3 (MM-2D)    9     0.000344      0.104651      0.003096      ok

CSV written to: /home/pbclevidence/MPI-MM-algorithms/csvs/M12_N24_Q6.csv
SVG graph written to: /home/pbclevidence/MPI-MM-algorithms/graphs/M12_N24_Q6.svg
Running P= 9... done

Implementation              P     Seconds       Speedup       Cost          Status
--------------------------------------------------------------------------------------
Implementation 1 (Serial)   1     0.000036      1.000000      0.000036      ok
Implementation 2 (MM-1D)    1     0.000039      0.917032      0.000039      ok
Implementation 3 (MM-2D)    1     0.000030      1.200000      0.000030      ok
Implementation 1 (Serial)   4     0.000032      1.000000      0.000032      ok
Implementation 2 (MM-1D)    4     0.000176      0.181458      0.000705      ok
Implementation 3 (MM-2D)    4     0.000195      0.164103      0.000780      ok
Implementation 1 (Serial)   9     0.000036      1.000000      0.000036      ok
Implementation 2 (MM-1D)    9     0.000274      0.131613      0.002462      ok
Implementation 3 (MM-2D)    9     0.000347      0.103746      0.003123      ok

CSV written to: /home/pbclevidence/MPI-MM-algorithms/csvs/M12_N24_Q6.csv
SVG graph written to: /home/pbclevidence/MPI-MM-algorithms/graphs/M12_N24_Q6.svg

Implementation              P     Seconds       Speedup       Cost          Status
--------------------------------------------------------------------------------------
Implementation 1 (Serial)   1     0.000036      1.000000      0.000036      ok
Implementation 2 (MM-1D)    1     0.000039      0.916814      0.000039      ok
Implementation 3 (MM-2D)    1     0.000030      1.200000      0.000030      ok
Implementation 1 (Serial)   4     0.000032      1.000000      0.000032      ok
Implementation 2 (MM-1D)    4     0.000170      0.187725      0.000682      ok
Implementation 3 (MM-2D)    4     0.000186      0.172043      0.000744      ok
Implementation 1 (Serial)   9     0.000033      1.000000      0.000033      ok
Implementation 2 (MM-1D)    9     0.000255      0.129519      0.002293      ok
Implementation 3 (MM-2D)    9     0.000348      0.094828      0.003132      ok

CSV written to: /home/pbclevidence/MPI-MM-algorithms/csvs/M12_N24_Q6.csv
SVG graph written to: /home/pbclevidence/MPI-MM-algorithms/graphs/M12_N24_Q6.svg
Running P= 9... done

Implementation              P     Seconds       Speedup       Cost          Status
--------------------------------------------------------------------------------------
Implementation 1 (Serial)   1     0.000036      1.000000      0.000036      ok
Implementation 2 (MM-1D)    1     0.000034      1.058568      0.000034      ok
Implementation 3 (MM-2D)    1     0.000029      1.241379      0.000029      ok
Implementation 1 (Serial)   4     0.000030      1.000000      0.000030      ok
Implementation 2 (MM-1D)    4     0.000176      0.170403      0.000704      ok
Implementation 3 (MM-2D)    4     0.000191      0.157068      0.000764      ok
Implementation 1 (Serial)   9     0.000032      1.000000      0.000032      ok
Implementation 2 (MM-1D)    9     0.000298      0.107512      0.002679      ok
Implementation 3 (MM-2D)    9     0.000339      0.094395      0.003051      ok

CSV written to: /home/pbclevidence/MPI-MM-algorithms/csvs/M12_N24_Q6.csv
SVG graph written to: /home/pbclevidence/MPI-MM-algorithms/graphs/M12_N24_Q6.svg
Running P= 9... done

Implementation              P     Seconds       Speedup       Cost          Status
--------------------------------------------------------------------------------------
Implementation 1 (Serial)   1     0.000036      1.000000      0.000036      ok
Implementation 2 (MM-1D)    1     0.000039      0.919606      0.000039      ok
Implementation 3 (MM-2D)    1     0.000023      1.565217      0.000023      ok
Implementation 1 (Serial)   4     0.000033      1.000000      0.000033      ok
Implementation 2 (MM-1D)    4     0.000164      0.201485      0.000655      ok
Implementation 3 (MM-2D)    4     0.000190      0.173684      0.000760      ok
Implementation 1 (Serial)   9     0.000034      1.000000      0.000034      ok
Implementation 2 (MM-1D)    9     0.000270      0.125707      0.002434      ok
Implementation 3 (MM-2D)    9     0.000346      0.098266      0.003114      ok

CSV written to: /home/pbclevidence/MPI-MM-algorithms/csvs/M12_N24_Q6.csv
SVG graph written to: /home/pbclevidence/MPI-MM-algorithms/graphs/M12_N24_Q6.svg
Running P= 9... done

Implementation              P     Seconds       Speedup       Cost          Status
--------------------------------------------------------------------------------------
Implementation 1 (Serial)   1     0.000036      1.000000      0.000036      ok
Implementation 2 (MM-1D)    1     0.000034      1.044017      0.000034      ok
Implementation 3 (MM-2D)    1     0.000025      1.440000      0.000025      ok
Implementation 1 (Serial)   4     0.000034      1.000000      0.000034      ok
Implementation 2 (MM-1D)    4     0.000169      0.200598      0.000678      ok
Implementation 3 (MM-2D)    4     0.000184      0.184783      0.000736      ok
Implementation 1 (Serial)   9     0.000033      1.000000      0.000033      ok
Implementation 2 (MM-1D)    9     0.000272      0.121245      0.002450      ok
Implementation 3 (MM-2D)    9     0.000341      0.096774      0.003069      ok

CSV written to: /home/pbclevidence/MPI-MM-algorithms/csvs/M12_N24_Q6.csv
SVG graph written to: /home/pbclevidence/MPI-MM-algorithms/graphs/M12_N24_Q6.svg
Running P= 9... done

Implementation              P     Seconds       Speedup       Cost          Status
--------------------------------------------------------------------------------------
Implementation 1 (Serial)   1     0.000036      1.000000      0.000036      ok
Implementation 2 (MM-1D)    1     0.000043      0.839407      0.000043      ok
Implementation 3 (MM-2D)    1     0.000030      1.200000      0.000030      ok
Implementation 1 (Serial)   4     0.000032      1.000000      0.000032      ok
Implementation 2 (MM-1D)    4     0.000169      0.189806      0.000674      ok
Implementation 3 (MM-2D)    4     0.000177      0.180791      0.000708      ok
Implementation 1 (Serial)   9     0.000032      1.000000      0.000032      ok
Implementation 2 (MM-1D)    9     0.000266      0.120334      0.002393      ok
Implementation 3 (MM-2D)    9     0.000326      0.098160      0.002934      ok

CSV written to: /home/pbclevidence/MPI-MM-algorithms/csvs/M12_N24_Q6.csv
SVG graph written to: /home/pbclevidence/MPI-MM-algorithms/graphs/M12_N24_Q6.svg
